2026-02-12 19:03:35,280 [INFO] 🚀 WORKER STARTED: gbn.car.24h
2026-02-12 19:03:35,281 [INFO] 📂 Temp Dir: C:\Users\Admin\Downloads\only-clone - fix 1 - Copy\only-clone - fix 1 - Copy\data\gbn.car.24h\temp
2026-02-12 19:03:35,281 [INFO] 🔍 Quét kênh: https://www.tiktok.com/@auto5.vn
2026-02-12 19:03:35,281 [INFO]    📌 Điểm mốc: https://www.tiktok.com/@auto5.vn/video/7603696194027605265
2026-02-12 19:03:36,968 [INFO]    ✨ Tìm thấy 15 video mới. Làm 3 video.
2026-02-12 19:03:36,969 [INFO] ▶️ BẮT ĐẦU VIDEO: https://www.tiktok.com/@auto5.vn/video/7605240507882622216
2026-02-12 19:03:40,592 [INFO]    📤 Uploading...
2026-02-12 19:03:45,342 [ERROR]    ❌ Upload thất bại.
2026-02-12 19:03:50,346 [INFO] ▶️ BẮT ĐẦU VIDEO: https://www.tiktok.com/@auto5.vn/video/7605432922769837332
2026-02-12 19:03:55,434 [INFO]    📤 Uploading...
2026-02-12 19:05:57,465 [INFO]    ⏳ Chờ 10s...
2026-02-12 19:06:13,120 [INFO]    🗣️ Tạo Voice...
2026-02-12 19:06:39,146 [INFO]    🎬 Remixing...
2026-02-12 19:07:39,472 [INFO]    ☁️ Uploading Drive...
2026-02-12 19:08:17,816 [INFO]    ✅ HOÀN TẤT!
2026-02-12 19:08:17,816 [INFO]    💾 Đã cập nhật Config: last_video_url = https://www.tiktok.com/@auto5.vn/video/7605432922769837332
2026-02-12 19:08:17,818 [INFO]    🧹 Đã dọn dẹp file thành phẩm.
2026-02-12 19:08:22,820 [INFO] ▶️ BẮT ĐẦU VIDEO: https://www.tiktok.com/@auto5.vn/video/7605425732340256020
2026-02-12 19:08:32,685 [INFO]    📤 Uploading...
2026-02-12 19:10:02,912 [INFO]    ⏳ Chờ 10s...
2026-02-12 19:10:37,495 [INFO]    🗣️ Tạo Voice...
2026-02-12 19:11:03,171 [INFO]    🎬 Remixing...
2026-02-12 19:11:52,606 [INFO]    ☁️ Uploading Drive...
2026-02-12 19:12:39,815 [INFO]    ✅ HOÀN TẤT!
2026-02-12 19:12:39,816 [INFO]    💾 Đã cập nhật Config: last_video_url = https://www.tiktok.com/@auto5.vn/video/7605425732340256020
2026-02-12 19:12:39,819 [INFO]    🧹 Đã dọn dẹp file thành phẩm.
2026-02-12 19:12:44,822 [INFO] 🔍 Quét kênh: https://www.tiktok.com/@df999bantinnong5
2026-02-12 19:12:44,822 [INFO]    🆕 Kênh mới. Sẽ lấy video mới nhất.
2026-02-12 19:12:46,640 [INFO]    ✨ Tìm thấy 15 video mới. Làm 3 video.
2026-02-12 19:12:46,640 [INFO] ▶️ BẮT ĐẦU VIDEO: https://www.tiktok.com/@df999bantinnong5/video/7603608675684601104
2026-02-12 19:12:54,164 [INFO]    📤 Uploading...
2026-02-12 19:14:55,124 [INFO]    ⏳ Chờ 10s...
2026-02-12 19:15:17,066 [INFO]    🗣️ Tạo Voice...
2026-02-12 19:15:53,245 [INFO]    🎬 Remixing...
2026-02-12 19:16:22,254 [INFO]    ☁️ Uploading Drive...
2026-02-12 19:16:45,531 [INFO]    ✅ HOÀN TẤT!
2026-02-12 19:16:45,532 [INFO]    💾 Đã cập nhật Config: last_video_url = https://www.tiktok.com/@df999bantinnong5/video/7603608675684601104
2026-02-12 19:16:45,535 [INFO]    🧹 Đã dọn dẹp file thành phẩm.
2026-02-12 19:16:50,537 [INFO] ▶️ BẮT ĐẦU VIDEO: https://www.tiktok.com/@df999bantinnong5/video/7603608771138473232
2026-02-12 19:16:56,529 [INFO]    📤 Uploading...
2026-02-12 19:19:00,698 [INFO]    ⏳ Chờ 10s...
2026-02-12 19:19:17,301 [INFO]    🗣️ Tạo Voice...
2026-02-12 19:19:41,441 [INFO]    🎬 Remixing...
2026-02-12 19:20:28,002 [INFO]    ☁️ Uploading Drive...
2026-02-12 19:20:42,439 [INFO]    ✅ HOÀN TẤT!
2026-02-12 19:20:42,440 [INFO]    💾 Đã cập nhật Config: last_video_url = https://www.tiktok.com/@df999bantinnong5/video/7603608771138473232
2026-02-12 19:20:42,444 [INFO]    🧹 Đã dọn dẹp file thành phẩm.
2026-02-12 19:20:47,447 [INFO] ▶️ BẮT ĐẦU VIDEO: https://www.tiktok.com/@df999bantinnong5/video/7604350525730999568
2026-02-12 19:20:53,333 [INFO]    📤 Uploading...
2026-02-12 19:22:53,497 [INFO]    ⏳ Chờ 10s...
2026-02-12 19:23:11,596 [INFO]    🗣️ Tạo Voice...
2026-02-12 19:23:30,226 [INFO]    🎬 Remixing...
2026-02-12 19:24:05,428 [INFO]    ☁️ Uploading Drive...
2026-02-12 19:24:19,923 [INFO]    ✅ HOÀN TẤT!
2026-02-12 19:24:19,924 [INFO]    💾 Đã cập nhật Config: last_video_url = https://www.tiktok.com/@df999bantinnong5/video/7604350525730999568
2026-02-12 19:24:19,926 [INFO]    🧹 Đã dọn dẹp file thành phẩm.
2026-02-12 19:24:24,927 [INFO] 🏁 WORKER FINISHED. Tổng video thành công: 5
2026-02-13 10:00:05,411 [INFO] 🚀 WORKER STARTED: gbn.car.24h
2026-02-13 10:00:05,411 [INFO] 📂 Temp Dir: C:\Users\Admin\Downloads\only-clone - fix 1 - Copy\only-clone - fix 1 - Copy\data\gbn.car.24h\temp
2026-02-13 10:00:05,431 [INFO] 🔍 Quét kênh: https://www.tiktok.com/@auto5.vn
2026-02-13 10:00:05,431 [INFO]    📌 Điểm mốc: https://www.tiktok.com/@auto5.vn/video/7605425732340256020
2026-02-13 10:00:07,012 [INFO]    ✨ Tìm thấy 15 video mới. Làm 3 video.
2026-02-13 10:00:07,013 [INFO] ▶️ BẮT ĐẦU VIDEO: https://www.tiktok.com/@auto5.vn/video/7605510288057634068
2026-02-13 10:00:19,923 [INFO]    📤 Uploading...
2026-02-13 10:01:59,995 [INFO]    ⏳ Chờ 10s...
2026-02-13 10:02:26,207 [INFO]    🗣️ Tạo Voice...
2026-02-13 10:02:49,679 [INFO]    🎬 Remixing...
2026-02-13 10:03:22,939 [INFO]    ☁️ Uploading Drive...
2026-02-13 10:03:43,420 [INFO]    ✅ HOÀN TẤT!
2026-02-13 10:03:43,422 [INFO]    💾 Đã cập nhật Config: last_video_url = https://www.tiktok.com/@auto5.vn/video/7605510288057634068
2026-02-13 10:03:43,426 [INFO]    🧹 Đã dọn dẹp file thành phẩm.
2026-02-13 10:03:48,428 [INFO] ▶️ BẮT ĐẦU VIDEO: https://www.tiktok.com/@auto5.vn/video/7605531797769751828
2026-02-13 10:04:00,702 [INFO]    📤 Uploading...
2026-02-13 10:04:45,140 [ERROR]    ❌ Upload thất bại.
2026-02-13 10:04:50,142 [INFO] ▶️ BẮT ĐẦU VIDEO: https://www.tiktok.com/@auto5.vn/video/7605533222159731988
2026-02-13 10:04:59,481 [INFO]    📤 Uploading...
2026-02-13 10:06:52,613 [INFO]    ⏳ Chờ 10s...
2026-02-13 10:07:10,918 [INFO]    🗣️ Tạo Voice...
2026-02-13 10:07:29,199 [INFO]    🎬 Remixing...
2026-02-13 10:07:59,889 [INFO]    ☁️ Uploading Drive...
2026-02-13 10:08:17,779 [INFO]    ✅ HOÀN TẤT!
2026-02-13 10:08:17,780 [INFO]    💾 Đã cập nhật Config: last_video_url = https://www.tiktok.com/@auto5.vn/video/7605533222159731988
2026-02-13 10:08:17,782 [INFO]    🧹 Đã dọn dẹp file thành phẩm.
2026-02-13 10:08:22,787 [INFO] 🔍 Quét kênh: https://www.tiktok.com/@df999bantinnong5
2026-02-13 10:08:22,787 [INFO]    📌 Điểm mốc: https://www.tiktok.com/@df999bantinnong5/video/7604350525730999568
2026-02-13 10:08:24,109 [INFO]    🛑 Gặp mốc cũ -> Dừng.
2026-02-13 10:08:24,109 [INFO]    ✨ Tìm thấy 12 video mới. Làm 3 video.
2026-02-13 10:08:24,109 [INFO] ▶️ BẮT ĐẦU VIDEO: https://www.tiktok.com/@df999bantinnong5/video/7604350416624651537
2026-02-13 10:08:30,107 [INFO]    📤 Uploading...
2026-02-13 10:10:24,621 [INFO]    ⏳ Chờ 10s...
2026-02-13 10:10:40,856 [INFO]    🗣️ Tạo Voice...
2026-02-13 10:10:59,736 [INFO]    🎬 Remixing...
2026-02-13 10:11:16,220 [INFO]    ☁️ Uploading Drive...
2026-02-13 10:11:25,691 [INFO]    ✅ HOÀN TẤT!
2026-02-13 10:11:25,691 [INFO]    💾 Đã cập nhật Config: last_video_url = https://www.tiktok.com/@df999bantinnong5/video/7604350416624651537
2026-02-13 10:11:25,692 [INFO]    🧹 Đã dọn dẹp file thành phẩm.
2026-02-13 10:11:30,693 [INFO] ▶️ BẮT ĐẦU VIDEO: https://www.tiktok.com/@df999bantinnong5/video/7604350447696039184
2026-02-13 10:11:38,159 [INFO]    📤 Uploading...
2026-02-13 10:13:38,123 [INFO]    ⏳ Chờ 10s...
2026-02-13 10:13:54,011 [INFO]    🗣️ Tạo Voice...
2026-02-13 10:14:12,006 [INFO]    🎬 Remixing...
2026-02-13 10:14:38,512 [INFO]    ☁️ Uploading Drive...
2026-02-13 10:14:52,817 [INFO]    ✅ HOÀN TẤT!
2026-02-13 10:14:52,818 [INFO]    💾 Đã cập nhật Config: last_video_url = https://www.tiktok.com/@df999bantinnong5/video/7604350447696039184
2026-02-13 10:14:52,819 [INFO]    🧹 Đã dọn dẹp file thành phẩm.
2026-02-13 10:14:57,820 [INFO] ▶️ BẮT ĐẦU VIDEO: https://www.tiktok.com/@df999bantinnong5/video/7604723331245395217
2026-02-13 10:15:03,621 [INFO]    📤 Uploading...
2026-02-13 10:16:57,208 [INFO]    ⏳ Chờ 10s...
2026-02-13 10:17:13,728 [INFO]    🗣️ Tạo Voice...
2026-02-13 10:17:32,305 [INFO]    🎬 Remixing...
2026-02-13 10:17:53,699 [INFO]    ☁️ Uploading Drive...
2026-02-13 10:18:04,030 [INFO]    ✅ HOÀN TẤT!
2026-02-13 10:18:04,031 [INFO]    💾 Đã cập nhật Config: last_video_url = https://www.tiktok.com/@df999bantinnong5/video/7604723331245395217
2026-02-13 10:18:04,032 [INFO]    🧹 Đã dọn dẹp file thành phẩm.
2026-02-13 10:18:09,034 [INFO] 🏁 WORKER FINISHED. Tổng video thành công: 5
2026-02-13 15:00:02,737 [INFO] 🚀 WORKER STARTED: gbn.car.24h
2026-02-13 15:00:02,737 [INFO] 📂 Temp Dir: C:\Users\Admin\Downloads\only-clone - fix 1 - Copy\only-clone - fix 1 - Copy\data\gbn.car.24h\temp
2026-02-13 15:00:02,747 [INFO] 🔍 Quét kênh: https://www.tiktok.com/@auto5.vn
2026-02-13 15:00:02,747 [INFO]    📌 Điểm mốc: https://www.tiktok.com/@auto5.vn/video/7605533222159731988
2026-02-13 15:00:04,108 [INFO]    🛑 Gặp mốc cũ -> Dừng.
2026-02-13 15:00:04,108 [INFO]    ✨ Tìm thấy 13 video mới. Làm 3 video.
2026-02-13 15:00:04,108 [INFO] ▶️ BẮT ĐẦU VIDEO: https://www.tiktok.com/@auto5.vn/video/7605606551944056084
2026-02-13 15:00:09,854 [INFO]    📤 Uploading...
2026-02-13 15:00:12,655 [ERROR]    ❌ Upload thất bại.
2026-02-13 15:00:17,656 [INFO] ▶️ BẮT ĐẦU VIDEO: https://www.tiktok.com/@auto5.vn/video/7605612740773727509
2026-02-13 15:00:25,234 [INFO]    📤 Uploading...
2026-02-13 15:02:19,008 [INFO]    ⏳ Chờ 10s...
2026-02-13 15:02:54,533 [INFO]    🗣️ Tạo Voice...
2026-02-13 15:03:17,908 [INFO]    🎬 Remixing...
2026-02-13 15:03:39,869 [INFO] ▶️ BẮT ĐẦU VIDEO: https://www.tiktok.com/@auto5.vn/video/7605779916637867271
2026-02-13 15:04:04,814 [INFO]    📤 Uploading...
2026-02-13 15:06:24,646 [INFO]    ⏳ Chờ 10s...
2026-02-13 15:06:47,774 [INFO]    🗣️ Tạo Voice...
2026-02-13 15:07:15,640 [INFO]    🎬 Remixing...
2026-02-13 15:07:20,644 [INFO] 🔍 Quét kênh: https://www.tiktok.com/@df999bantinnong5
2026-02-13 15:07:20,645 [INFO]    📌 Điểm mốc: https://www.tiktok.com/@df999bantinnong5/video/7604723331245395217
2026-02-13 15:07:21,803 [INFO]    🛑 Gặp mốc cũ -> Dừng.
2026-02-13 15:07:21,803 [INFO]    ✨ Tìm thấy 11 video mới. Làm 3 video.
2026-02-13 15:07:21,803 [INFO] ▶️ BẮT ĐẦU VIDEO: https://www.tiktok.com/@df999bantinnong5/video/7604723388636040464
2026-02-13 15:07:28,207 [INFO]    📤 Uploading...
2026-02-13 15:09:23,042 [INFO]    ⏳ Chờ 10s...
2026-02-13 15:09:53,644 [INFO]    🗣️ Tạo Voice...
2026-02-13 15:10:21,525 [INFO]    🎬 Remixing...
2026-02-13 15:10:57,246 [INFO]    ☁️ Uploading Drive...
2026-02-13 15:11:20,503 [INFO]    ✅ HOÀN TẤT!
2026-02-13 15:11:20,504 [INFO]    💾 Đã cập nhật Config: last_video_url = https://www.tiktok.com/@df999bantinnong5/video/7604723388636040464
2026-02-13 15:11:20,505 [INFO]    🧹 Đã dọn dẹp file thành phẩm.
2026-02-13 15:11:25,506 [INFO] ▶️ BẮT ĐẦU VIDEO: https://www.tiktok.com/@df999bantinnong5/video/7604723712843156737
2026-02-13 15:11:36,052 [INFO]    📤 Uploading...
2026-02-13 15:13:36,939 [INFO]    ⏳ Chờ 10s...
2026-02-13 15:13:59,703 [INFO]    🗣️ Tạo Voice...
2026-02-13 15:14:18,260 [INFO]    🎬 Remixing...
2026-02-13 15:14:46,286 [INFO]    ☁️ Uploading Drive...
2026-02-13 15:15:01,364 [INFO]    ✅ HOÀN TẤT!
2026-02-13 15:15:01,366 [INFO]    💾 Đã cập nhật Config: last_video_url = https://www.tiktok.com/@df999bantinnong5/video/7604723712843156737
2026-02-13 15:15:01,369 [INFO]    🧹 Đã dọn dẹp file thành phẩm.
2026-02-13 15:15:06,372 [INFO] ▶️ BẮT ĐẦU VIDEO: https://www.tiktok.com/@df999bantinnong5/video/7605088815509785876
2026-02-13 15:15:13,918 [INFO]    📤 Uploading...
2026-02-13 15:17:12,809 [INFO]    ⏳ Chờ 10s...
2026-02-13 15:17:28,785 [INFO]    🗣️ Tạo Voice...
2026-02-13 15:17:34,594 [INFO] 🏁 WORKER FINISHED. Tổng video thành công: 2
2026-02-13 18:00:05,981 [INFO] 🚀 WORKER STARTED: gbn.car.24h
2026-02-13 18:00:05,981 [INFO] 📂 Temp Dir: C:\Users\Admin\Downloads\only-clone - fix 1 - Copy\only-clone - fix 1 - Copy\data\gbn.car.24h\temp
2026-02-13 18:00:06,006 [INFO] 🔍 Quét kênh: https://www.tiktok.com/@auto5.vn
2026-02-13 18:00:06,006 [INFO]    📌 Điểm mốc: https://www.tiktok.com/@auto5.vn/video/7605533222159731988
2026-02-13 18:00:07,461 [INFO]    ✨ Tìm thấy 15 video mới. Làm 3 video.
2026-02-13 18:00:07,461 [INFO] ▶️ BẮT ĐẦU VIDEO: https://www.tiktok.com/@auto5.vn/video/7605606551944056084
2026-02-13 18:00:11,257 [INFO]    📤 Uploading...
2026-02-13 18:02:20,253 [INFO]    ⏳ Chờ 10s...
2026-02-13 18:02:39,276 [INFO]    🗣️ Tạo Voice...
2026-02-13 18:02:45,157 [INFO] ▶️ BẮT ĐẦU VIDEO: https://www.tiktok.com/@auto5.vn/video/7605612740773727509
2026-02-13 18:02:49,127 [INFO]    📤 Uploading...
2026-02-13 18:04:47,559 [INFO]    ⏳ Chờ 10s...
2026-02-13 18:05:14,122 [INFO]    🗣️ Tạo Voice...
2026-02-13 18:05:19,954 [INFO] ▶️ BẮT ĐẦU VIDEO: https://www.tiktok.com/@auto5.vn/video/7605779916637867271
2026-02-13 18:05:24,098 [INFO]    📤 Uploading...
2026-02-13 18:07:26,245 [INFO]    ⏳ Chờ 10s...
2026-02-13 18:07:42,442 [INFO]    🗣️ Tạo Voice...
2026-02-13 18:07:48,435 [INFO] 🔍 Quét kênh: https://www.tiktok.com/@df999bantinnong5
2026-02-13 18:07:48,435 [INFO]    📌 Điểm mốc: https://www.tiktok.com/@df999bantinnong5/video/7604723712843156737
2026-02-13 18:07:49,692 [INFO]    🛑 Gặp mốc cũ -> Dừng.
2026-02-13 18:07:49,692 [INFO]    ✨ Tìm thấy 9 video mới. Làm 3 video.
2026-02-13 18:07:49,692 [INFO] ▶️ BẮT ĐẦU VIDEO: https://www.tiktok.com/@df999bantinnong5/video/7605088815509785876
2026-02-13 18:07:54,003 [INFO]    📤 Uploading...
2026-02-13 18:09:52,487 [INFO]    ⏳ Chờ 10s...
2026-02-13 18:10:11,666 [INFO]    🗣️ Tạo Voice...
2026-02-13 18:10:17,490 [INFO] ▶️ BẮT ĐẦU VIDEO: https://www.tiktok.com/@df999bantinnong5/video/7605089193152417045
2026-02-13 18:10:24,447 [INFO]    📤 Uploading...
2026-02-13 18:12:19,261 [INFO]    ⏳ Chờ 10s...
2026-02-13 18:12:35,255 [INFO]    🗣️ Tạo Voice...
2026-02-13 18:12:41,083 [INFO] ▶️ BẮT ĐẦU VIDEO: https://www.tiktok.com/@df999bantinnong5/video/7605090386251353364
2026-02-13 18:12:46,429 [INFO]    📤 Uploading...
2026-02-13 18:14:36,256 [INFO]    ⏳ Chờ 10s...
2026-02-13 18:14:55,184 [INFO]    🗣️ Tạo Voice...
2026-02-13 18:15:01,046 [INFO] 🏁 WORKER FINISHED. Tổng video thành công: 0
2026-02-14 10:00:06,126 [INFO] 🚀 WORKER STARTED: gbn.car.24h
2026-02-14 10:00:06,126 [INFO] 📂 Temp Dir: C:\Users\Admin\Downloads\only-clone - fix 1 - Copy\only-clone - fix 1 - Copy\data\gbn.car.24h\temp
2026-02-14 10:00:06,136 [INFO] 🔍 Quét kênh: https://www.tiktok.com/@auto5.vn
2026-02-14 10:00:06,136 [INFO]    📌 Điểm mốc: https://www.tiktok.com/@auto5.vn/video/7605533222159731988
2026-02-14 10:00:08,035 [INFO]    ✨ Tìm thấy 15 video mới. Làm 3 video.
2026-02-14 10:00:08,035 [INFO] ▶️ BẮT ĐẦU VIDEO: https://www.tiktok.com/@auto5.vn/video/7605889433333894420
2026-02-14 10:00:16,666 [INFO] ▶️ BẮT ĐẦU VIDEO: https://www.tiktok.com/@auto5.vn/video/7605910850737638677
2026-02-14 10:00:25,719 [INFO] ▶️ BẮT ĐẦU VIDEO: https://www.tiktok.com/@auto5.vn/video/7605961000491273480
2026-02-14 10:00:36,458 [INFO] 🔍 Quét kênh: https://www.tiktok.com/@df999bantinnong5
2026-02-14 10:00:36,458 [INFO]    📌 Điểm mốc: https://www.tiktok.com/@df999bantinnong5/video/7604723712843156737
2026-02-14 10:00:37,515 [INFO]    🛑 Gặp mốc cũ -> Dừng.
2026-02-14 10:00:37,515 [INFO]    ✨ Tìm thấy 8 video mới. Làm 3 video.
2026-02-14 18:00:02,174 [INFO] 🚀 WORKER STARTED: gbn.car.24h
2026-02-14 18:00:02,174 [INFO] 📂 Temp Dir: C:\Users\Admin\Downloads\only-clone - fix 1 - Copy\only-clone - fix 1 - Copy\data\gbn.car.24h\temp
2026-02-14 18:00:02,174 [INFO] 🔍 Quét kênh: https://www.tiktok.com/@auto5.vn
2026-02-14 18:00:02,174 [INFO]    📌 Điểm mốc: https://www.tiktok.com/@auto5.vn/video/7605533222159731988
2026-02-14 18:00:04,260 [INFO]    ✨ Tìm thấy 15 video mới. Làm 3 video.
2026-02-14 18:00:04,260 [INFO] ▶️ BẮT ĐẦU VIDEO: https://www.tiktok.com/@auto5.vn/video/7605969839072529682
2026-02-14 18:00:12,835 [INFO] ▶️ BẮT ĐẦU VIDEO: https://www.tiktok.com/@auto5.vn/video/7606094936261381396
2026-02-14 18:00:26,625 [INFO] ▶️ BẮT ĐẦU VIDEO: https://www.tiktok.com/@auto5.vn/video/7606176207826193671
2026-02-14 18:00:40,356 [INFO] 🔍 Quét kênh: https://www.tiktok.com/@df999bantinnong5
2026-02-14 18:00:40,356 [INFO]    📌 Điểm mốc: https://www.tiktok.com/@df999bantinnong5/video/7604723712843156737
2026-02-14 18:00:41,374 [INFO]    🛑 Gặp mốc cũ -> Dừng.
2026-02-14 18:00:41,374 [INFO]    ✨ Tìm thấy 11 video mới. Làm 3 video.
2026-02-14 18:00:41,374 [INFO] ▶️ BẮT ĐẦU VIDEO: https://www.tiktok.com/@df999bantinnong5/video/7605089193152417045
2026-02-14 18:00:57,067 [INFO]    📤 Uploading...
2026-02-14 18:02:55,609 [INFO]    ⏳ Chờ 10s...
2026-02-14 18:03:13,673 [INFO]    🗣️ Tạo Voice...
2026-02-14 18:03:21,008 [INFO] ▶️ BẮT ĐẦU VIDEO: https://www.tiktok.com/@df999bantinnong5/video/7605090386251353364
2026-02-14 18:03:25,561 [INFO]    📤 Uploading...
2026-02-14 18:05:30,588 [INFO]    ⏳ Chờ 10s...
2026-02-14 18:05:48,056 [INFO]    🗣️ Tạo Voice...
2026-02-14 18:05:53,816 [INFO] ▶️ BẮT ĐẦU VIDEO: https://www.tiktok.com/@df999bantinnong5/video/7605462118795808021
2026-02-14 18:05:57,601 [INFO]    📤 Uploading...
2026-02-14 18:07:57,065 [INFO]    ⏳ Chờ 10s...
2026-02-14 18:08:16,231 [INFO]    🗣️ Tạo Voice...
2026-02-14 18:08:21,910 [INFO] 🏁 WORKER FINISHED. Tổng video thành công: 0
2026-02-15 10:00:06,052 [INFO] 🚀 WORKER STARTED: gbn.car.24h
2026-02-15 10:00:06,052 [INFO] 📂 Temp Dir: C:\Users\Admin\Downloads\only-clone - fix 1 - Copy\only-clone - fix 1 - Copy\data\gbn.car.24h\temp
2026-02-15 10:00:06,063 [INFO] 🔍 Quét kênh: https://www.tiktok.com/@auto5.vn
2026-02-15 10:00:06,064 [INFO]    📌 Điểm mốc: https://www.tiktok.com/@auto5.vn/video/7605533222159731988
2026-02-15 10:00:07,532 [INFO]    ✨ Tìm thấy 15 video mới. Làm 3 video.
2026-02-15 10:00:07,533 [INFO] ▶️ BẮT ĐẦU VIDEO: https://www.tiktok.com/@auto5.vn/video/7606361181351087380
2026-02-15 10:00:21,934 [INFO]    📤 Uploading...
2026-02-15 10:04:24,102 [ERROR]    ❌ Upload thất bại.
2026-02-15 10:04:29,104 [INFO] ▶️ BẮT ĐẦU VIDEO: https://www.tiktok.com/@auto5.vn/video/7606181981784755464
2026-02-15 10:04:38,355 [INFO]    📤 Uploading...
2026-02-15 10:06:31,666 [INFO]    ⏳ Chờ 10s...
2026-02-15 10:06:47,320 [INFO]    🗣️ Tạo Voice...
2026-02-15 10:06:53,199 [INFO] ▶️ BẮT ĐẦU VIDEO: https://www.tiktok.com/@auto5.vn/video/7606184117151206664
2026-02-15 10:06:59,547 [INFO]    📤 Uploading...
2026-02-15 10:08:54,144 [INFO]    ⏳ Chờ 10s...
2026-02-15 10:09:08,448 [INFO]    🗣️ Tạo Voice...
2026-02-15 10:09:14,249 [INFO] 🔍 Quét kênh: https://www.tiktok.com/@df999bantinnong5
2026-02-15 10:09:14,249 [INFO]    📌 Điểm mốc: https://www.tiktok.com/@df999bantinnong5/video/7604723712843156737
2026-02-15 10:09:15,296 [INFO]    🛑 Gặp mốc cũ -> Dừng.
2026-02-15 10:09:15,297 [INFO]    ✨ Tìm thấy 11 video mới. Làm 3 video.
2026-02-15 10:09:15,297 [INFO] ▶️ BẮT ĐẦU VIDEO: https://www.tiktok.com/@df999bantinnong5/video/7605089193152417045
2026-02-15 10:09:21,238 [INFO]    📤 Uploading...
2026-02-15 10:11:15,265 [INFO]    ⏳ Chờ 10s...
2026-02-15 10:11:30,267 [INFO]    🗣️ Tạo Voice...
2026-02-15 10:11:36,025 [INFO] ▶️ BẮT ĐẦU VIDEO: https://www.tiktok.com/@df999bantinnong5/video/7605090386251353364
2026-02-15 10:11:41,098 [INFO]    📤 Uploading...
2026-02-15 10:13:38,735 [INFO]    ⏳ Chờ 10s...
2026-02-15 10:13:53,813 [INFO]    🗣️ Tạo Voice...
2026-02-15 10:13:59,562 [INFO] ▶️ BẮT ĐẦU VIDEO: https://www.tiktok.com/@df999bantinnong5/video/7605462118795808021
2026-02-15 10:14:05,458 [INFO]    📤 Uploading...
2026-02-15 10:16:02,978 [INFO]    ⏳ Chờ 10s...
2026-02-15 10:16:20,985 [INFO]    🗣️ Tạo Voice...
2026-02-15 10:16:26,873 [INFO] 🏁 WORKER FINISHED. Tổng video thành công: 0
2026-02-15 15:00:01,904 [INFO] 🚀 WORKER STARTED: gbn.car.24h
2026-02-15 15:00:01,905 [INFO] 📂 Temp Dir: C:\Users\Admin\Downloads\only-clone - fix 1 - Copy\only-clone - fix 1 - Copy\data\gbn.car.24h\temp
2026-02-15 15:00:01,905 [INFO] 🔍 Quét kênh: https://www.tiktok.com/@auto5.vn
2026-02-15 15:00:01,905 [INFO]    📌 Điểm mốc: https://www.tiktok.com/@auto5.vn/video/7605533222159731988
2026-02-15 15:00:03,325 [INFO]    ✨ Tìm thấy 15 video mới. Làm 3 video.
2026-02-15 15:00:03,325 [INFO] ▶️ BẮT ĐẦU VIDEO: https://www.tiktok.com/@auto5.vn/video/7606414004466273544
2026-02-15 15:00:13,499 [INFO]    📤 Uploading...
2026-02-15 15:02:10,065 [INFO]    ⏳ Chờ 10s...
2026-02-15 15:02:28,279 [INFO]    🗣️ Tạo Voice...
2026-02-15 15:02:34,937 [INFO] ▶️ BẮT ĐẦU VIDEO: https://www.tiktok.com/@auto5.vn/video/7606524148730383623
2026-02-15 15:02:38,272 [INFO]    📤 Uploading...
2026-02-15 15:03:08,855 [ERROR]    ❌ Upload thất bại.
2026-02-15 15:03:13,855 [INFO] ▶️ BẮT ĐẦU VIDEO: https://www.tiktok.com/@auto5.vn/video/7606575158215576853
2026-02-15 15:03:21,871 [INFO]    📤 Uploading...
2026-02-15 15:05:16,567 [INFO]    ⏳ Chờ 10s...
2026-02-15 15:05:31,979 [INFO]    🗣️ Tạo Voice...
2026-02-15 15:05:37,832 [INFO] 🔍 Quét kênh: https://www.tiktok.com/@df999bantinnong5
2026-02-15 15:05:37,832 [INFO]    📌 Điểm mốc: https://www.tiktok.com/@df999bantinnong5/video/7604723712843156737
2026-02-15 15:05:38,883 [INFO]    🛑 Gặp mốc cũ -> Dừng.
2026-02-15 15:05:38,884 [INFO]    ✨ Tìm thấy 11 video mới. Làm 3 video.
2026-02-15 15:05:38,884 [INFO] ▶️ BẮT ĐẦU VIDEO: https://www.tiktok.com/@df999bantinnong5/video/7605089193152417045
2026-02-15 15:05:44,281 [INFO]    📤 Uploading...
2026-02-15 15:07:37,254 [INFO]    ⏳ Chờ 10s...
2026-02-15 15:07:51,701 [INFO]    🗣️ Tạo Voice...
2026-02-15 15:07:57,515 [INFO] ▶️ BẮT ĐẦU VIDEO: https://www.tiktok.com/@df999bantinnong5/video/7605090386251353364
2026-02-15 15:08:01,827 [INFO]    📤 Uploading...
2026-02-15 15:10:00,621 [INFO]    ⏳ Chờ 10s...
2026-02-15 15:10:21,641 [INFO]    🗣️ Tạo Voice...
2026-02-15 15:10:27,434 [INFO] ▶️ BẮT ĐẦU VIDEO: https://www.tiktok.com/@df999bantinnong5/video/7605462118795808021
2026-02-15 15:10:30,734 [INFO]    📤 Uploading...
2026-02-15 15:12:23,368 [INFO]    ⏳ Chờ 10s...
2026-02-15 15:12:39,445 [INFO]    🗣️ Tạo Voice...
2026-02-15 15:12:45,339 [INFO] 🏁 WORKER FINISHED. Tổng video thành công: 0
2026-02-15 18:00:06,321 [INFO] 🚀 WORKER STARTED: gbn.car.24h
2026-02-15 18:00:06,321 [INFO] 📂 Temp Dir: C:\Users\Admin\Downloads\only-clone - fix 1 - Copy\only-clone - fix 1 - Copy\data\gbn.car.24h\temp
2026-02-15 18:00:06,346 [INFO] 🔍 Quét kênh: https://www.tiktok.com/@auto5.vn
2026-02-15 18:00:06,346 [INFO]    📌 Điểm mốc: https://www.tiktok.com/@auto5.vn/video/7605533222159731988
2026-02-15 18:00:07,860 [INFO]    ✨ Tìm thấy 15 video mới. Làm 3 video.
2026-02-15 18:00:07,861 [INFO] ▶️ BẮT ĐẦU VIDEO: https://www.tiktok.com/@auto5.vn/video/7606524148730383623
2026-02-15 18:00:10,760 [INFO]    📤 Uploading...
2026-02-15 18:00:19,849 [ERROR]    ❌ Upload thất bại.
2026-02-15 18:00:24,850 [INFO] ▶️ BẮT ĐẦU VIDEO: https://www.tiktok.com/@auto5.vn/video/7606575158215576853
2026-02-15 18:00:28,239 [INFO]    📤 Uploading...
2026-02-15 18:02:23,429 [INFO]    ⏳ Chờ 10s...
2026-02-15 18:02:41,678 [INFO]    🗣️ Tạo Voice...
2026-02-15 18:02:47,438 [INFO] ▶️ BẮT ĐẦU VIDEO: https://www.tiktok.com/@auto5.vn/video/7606575543831727381
2026-02-15 18:02:53,578 [INFO]    📤 Uploading...
2026-02-15 18:02:55,166 [ERROR]    ❌ Upload thất bại.
2026-02-15 18:03:00,166 [INFO] 🔍 Quét kênh: https://www.tiktok.com/@df999bantinnong5
2026-02-15 18:03:00,167 [INFO]    📌 Điểm mốc: https://www.tiktok.com/@df999bantinnong5/video/7604723712843156737
2026-02-15 18:03:01,316 [INFO]    🛑 Gặp mốc cũ -> Dừng.
2026-02-15 18:03:01,316 [INFO]    ✨ Tìm thấy 11 video mới. Làm 3 video.
2026-02-15 18:03:01,316 [INFO] ▶️ BẮT ĐẦU VIDEO: https://www.tiktok.com/@df999bantinnong5/video/7605089193152417045
2026-02-15 18:03:07,451 [INFO]    📤 Uploading...
2026-02-15 18:05:11,354 [INFO]    ⏳ Chờ 10s...
2026-02-15 18:05:28,360 [INFO]    🗣️ Tạo Voice...
2026-02-15 18:05:34,133 [INFO] ▶️ BẮT ĐẦU VIDEO: https://www.tiktok.com/@df999bantinnong5/video/7605090386251353364
2026-02-15 18:05:38,762 [INFO]    📤 Uploading...
2026-02-15 18:07:33,241 [INFO]    ⏳ Chờ 10s...
2026-02-15 18:07:48,700 [INFO]    🗣️ Tạo Voice...
2026-02-15 18:07:54,607 [INFO] ▶️ BẮT ĐẦU VIDEO: https://www.tiktok.com/@df999bantinnong5/video/7605462118795808021
2026-02-15 18:07:58,355 [INFO]    📤 Uploading...
2026-02-15 18:09:58,640 [INFO]    ⏳ Chờ 10s...
2026-02-15 18:10:15,444 [INFO]    🗣️ Tạo Voice...
2026-02-15 18:10:21,274 [INFO] 🏁 WORKER FINISHED. Tổng video thành công: 0
2026-02-16 10:00:05,819 [INFO] 🚀 WORKER STARTED: gbn.car.24h
2026-02-16 10:00:05,819 [INFO] 📂 Temp Dir: C:\Users\Admin\Downloads\only-clone - fix 1 - Copy\only-clone - fix 1 - Copy\data\gbn.car.24h\temp
2026-02-16 10:00:05,828 [INFO] 🔍 Quét kênh: https://www.tiktok.com/@auto5.vn
2026-02-16 10:00:05,828 [INFO]    📌 Điểm mốc: https://www.tiktok.com/@auto5.vn/video/7605533222159731988
2026-02-16 10:00:07,368 [INFO]    ✨ Tìm thấy 15 video mới. Làm 3 video.
2026-02-16 10:00:07,368 [INFO] ▶️ BẮT ĐẦU VIDEO: https://www.tiktok.com/@auto5.vn/video/7606811720463420693
2026-02-16 10:00:10,739 [INFO]    📤 Uploading...
2026-02-16 10:00:53,666 [ERROR]    ❌ Upload thất bại.
2026-02-16 10:00:58,668 [INFO] ▶️ BẮT ĐẦU VIDEO: https://www.tiktok.com/@auto5.vn/video/7606811227863518484
2026-02-16 10:01:02,762 [INFO]    📤 Uploading...
2026-02-16 10:03:08,019 [INFO]    ⏳ Chờ 10s...
2026-02-16 10:03:22,859 [INFO]    🗣️ Tạo Voice...
2026-02-16 10:03:28,649 [INFO] ▶️ BẮT ĐẦU VIDEO: https://www.tiktok.com/@auto5.vn/video/7606811516960001300
2026-02-16 10:03:33,835 [INFO]    📤 Uploading...
2026-02-16 10:05:32,577 [INFO]    ⏳ Chờ 10s...
2026-02-16 10:05:47,685 [INFO]    🗣️ Tạo Voice...
2026-02-16 10:05:53,449 [INFO] 🔍 Quét kênh: https://www.tiktok.com/@df999bantinnong5
2026-02-16 10:05:53,449 [INFO]    📌 Điểm mốc: https://www.tiktok.com/@df999bantinnong5/video/7604723712843156737
2026-02-16 10:05:54,416 [INFO]    🛑 Gặp mốc cũ -> Dừng.
2026-02-16 10:05:54,416 [INFO]    ✨ Tìm thấy 11 video mới. Làm 3 video.
2026-02-16 10:05:54,416 [INFO] ▶️ BẮT ĐẦU VIDEO: https://www.tiktok.com/@df999bantinnong5/video/7605089193152417045
2026-02-16 10:05:59,828 [INFO]    📤 Uploading...
2026-02-16 10:07:54,882 [INFO]    ⏳ Chờ 10s...
2026-02-16 10:08:10,531 [INFO]    🗣️ Tạo Voice...
2026-02-16 10:08:16,437 [INFO] ▶️ BẮT ĐẦU VIDEO: https://www.tiktok.com/@df999bantinnong5/video/7605090386251353364
2026-02-16 10:08:21,163 [INFO]    📤 Uploading...
2026-02-16 10:12:19,983 [ERROR]    ❌ Upload thất bại.
2026-02-16 10:12:24,984 [INFO] ▶️ BẮT ĐẦU VIDEO: https://www.tiktok.com/@df999bantinnong5/video/7605462118795808021
2026-02-16 10:12:29,623 [INFO]    📤 Uploading...
2026-02-16 10:16:23,534 [ERROR]    ❌ Upload thất bại.
2026-02-16 10:16:28,535 [INFO] 🏁 WORKER FINISHED. Tổng video thành công: 0
2026-02-16 15:00:02,119 [INFO] 🚀 WORKER STARTED: gbn.car.24h
2026-02-16 15:00:02,119 [INFO] 📂 Temp Dir: C:\Users\Admin\Downloads\only-clone - fix 1 - Copy\only-clone - fix 1 - Copy\data\gbn.car.24h\temp
2026-02-16 15:00:02,120 [INFO] 🔍 Quét kênh: https://www.tiktok.com/@auto5.vn
2026-02-16 15:00:02,120 [INFO]    📌 Điểm mốc: https://www.tiktok.com/@auto5.vn/video/7605533222159731988
2026-02-16 15:00:03,582 [INFO]    ✨ Tìm thấy 15 video mới. Làm 3 video.
2026-02-16 15:00:03,582 [INFO] ▶️ BẮT ĐẦU VIDEO: https://www.tiktok.com/@auto5.vn/video/7606811516960001300
2026-02-16 15:00:25,715 [INFO]    📤 Uploading...
2026-02-16 15:02:21,132 [INFO]    ⏳ Chờ 10s...
2026-02-16 15:02:39,373 [INFO]    🗣️ Tạo Voice...
2026-02-16 15:02:46,118 [INFO] ▶️ BẮT ĐẦU VIDEO: https://www.tiktok.com/@auto5.vn/video/7606923359909203221
2026-02-16 15:02:50,039 [INFO]    📤 Uploading...
2026-02-16 15:05:14,048 [INFO]    ⏳ Chờ 10s...
2026-02-16 15:05:31,693 [INFO]    🗣️ Tạo Voice...
2026-02-16 15:05:37,466 [INFO] ▶️ BẮT ĐẦU VIDEO: https://www.tiktok.com/@auto5.vn/video/7606926227869388053
2026-02-16 15:05:41,009 [INFO]    📤 Uploading...
2026-02-16 15:07:39,926 [INFO]    ⏳ Chờ 10s...
2026-02-16 15:07:58,992 [INFO]    🗣️ Tạo Voice...
2026-02-16 15:08:04,779 [INFO] 🔍 Quét kênh: https://www.tiktok.com/@df999bantinnong5
2026-02-16 15:08:04,779 [INFO]    📌 Điểm mốc: https://www.tiktok.com/@df999bantinnong5/video/7604723712843156737
2026-02-16 15:08:05,704 [INFO]    🛑 Gặp mốc cũ -> Dừng.
2026-02-16 15:08:05,704 [INFO]    ✨ Tìm thấy 11 video mới. Làm 3 video.
2026-02-16 15:08:05,704 [INFO] ▶️ BẮT ĐẦU VIDEO: https://www.tiktok.com/@df999bantinnong5/video/7605089193152417045
2026-02-16 15:08:11,105 [INFO]    📤 Uploading...
2026-02-16 15:10:09,813 [INFO]    ⏳ Chờ 10s...
2026-02-16 15:10:31,883 [INFO]    🗣️ Tạo Voice...
2026-02-16 15:10:37,695 [INFO] ▶️ BẮT ĐẦU VIDEO: https://www.tiktok.com/@df999bantinnong5/video/7605090386251353364
2026-02-16 15:10:41,053 [INFO]    📤 Uploading...
2026-02-16 15:12:39,909 [INFO]    ⏳ Chờ 10s...
2026-02-16 15:12:58,982 [INFO]    🗣️ Tạo Voice...
2026-02-16 15:13:05,333 [INFO] ▶️ BẮT ĐẦU VIDEO: https://www.tiktok.com/@df999bantinnong5/video/7605462118795808021
2026-02-16 15:13:08,784 [INFO]    📤 Uploading...
2026-02-16 15:15:06,587 [INFO]    ⏳ Chờ 10s...
2026-02-16 15:15:21,984 [INFO]    🗣️ Tạo Voice...
2026-02-16 15:15:27,772 [INFO] 🏁 WORKER FINISHED. Tổng video thành công: 0
2026-02-16 18:00:06,777 [INFO] 🚀 WORKER STARTED: gbn.car.24h
2026-02-16 18:00:06,777 [INFO] 📂 Temp Dir: C:\Users\Admin\Downloads\only-clone - fix 1 - Copy\only-clone - fix 1 - Copy\data\gbn.car.24h\temp
2026-02-16 18:00:06,802 [INFO] 🔍 Quét kênh: https://www.tiktok.com/@auto5.vn
2026-02-16 18:00:06,802 [INFO]    📌 Điểm mốc: https://www.tiktok.com/@auto5.vn/video/7605533222159731988
2026-02-16 18:00:08,323 [INFO]    ✨ Tìm thấy 15 video mới. Làm 3 video.
2026-02-16 18:00:08,323 [INFO] ▶️ BẮT ĐẦU VIDEO: https://www.tiktok.com/@auto5.vn/video/7606923359909203221
2026-02-16 18:00:17,332 [INFO]    📤 Uploading...
2026-02-16 18:02:29,887 [INFO]    ⏳ Chờ 10s...
2026-02-16 18:02:45,243 [INFO]    🗣️ Tạo Voice...
2026-02-16 18:02:51,041 [INFO] ▶️ BẮT ĐẦU VIDEO: https://www.tiktok.com/@auto5.vn/video/7606926227869388053
2026-02-16 18:02:56,667 [INFO]    📤 Uploading...
2026-02-16 18:04:54,830 [INFO]    ⏳ Chờ 10s...
2026-02-16 18:05:10,117 [INFO]    🗣️ Tạo Voice...
2026-02-16 18:05:15,929 [INFO] ▶️ BẮT ĐẦU VIDEO: https://www.tiktok.com/@auto5.vn/video/7606727893846084882
2026-02-16 18:05:20,377 [INFO]    📤 Uploading...
2026-02-16 18:07:19,528 [INFO]    ⏳ Chờ 10s...
2026-02-16 18:07:39,972 [INFO]    🗣️ Tạo Voice...
2026-02-16 18:07:45,811 [INFO] 🔍 Quét kênh: https://www.tiktok.com/@df999bantinnong5
2026-02-16 18:07:45,811 [INFO]    📌 Điểm mốc: https://www.tiktok.com/@df999bantinnong5/video/7604723712843156737
2026-02-16 18:07:46,826 [INFO]    🛑 Gặp mốc cũ -> Dừng.
2026-02-16 18:07:46,826 [INFO]    ✨ Tìm thấy 11 video mới. Làm 3 video.
2026-02-16 18:07:46,826 [INFO] ▶️ BẮT ĐẦU VIDEO: https://www.tiktok.com/@df999bantinnong5/video/7605089193152417045
2026-02-16 18:07:51,406 [INFO]    📤 Uploading...
2026-02-16 18:09:44,814 [INFO]    ⏳ Chờ 10s...
2026-02-16 18:10:08,621 [INFO]    🗣️ Tạo Voice...
2026-02-16 18:10:14,576 [INFO] ▶️ BẮT ĐẦU VIDEO: https://www.tiktok.com/@df999bantinnong5/video/7605090386251353364
2026-02-16 18:10:17,582 [INFO]    📤 Uploading...
2026-02-16 18:12:12,222 [INFO]    ⏳ Chờ 10s...
2026-02-16 18:12:32,778 [INFO]    🗣️ Tạo Voice...
2026-02-16 18:12:38,508 [INFO] ▶️ BẮT ĐẦU VIDEO: https://www.tiktok.com/@df999bantinnong5/video/7605462118795808021
2026-02-16 18:12:41,636 [INFO]    📤 Uploading...
2026-02-16 18:16:36,264 [ERROR]    ❌ Upload thất bại.
2026-02-16 18:16:41,265 [INFO] 🏁 WORKER FINISHED. Tổng video thành công: 0
2026-02-17 10:00:05,844 [INFO] 🚀 WORKER STARTED: gbn.car.24h
2026-02-17 10:00:05,844 [INFO] 📂 Temp Dir: C:\Users\Admin\Downloads\only-clone - fix 1 - Copy\only-clone - fix 1 - Copy\data\gbn.car.24h\temp
2026-02-17 10:00:05,852 [INFO] 🔍 Quét kênh: https://www.tiktok.com/@auto5.vn
2026-02-17 10:00:05,853 [INFO]    📌 Điểm mốc: https://www.tiktok.com/@auto5.vn/video/7605533222159731988
2026-02-17 10:00:07,595 [INFO]    ✨ Tìm thấy 15 video mới. Làm 3 video.
2026-02-17 10:00:07,596 [INFO] ▶️ BẮT ĐẦU VIDEO: https://www.tiktok.com/@auto5.vn/video/7607046001525902608
2026-02-17 10:00:16,248 [INFO]    📤 Uploading...
2026-02-17 10:02:14,168 [INFO]    ⏳ Chờ 10s...
2026-02-17 10:02:43,121 [INFO]    🗣️ Tạo Voice...
2026-02-17 10:02:48,981 [INFO] ▶️ BẮT ĐẦU VIDEO: https://www.tiktok.com/@auto5.vn/video/7607086312117554448
2026-02-17 10:02:58,286 [INFO]    📤 Uploading...
2026-02-17 10:05:02,078 [INFO]    ⏳ Chờ 10s...
2026-02-17 10:05:20,610 [INFO]    🗣️ Tạo Voice...
2026-02-17 10:05:26,455 [INFO] ▶️ BẮT ĐẦU VIDEO: https://www.tiktok.com/@auto5.vn/video/7607105841270934800
2026-02-17 10:05:32,187 [INFO]    📤 Uploading...
2026-02-17 10:09:29,575 [ERROR]    ❌ Upload thất bại.
2026-02-17 10:09:34,577 [INFO] 🔍 Quét kênh: https://www.tiktok.com/@df999bantinnong5
2026-02-17 10:09:34,577 [INFO]    📌 Điểm mốc: https://www.tiktok.com/@df999bantinnong5/video/7604723712843156737
2026-02-17 10:09:35,767 [INFO]    🛑 Gặp mốc cũ -> Dừng.
2026-02-17 10:09:35,767 [INFO]    ✨ Tìm thấy 11 video mới. Làm 3 video.
2026-02-17 10:09:35,767 [INFO] ▶️ BẮT ĐẦU VIDEO: https://www.tiktok.com/@df999bantinnong5/video/7605089193152417045
2026-02-17 10:09:41,478 [INFO]    📤 Uploading...
2026-02-17 10:13:36,312 [ERROR]    ❌ Upload thất bại.
2026-02-17 10:13:41,313 [INFO] ▶️ BẮT ĐẦU VIDEO: https://www.tiktok.com/@df999bantinnong5/video/7605090386251353364
2026-02-17 10:13:46,161 [INFO]    📤 Uploading...
2026-02-17 10:17:41,181 [ERROR]    ❌ Upload thất bại.
2026-02-17 10:17:46,182 [INFO] ▶️ BẮT ĐẦU VIDEO: https://www.tiktok.com/@df999bantinnong5/video/7605462118795808021
2026-02-17 10:17:52,757 [INFO]    📤 Uploading...
2026-02-17 10:19:44,266 [INFO]    ⏳ Chờ 10s...
2026-02-17 10:20:00,814 [INFO]    🗣️ Tạo Voice...
2026-02-17 10:20:06,610 [INFO] 🏁 WORKER FINISHED. Tổng video thành công: 0
2026-02-17 15:00:02,698 [INFO] 🚀 WORKER STARTED: gbn.car.24h
2026-02-17 15:00:02,699 [INFO] 📂 Temp Dir: C:\Users\Admin\Downloads\only-clone - fix 1 - Copy\only-clone - fix 1 - Copy\data\gbn.car.24h\temp
2026-02-17 15:00:02,699 [INFO] 🔍 Quét kênh: https://www.tiktok.com/@auto5.vn
2026-02-17 15:00:02,699 [INFO]    📌 Điểm mốc: https://www.tiktok.com/@auto5.vn/video/7605533222159731988
2026-02-17 15:00:04,456 [INFO]    ✨ Tìm thấy 15 video mới. Làm 3 video.
2026-02-17 15:00:04,457 [INFO] ▶️ BẮT ĐẦU VIDEO: https://www.tiktok.com/@auto5.vn/video/7607105841270934800
2026-02-17 15:00:13,025 [INFO]    📤 Uploading...
2026-02-17 15:00:46,476 [ERROR]    ❌ Upload thất bại.
2026-02-17 15:00:51,477 [INFO] ▶️ BẮT ĐẦU VIDEO: https://www.tiktok.com/@auto5.vn/video/7607107064216718609
2026-02-17 15:00:56,842 [INFO]    📤 Uploading...
2026-02-17 15:02:51,455 [INFO]    ⏳ Chờ 10s...
2026-02-17 15:03:32,570 [INFO]    🗣️ Tạo Voice...
2026-02-17 15:03:38,360 [INFO] ▶️ BẮT ĐẦU VIDEO: https://www.tiktok.com/@auto5.vn/video/7607108037035265296
2026-02-17 15:03:45,637 [INFO]    📤 Uploading...
2026-02-17 15:05:40,580 [INFO]    ⏳ Chờ 10s...
2026-02-17 15:06:08,934 [INFO]    🗣️ Tạo Voice...
2026-02-17 15:06:14,753 [INFO] 🔍 Quét kênh: https://www.tiktok.com/@df999bantinnong5
2026-02-17 15:06:14,753 [INFO]    📌 Điểm mốc: https://www.tiktok.com/@df999bantinnong5/video/7604723712843156737
2026-02-17 15:06:15,667 [INFO]    🛑 Gặp mốc cũ -> Dừng.
2026-02-17 15:06:15,667 [INFO]    ✨ Tìm thấy 11 video mới. Làm 3 video.
2026-02-17 15:06:15,667 [INFO] ▶️ BẮT ĐẦU VIDEO: https://www.tiktok.com/@df999bantinnong5/video/7605089193152417045
2026-02-17 15:06:21,636 [INFO]    📤 Uploading...
2026-02-17 15:08:40,319 [INFO]    ⏳ Chờ 10s...
2026-02-17 15:09:00,958 [INFO]    🗣️ Tạo Voice...
2026-02-17 15:09:06,808 [INFO] ▶️ BẮT ĐẦU VIDEO: https://www.tiktok.com/@df999bantinnong5/video/7605090386251353364
2026-02-17 15:09:10,221 [INFO]    📤 Uploading...
2026-02-17 15:11:09,204 [INFO]    ⏳ Chờ 10s...
2026-02-17 15:11:26,768 [INFO]    🗣️ Tạo Voice...
2026-02-17 15:11:32,614 [INFO] ▶️ BẮT ĐẦU VIDEO: https://www.tiktok.com/@df999bantinnong5/video/7605462118795808021
2026-02-17 15:11:37,115 [INFO]    📤 Uploading...
2026-02-17 15:13:37,090 [INFO]    ⏳ Chờ 10s...
2026-02-17 15:13:56,634 [INFO]    🗣️ Tạo Voice...
2026-02-17 15:14:02,427 [INFO] 🏁 WORKER FINISHED. Tổng video thành công: 0
2026-02-17 18:00:06,349 [INFO] 🚀 WORKER STARTED: gbn.car.24h
2026-02-17 18:00:06,349 [INFO] 📂 Temp Dir: C:\Users\Admin\Downloads\only-clone - fix 1 - Copy\only-clone - fix 1 - Copy\data\gbn.car.24h\temp
2026-02-17 18:00:06,372 [INFO] 🔍 Quét kênh: https://www.tiktok.com/@auto5.vn
2026-02-17 18:00:06,372 [INFO]    📌 Điểm mốc: https://www.tiktok.com/@auto5.vn/video/7605533222159731988
2026-02-17 18:00:08,255 [INFO]    ✨ Tìm thấy 15 video mới. Làm 3 video.
2026-02-17 18:00:08,255 [INFO] ▶️ BẮT ĐẦU VIDEO: https://www.tiktok.com/@auto5.vn/video/7607107064216718609
2026-02-17 18:00:18,048 [INFO]    📤 Uploading...
2026-02-17 18:02:18,259 [INFO]    ⏳ Chờ 10s...
2026-02-17 18:02:52,519 [INFO]    🗣️ Tạo Voice...
2026-02-17 18:02:58,311 [INFO] ▶️ BẮT ĐẦU VIDEO: https://www.tiktok.com/@auto5.vn/video/7607108037035265296
2026-02-17 18:03:01,723 [INFO]    📤 Uploading...
2026-02-17 18:04:55,072 [INFO]    ⏳ Chờ 10s...
2026-02-17 18:05:26,897 [INFO]    🗣️ Tạo Voice...
2026-02-17 18:05:32,753 [INFO] ▶️ BẮT ĐẦU VIDEO: https://www.tiktok.com/@auto5.vn/video/7607120132824943873
2026-02-17 18:05:40,348 [INFO]    📤 Uploading...
2026-02-17 18:07:39,476 [INFO]    ⏳ Chờ 10s...
2026-02-17 18:07:58,461 [INFO]    🗣️ Tạo Voice...
2026-02-17 18:08:04,258 [INFO] 🔍 Quét kênh: https://www.tiktok.com/@df999bantinnong5
2026-02-17 18:08:04,258 [INFO]    📌 Điểm mốc: https://www.tiktok.com/@df999bantinnong5/video/7604723712843156737
2026-02-17 18:08:05,296 [INFO]    🛑 Gặp mốc cũ -> Dừng.
2026-02-17 18:08:05,296 [INFO]    ✨ Tìm thấy 11 video mới. Làm 3 video.
2026-02-17 18:08:05,296 [INFO] ▶️ BẮT ĐẦU VIDEO: https://www.tiktok.com/@df999bantinnong5/video/7605089193152417045
2026-02-17 18:08:10,859 [INFO]    📤 Uploading...
2026-02-17 18:10:06,506 [INFO]    ⏳ Chờ 10s...
2026-02-17 18:10:21,648 [INFO]    🗣️ Tạo Voice...
2026-02-17 18:10:27,567 [INFO] ▶️ BẮT ĐẦU VIDEO: https://www.tiktok.com/@df999bantinnong5/video/7605090386251353364
2026-02-17 18:10:31,341 [INFO]    📤 Uploading...
2026-02-17 18:12:25,297 [INFO]    ⏳ Chờ 10s...
2026-02-17 18:12:42,836 [INFO]    🗣️ Tạo Voice...
2026-02-17 18:12:48,712 [INFO] ▶️ BẮT ĐẦU VIDEO: https://www.tiktok.com/@df999bantinnong5/video/7605462118795808021
2026-02-17 18:12:51,874 [INFO]    📤 Uploading...
2026-02-17 18:14:45,890 [INFO]    ⏳ Chờ 10s...
2026-02-17 18:15:04,823 [INFO]    🗣️ Tạo Voice...
2026-02-17 18:15:10,699 [INFO] 🏁 WORKER FINISHED. Tổng video thành công: 0
2026-02-17 23:02:08,876 [INFO] 🚀 WORKER STARTED: gbn.car.24h
2026-02-17 23:02:08,877 [INFO] 📂 Temp Dir: C:\Users\Admin\Downloads\only-clone - fix 1 - Copy\only-clone - fix 1 - Copy\data\gbn.car.24h\temp
2026-02-17 23:02:08,892 [INFO] 🔍 Quét kênh: https://www.tiktok.com/@auto5.vn
2026-02-17 23:02:08,892 [INFO]    📌 Điểm mốc: https://www.tiktok.com/@auto5.vn/video/7605533222159731988
2026-02-17 23:02:11,263 [INFO]    ✨ Tìm thấy 15 video mới. Làm 3 video.
2026-02-17 23:02:11,263 [INFO] ▶️ BẮT ĐẦU VIDEO: https://www.tiktok.com/@auto5.vn/video/7607108037035265296
2026-02-17 23:02:14,666 [INFO]    📤 Uploading...
2026-02-17 23:04:15,939 [INFO]    ⏳ Chờ 10s...
2026-02-17 23:04:55,891 [INFO]    🗣️ Tạo Voice...
2026-02-17 23:05:22,240 [INFO]    🎬 Remixing...
2026-02-17 23:06:45,200 [INFO]    ☁️ Uploading Drive...
2026-02-17 23:07:02,073 [INFO]    ✅ HOÀN TẤT!
2026-02-17 23:07:02,073 [INFO]    💾 Đã cập nhật Config: last_video_url = https://www.tiktok.com/@auto5.vn/video/7607108037035265296
2026-02-17 23:07:02,076 [INFO]    🧹 Đã dọn dẹp file thành phẩm.
2026-02-17 23:07:07,078 [INFO] ▶️ BẮT ĐẦU VIDEO: https://www.tiktok.com/@auto5.vn/video/7607120132824943873
2026-02-17 23:07:10,645 [INFO]    📤 Uploading...
2026-02-17 23:09:01,798 [INFO]    ⏳ Chờ 10s...
2026-02-17 23:09:39,978 [INFO]    🗣️ Tạo Voice...
2026-02-17 23:10:06,721 [INFO]    🎬 Remixing...
2026-02-17 23:11:19,399 [INFO]    ☁️ Uploading Drive...
2026-02-17 23:11:31,397 [INFO]    ✅ HOÀN TẤT!
2026-02-17 23:11:31,398 [INFO]    💾 Đã cập nhật Config: last_video_url = https://www.tiktok.com/@auto5.vn/video/7607120132824943873
2026-02-17 23:11:31,400 [INFO]    🧹 Đã dọn dẹp file thành phẩm.
2026-02-17 23:11:36,403 [INFO] ▶️ BẮT ĐẦU VIDEO: https://www.tiktok.com/@auto5.vn/video/7607258631548964097
2026-02-17 23:11:43,083 [INFO]    📤 Uploading...
2026-02-17 23:23:02,600 [INFO] 🚀 WORKER STARTED: gbn.car.24h
2026-02-17 23:23:02,601 [INFO] 📂 Temp Dir: C:\Users\Admin\Downloads\only-clone - fix 1 - Copy\only-clone - fix 1 - Copy\data\gbn.car.24h\temp
2026-02-17 23:23:02,614 [INFO] 🔍 Quét kênh: https://www.tiktok.com/@auto5.vn
2026-02-17 23:23:02,615 [INFO]    📌 Điểm mốc: https://www.tiktok.com/@auto5.vn/video/7607120132824943873
2026-02-17 23:23:04,590 [INFO]    🛑 Gặp mốc cũ -> Dừng.
2026-02-17 23:23:04,591 [INFO]    ✨ Tìm thấy 14 video mới. Làm 3 video.
2026-02-17 23:23:04,591 [INFO] ▶️ BẮT ĐẦU VIDEO: https://www.tiktok.com/@auto5.vn/video/7607258631548964097
2026-02-17 23:23:14,168 [INFO]    📤 Uploading...
2026-02-17 23:23:53,445 [ERROR]    ❌ Upload thất bại.
2026-02-17 23:23:58,448 [INFO] ▶️ BẮT ĐẦU VIDEO: https://www.tiktok.com/@auto5.vn/video/7607346103347973396
2026-02-17 23:24:04,858 [INFO]    📤 Uploading...
2026-02-17 23:28:04,644 [ERROR]    ❌ Upload thất bại.
2026-02-17 23:28:09,646 [INFO] ▶️ BẮT ĐẦU VIDEO: https://www.tiktok.com/@auto5.vn/video/7607347582582476053
2026-02-17 23:28:16,394 [INFO]    📤 Uploading...
2026-02-17 23:32:14,201 [ERROR]    ❌ Upload thất bại.
2026-02-17 23:32:19,203 [INFO] 🔍 Quét kênh: https://www.tiktok.com/@df999bantinnong5
2026-02-17 23:32:19,203 [INFO]    📌 Điểm mốc: https://www.tiktok.com/@df999bantinnong5/video/7604723712843156737
2026-02-17 23:32:20,369 [INFO]    🛑 Gặp mốc cũ -> Dừng.
2026-02-17 23:32:20,369 [INFO]    ✨ Tìm thấy 11 video mới. Làm 3 video.
2026-02-17 23:32:20,369 [INFO] ▶️ BẮT ĐẦU VIDEO: https://www.tiktok.com/@df999bantinnong5/video/7605089193152417045
2026-02-17 23:32:25,492 [INFO]    📤 Uploading...
2026-02-17 23:36:23,247 [ERROR]    ❌ Upload thất bại.
2026-02-17 23:36:28,248 [INFO] ▶️ BẮT ĐẦU VIDEO: https://www.tiktok.com/@df999bantinnong5/video/7605090386251353364
2026-02-17 23:36:31,329 [INFO]    📤 Uploading...
2026-02-18 10:00:02,599 [INFO] 🚀 WORKER STARTED: gbn.car.24h
2026-02-18 10:00:02,599 [INFO] 📂 Temp Dir: C:\Users\Admin\Downloads\only-clone - fix 1 - Copy\only-clone - fix 1 - Copy\data\gbn.car.24h\temp
2026-02-18 10:00:02,600 [INFO] 🔍 Quét kênh: https://www.tiktok.com/@auto5.vn
2026-02-18 10:00:02,600 [INFO]    📌 Điểm mốc: https://www.tiktok.com/@auto5.vn/video/7607120132824943873
2026-02-18 10:00:04,454 [INFO]    ✨ Tìm thấy 15 video mới. Làm 3 video.
2026-02-18 10:00:04,454 [INFO] ▶️ BẮT ĐẦU VIDEO: https://www.tiktok.com/@auto5.vn/video/7607466144529861909
2026-02-18 10:00:27,823 [INFO]    📤 Uploading...
2026-02-18 10:01:03,108 [ERROR]    ❌ Upload thất bại.
2026-02-18 10:01:08,110 [INFO] ▶️ BẮT ĐẦU VIDEO: https://www.tiktok.com/@auto5.vn/video/7607520170038381845
2026-02-18 10:01:32,062 [INFO]    📤 Uploading...
2026-02-18 10:03:27,353 [INFO]    ⏳ Chờ 10s...
2026-02-18 10:03:50,994 [INFO]    🗣️ Tạo Voice...
2026-02-18 10:04:11,046 [INFO]    🎬 Remixing...
2026-02-18 10:04:55,356 [INFO]    ☁️ Uploading Drive...
2026-02-18 10:05:19,163 [INFO]    ✅ HOÀN TẤT!
2026-02-18 10:05:19,164 [INFO]    💾 Đã cập nhật Config: last_video_url = https://www.tiktok.com/@auto5.vn/video/7607520170038381845
2026-02-18 10:05:19,165 [INFO]    🧹 Đã dọn dẹp file thành phẩm.
2026-02-18 10:05:24,167 [INFO] ▶️ BẮT ĐẦU VIDEO: https://www.tiktok.com/@auto5.vn/video/7607547020580113685
2026-02-18 10:05:29,835 [INFO]    📤 Uploading...
2026-02-18 10:09:27,233 [ERROR]    ❌ Upload thất bại.
2026-02-18 10:09:32,235 [INFO] 🔍 Quét kênh: https://www.tiktok.com/@df999bantinnong5
2026-02-18 10:09:32,235 [INFO]    📌 Điểm mốc: https://www.tiktok.com/@df999bantinnong5/video/7604723712843156737
2026-02-18 10:09:33,260 [INFO]    🛑 Gặp mốc cũ -> Dừng.
2026-02-18 10:09:33,260 [INFO]    ✨ Tìm thấy 11 video mới. Làm 3 video.
2026-02-18 10:09:33,260 [INFO] ▶️ BẮT ĐẦU VIDEO: https://www.tiktok.com/@df999bantinnong5/video/7605089193152417045
2026-02-18 10:09:53,558 [INFO]    📤 Uploading...
2026-02-18 10:11:52,057 [INFO]    ⏳ Chờ 10s...
2026-02-18 10:12:08,606 [INFO]    🗣️ Tạo Voice...
2026-02-18 10:12:28,264 [INFO]    🎬 Remixing...
2026-02-18 10:12:48,943 [INFO]    ☁️ Uploading Drive...
2026-02-18 10:13:06,791 [INFO]    ✅ HOÀN TẤT!
2026-02-18 10:13:06,792 [INFO]    💾 Đã cập nhật Config: last_video_url = https://www.tiktok.com/@df999bantinnong5/video/7605089193152417045
2026-02-18 10:13:06,793 [INFO]    🧹 Đã dọn dẹp file thành phẩm.
2026-02-18 10:13:11,794 [INFO] ▶️ BẮT ĐẦU VIDEO: https://www.tiktok.com/@df999bantinnong5/video/7605090386251353364
2026-02-18 10:13:33,573 [INFO]    📤 Uploading...
2026-02-18 10:15:33,084 [INFO]    ⏳ Chờ 10s...
2026-02-18 10:15:52,472 [INFO]    🗣️ Tạo Voice...
2026-02-18 10:16:14,516 [INFO]    🎬 Remixing...
2026-02-18 10:16:39,926 [INFO]    ☁️ Uploading Drive...
2026-02-18 10:16:59,742 [INFO]    ✅ HOÀN TẤT!
2026-02-18 10:16:59,743 [INFO]    💾 Đã cập nhật Config: last_video_url = https://www.tiktok.com/@df999bantinnong5/video/7605090386251353364
2026-02-18 10:16:59,744 [INFO]    🧹 Đã dọn dẹp file thành phẩm.
2026-02-18 10:17:04,745 [INFO] ▶️ BẮT ĐẦU VIDEO: https://www.tiktok.com/@df999bantinnong5/video/7605462118795808021
2026-02-18 10:17:24,668 [INFO]    📤 Uploading...
2026-02-18 10:21:23,466 [ERROR]    ❌ Upload thất bại.
2026-02-18 10:21:28,468 [INFO] 🏁 WORKER FINISHED. Tổng video thành công: 3
2026-02-18 15:00:02,591 [INFO] 🚀 WORKER STARTED: gbn.car.24h
2026-02-18 15:00:02,591 [INFO] 📂 Temp Dir: C:\Users\Admin\Downloads\only-clone - fix 1 - Copy\only-clone - fix 1 - Copy\data\gbn.car.24h\temp
2026-02-18 15:00:02,601 [INFO] 🔍 Quét kênh: https://www.tiktok.com/@auto5.vn
2026-02-18 15:00:02,601 [INFO]    📌 Điểm mốc: https://www.tiktok.com/@auto5.vn/video/7607520170038381845
2026-02-18 15:00:04,328 [INFO]    🛑 Gặp mốc cũ -> Dừng.
2026-02-18 15:00:04,329 [INFO]    ✨ Tìm thấy 14 video mới. Làm 3 video.
2026-02-18 15:00:04,329 [INFO] ▶️ BẮT ĐẦU VIDEO: https://www.tiktok.com/@auto5.vn/video/7607547020580113685
2026-02-18 15:00:07,926 [INFO]    📤 Uploading...
2026-02-18 15:00:42,342 [ERROR]    ❌ Upload thất bại.
2026-02-18 15:00:47,343 [INFO] ▶️ BẮT ĐẦU VIDEO: https://www.tiktok.com/@auto5.vn/video/7607547269717445909
2026-02-18 15:01:13,575 [INFO]    📤 Uploading...
2026-02-18 15:03:13,251 [INFO]    ⏳ Chờ 10s...
2026-02-18 15:03:40,109 [INFO]    🗣️ Tạo Voice...
2026-02-18 15:04:03,353 [INFO]    🎬 Remixing...
2026-02-18 15:04:56,541 [INFO]    ☁️ Uploading Drive...
2026-02-18 15:05:09,671 [INFO]    ✅ HOÀN TẤT!
2026-02-18 15:05:09,673 [INFO]    💾 Đã cập nhật Config: last_video_url = https://www.tiktok.com/@auto5.vn/video/7607547269717445909
2026-02-18 15:05:09,675 [INFO]    🧹 Đã dọn dẹp file thành phẩm.
2026-02-18 15:05:14,678 [INFO] ▶️ BẮT ĐẦU VIDEO: https://www.tiktok.com/@auto5.vn/video/7607526057582939409
2026-02-18 15:05:28,081 [INFO]    📤 Uploading...
2026-02-18 15:07:32,275 [INFO]    ⏳ Chờ 10s...
2026-02-18 15:07:56,785 [INFO]    🗣️ Tạo Voice...
2026-02-18 15:08:26,045 [INFO]    🎬 Remixing...
2026-02-18 15:08:49,691 [INFO]    ☁️ Uploading Drive...
2026-02-18 15:09:05,039 [INFO]    ✅ HOÀN TẤT!
2026-02-18 15:09:05,041 [INFO]    💾 Đã cập nhật Config: last_video_url = https://www.tiktok.com/@auto5.vn/video/7607526057582939409
2026-02-18 15:09:05,043 [INFO]    🧹 Đã dọn dẹp file thành phẩm.
2026-02-18 15:09:10,045 [INFO] 🔍 Quét kênh: https://www.tiktok.com/@df999bantinnong5
2026-02-18 15:09:10,045 [INFO]    📌 Điểm mốc: https://www.tiktok.com/@df999bantinnong5/video/7605090386251353364
2026-02-18 15:09:10,939 [INFO]    🛑 Gặp mốc cũ -> Dừng.
2026-02-18 15:09:10,939 [INFO]    ✨ Tìm thấy 9 video mới. Làm 3 video.
2026-02-18 15:09:10,939 [INFO] ▶️ BẮT ĐẦU VIDEO: https://www.tiktok.com/@df999bantinnong5/video/7605462118795808021
2026-02-18 15:09:16,640 [INFO]    📤 Uploading...
2026-02-18 15:11:10,492 [INFO]    ⏳ Chờ 10s...
2026-02-18 15:11:39,122 [INFO]    🗣️ Tạo Voice...
2026-02-18 15:11:59,792 [INFO]    🎬 Remixing...
2026-02-18 15:12:32,776 [INFO]    ☁️ Uploading Drive...
2026-02-18 15:12:48,246 [INFO]    ✅ HOÀN TẤT!
2026-02-18 15:12:48,247 [INFO]    💾 Đã cập nhật Config: last_video_url = https://www.tiktok.com/@df999bantinnong5/video/7605462118795808021
2026-02-18 15:12:48,249 [INFO]    🧹 Đã dọn dẹp file thành phẩm.
2026-02-18 15:12:53,250 [INFO] ▶️ BẮT ĐẦU VIDEO: https://www.tiktok.com/@df999bantinnong5/video/7605462483192876309
2026-02-18 15:13:14,670 [INFO]    📤 Uploading...
2026-02-18 15:15:13,515 [INFO]    ⏳ Chờ 10s...
2026-02-18 15:15:29,735 [INFO]    🗣️ Tạo Voice...
2026-02-18 15:15:52,274 [INFO]    🎬 Remixing...
2026-02-18 15:16:33,628 [INFO]    ☁️ Uploading Drive...
2026-02-18 15:16:54,844 [INFO]    ✅ HOÀN TẤT!
2026-02-18 15:16:54,845 [INFO]    💾 Đã cập nhật Config: last_video_url = https://www.tiktok.com/@df999bantinnong5/video/7605462483192876309
2026-02-18 15:16:54,846 [INFO]    🧹 Đã dọn dẹp file thành phẩm.
2026-02-18 15:16:59,847 [INFO] ▶️ BẮT ĐẦU VIDEO: https://www.tiktok.com/@df999bantinnong5/video/7605836696755703061
2026-02-18 15:17:29,149 [INFO]    📤 Uploading...
2026-02-18 15:19:37,470 [INFO]    ⏳ Chờ 10s...
2026-02-18 15:19:57,764 [INFO]    🗣️ Tạo Voice...
2026-02-18 15:20:22,054 [INFO]    🎬 Remixing...
2026-02-18 15:20:44,867 [INFO]    ☁️ Uploading Drive...
2026-02-18 15:20:56,732 [INFO]    ✅ HOÀN TẤT!
2026-02-18 15:20:56,733 [INFO]    💾 Đã cập nhật Config: last_video_url = https://www.tiktok.com/@df999bantinnong5/video/7605836696755703061
2026-02-18 15:20:56,734 [INFO]    🧹 Đã dọn dẹp file thành phẩm.
2026-02-18 15:21:01,736 [INFO] 🏁 WORKER FINISHED. Tổng video thành công: 5
2026-02-18 18:00:06,462 [INFO] 🚀 WORKER STARTED: gbn.car.24h
2026-02-18 18:00:06,463 [INFO] 📂 Temp Dir: C:\Users\Admin\Downloads\only-clone - fix 1 - Copy\only-clone - fix 1 - Copy\data\gbn.car.24h\temp
2026-02-18 18:00:06,490 [INFO] 🔍 Quét kênh: https://www.tiktok.com/@auto5.vn
2026-02-18 18:00:06,490 [INFO]    📌 Điểm mốc: https://www.tiktok.com/@auto5.vn/video/7607526057582939409
2026-02-18 18:00:07,845 [INFO]    🛑 Gặp mốc cũ -> Dừng.
2026-02-18 18:00:07,845 [INFO]    ✨ Tìm thấy 13 video mới. Làm 3 video.
2026-02-18 18:00:07,845 [INFO] ▶️ BẮT ĐẦU VIDEO: https://www.tiktok.com/@auto5.vn/video/7607631126210956560
2026-02-18 18:00:31,102 [INFO]    📤 Uploading...
2026-02-18 18:01:11,120 [ERROR]    ❌ Upload thất bại.
2026-02-18 18:01:16,121 [INFO] ▶️ BẮT ĐẦU VIDEO: https://www.tiktok.com/@auto5.vn/video/7607631483209075984
2026-02-18 18:01:35,947 [INFO]    📤 Uploading...
2026-02-18 18:03:35,863 [INFO]    ⏳ Chờ 10s...
2026-02-18 18:03:56,804 [INFO]    🗣️ Tạo Voice...
2026-02-18 18:04:24,055 [INFO]    🎬 Remixing...
2026-02-18 18:05:02,532 [INFO]    ☁️ Uploading Drive...
2026-02-18 18:05:16,223 [INFO]    ✅ HOÀN TẤT!
2026-02-18 18:05:16,224 [INFO]    💾 Đã cập nhật Config: last_video_url = https://www.tiktok.com/@auto5.vn/video/7607631483209075984
2026-02-18 18:05:16,224 [INFO]    🧹 Đã dọn dẹp file thành phẩm.
2026-02-18 18:05:21,225 [INFO] ▶️ BẮT ĐẦU VIDEO: https://www.tiktok.com/@auto5.vn/video/7607640507493256449
2026-02-18 18:05:39,398 [INFO]    📤 Uploading...
2026-02-18 18:07:44,240 [INFO]    ⏳ Chờ 10s...
2026-02-18 18:07:59,910 [INFO]    🗣️ Tạo Voice...
2026-02-18 18:08:19,977 [INFO]    🎬 Remixing...
2026-02-18 18:08:52,646 [INFO]    ☁️ Uploading Drive...
2026-02-18 18:09:03,479 [INFO]    ✅ HOÀN TẤT!
2026-02-18 18:09:03,481 [INFO]    💾 Đã cập nhật Config: last_video_url = https://www.tiktok.com/@auto5.vn/video/7607640507493256449
2026-02-18 18:09:03,483 [INFO]    🧹 Đã dọn dẹp file thành phẩm.
2026-02-18 18:09:08,484 [INFO] 🔍 Quét kênh: https://www.tiktok.com/@df999bantinnong5
2026-02-18 18:09:08,485 [INFO]    📌 Điểm mốc: https://www.tiktok.com/@df999bantinnong5/video/7605836696755703061
2026-02-18 18:09:09,909 [INFO]    🛑 Gặp mốc cũ -> Dừng.
2026-02-18 18:09:09,909 [INFO]    ✨ Tìm thấy 6 video mới. Làm 3 video.
2026-02-18 18:09:09,909 [INFO] ▶️ BẮT ĐẦU VIDEO: https://www.tiktok.com/@df999bantinnong5/video/7606205732538682640
2026-02-18 18:09:15,995 [INFO]    📤 Uploading...
2026-02-18 18:11:10,167 [INFO]    ⏳ Chờ 10s...
2026-02-18 18:11:31,187 [INFO]    🗣️ Tạo Voice...
2026-02-18 18:11:59,251 [INFO]    🎬 Remixing...
2026-02-18 18:12:23,372 [INFO]    ☁️ Uploading Drive...
2026-02-18 18:12:38,373 [INFO]    ✅ HOÀN TẤT!
2026-02-18 18:12:38,374 [INFO]    💾 Đã cập nhật Config: last_video_url = https://www.tiktok.com/@df999bantinnong5/video/7606205732538682640
2026-02-18 18:12:38,377 [INFO]    🧹 Đã dọn dẹp file thành phẩm.
2026-02-18 18:12:43,378 [INFO] ▶️ BẮT ĐẦU VIDEO: https://www.tiktok.com/@df999bantinnong5/video/7606206509466389761
2026-02-18 18:13:05,192 [INFO]    📤 Uploading...
2026-02-18 18:14:59,514 [INFO]    ⏳ Chờ 10s...
2026-02-18 18:15:24,553 [INFO]    🗣️ Tạo Voice...
2026-02-18 18:15:51,544 [INFO]    🎬 Remixing...
2026-02-18 18:16:29,355 [INFO]    ☁️ Uploading Drive...
2026-02-18 18:16:42,107 [INFO]    ✅ HOÀN TẤT!
2026-02-18 18:16:42,108 [INFO]    💾 Đã cập nhật Config: last_video_url = https://www.tiktok.com/@df999bantinnong5/video/7606206509466389761
2026-02-18 18:16:42,110 [INFO]    🧹 Đã dọn dẹp file thành phẩm.
2026-02-18 18:16:47,111 [INFO] ▶️ BẮT ĐẦU VIDEO: https://www.tiktok.com/@df999bantinnong5/video/7606206994185211152
2026-02-18 18:17:09,666 [INFO]    📤 Uploading...
2026-02-18 18:19:08,266 [INFO]    ⏳ Chờ 10s...
2026-02-18 18:19:29,189 [INFO]    🗣️ Tạo Voice...
2026-02-18 18:19:51,729 [INFO]    🎬 Remixing...
2026-02-18 18:20:26,383 [INFO]    ☁️ Uploading Drive...
2026-02-18 18:20:40,352 [INFO]    ✅ HOÀN TẤT!
2026-02-18 18:20:40,353 [INFO]    💾 Đã cập nhật Config: last_video_url = https://www.tiktok.com/@df999bantinnong5/video/7606206994185211152
2026-02-18 18:20:40,355 [INFO]    🧹 Đã dọn dẹp file thành phẩm.
2026-02-18 18:20:45,357 [INFO] 🏁 WORKER FINISHED. Tổng video thành công: 5
2026-02-19 10:00:05,255 [INFO] 🚀 WORKER STARTED: gbn.car.24h
2026-02-19 10:00:05,255 [INFO] 📂 Temp Dir: C:\Users\Admin\Downloads\only-clone - fix 1 - Copy\only-clone - fix 1 - Copy\data\gbn.car.24h\temp
2026-02-19 10:00:05,269 [INFO] 🔍 Quét kênh: https://www.tiktok.com/@auto5.vn
2026-02-19 10:00:05,269 [INFO]    📌 Điểm mốc: https://www.tiktok.com/@auto5.vn/video/7607640507493256449
2026-02-19 10:00:06,751 [INFO]    ✨ Tìm thấy 15 video mới. Làm 3 video.
2026-02-19 10:00:06,751 [INFO] ▶️ BẮT ĐẦU VIDEO: https://www.tiktok.com/@auto5.vn/video/7607831368587808001
2026-02-19 10:00:20,067 [INFO]    📤 Uploading...
2026-02-19 10:02:22,886 [INFO]    ⏳ Chờ 10s...
2026-02-19 10:02:42,240 [INFO]    🗣️ Tạo Voice...
2026-02-19 10:03:01,150 [INFO]    🎬 Remixing...
2026-02-19 10:04:04,635 [INFO]    ☁️ Uploading Drive...
2026-02-19 10:04:18,180 [INFO]    ✅ HOÀN TẤT!
2026-02-19 10:04:18,181 [INFO]    💾 Đã cập nhật Config: last_video_url = https://www.tiktok.com/@auto5.vn/video/7607831368587808001
2026-02-19 10:04:18,182 [INFO]    🧹 Đã dọn dẹp file thành phẩm.
2026-02-19 10:04:23,184 [INFO] ▶️ BẮT ĐẦU VIDEO: https://www.tiktok.com/@auto5.vn/video/7607871272919256341
2026-02-19 10:04:29,688 [INFO]    📤 Uploading...
2026-02-19 10:06:23,419 [INFO]    ⏳ Chờ 10s...
2026-02-19 10:06:43,624 [INFO]    🗣️ Tạo Voice...
2026-02-19 10:07:09,030 [INFO]    🎬 Remixing...
2026-02-19 10:07:47,285 [INFO]    ☁️ Uploading Drive...
2026-02-19 10:08:10,778 [INFO]    ✅ HOÀN TẤT!
2026-02-19 10:08:10,779 [INFO]    💾 Đã cập nhật Config: last_video_url = https://www.tiktok.com/@auto5.vn/video/7607871272919256341
2026-02-19 10:08:10,781 [INFO]    🧹 Đã dọn dẹp file thành phẩm.
2026-02-19 10:08:15,782 [INFO] ▶️ BẮT ĐẦU VIDEO: https://www.tiktok.com/@auto5.vn/video/7607854567094603025
2026-02-19 10:08:19,440 [INFO]    📤 Uploading...
2026-02-19 10:12:14,792 [ERROR]    ❌ Upload thất bại.
2026-02-19 10:12:19,794 [INFO] 🔍 Quét kênh: https://www.tiktok.com/@df999bantinnong5
2026-02-19 10:12:19,795 [INFO]    📌 Điểm mốc: https://www.tiktok.com/@df999bantinnong5/video/7606206994185211152
2026-02-19 10:12:20,773 [INFO]    🛑 Gặp mốc cũ -> Dừng.
2026-02-19 10:12:20,773 [INFO]    ✨ Tìm thấy 3 video mới. Làm 3 video.
2026-02-19 10:12:20,773 [INFO] ▶️ BẮT ĐẦU VIDEO: https://www.tiktok.com/@df999bantinnong5/video/7606573405869051153
2026-02-19 10:12:28,963 [INFO]    📤 Uploading...
2026-02-19 10:14:27,676 [INFO]    ⏳ Chờ 10s...
2026-02-19 10:14:43,422 [INFO]    🗣️ Tạo Voice...
2026-02-19 10:15:00,724 [INFO]    🎬 Remixing...
2026-02-19 10:15:24,092 [INFO]    ☁️ Uploading Drive...
2026-02-19 10:15:36,096 [INFO]    ✅ HOÀN TẤT!
2026-02-19 10:15:36,097 [INFO]    💾 Đã cập nhật Config: last_video_url = https://www.tiktok.com/@df999bantinnong5/video/7606573405869051153
2026-02-19 10:15:36,099 [INFO]    🧹 Đã dọn dẹp file thành phẩm.
2026-02-19 10:15:41,100 [INFO] ▶️ BẮT ĐẦU VIDEO: https://www.tiktok.com/@df999bantinnong5/video/7606575164272282897
2026-02-19 10:15:48,140 [INFO]    📤 Uploading...
2026-02-19 10:19:43,465 [ERROR]    ❌ Upload thất bại.
2026-02-19 10:19:48,466 [INFO] ▶️ BẮT ĐẦU VIDEO: https://www.tiktok.com/@df999bantinnong5/video/7606576205113986305
2026-02-19 10:19:54,231 [INFO]    📤 Uploading...
2026-02-19 10:23:50,709 [ERROR]    ❌ Upload thất bại.
2026-02-19 10:23:55,710 [INFO] 🏁 WORKER FINISHED. Tổng video thành công: 3
2026-02-19 15:00:02,366 [INFO] 🚀 WORKER STARTED: gbn.car.24h
2026-02-19 15:00:02,366 [INFO] 📂 Temp Dir: C:\Users\Admin\Downloads\only-clone - fix 1 - Copy\only-clone - fix 1 - Copy\data\gbn.car.24h\temp
2026-02-19 15:00:02,378 [INFO] 🔍 Quét kênh: https://www.tiktok.com/@auto5.vn
2026-02-19 15:00:02,378 [INFO]    📌 Điểm mốc: https://www.tiktok.com/@auto5.vn/video/7607871272919256341
2026-02-19 15:00:03,888 [INFO]    ✨ Tìm thấy 15 video mới. Làm 3 video.
2026-02-19 15:00:03,888 [INFO] ▶️ BẮT ĐẦU VIDEO: https://www.tiktok.com/@auto5.vn/video/7607854567094603025
2026-02-19 15:00:08,769 [INFO]    📤 Uploading...
2026-02-19 15:03:52,913 [INFO]    ⏳ Chờ 10s...
2026-02-19 15:04:15,043 [INFO]    🗣️ Tạo Voice...
2026-02-19 15:04:41,954 [INFO]    🎬 Remixing...
2026-02-19 15:05:21,102 [INFO]    ☁️ Uploading Drive...
2026-02-19 15:05:35,262 [INFO]    ✅ HOÀN TẤT!
2026-02-19 15:05:35,263 [INFO]    💾 Đã cập nhật Config: last_video_url = https://www.tiktok.com/@auto5.vn/video/7607854567094603025
2026-02-19 15:05:35,264 [INFO]    🧹 Đã dọn dẹp file thành phẩm.
2026-02-19 15:05:40,266 [INFO] ▶️ BẮT ĐẦU VIDEO: https://www.tiktok.com/@auto5.vn/video/7607863332883746064
2026-02-19 15:05:44,294 [INFO]    📤 Uploading...
2026-02-19 15:09:20,576 [INFO]    ⏳ Chờ 10s...
2026-02-19 15:09:40,653 [INFO]    🗣️ Tạo Voice...
2026-02-19 15:10:02,684 [INFO]    🎬 Remixing...
2026-02-19 15:10:34,957 [INFO]    ☁️ Uploading Drive...
2026-02-19 15:10:48,577 [INFO]    ✅ HOÀN TẤT!
2026-02-19 15:10:48,578 [INFO]    💾 Đã cập nhật Config: last_video_url = https://www.tiktok.com/@auto5.vn/video/7607863332883746064
2026-02-19 15:10:48,580 [INFO]    🧹 Đã dọn dẹp file thành phẩm.
2026-02-19 15:10:53,582 [INFO] ▶️ BẮT ĐẦU VIDEO: https://www.tiktok.com/@auto5.vn/video/7607864772243033360
2026-02-19 15:10:59,233 [INFO]    📤 Uploading...
2026-02-19 15:14:40,358 [INFO]    ⏳ Chờ 10s...
2026-02-19 15:14:59,735 [INFO]    🗣️ Tạo Voice...
2026-02-19 15:15:30,545 [INFO]    🎬 Remixing...
2026-02-19 15:16:05,645 [INFO]    ☁️ Uploading Drive...
2026-02-19 15:16:19,999 [INFO]    ✅ HOÀN TẤT!
2026-02-19 15:16:20,000 [INFO]    💾 Đã cập nhật Config: last_video_url = https://www.tiktok.com/@auto5.vn/video/7607864772243033360
2026-02-19 15:16:20,005 [INFO]    🧹 Đã dọn dẹp file thành phẩm.
2026-02-19 15:16:25,009 [INFO] 🔍 Quét kênh: https://www.tiktok.com/@df999bantinnong5
2026-02-19 15:16:25,009 [INFO]    📌 Điểm mốc: https://www.tiktok.com/@df999bantinnong5/video/7606573405869051153
2026-02-19 15:16:26,461 [INFO]    🛑 Gặp mốc cũ -> Dừng.
2026-02-19 15:16:26,461 [INFO]    ✨ Tìm thấy 2 video mới. Làm 2 video.
2026-02-19 15:16:26,461 [INFO] ▶️ BẮT ĐẦU VIDEO: https://www.tiktok.com/@df999bantinnong5/video/7606575164272282897
2026-02-19 15:16:31,898 [INFO]    📤 Uploading...
2026-02-19 15:20:12,940 [INFO]    ⏳ Chờ 10s...
2026-02-19 15:20:28,470 [INFO]    🗣️ Tạo Voice...
2026-02-19 15:20:46,584 [INFO]    🎬 Remixing...
2026-02-19 15:21:07,670 [INFO]    ☁️ Uploading Drive...
2026-02-19 15:21:17,550 [INFO]    ✅ HOÀN TẤT!
2026-02-19 15:21:17,551 [INFO]    💾 Đã cập nhật Config: last_video_url = https://www.tiktok.com/@df999bantinnong5/video/7606575164272282897
2026-02-19 15:21:17,553 [INFO]    🧹 Đã dọn dẹp file thành phẩm.
2026-02-19 15:21:22,555 [INFO] ▶️ BẮT ĐẦU VIDEO: https://www.tiktok.com/@df999bantinnong5/video/7606576205113986305
2026-02-19 15:21:26,349 [INFO]    📤 Uploading...
2026-02-19 15:25:06,779 [INFO]    ⏳ Chờ 10s...
2026-02-19 15:25:29,464 [INFO]    🗣️ Tạo Voice...
2026-02-19 15:25:57,725 [INFO]    🎬 Remixing...
2026-02-19 15:26:17,458 [INFO]    ☁️ Uploading Drive...
2026-02-19 15:26:31,978 [INFO]    ✅ HOÀN TẤT!
2026-02-19 15:26:31,979 [INFO]    💾 Đã cập nhật Config: last_video_url = https://www.tiktok.com/@df999bantinnong5/video/7606576205113986305
2026-02-19 15:26:31,980 [INFO]    🧹 Đã dọn dẹp file thành phẩm.
2026-02-19 15:26:36,981 [INFO] 🏁 WORKER FINISHED. Tổng video thành công: 5
2026-02-19 18:00:06,789 [INFO] 🚀 WORKER STARTED: gbn.car.24h
2026-02-19 18:00:06,789 [INFO] 📂 Temp Dir: C:\Users\Admin\Downloads\only-clone - fix 1 - Copy\only-clone - fix 1 - Copy\data\gbn.car.24h\temp
2026-02-19 18:00:06,815 [INFO] 🔍 Quét kênh: https://www.tiktok.com/@auto5.vn
2026-02-19 18:00:06,815 [INFO]    📌 Điểm mốc: https://www.tiktok.com/@auto5.vn/video/7607864772243033360
2026-02-19 18:00:08,470 [INFO]    🛑 Gặp mốc cũ -> Dừng.
2026-02-19 18:00:08,470 [INFO]    ✨ Tìm thấy 13 video mới. Làm 3 video.
2026-02-19 18:00:08,470 [INFO] ▶️ BẮT ĐẦU VIDEO: https://www.tiktok.com/@auto5.vn/video/7607868424294878480
2026-02-19 18:00:12,252 [INFO]    📤 Uploading...
2026-02-19 18:03:56,554 [INFO]    ⏳ Chờ 10s...
2026-02-19 18:04:19,215 [INFO]    🗣️ Tạo Voice...
2026-02-19 18:04:40,380 [INFO]    🎬 Remixing...
2026-02-19 18:05:06,693 [INFO]    ☁️ Uploading Drive...
2026-02-19 18:05:16,251 [INFO]    ✅ HOÀN TẤT!
2026-02-19 18:05:16,252 [INFO]    💾 Đã cập nhật Config: last_video_url = https://www.tiktok.com/@auto5.vn/video/7607868424294878480
2026-02-19 18:05:16,255 [INFO]    🧹 Đã dọn dẹp file thành phẩm.
2026-02-19 18:05:21,256 [INFO] ▶️ BẮT ĐẦU VIDEO: https://www.tiktok.com/@auto5.vn/video/7608011567078100240
2026-02-19 18:05:25,371 [INFO]    📤 Uploading...
2026-02-19 18:09:01,288 [INFO]    ⏳ Chờ 10s...
2026-02-19 18:09:19,597 [INFO]    🗣️ Tạo Voice...
2026-02-19 18:09:42,756 [INFO]    🎬 Remixing...
2026-02-19 18:10:02,776 [INFO]    ☁️ Uploading Drive...
2026-02-19 18:10:13,864 [INFO]    ✅ HOÀN TẤT!
2026-02-19 18:10:13,864 [INFO]    💾 Đã cập nhật Config: last_video_url = https://www.tiktok.com/@auto5.vn/video/7608011567078100240
2026-02-19 18:10:13,865 [INFO]    🧹 Đã dọn dẹp file thành phẩm.
2026-02-19 18:10:18,867 [INFO] ▶️ BẮT ĐẦU VIDEO: https://www.tiktok.com/@auto5.vn/video/7608099849099021589
2026-02-19 18:10:24,486 [INFO]    📤 Uploading...
2026-02-19 18:14:08,658 [INFO]    ⏳ Chờ 10s...
2026-02-19 18:14:28,263 [INFO]    🗣️ Tạo Voice...
2026-02-19 18:15:14,850 [INFO]    🎬 Remixing...
2026-02-19 18:15:30,284 [INFO]    ☁️ Uploading Drive...
2026-02-19 18:15:40,240 [INFO]    ✅ HOÀN TẤT!
2026-02-19 18:15:40,241 [INFO]    💾 Đã cập nhật Config: last_video_url = https://www.tiktok.com/@auto5.vn/video/7608099849099021589
2026-02-19 18:15:40,241 [INFO]    🧹 Đã dọn dẹp file thành phẩm.
2026-02-19 18:15:45,243 [INFO] 🔍 Quét kênh: https://www.tiktok.com/@df999bantinnong5
2026-02-19 18:15:45,243 [INFO]    📌 Điểm mốc: https://www.tiktok.com/@df999bantinnong5/video/7606576205113986305
2026-02-19 18:15:46,207 [INFO]    🛑 Gặp mốc cũ -> Dừng.
2026-02-19 18:15:46,207 [INFO]    ✅ Không có video mới.
2026-02-19 18:15:46,207 [INFO] 🏁 WORKER FINISHED. Tổng video thành công: 3
2026-02-20 10:00:06,425 [INFO] 🚀 WORKER STARTED: gbn.car.24h
2026-02-20 10:00:06,425 [INFO] 📂 Temp Dir: C:\Users\Admin\Downloads\only-clone - fix 1 - Copy\only-clone - fix 1 - Copy\data\gbn.car.24h\temp
2026-02-20 10:00:06,441 [INFO] 🔍 Quét kênh: https://www.tiktok.com/@auto5.vn
2026-02-20 10:00:06,441 [INFO]    📌 Điểm mốc: https://www.tiktok.com/@auto5.vn/video/7608099849099021589
2026-02-20 10:00:07,985 [INFO]    ✨ Tìm thấy 15 video mới. Làm 3 video.
2026-02-20 10:00:07,985 [INFO] ▶️ BẮT ĐẦU VIDEO: https://www.tiktok.com/@auto5.vn/video/7608171747900230933
2026-02-20 10:00:15,794 [INFO]    📤 Uploading...
2026-02-20 10:03:56,241 [INFO]    ⏳ Chờ 10s...
2026-02-20 10:04:22,983 [INFO]    🗣️ Tạo Voice...
2026-02-20 10:04:43,457 [INFO]    🎬 Remixing...
2026-02-20 10:05:48,977 [INFO]    ☁️ Uploading Drive...
2026-02-20 10:06:10,319 [INFO]    ✅ HOÀN TẤT!
2026-02-20 10:06:10,320 [INFO]    💾 Đã cập nhật Config: last_video_url = https://www.tiktok.com/@auto5.vn/video/7608171747900230933
2026-02-20 10:06:10,322 [INFO]    🧹 Đã dọn dẹp file thành phẩm.
2026-02-20 10:06:15,324 [INFO] ▶️ BẮT ĐẦU VIDEO: https://www.tiktok.com/@auto5.vn/video/7608200592913157396
2026-02-20 10:06:18,682 [INFO]    📤 Uploading...
2026-02-20 10:10:04,668 [INFO]    ⏳ Chờ 10s...
2026-02-20 10:10:21,208 [INFO]    🗣️ Tạo Voice...
2026-02-20 10:10:40,520 [INFO]    🎬 Remixing...
2026-02-20 10:10:56,292 [INFO]    ☁️ Uploading Drive...
2026-02-20 10:11:03,208 [INFO]    ✅ HOÀN TẤT!
2026-02-20 10:11:03,209 [INFO]    💾 Đã cập nhật Config: last_video_url = https://www.tiktok.com/@auto5.vn/video/7608200592913157396
2026-02-20 10:11:03,210 [INFO]    🧹 Đã dọn dẹp file thành phẩm.
2026-02-20 10:11:08,211 [INFO] ▶️ BẮT ĐẦU VIDEO: https://www.tiktok.com/@auto5.vn/video/7608290801629678868
2026-02-20 10:11:11,887 [INFO]    📤 Uploading...
2026-02-20 10:14:52,214 [INFO]    ⏳ Chờ 10s...
2026-02-20 10:15:12,329 [INFO]    🗣️ Tạo Voice...
2026-02-20 10:15:33,009 [INFO]    🎬 Remixing...
2026-02-20 10:15:54,608 [INFO]    ☁️ Uploading Drive...
2026-02-20 10:16:06,331 [INFO]    ✅ HOÀN TẤT!
2026-02-20 10:16:06,331 [INFO]    💾 Đã cập nhật Config: last_video_url = https://www.tiktok.com/@auto5.vn/video/7608290801629678868
2026-02-20 10:16:06,333 [INFO]    🧹 Đã dọn dẹp file thành phẩm.
2026-02-20 10:16:11,334 [INFO] 🔍 Quét kênh: https://www.tiktok.com/@df999bantinnong5
2026-02-20 10:16:11,334 [INFO]    📌 Điểm mốc: https://www.tiktok.com/@df999bantinnong5/video/7606576205113986305
2026-02-20 10:16:12,372 [INFO]    🛑 Gặp mốc cũ -> Dừng.
2026-02-20 10:16:12,373 [INFO]    ✅ Không có video mới.
2026-02-20 10:16:12,373 [INFO] 🏁 WORKER FINISHED. Tổng video thành công: 3
2026-02-20 15:00:02,340 [INFO] 🚀 WORKER STARTED: gbn.car.24h
2026-02-20 15:00:02,340 [INFO] 📂 Temp Dir: C:\Users\Admin\Downloads\only-clone - fix 1 - Copy\only-clone - fix 1 - Copy\data\gbn.car.24h\temp
2026-02-20 15:00:02,360 [INFO] 🔍 Quét kênh: https://www.tiktok.com/@auto5.vn
2026-02-20 15:00:02,360 [INFO]    📌 Điểm mốc: https://www.tiktok.com/@auto5.vn/video/7608290801629678868
2026-02-20 15:00:03,853 [INFO]    🛑 Gặp mốc cũ -> Dừng.
2026-02-20 15:00:03,853 [INFO]    ✨ Tìm thấy 12 video mới. Làm 3 video.
2026-02-20 15:00:03,853 [INFO] ▶️ BẮT ĐẦU VIDEO: https://www.tiktok.com/@auto5.vn/video/7608291697117662484
2026-02-20 15:00:16,808 [INFO]    📤 Uploading...
2026-02-20 15:04:03,765 [INFO]    ⏳ Chờ 10s...
2026-02-20 15:04:29,156 [INFO]    🗣️ Tạo Voice...
2026-02-20 15:04:55,797 [INFO]    🎬 Remixing...
2026-02-20 15:05:21,025 [INFO]    ☁️ Uploading Drive...
2026-02-20 15:05:33,611 [INFO]    ✅ HOÀN TẤT!
2026-02-20 15:05:33,613 [INFO]    💾 Đã cập nhật Config: last_video_url = https://www.tiktok.com/@auto5.vn/video/7608291697117662484
2026-02-20 15:05:33,614 [INFO]    🧹 Đã dọn dẹp file thành phẩm.
2026-02-20 15:05:38,616 [INFO] ▶️ BẮT ĐẦU VIDEO: https://www.tiktok.com/@auto5.vn/video/7608292047383989525
2026-02-20 15:05:45,663 [INFO]    📤 Uploading...
2026-02-20 15:09:22,227 [INFO]    ⏳ Chờ 10s...
2026-02-20 15:09:38,310 [INFO]    🗣️ Tạo Voice...
2026-02-20 15:09:56,327 [INFO]    🎬 Remixing...
2026-02-20 15:10:20,371 [INFO]    ☁️ Uploading Drive...
2026-02-20 15:10:32,186 [INFO]    ✅ HOÀN TẤT!
2026-02-20 15:10:32,187 [INFO]    💾 Đã cập nhật Config: last_video_url = https://www.tiktok.com/@auto5.vn/video/7608292047383989525
2026-02-20 15:10:32,189 [INFO]    🧹 Đã dọn dẹp file thành phẩm.
2026-02-20 15:10:37,192 [INFO] ▶️ BẮT ĐẦU VIDEO: https://www.tiktok.com/@auto5.vn/video/7608234738846895376
2026-02-20 15:10:44,099 [INFO]    📤 Uploading...
2026-02-20 15:14:15,324 [INFO]    ⏳ Chờ 10s...
2026-02-20 15:14:32,998 [INFO]    🗣️ Tạo Voice...
2026-02-20 15:14:55,613 [INFO]    🎬 Remixing...
2026-02-20 15:15:20,763 [INFO]    ☁️ Uploading Drive...
2026-02-20 15:15:33,875 [INFO]    ✅ HOÀN TẤT!
2026-02-20 15:15:33,876 [INFO]    💾 Đã cập nhật Config: last_video_url = https://www.tiktok.com/@auto5.vn/video/7608234738846895376
2026-02-20 15:15:33,879 [INFO]    🧹 Đã dọn dẹp file thành phẩm.
2026-02-20 15:15:38,881 [INFO] 🔍 Quét kênh: https://www.tiktok.com/@df999bantinnong5
2026-02-20 15:15:38,881 [INFO]    📌 Điểm mốc: https://www.tiktok.com/@df999bantinnong5/video/7606576205113986305
2026-02-20 15:15:40,022 [INFO]    🛑 Gặp mốc cũ -> Dừng.
2026-02-20 15:15:40,022 [INFO]    ✅ Không có video mới.
2026-02-20 15:15:40,022 [INFO] 🏁 WORKER FINISHED. Tổng video thành công: 3
2026-02-20 18:00:06,768 [INFO] 🚀 WORKER STARTED: gbn.car.24h
2026-02-20 18:00:06,768 [INFO] 📂 Temp Dir: C:\Users\Admin\Downloads\only-clone - fix 1 - Copy\only-clone - fix 1 - Copy\data\gbn.car.24h\temp
2026-02-20 18:00:06,795 [INFO] 🔍 Quét kênh: https://www.tiktok.com/@auto5.vn
2026-02-20 18:00:06,795 [INFO]    📌 Điểm mốc: https://www.tiktok.com/@auto5.vn/video/7608234738846895376
2026-02-20 18:00:08,254 [INFO]    🛑 Gặp mốc cũ -> Dừng.
2026-02-20 18:00:08,254 [INFO]    ✨ Tìm thấy 10 video mới. Làm 3 video.
2026-02-20 18:00:08,254 [INFO] ▶️ BẮT ĐẦU VIDEO: https://www.tiktok.com/@auto5.vn/video/7608407043476573457
2026-02-20 18:00:12,393 [INFO]    📤 Uploading...
2026-02-20 18:04:07,921 [INFO]    ⏳ Chờ 10s...
2026-02-20 18:04:26,797 [INFO]    🗣️ Tạo Voice...
2026-02-20 18:04:48,316 [INFO]    🎬 Remixing...
2026-02-20 18:05:26,139 [INFO]    ☁️ Uploading Drive...
2026-02-20 18:05:47,617 [INFO]    ✅ HOÀN TẤT!
2026-02-20 18:05:47,619 [INFO]    💾 Đã cập nhật Config: last_video_url = https://www.tiktok.com/@auto5.vn/video/7608407043476573457
2026-02-20 18:05:47,620 [INFO]    🧹 Đã dọn dẹp file thành phẩm.
2026-02-20 18:05:52,622 [INFO] ▶️ BẮT ĐẦU VIDEO: https://www.tiktok.com/@auto5.vn/video/7608407773574941953
2026-02-20 18:05:56,397 [INFO]    📤 Uploading...
2026-02-20 18:09:41,102 [INFO]    ⏳ Chờ 10s...
2026-02-20 18:09:56,925 [INFO]    🗣️ Tạo Voice...
2026-02-20 18:10:15,744 [INFO]    🎬 Remixing...
2026-02-20 18:10:40,494 [INFO]    ☁️ Uploading Drive...
2026-02-20 18:10:53,688 [INFO]    ✅ HOÀN TẤT!
2026-02-20 18:10:53,690 [INFO]    💾 Đã cập nhật Config: last_video_url = https://www.tiktok.com/@auto5.vn/video/7608407773574941953
2026-02-20 18:10:53,692 [INFO]    🧹 Đã dọn dẹp file thành phẩm.
2026-02-20 18:10:58,694 [INFO] ▶️ BẮT ĐẦU VIDEO: https://www.tiktok.com/@auto5.vn/video/7608525600151588113
2026-02-20 18:11:08,928 [INFO]    📤 Uploading...
2026-02-20 18:14:48,880 [INFO]    ⏳ Chờ 10s...
2026-02-20 18:15:08,234 [INFO]    🗣️ Tạo Voice...
2026-02-20 18:15:30,228 [INFO]    🎬 Remixing...
2026-02-20 18:15:53,341 [INFO]    ☁️ Uploading Drive...
2026-02-20 18:16:05,023 [INFO]    ✅ HOÀN TẤT!
2026-02-20 18:16:05,024 [INFO]    💾 Đã cập nhật Config: last_video_url = https://www.tiktok.com/@auto5.vn/video/7608525600151588113
2026-02-20 18:16:05,027 [INFO]    🧹 Đã dọn dẹp file thành phẩm.
2026-02-20 18:16:10,033 [INFO] 🔍 Quét kênh: https://www.tiktok.com/@df999bantinnong5
2026-02-20 18:16:10,033 [INFO]    📌 Điểm mốc: https://www.tiktok.com/@df999bantinnong5/video/7606576205113986305
2026-02-20 18:16:11,386 [INFO]    🛑 Gặp mốc cũ -> Dừng.
2026-02-20 18:16:11,386 [INFO]    ✅ Không có video mới.
2026-02-20 18:16:11,386 [INFO] 🏁 WORKER FINISHED. Tổng video thành công: 3
2026-02-21 03:34:27,612 [INFO] 🚀 WORKER STARTED: gbn.car.24h
2026-02-21 03:34:27,612 [INFO] 📂 Temp Dir: C:\Users\Admin\Downloads\only-clone - fix 1 - Copy\only-clone - fix 1 - Copy\data\gbn.car.24h\temp
2026-02-21 03:34:27,630 [INFO] 🔍 Quét kênh: https://www.tiktok.com/@auto5.vn
2026-02-21 03:34:27,630 [INFO]    📌 Điểm mốc: https://www.tiktok.com/@auto5.vn/video/7608525600151588113
2026-02-21 03:34:29,152 [INFO]    🛑 Gặp mốc cũ -> Dừng.
2026-02-21 03:34:29,152 [INFO]    ✨ Tìm thấy 9 video mới. Làm 3 video.
2026-02-21 03:34:29,152 [INFO] ▶️ BẮT ĐẦU VIDEO: https://www.tiktok.com/@auto5.vn/video/7608559310431325457
2026-02-21 03:34:38,741 [INFO]    📤 Uploading...
2026-02-21 03:39:28,020 [INFO] 🚀 WORKER STARTED: gbn.car.24h
2026-02-21 03:39:28,021 [INFO] 📂 Temp Dir: C:\Users\Admin\Downloads\only-clone - fix 1 - Copy\only-clone - fix 1 - Copy\data\gbn.car.24h\temp
2026-02-21 03:39:28,021 [INFO] 🔍 Quét kênh: https://www.tiktok.com/@auto5.vn
2026-02-21 03:39:28,021 [INFO]    📌 Điểm mốc: https://www.tiktok.com/@auto5.vn/video/7608525600151588113
2026-02-21 03:39:29,674 [INFO]    🛑 Gặp mốc cũ -> Dừng.
2026-02-21 03:39:29,674 [INFO]    ✨ Tìm thấy 9 video mới. Làm 3 video.
2026-02-21 03:39:29,674 [INFO] ▶️ BẮT ĐẦU VIDEO: https://www.tiktok.com/@auto5.vn/video/7608559310431325457
2026-02-21 03:39:34,077 [INFO]    📤 Uploading...
2026-02-21 03:40:07,484 [ERROR]    ❌ Upload thất bại.
2026-02-21 03:40:12,486 [INFO] ▶️ BẮT ĐẦU VIDEO: https://www.tiktok.com/@auto5.vn/video/7608561388327390481
2026-02-21 03:40:15,727 [INFO]    📤 Uploading...
2026-02-21 03:40:49,583 [ERROR]    ❌ Upload thất bại.
2026-02-21 03:40:54,586 [INFO] ▶️ BẮT ĐẦU VIDEO: https://www.tiktok.com/@auto5.vn/video/7608562004860751120
2026-02-21 03:41:02,203 [INFO]    📤 Uploading...
2026-02-21 03:41:35,693 [ERROR]    ❌ Upload thất bại.
2026-02-21 03:41:40,695 [INFO] 🔍 Quét kênh: https://www.tiktok.com/@df999bantinnong5
2026-02-21 03:41:40,695 [INFO]    📌 Điểm mốc: https://www.tiktok.com/@df999bantinnong5/video/7606576205113986305
2026-02-21 03:41:41,811 [INFO]    🛑 Gặp mốc cũ -> Dừng.
2026-02-21 03:41:41,811 [INFO]    ✅ Không có video mới.
2026-02-21 03:41:41,811 [INFO] 🏁 WORKER FINISHED. Tổng video thành công: 0
2026-02-21 03:47:15,092 [INFO] 🚀 WORKER STARTED: gbn.car.24h
2026-02-21 03:47:15,092 [INFO] 📂 Temp Dir: C:\Users\Admin\Downloads\only-clone - fix 1 - Copy\only-clone - fix 1 - Copy\data\gbn.car.24h\temp
2026-02-21 03:47:15,092 [INFO] 🔍 Quét kênh: https://www.tiktok.com/@auto5.vn
2026-02-21 03:47:15,092 [INFO]    📌 Điểm mốc: https://www.tiktok.com/@auto5.vn/video/7608525600151588113
2026-02-21 03:47:16,787 [INFO]    🛑 Gặp mốc cũ -> Dừng.
2026-02-21 03:47:16,787 [INFO]    ✨ Tìm thấy 9 video mới. Làm 3 video.
2026-02-21 03:47:16,787 [INFO] ▶️ BẮT ĐẦU VIDEO: https://www.tiktok.com/@auto5.vn/video/7608559310431325457
2026-02-21 03:47:20,389 [INFO]    📤 Uploading...
2026-02-21 04:18:21,373 [INFO] 🚀 WORKER STARTED: gbn.car.24h
2026-02-21 04:18:21,373 [INFO] 📂 Temp Dir: C:\Users\Admin\Downloads\only-clone - fix 1 - Copy\only-clone - fix 1 - Copy\data\gbn.car.24h\temp
2026-02-21 04:18:21,374 [INFO] 🔍 Quét kênh: https://www.tiktok.com/@auto5.vn
2026-02-21 04:18:21,374 [INFO]    📌 Điểm mốc: https://www.tiktok.com/@auto5.vn/video/7608525600151588113
2026-02-21 04:18:22,711 [INFO]    🛑 Gặp mốc cũ -> Dừng.
2026-02-21 04:18:22,711 [INFO]    ✨ Tìm thấy 9 video mới. Làm 3 video.
2026-02-21 04:18:22,711 [INFO] ▶️ BẮT ĐẦU VIDEO: https://www.tiktok.com/@auto5.vn/video/7608559310431325457
2026-02-21 04:18:33,129 [INFO]    📤 Uploading...
2026-02-21 04:18:36,117 [ERROR]    ❌ Upload thất bại.
2026-02-21 04:18:41,119 [INFO] ▶️ BẮT ĐẦU VIDEO: https://www.tiktok.com/@auto5.vn/video/7608561388327390481
2026-02-21 04:18:47,749 [INFO]    📤 Uploading...
2026-02-21 04:20:51,797 [ERROR]    ❌ Upload thất bại.
2026-02-21 04:20:56,799 [INFO] ▶️ BẮT ĐẦU VIDEO: https://www.tiktok.com/@auto5.vn/video/7608562004860751120
2026-02-21 04:21:01,400 [INFO]    📤 Uploading...
2026-02-21 04:21:09,145 [ERROR]    ❌ Upload thất bại.
2026-02-21 04:21:14,147 [INFO] 🔍 Quét kênh: https://www.tiktok.com/@df999bantinnong5
2026-02-21 04:21:14,147 [INFO]    📌 Điểm mốc: https://www.tiktok.com/@df999bantinnong5/video/7606576205113986305
2026-02-21 04:21:15,123 [INFO]    🛑 Gặp mốc cũ -> Dừng.
2026-02-21 04:21:15,123 [INFO]    ✅ Không có video mới.
2026-02-21 04:21:15,123 [INFO] 🏁 WORKER FINISHED. Tổng video thành công: 0
2026-02-21 04:33:27,168 [INFO] 🚀 WORKER STARTED: gbn.car.24h
2026-02-21 04:33:27,168 [INFO] 📂 Temp Dir: C:\Users\Admin\Downloads\only-clone - fix 1 - Copy\only-clone - fix 1 - Copy\data\gbn.car.24h\temp
2026-02-21 04:33:27,168 [INFO] 🔍 Quét kênh: https://www.tiktok.com/@auto5.vn
2026-02-21 04:33:27,168 [INFO]    📌 Điểm mốc: https://www.tiktok.com/@auto5.vn/video/7608525600151588113
2026-02-21 04:33:28,538 [INFO]    🛑 Gặp mốc cũ -> Dừng.
2026-02-21 04:33:28,539 [INFO]    ✨ Tìm thấy 9 video mới. Làm 3 video.
2026-02-21 04:33:28,539 [INFO] ▶️ BẮT ĐẦU VIDEO: https://www.tiktok.com/@auto5.vn/video/7608559310431325457
2026-02-21 04:33:33,050 [INFO]    📤 Uploading...
2026-02-21 04:35:09,119 [INFO] 🚀 WORKER STARTED: gbn.car.24h
2026-02-21 04:35:09,119 [INFO] 📂 Temp Dir: C:\Users\Admin\Downloads\only-clone - fix 1 - Copy\only-clone - fix 1 - Copy\data\gbn.car.24h\temp
2026-02-21 04:35:09,119 [INFO] 🔍 Quét kênh: https://www.tiktok.com/@auto5.vn
2026-02-21 04:35:09,119 [INFO]    📌 Điểm mốc: https://www.tiktok.com/@auto5.vn/video/7608525600151588113
2026-02-21 04:35:10,482 [INFO]    🛑 Gặp mốc cũ -> Dừng.
2026-02-21 04:35:10,482 [INFO]    ✨ Tìm thấy 9 video mới. Làm 3 video.
2026-02-21 04:35:10,482 [INFO] ▶️ BẮT ĐẦU VIDEO: https://www.tiktok.com/@auto5.vn/video/7608559310431325457
2026-02-21 04:35:14,476 [INFO]    📤 Uploading...
2026-02-21 04:35:41,789 [ERROR]    ❌ Upload thất bại.
2026-02-21 04:37:40,934 [INFO] 🚀 WORKER STARTED: gbn.car.24h
2026-02-21 04:37:40,935 [INFO] 📂 Temp Dir: C:\Users\Admin\Downloads\only-clone - fix 1 - Copy\only-clone - fix 1 - Copy\data\gbn.car.24h\temp
2026-02-21 04:37:40,935 [INFO] 🔍 Quét kênh: https://www.tiktok.com/@auto5.vn
2026-02-21 04:37:40,935 [INFO]    📌 Điểm mốc: https://www.tiktok.com/@auto5.vn/video/7608525600151588113
2026-02-21 04:37:43,250 [INFO]    🛑 Gặp mốc cũ -> Dừng.
2026-02-21 04:37:43,250 [INFO]    ✨ Tìm thấy 9 video mới. Làm 3 video.
2026-02-21 04:37:43,250 [INFO] ▶️ BẮT ĐẦU VIDEO: https://www.tiktok.com/@auto5.vn/video/7608559310431325457
2026-02-21 04:37:47,108 [INFO]    📤 Uploading...
2026-02-21 04:40:05,684 [INFO] 🚀 WORKER STARTED: gbn.car.24h
2026-02-21 04:40:05,684 [INFO] 📂 Temp Dir: C:\Users\Admin\Downloads\only-clone - fix 1 - Copy\only-clone - fix 1 - Copy\data\gbn.car.24h\temp
2026-02-21 04:40:05,684 [INFO] 🔍 Quét kênh: https://www.tiktok.com/@auto5.vn
2026-02-21 04:40:05,684 [INFO]    📌 Điểm mốc: https://www.tiktok.com/@auto5.vn/video/7608525600151588113
2026-02-21 04:40:07,420 [INFO]    🛑 Gặp mốc cũ -> Dừng.
2026-02-21 04:40:07,420 [INFO]    ✨ Tìm thấy 9 video mới. Làm 3 video.
2026-02-21 04:40:07,420 [INFO] ▶️ BẮT ĐẦU VIDEO: https://www.tiktok.com/@auto5.vn/video/7608559310431325457
2026-02-21 04:40:12,399 [INFO]    📤 Uploading...
2026-02-21 04:44:28,745 [INFO] 🚀 WORKER STARTED: gbn.car.24h
2026-02-21 04:44:28,745 [INFO] 📂 Temp Dir: C:\Users\Admin\Downloads\only-clone - fix 1 - Copy\only-clone - fix 1 - Copy\data\gbn.car.24h\temp
2026-02-21 04:44:28,746 [INFO] 🔍 Quét kênh: https://www.tiktok.com/@auto5.vn
2026-02-21 04:44:28,746 [INFO]    📌 Điểm mốc: https://www.tiktok.com/@auto5.vn/video/7608525600151588113
2026-02-21 04:44:31,255 [INFO]    🛑 Gặp mốc cũ -> Dừng.
2026-02-21 04:44:31,255 [INFO]    ✨ Tìm thấy 9 video mới. Làm 3 video.
2026-02-21 04:44:31,255 [INFO] ▶️ BẮT ĐẦU VIDEO: https://www.tiktok.com/@auto5.vn/video/7608559310431325457
2026-02-21 04:44:35,450 [INFO]    📤 Uploading...
2026-02-21 04:54:03,998 [INFO] 🚀 WORKER STARTED: gbn.car.24h
2026-02-21 04:54:03,998 [INFO] 📂 Temp Dir: C:\Users\Admin\Downloads\only-clone - fix 1 - Copy\only-clone - fix 1 - Copy\data\gbn.car.24h\temp
2026-02-21 04:54:03,998 [INFO] 🔍 Quét kênh: https://www.tiktok.com/@auto5.vn
2026-02-21 04:54:03,998 [INFO]    📌 Điểm mốc: https://www.tiktok.com/@auto5.vn/video/7608525600151588113
2026-02-21 04:54:05,745 [INFO]    🛑 Gặp mốc cũ -> Dừng.
2026-02-21 04:54:05,745 [INFO]    ✨ Tìm thấy 9 video mới. Làm 3 video.
2026-02-21 04:54:05,745 [INFO] ▶️ BẮT ĐẦU VIDEO: https://www.tiktok.com/@auto5.vn/video/7608559310431325457
2026-02-21 04:54:10,826 [INFO]    📤 Uploading...
2026-02-21 10:00:04,849 [INFO] 🚀 WORKER STARTED: gbn.car.24h
2026-02-21 10:00:04,849 [INFO] 📂 Temp Dir: C:\Users\Admin\Downloads\only-clone - fix 1 - Copy\only-clone - fix 1 - Copy\data\gbn.car.24h\temp
2026-02-21 10:00:04,850 [INFO] 🔍 Quét kênh: https://www.tiktok.com/@auto5.vn
2026-02-21 10:00:04,850 [INFO]    📌 Điểm mốc: https://www.tiktok.com/@auto5.vn/video/7608525600151588113
2026-02-21 10:00:06,742 [INFO]    🛑 Gặp mốc cũ -> Dừng.
2026-02-21 10:00:06,742 [INFO]    ✨ Tìm thấy 9 video mới. Làm 3 video.
2026-02-21 10:00:06,742 [INFO] ▶️ BẮT ĐẦU VIDEO: https://www.tiktok.com/@auto5.vn/video/7608559310431325457
2026-02-21 10:00:11,930 [INFO]    📤 Uploading...
2026-02-21 10:04:25,867 [ERROR]    ❌ Upload thất bại.
2026-02-21 10:04:30,870 [INFO] ▶️ BẮT ĐẦU VIDEO: https://www.tiktok.com/@auto5.vn/video/7608561388327390481
2026-02-21 10:04:35,087 [INFO]    📤 Uploading...
2026-02-21 10:09:11,826 [INFO]    ⏳ Chờ 10s...
2026-02-21 10:09:28,174 [INFO]    🗣️ Tạo Voice...
2026-02-21 10:09:49,096 [INFO]    🎬 Remixing...
2026-02-21 10:10:47,781 [INFO]    ☁️ Uploading Drive...
2026-02-21 10:11:00,727 [INFO]    ✅ HOÀN TẤT!
2026-02-21 10:11:00,728 [INFO]    💾 Đã cập nhật Config: last_video_url = https://www.tiktok.com/@auto5.vn/video/7608561388327390481
2026-02-21 10:11:00,730 [INFO]    🧹 Đã dọn dẹp file thành phẩm.
2026-02-21 10:11:05,733 [INFO] ▶️ BẮT ĐẦU VIDEO: https://www.tiktok.com/@auto5.vn/video/7608562004860751120
2026-02-21 10:11:11,132 [INFO]    📤 Uploading...
2026-02-21 10:15:51,912 [ERROR]    ❌ Upload thất bại.
2026-02-21 10:15:56,914 [INFO] 🔍 Quét kênh: https://www.tiktok.com/@df999bantinnong5
2026-02-21 10:15:56,914 [INFO]    📌 Điểm mốc: https://www.tiktok.com/@df999bantinnong5/video/7606576205113986305
2026-02-21 10:15:58,056 [INFO]    🛑 Gặp mốc cũ -> Dừng.
2026-02-21 10:15:58,056 [INFO]    ✅ Không có video mới.
2026-02-21 10:15:58,056 [INFO] 🏁 WORKER FINISHED. Tổng video thành công: 1
2026-02-21 15:00:04,560 [INFO] 🚀 WORKER STARTED: gbn.car.24h
2026-02-21 15:00:04,560 [INFO] 📂 Temp Dir: C:\Users\Admin\Downloads\only-clone - fix 1 - Copy\only-clone - fix 1 - Copy\data\gbn.car.24h\temp
2026-02-21 15:00:04,572 [INFO] 🔍 Quét kênh: https://www.tiktok.com/@auto5.vn
2026-02-21 15:00:04,572 [INFO]    📌 Điểm mốc: https://www.tiktok.com/@auto5.vn/video/7608561388327390481
2026-02-21 15:00:06,661 [INFO]    🛑 Gặp mốc cũ -> Dừng.
2026-02-21 15:00:06,661 [INFO]    ✨ Tìm thấy 9 video mới. Làm 3 video.
2026-02-21 15:00:06,661 [INFO] ▶️ BẮT ĐẦU VIDEO: https://www.tiktok.com/@auto5.vn/video/7608562004860751120
2026-02-21 15:00:11,023 [INFO]    📤 Uploading...
2026-02-21 15:00:52,128 [ERROR]    ❌ Upload thất bại.
2026-02-21 15:00:57,130 [INFO] ▶️ BẮT ĐẦU VIDEO: https://www.tiktok.com/@auto5.vn/video/7608565486988627201
2026-02-21 15:01:01,142 [INFO]    📤 Uploading...
2026-02-21 15:04:29,643 [INFO]    ⏳ Chờ 10s...
2026-02-21 15:04:46,197 [INFO]    🗣️ Tạo Voice...
2026-02-21 15:05:10,019 [INFO]    🎬 Remixing...
2026-02-21 15:06:57,575 [INFO]    ☁️ Uploading Drive...
2026-02-21 15:07:07,967 [INFO]    ✅ HOÀN TẤT!
2026-02-21 15:07:07,969 [INFO]    💾 Đã cập nhật Config: last_video_url = https://www.tiktok.com/@auto5.vn/video/7608565486988627201
2026-02-21 15:07:07,970 [INFO]    🧹 Đã dọn dẹp file thành phẩm.
2026-02-21 15:07:12,972 [INFO] ▶️ BẮT ĐẦU VIDEO: https://www.tiktok.com/@auto5.vn/video/7608569042676321553
2026-02-21 15:07:20,929 [INFO]    📤 Uploading...
2026-02-21 15:10:53,011 [INFO]    ⏳ Chờ 10s...
2026-02-21 15:11:08,865 [INFO]    🗣️ Tạo Voice...
2026-02-21 15:11:31,112 [INFO]    🎬 Remixing...
2026-02-21 15:12:57,874 [INFO]    ☁️ Uploading Drive...
2026-02-21 15:13:17,415 [INFO]    ✅ HOÀN TẤT!
2026-02-21 15:13:17,417 [INFO]    💾 Đã cập nhật Config: last_video_url = https://www.tiktok.com/@auto5.vn/video/7608569042676321553
2026-02-21 15:13:17,419 [INFO]    🧹 Đã dọn dẹp file thành phẩm.
2026-02-21 15:13:22,421 [INFO] 🔍 Quét kênh: https://www.tiktok.com/@df999bantinnong5
2026-02-21 15:13:22,421 [INFO]    📌 Điểm mốc: https://www.tiktok.com/@df999bantinnong5/video/7606576205113986305
2026-02-21 15:13:23,496 [INFO]    🛑 Gặp mốc cũ -> Dừng.
2026-02-21 15:13:23,497 [INFO]    ✅ Không có video mới.
2026-02-21 15:13:23,497 [INFO] 🏁 WORKER FINISHED. Tổng video thành công: 2
2026-02-21 18:00:09,265 [INFO] 🚀 WORKER STARTED: gbn.car.24h
2026-02-21 18:00:09,265 [INFO] 📂 Temp Dir: C:\Users\Admin\Downloads\only-clone - fix 1 - Copy\only-clone - fix 1 - Copy\data\gbn.car.24h\temp
2026-02-21 18:00:09,276 [INFO] 🔍 Quét kênh: https://www.tiktok.com/@auto5.vn
2026-02-21 18:00:09,276 [INFO]    📌 Điểm mốc: https://www.tiktok.com/@auto5.vn/video/7608569042676321553
2026-02-21 18:00:11,478 [INFO]    🛑 Gặp mốc cũ -> Dừng.
2026-02-21 18:00:11,478 [INFO]    ✨ Tìm thấy 7 video mới. Làm 3 video.
2026-02-21 18:00:11,478 [INFO] ▶️ BẮT ĐẦU VIDEO: https://www.tiktok.com/@auto5.vn/video/7608608454353161473
2026-02-21 18:00:21,230 [INFO]    📤 Uploading...
2026-02-21 18:04:14,119 [INFO]    ⏳ Chờ 10s...
2026-02-21 18:04:29,888 [INFO]    🗣️ Tạo Voice...
2026-02-21 18:04:43,583 [INFO]    🎬 Remixing...
2026-02-21 18:05:48,437 [INFO]    ☁️ Uploading Drive...
2026-02-21 18:06:03,402 [INFO]    ✅ HOÀN TẤT!
2026-02-21 18:06:03,403 [INFO]    💾 Đã cập nhật Config: last_video_url = https://www.tiktok.com/@auto5.vn/video/7608608454353161473
2026-02-21 18:06:03,405 [INFO]    🧹 Đã dọn dẹp file thành phẩm.
2026-02-21 18:06:08,407 [INFO] ▶️ BẮT ĐẦU VIDEO: https://www.tiktok.com/@auto5.vn/video/7608893350808227073
2026-02-21 18:06:17,187 [INFO]    📤 Uploading...
2026-02-21 18:10:16,783 [ERROR]    ❌ Upload thất bại.
2026-02-21 18:10:21,785 [INFO] ▶️ BẮT ĐẦU VIDEO: https://www.tiktok.com/@auto5.vn/video/7608897032706673921
2026-02-21 18:10:28,098 [INFO]    📤 Uploading...
2026-02-21 18:14:32,120 [INFO]    ⏳ Chờ 10s...
2026-02-21 18:14:47,589 [INFO]    🗣️ Tạo Voice...
2026-02-21 18:15:10,127 [INFO]    🎬 Remixing...
2026-02-21 18:15:48,972 [INFO]    ☁️ Uploading Drive...
2026-02-21 18:16:01,206 [INFO]    ✅ HOÀN TẤT!
2026-02-21 18:16:01,208 [INFO]    💾 Đã cập nhật Config: last_video_url = https://www.tiktok.com/@auto5.vn/video/7608897032706673921
2026-02-21 18:16:01,211 [INFO]    🧹 Đã dọn dẹp file thành phẩm.
2026-02-21 18:16:06,212 [INFO] 🔍 Quét kênh: https://www.tiktok.com/@df999bantinnong5
2026-02-21 18:16:06,213 [INFO]    📌 Điểm mốc: https://www.tiktok.com/@df999bantinnong5/video/7606576205113986305
2026-02-21 18:16:07,521 [INFO]    🛑 Gặp mốc cũ -> Dừng.
2026-02-21 18:16:07,521 [INFO]    ✅ Không có video mới.
2026-02-21 18:16:07,521 [INFO] 🏁 WORKER FINISHED. Tổng video thành công: 2
2026-02-22 10:44:53,974 [INFO] 🚀 WORKER STARTED: gbn.car.24h
2026-02-22 10:44:53,974 [INFO] 📂 Temp Dir: C:\Users\Admin\Downloads\only-clone - fix 1 - Copy\only-clone - fix 1 - Copy\data\gbn.car.24h\temp
2026-02-22 10:44:53,997 [INFO] 🔍 Quét kênh: https://www.tiktok.com/@auto5.vn
2026-02-22 10:44:53,998 [INFO]    📌 Điểm mốc: https://www.tiktok.com/@auto5.vn/video/7608897032706673921
2026-02-22 10:44:56,402 [INFO]    🛑 Gặp mốc cũ -> Dừng.
2026-02-22 10:44:56,402 [INFO]    ✨ Tìm thấy 11 video mới. Làm 3 video.
2026-02-22 10:44:56,402 [INFO] ▶️ BẮT ĐẦU VIDEO: https://www.tiktok.com/@auto5.vn/video/7608899863400533265
2026-02-22 10:45:01,248 [INFO]    📤 Uploading...
2026-02-22 10:48:21,096 [INFO]    ⏳ Chờ 10s...
2026-02-22 10:48:38,022 [INFO]    🗣️ Tạo Voice...
2026-02-22 10:48:55,202 [INFO]    🎬 Remixing...
2026-02-22 10:49:34,124 [INFO]    ☁️ Uploading Drive...
2026-02-22 10:49:45,516 [INFO]    ✅ HOÀN TẤT!
2026-02-22 10:49:45,518 [INFO]    💾 Đã cập nhật Config: last_video_url = https://www.tiktok.com/@auto5.vn/video/7608899863400533265
2026-02-22 10:49:45,521 [INFO]    🧹 Đã dọn dẹp file thành phẩm.
2026-02-22 10:49:50,525 [INFO] ▶️ BẮT ĐẦU VIDEO: https://www.tiktok.com/@auto5.vn/video/7609138296387685648
2026-02-22 10:49:57,216 [INFO]    📤 Uploading...
2026-02-22 10:53:31,762 [INFO]    ⏳ Chờ 10s...
2026-02-22 10:53:47,276 [INFO]    🗣️ Tạo Voice...
2026-02-22 10:54:05,277 [INFO]    🎬 Remixing...
2026-02-22 10:54:47,159 [INFO]    ☁️ Uploading Drive...
2026-02-22 10:55:20,697 [INFO]    ✅ HOÀN TẤT!
2026-02-22 10:55:20,698 [INFO]    💾 Đã cập nhật Config: last_video_url = https://www.tiktok.com/@auto5.vn/video/7609138296387685648
2026-02-22 10:55:20,701 [INFO]    🧹 Đã dọn dẹp file thành phẩm.
2026-02-22 10:55:25,703 [INFO] ▶️ BẮT ĐẦU VIDEO: https://www.tiktok.com/@auto5.vn/video/7609189919864540417
2026-02-22 10:55:30,454 [INFO]    📤 Uploading...
2026-02-22 10:59:28,023 [ERROR]    ❌ Upload thất bại.
2026-02-22 10:59:33,024 [INFO] 🔍 Quét kênh: https://www.tiktok.com/@df999bantinnong5
2026-02-22 10:59:33,024 [INFO]    📌 Điểm mốc: https://www.tiktok.com/@df999bantinnong5/video/7606576205113986305
2026-02-22 10:59:34,872 [INFO]    🛑 Gặp mốc cũ -> Dừng.
2026-02-22 10:59:34,872 [INFO]    ✅ Không có video mới.
2026-02-22 10:59:34,872 [INFO] 🏁 WORKER FINISHED. Tổng video thành công: 2
2026-02-22 15:00:06,359 [INFO] 🚀 WORKER STARTED: gbn.car.24h
2026-02-22 15:00:06,359 [INFO] 📂 Temp Dir: C:\Users\Admin\Downloads\only-clone - fix 1 - Copy\only-clone - fix 1 - Copy\data\gbn.car.24h\temp
2026-02-22 15:00:06,375 [INFO] 🔍 Quét kênh: https://www.tiktok.com/@auto5.vn
2026-02-22 15:00:06,375 [INFO]    📌 Điểm mốc: https://www.tiktok.com/@auto5.vn/video/7609138296387685648
2026-02-22 15:00:07,964 [INFO]    🛑 Gặp mốc cũ -> Dừng.
2026-02-22 15:00:07,964 [INFO]    ✨ Tìm thấy 9 video mới. Làm 3 video.
2026-02-22 15:00:07,964 [INFO] ▶️ BẮT ĐẦU VIDEO: https://www.tiktok.com/@auto5.vn/video/7609189919864540417
2026-02-22 15:00:12,078 [INFO]    📤 Uploading...
2026-02-22 15:00:16,218 [ERROR]    ❌ Upload thất bại.
2026-02-22 15:00:21,219 [INFO] ▶️ BẮT ĐẦU VIDEO: https://www.tiktok.com/@auto5.vn/video/7609190969308712208
2026-02-22 15:00:24,943 [INFO]    📤 Uploading...
2026-02-22 15:04:07,034 [INFO]    ⏳ Chờ 10s...
2026-02-22 15:04:25,385 [INFO]    🗣️ Tạo Voice...
2026-02-22 15:04:43,131 [INFO]    🎬 Remixing...
2026-02-22 15:05:30,945 [INFO]    ☁️ Uploading Drive...
2026-02-22 15:05:49,654 [INFO]    ✅ HOÀN TẤT!
2026-02-22 15:05:49,655 [INFO]    💾 Đã cập nhật Config: last_video_url = https://www.tiktok.com/@auto5.vn/video/7609190969308712208
2026-02-22 15:05:49,656 [INFO]    🧹 Đã dọn dẹp file thành phẩm.
2026-02-22 15:05:54,658 [INFO] ▶️ BẮT ĐẦU VIDEO: https://www.tiktok.com/@auto5.vn/video/7609258960201288961
2026-02-22 15:05:58,721 [INFO]    📤 Uploading...
2026-02-22 15:09:44,818 [INFO]    ⏳ Chờ 10s...
2026-02-22 15:09:59,857 [INFO]    🗣️ Tạo Voice...
2026-02-22 15:10:11,480 [INFO] 🔍 Quét kênh: https://www.tiktok.com/@df999bantinnong5
2026-02-22 15:10:11,480 [INFO]    📌 Điểm mốc: https://www.tiktok.com/@df999bantinnong5/video/7606576205113986305
2026-02-22 15:10:12,752 [INFO]    🛑 Gặp mốc cũ -> Dừng.
2026-02-22 15:10:12,752 [INFO]    ✅ Không có video mới.
2026-02-22 15:10:12,752 [INFO] 🏁 WORKER FINISHED. Tổng video thành công: 1
