2026-02-07 19:49:50,082 [INFO] 🚀 WORKER STARTED: Tracking trực tiếp vào Config
2026-02-07 19:49:50,084 [INFO] 🔍 Quét kênh: None
2026-02-07 19:49:50,084 [INFO]    🆕 Kênh mới. Sẽ lấy video mới nhất.
2026-02-07 19:49:50,209 [INFO]    ✅ Không có video mới.
2026-02-07 19:49:50,209 [INFO] 🔍 Quét kênh: None
2026-02-07 19:49:50,209 [INFO]    🆕 Kênh mới. Sẽ lấy video mới nhất.
2026-02-07 19:49:50,253 [INFO]    ✅ Không có video mới.
2026-02-07 19:49:50,253 [INFO] 🏁 WORKER FINISHED. Tổng video thành công: 0
2026-02-07 20:38:09,685 [INFO] 🚀 WORKER STARTED: Tracking trực tiếp vào Config
2026-02-07 20:38:09,685 [INFO] 🔍 Quét kênh: None
2026-02-07 20:38:09,685 [INFO]    🆕 Kênh mới. Sẽ lấy video mới nhất.
2026-02-07 20:38:09,786 [INFO]    ✅ Không có video mới.
2026-02-07 20:38:09,786 [INFO] 🔍 Quét kênh: None
2026-02-07 20:38:09,786 [INFO]    🆕 Kênh mới. Sẽ lấy video mới nhất.
2026-02-07 20:38:09,831 [INFO]    ✅ Không có video mới.
2026-02-07 20:38:09,831 [INFO] 🏁 WORKER FINISHED. Tổng video thành công: 0
2026-02-08 03:05:37,102 [INFO] 🚀 WORKER STARTED: Tracking trực tiếp vào Config
2026-02-08 03:05:37,104 [INFO] 🔍 Quét kênh: None
2026-02-08 03:05:37,104 [INFO]    🆕 Kênh mới. Sẽ lấy video mới nhất.
2026-02-08 03:05:37,223 [INFO]    ✅ Không có video mới.
2026-02-08 03:05:37,223 [INFO] 🔍 Quét kênh: None
2026-02-08 03:05:37,223 [INFO]    🆕 Kênh mới. Sẽ lấy video mới nhất.
2026-02-08 03:05:37,273 [INFO]    ✅ Không có video mới.
2026-02-08 03:05:37,274 [INFO] 🏁 WORKER FINISHED. Tổng video thành công: 0
2026-02-08 03:10:03,671 [INFO] 🚀 WORKER STARTED: Tracking trực tiếp vào Config
2026-02-08 03:10:03,672 [INFO] 🔍 Quét kênh: https://www.tiktok.com/@auto5.vn
2026-02-08 03:10:03,672 [INFO]    🆕 Kênh mới. Sẽ lấy video mới nhất.
2026-02-08 03:10:05,947 [INFO]    ✨ Tìm thấy 15 video mới. Làm 3 video.
2026-02-08 03:10:05,947 [INFO] ▶️ BẮT ĐẦU VIDEO: https://www.tiktok.com/@auto5.vn/video/7603408108332862736
2026-02-08 03:10:08,479 [INFO]    📤 Uploading...
2026-02-08 03:49:41,065 [INFO] 🚀 WORKER STARTED: Tracking trực tiếp vào Config
2026-02-08 03:49:41,066 [INFO] 🔍 Quét kênh: https://www.tiktok.com/@auto5.vn
2026-02-08 03:49:41,066 [INFO]    🆕 Kênh mới. Sẽ lấy video mới nhất.
2026-02-08 03:49:42,502 [INFO]    ✨ Tìm thấy 15 video mới. Làm 3 video.
2026-02-08 03:49:42,503 [INFO] ▶️ BẮT ĐẦU VIDEO: https://www.tiktok.com/@auto5.vn/video/7603408108332862736
2026-02-08 03:49:44,961 [INFO]    📤 Uploading...
2026-02-08 03:51:48,958 [INFO]    ⏳ Chờ 10s...
2026-02-08 03:52:09,268 [INFO]    🗣️ Tạo Voice...
2026-02-08 03:52:25,234 [INFO]    🎬 Remixing...
2026-02-08 03:52:49,468 [INFO]    ☁️ Uploading Drive...
2026-02-08 03:53:23,679 [INFO]    ✅ HOÀN TẤT!
2026-02-08 03:53:23,681 [INFO]    💾 Đã cập nhật Config: last_video_url = https://www.tiktok.com/@auto5.vn/video/7603408108332862736
2026-02-08 03:53:28,683 [INFO] ▶️ BẮT ĐẦU VIDEO: https://www.tiktok.com/@auto5.vn/video/7603393758369025300
2026-02-08 03:53:31,198 [INFO]    📤 Uploading...
2026-02-08 04:15:20,663 [INFO] 🚀 WORKER STARTED: Tracking trực tiếp vào Config
2026-02-08 04:15:20,664 [INFO] 🔍 Quét kênh: https://www.tiktok.com/@auto5.vn
2026-02-08 04:15:20,664 [INFO]    📌 Điểm mốc: https://www.tiktok.com/@auto5.vn/video/7603408108332862736
2026-02-08 04:15:22,137 [INFO]    🛑 Gặp mốc cũ -> Dừng.
2026-02-08 04:15:22,137 [INFO]    ✨ Tìm thấy 14 video mới. Làm 3 video.
2026-02-08 04:15:22,137 [INFO] ▶️ BẮT ĐẦU VIDEO: https://www.tiktok.com/@auto5.vn/video/7603393758369025300
2026-02-08 04:15:24,422 [INFO]    📤 Uploading...
2026-02-08 04:17:33,952 [INFO]    ⏳ Chờ 10s...
2026-02-08 04:17:58,276 [INFO]    🗣️ Tạo Voice...
2026-02-08 04:18:14,149 [INFO]    🎬 Remixing...
2026-02-08 04:18:27,224 [INFO]    ☁️ Uploading Drive...
2026-02-08 04:18:55,131 [INFO]    ✅ HOÀN TẤT!
2026-02-08 04:18:55,133 [INFO]    💾 Đã cập nhật Config: last_video_url = https://www.tiktok.com/@auto5.vn/video/7603393758369025300
2026-02-08 04:18:55,135 [INFO]    🧹 Đã dọn dẹp file tạm.
2026-02-08 04:19:00,135 [INFO] ▶️ BẮT ĐẦU VIDEO: https://www.tiktok.com/@auto5.vn/video/7603466268867349780
2026-02-08 04:19:02,792 [INFO]    📤 Uploading...
2026-02-08 12:00:14,664 [INFO] 🚀 WORKER STARTED: Tracking trực tiếp vào Config
2026-02-08 12:00:14,667 [INFO] 🔍 Quét kênh: https://www.tiktok.com/@auto5.vn
2026-02-08 12:00:14,667 [INFO]    📌 Điểm mốc: https://www.tiktok.com/@auto5.vn/video/7603393758369025300
2026-02-08 12:00:17,038 [INFO]    ✨ Tìm thấy 15 video mới. Làm 3 video.
2026-02-08 12:00:17,038 [INFO] ▶️ BẮT ĐẦU VIDEO: https://www.tiktok.com/@auto5.vn/video/7603466268867349780
2026-02-08 12:00:19,280 [INFO]    📤 Uploading...
2026-02-08 12:02:35,404 [INFO]    ⏳ Chờ 10s...
2026-02-08 12:03:05,964 [INFO]    🗣️ Tạo Voice...
2026-02-08 12:03:24,466 [INFO]    🎬 Remixing...
2026-02-08 12:03:49,426 [INFO] ▶️ BẮT ĐẦU VIDEO: https://www.tiktok.com/@auto5.vn/video/7603580937024113921
2026-02-08 12:03:53,639 [INFO]    📤 Uploading...
2026-02-08 12:10:38,626 [INFO] 🚀 WORKER STARTED: Tracking trực tiếp vào Config
2026-02-08 12:10:38,627 [INFO] 🔍 Quét kênh: https://www.tiktok.com/@auto5.vn
2026-02-08 12:10:38,627 [INFO]    📌 Điểm mốc: https://www.tiktok.com/@auto5.vn/video/7603393758369025300
2026-02-08 12:10:40,332 [INFO]    ✨ Tìm thấy 15 video mới. Làm 3 video.
2026-02-08 12:10:40,332 [INFO] ▶️ BẮT ĐẦU VIDEO: https://www.tiktok.com/@auto5.vn/video/7603466268867349780
2026-02-08 12:10:42,540 [INFO]    📤 Uploading...
2026-02-08 12:13:35,346 [INFO] 🚀 WORKER STARTED: Tracking trực tiếp vào Config
2026-02-08 12:13:35,347 [INFO] 🔍 Quét kênh: https://www.tiktok.com/@auto5.vn
2026-02-08 12:13:35,347 [INFO]    📌 Điểm mốc: https://www.tiktok.com/@auto5.vn/video/7603393758369025300
2026-02-08 12:13:42,094 [INFO]    ✨ Tìm thấy 15 video mới. Làm 3 video.
2026-02-08 12:13:42,095 [INFO] ▶️ BẮT ĐẦU VIDEO: https://www.tiktok.com/@auto5.vn/video/7603466268867349780
2026-02-08 12:13:44,694 [INFO]    📤 Uploading...
2026-02-08 12:15:45,585 [INFO]    ⏳ Chờ 10s...
2026-02-08 12:16:10,372 [INFO]    🗣️ Tạo Voice...
2026-02-08 12:16:24,470 [INFO]    🎬 Remixing...
2026-02-08 12:16:36,299 [INFO]    ☁️ Uploading Drive...
2026-02-08 12:16:54,769 [INFO]    ✅ HOÀN TẤT!
2026-02-08 12:16:54,771 [INFO]    💾 Đã cập nhật Config: last_video_url = https://www.tiktok.com/@auto5.vn/video/7603466268867349780
2026-02-08 12:16:54,772 [INFO]    🧹 Đã dọn dẹp file tạm.
2026-02-08 12:16:59,773 [INFO] ▶️ BẮT ĐẦU VIDEO: https://www.tiktok.com/@auto5.vn/video/7603580937024113921
2026-02-08 12:17:02,483 [INFO]    📤 Uploading...
2026-02-08 12:19:03,807 [INFO]    ⏳ Chờ 10s...
2026-02-08 12:19:29,784 [INFO]    🗣️ Tạo Voice...
2026-02-08 12:19:52,687 [INFO]    🎬 Remixing...
2026-02-08 12:20:36,003 [INFO]    ☁️ Uploading Drive...
2026-02-08 12:20:44,649 [INFO]    ✅ HOÀN TẤT!
2026-02-08 12:20:44,915 [INFO]    💾 Đã cập nhật Config: last_video_url = https://www.tiktok.com/@auto5.vn/video/7603580937024113921
2026-02-08 12:20:45,373 [INFO]    🧹 Đã dọn dẹp file tạm.
2026-02-08 12:29:19,868 [INFO] 🚀 WORKER STARTED: Tracking trực tiếp vào Config
2026-02-08 12:29:19,869 [INFO] 🔍 Quét kênh: https://www.tiktok.com/@auto5.vn
2026-02-08 12:29:19,869 [INFO]    📌 Điểm mốc: https://www.tiktok.com/@auto5.vn/video/7603580937024113921
2026-02-08 12:29:22,593 [INFO]    🛑 Gặp mốc cũ -> Dừng.
2026-02-08 12:29:22,593 [INFO]    ✨ Tìm thấy 13 video mới. Làm 3 video.
2026-02-08 12:29:22,593 [INFO] ▶️ BẮT ĐẦU VIDEO: https://www.tiktok.com/@auto5.vn/video/7603597845718928641
2026-02-08 12:29:25,205 [INFO]    📤 Uploading...
2026-02-08 12:30:04,765 [ERROR]    ❌ Upload thất bại.
2026-02-08 12:30:09,768 [INFO] ▶️ BẮT ĐẦU VIDEO: https://www.tiktok.com/@auto5.vn/video/7603681149054881040
2026-02-08 12:30:14,096 [INFO]    📤 Uploading...
2026-02-08 12:32:15,061 [INFO]    ⏳ Chờ 10s...
2026-02-08 12:32:37,908 [INFO]    🗣️ Tạo Voice...
2026-02-08 12:32:58,490 [INFO]    🎬 Remixing...
2026-02-08 12:33:44,581 [INFO]    ☁️ Uploading Drive...
2026-02-08 12:33:54,698 [INFO]    ✅ HOÀN TẤT!
2026-02-08 12:33:54,700 [INFO]    💾 Đã cập nhật Config: last_video_url = https://www.tiktok.com/@auto5.vn/video/7603681149054881040
2026-02-08 12:33:54,701 [INFO]    🧹 Đã dọn dẹp file tạm.
2026-02-08 12:33:59,702 [INFO] ▶️ BẮT ĐẦU VIDEO: https://www.tiktok.com/@auto5.vn/video/7603696194027605265
2026-02-08 12:34:02,427 [INFO]    📤 Uploading...
2026-02-08 12:36:08,379 [INFO]    ⏳ Chờ 10s...
2026-02-08 12:36:31,164 [INFO]    🗣️ Tạo Voice...
2026-02-08 12:36:54,187 [INFO]    🎬 Remixing...
2026-02-08 12:37:51,422 [INFO]    ☁️ Uploading Drive...
2026-02-08 12:38:10,022 [INFO]    ✅ HOÀN TẤT!
2026-02-08 12:38:10,024 [INFO]    💾 Đã cập nhật Config: last_video_url = https://www.tiktok.com/@auto5.vn/video/7603696194027605265
2026-02-08 12:38:10,026 [INFO]    🧹 Đã dọn dẹp file tạm.
2026-02-08 12:38:15,028 [INFO] 🔍 Quét kênh: https://www.tiktok.com/@df999bantinnong5
2026-02-08 12:38:15,028 [INFO]    🆕 Kênh mới. Sẽ lấy video mới nhất.
2026-02-08 12:38:16,172 [INFO]    ✨ Tìm thấy 15 video mới. Làm 3 video.
2026-02-08 12:38:16,172 [INFO] ▶️ BẮT ĐẦU VIDEO: https://www.tiktok.com/@df999bantinnong5/video/7601133846125432081
2026-02-08 12:38:20,085 [INFO]    📤 Uploading...
