2026-02-07 19:49:50,083 [INFO] 🚀 WORKER STARTED: Tracking trực tiếp vào Config
2026-02-07 19:49:50,084 [INFO] 🔍 Quét kênh: None
2026-02-07 19:49:50,084 [INFO]    🆕 Kênh mới. Sẽ lấy video mới nhất.
2026-02-07 19:49:50,209 [INFO]    ✅ Không có video mới.
2026-02-07 19:49:50,209 [INFO] 🔍 Quét kênh: None
2026-02-07 19:49:50,209 [INFO]    🆕 Kênh mới. Sẽ lấy video mới nhất.
2026-02-07 19:49:50,254 [INFO]    ✅ Không có video mới.
2026-02-07 19:49:50,254 [INFO] 🏁 WORKER FINISHED. Tổng video thành công: 0
2026-02-07 20:38:14,693 [INFO] 🚀 WORKER STARTED: Tracking trực tiếp vào Config
2026-02-07 20:38:14,694 [INFO] 🔍 Quét kênh: None
2026-02-07 20:38:14,694 [INFO]    🆕 Kênh mới. Sẽ lấy video mới nhất.
2026-02-07 20:38:14,788 [INFO]    ✅ Không có video mới.
2026-02-07 20:38:14,788 [INFO] 🔍 Quét kênh: None
2026-02-07 20:38:14,788 [INFO]    🆕 Kênh mới. Sẽ lấy video mới nhất.
2026-02-07 20:38:14,835 [INFO]    ✅ Không có video mới.
2026-02-07 20:38:14,835 [INFO] 🏁 WORKER FINISHED. Tổng video thành công: 0
2026-02-08 03:05:40,103 [INFO] 🚀 WORKER STARTED: Tracking trực tiếp vào Config
2026-02-08 03:05:40,106 [INFO] 🔍 Quét kênh: None
2026-02-08 03:05:40,106 [INFO]    🆕 Kênh mới. Sẽ lấy video mới nhất.
2026-02-08 03:05:40,221 [INFO]    ✅ Không có video mới.
2026-02-08 03:05:40,222 [INFO] 🔍 Quét kênh: None
2026-02-08 03:05:40,222 [INFO]    🆕 Kênh mới. Sẽ lấy video mới nhất.
2026-02-08 03:05:40,269 [INFO]    ✅ Không có video mới.
2026-02-08 03:05:40,269 [INFO] 🏁 WORKER FINISHED. Tổng video thành công: 0
2026-02-08 03:10:08,594 [INFO] 🚀 WORKER STARTED: Tracking trực tiếp vào Config
2026-02-08 03:10:08,596 [INFO] 🔍 Quét kênh: https://www.tiktok.com/@tamsudaokeo28
2026-02-08 03:10:08,596 [INFO]    🆕 Kênh mới. Sẽ lấy video mới nhất.
2026-02-08 03:10:11,021 [INFO]    ✨ Tìm thấy 15 video mới. Làm 3 video.
2026-02-08 03:10:11,021 [INFO] ▶️ BẮT ĐẦU VIDEO: https://www.tiktok.com/@tamsudaokeo28/video/7602949706787851538
2026-02-08 03:10:20,580 [INFO]    📤 Uploading...
2026-02-08 03:49:47,242 [INFO] 🚀 WORKER STARTED: Tracking trực tiếp vào Config
2026-02-08 03:49:47,246 [INFO] 🔍 Quét kênh: https://www.tiktok.com/@tamsudaokeo28
2026-02-08 03:49:47,246 [INFO]    🆕 Kênh mới. Sẽ lấy video mới nhất.
2026-02-08 03:49:49,329 [INFO]    ✨ Tìm thấy 15 video mới. Làm 3 video.
2026-02-08 03:49:49,329 [INFO] ▶️ BẮT ĐẦU VIDEO: https://www.tiktok.com/@tamsudaokeo28/video/7602949706787851538
2026-02-08 03:50:04,794 [INFO]    📤 Uploading...
2026-02-08 03:50:46,298 [ERROR]    ❌ Upload thất bại.
2026-02-08 03:50:51,302 [INFO] ▶️ BẮT ĐẦU VIDEO: https://www.tiktok.com/@tamsudaokeo28/video/7603294653789801748
2026-02-08 03:50:53,923 [INFO]    📤 Uploading...
2026-02-08 03:51:40,260 [ERROR]    ❌ Upload thất bại.
2026-02-08 03:51:45,268 [INFO] ▶️ BẮT ĐẦU VIDEO: https://www.tiktok.com/@tamsudaokeo28/video/7603312249045798152
2026-02-08 03:51:47,997 [INFO]    📤 Uploading...
2026-02-08 03:53:50,280 [INFO]    ⏳ Chờ 10s...
2026-02-08 03:54:12,245 [INFO]    🗣️ Tạo Voice...
2026-02-08 03:54:38,871 [INFO]    🎬 Remixing...
2026-02-08 03:55:27,726 [INFO]    ☁️ Uploading Drive...
2026-02-08 04:15:26,983 [INFO] 🚀 WORKER STARTED: Tracking trực tiếp vào Config
2026-02-08 04:15:26,984 [INFO] 🔍 Quét kênh: https://www.tiktok.com/@tamsudaokeo28
2026-02-08 04:15:26,984 [INFO]    🆕 Kênh mới. Sẽ lấy video mới nhất.
2026-02-08 04:15:29,224 [INFO]    ✨ Tìm thấy 15 video mới. Làm 3 video.
2026-02-08 04:15:29,225 [INFO] ▶️ BẮT ĐẦU VIDEO: https://www.tiktok.com/@tamsudaokeo28/video/7602949706787851538
2026-02-08 04:15:40,863 [INFO]    📤 Uploading...
2026-02-08 04:17:42,891 [INFO]    ⏳ Chờ 10s...
2026-02-08 04:18:02,910 [INFO]    🗣️ Tạo Voice...
2026-02-08 04:18:19,185 [INFO]    🎬 Remixing...
2026-02-08 04:18:35,547 [INFO]    ☁️ Uploading Drive...
2026-02-08 04:19:09,824 [INFO]    ✅ HOÀN TẤT!
2026-02-08 04:19:09,827 [INFO]    💾 Đã cập nhật Config: last_video_url = https://www.tiktok.com/@tamsudaokeo28/video/7602949706787851538
2026-02-08 04:19:09,833 [INFO]    🧹 Đã dọn dẹp file tạm.
2026-02-08 12:00:14,664 [INFO] 🚀 WORKER STARTED: Tracking trực tiếp vào Config
2026-02-08 12:00:14,667 [INFO] 🔍 Quét kênh: https://www.tiktok.com/@tamsudaokeo28
2026-02-08 12:00:14,667 [INFO]    📌 Điểm mốc: https://www.tiktok.com/@tamsudaokeo28/video/7602949706787851538
2026-02-08 12:00:17,250 [INFO]    ✨ Tìm thấy 15 video mới. Làm 3 video.
2026-02-08 12:00:17,250 [INFO] ▶️ BẮT ĐẦU VIDEO: https://www.tiktok.com/@tamsudaokeo28/video/7603294653789801748
2026-02-08 12:00:20,899 [INFO]    📤 Uploading...
2026-02-08 12:02:49,083 [INFO]    ⏳ Chờ 10s...
2026-02-08 12:03:05,763 [INFO]    🗣️ Tạo Voice...
2026-02-08 12:03:24,214 [INFO]    🎬 Remixing...
2026-02-08 12:03:42,476 [INFO]    ☁️ Uploading Drive...
2026-02-08 12:03:50,981 [INFO]    ✅ HOÀN TẤT!
2026-02-08 12:03:50,983 [INFO]    💾 Đã cập nhật Config: last_video_url = https://www.tiktok.com/@tamsudaokeo28/video/7603294653789801748
2026-02-08 12:03:50,984 [INFO]    🧹 Đã dọn dẹp file tạm.
2026-02-08 12:03:55,985 [INFO] ▶️ BẮT ĐẦU VIDEO: https://www.tiktok.com/@tamsudaokeo28/video/7603312249045798152
2026-02-08 12:04:01,005 [INFO]    📤 Uploading...
2026-02-08 12:10:44,622 [INFO] 🚀 WORKER STARTED: Tracking trực tiếp vào Config
2026-02-08 12:10:44,623 [INFO] 🔍 Quét kênh: https://www.tiktok.com/@tamsudaokeo28
2026-02-08 12:10:44,623 [INFO]    📌 Điểm mốc: https://www.tiktok.com/@tamsudaokeo28/video/7603294653789801748
2026-02-08 12:10:46,661 [INFO]    🛑 Gặp mốc cũ -> Dừng.
2026-02-08 12:10:46,662 [INFO]    ✨ Tìm thấy 14 video mới. Làm 3 video.
2026-02-08 12:10:46,662 [INFO] ▶️ BẮT ĐẦU VIDEO: https://www.tiktok.com/@tamsudaokeo28/video/7603312249045798152
2026-02-08 12:13:40,920 [INFO] 🚀 WORKER STARTED: Tracking trực tiếp vào Config
2026-02-08 12:13:40,921 [INFO] 🔍 Quét kênh: https://www.tiktok.com/@tamsudaokeo28
2026-02-08 12:13:40,921 [INFO]    📌 Điểm mốc: https://www.tiktok.com/@tamsudaokeo28/video/7603294653789801748
2026-02-08 12:13:43,256 [INFO]    🛑 Gặp mốc cũ -> Dừng.
2026-02-08 12:13:43,256 [INFO]    ✨ Tìm thấy 13 video mới. Làm 3 video.
2026-02-08 12:13:43,256 [INFO] ▶️ BẮT ĐẦU VIDEO: https://www.tiktok.com/@tamsudaokeo28/video/7603312249045798152
2026-02-08 12:13:45,703 [INFO]    📤 Uploading...
2026-02-08 12:15:49,185 [INFO]    ⏳ Chờ 10s...
2026-02-08 12:16:10,880 [INFO]    🗣️ Tạo Voice...
2026-02-08 12:16:30,341 [INFO]    🎬 Remixing...
2026-02-08 12:16:42,675 [INFO]    ☁️ Uploading Drive...
2026-02-08 12:17:06,490 [INFO]    ✅ HOÀN TẤT!
2026-02-08 12:17:06,493 [INFO]    💾 Đã cập nhật Config: last_video_url = https://www.tiktok.com/@tamsudaokeo28/video/7603312249045798152
2026-02-08 12:17:06,496 [INFO]    🧹 Đã dọn dẹp file tạm.
2026-02-08 12:17:11,498 [INFO] ▶️ BẮT ĐẦU VIDEO: https://www.tiktok.com/@tamsudaokeo28/video/7603326229298662676
2026-02-08 12:17:18,465 [INFO]    📤 Uploading...
2026-02-08 12:18:32,228 [ERROR]    🔥 Lỗi: [Errno 22] Invalid argument
2026-02-08 12:18:37,232 [INFO] ▶️ BẮT ĐẦU VIDEO: https://www.tiktok.com/@tamsudaokeo28/video/7603326229298662676
2026-02-08 12:18:37,232 [ERROR]    🔥 Lỗi: [Errno 22] Invalid argument
2026-02-08 12:18:42,233 [INFO] ▶️ BẮT ĐẦU VIDEO: https://www.tiktok.com/@tamsudaokeo28/video/7603328551525354773
2026-02-08 12:18:42,234 [ERROR]    🔥 Lỗi: [Errno 22] Invalid argument
2026-02-08 12:18:47,236 [INFO] 🔍 Quét kênh: https://www.tiktok.com/@tamsudaokeothammy
2026-02-08 12:18:47,237 [INFO]    🆕 Kênh mới. Sẽ lấy video mới nhất.
2026-02-08 12:18:47,237 [ERROR]    ⚠️ Lỗi quét video: [Errno 22] Invalid argument
2026-02-08 12:18:47,238 [INFO] 🏁 WORKER FINISHED. Tổng video thành công: 0
2026-02-08 12:19:23,362 [INFO]    ⏳ Chờ 10s...
2026-02-08 12:19:41,471 [INFO]    🗣️ Tạo Voice...
2026-02-08 12:20:05,416 [INFO]    🎬 Remixing...
2026-02-08 12:20:10,427 [INFO] ▶️ BẮT ĐẦU VIDEO: https://www.tiktok.com/@tamsudaokeo28/video/7603328551525354773
2026-02-08 12:20:21,926 [INFO]    📤 Uploading...
2026-02-08 12:20:33,665 [ERROR]    ❌ Upload thất bại.
2026-02-08 12:20:38,668 [INFO] 🔍 Quét kênh: https://www.tiktok.com/@tamsudaokeothammy
2026-02-08 12:20:38,668 [INFO]    🆕 Kênh mới. Sẽ lấy video mới nhất.
2026-02-08 12:20:45,375 [INFO]    ✨ Tìm thấy 15 video mới. Làm 3 video.
2026-02-08 12:20:45,375 [INFO] ▶️ BẮT ĐẦU VIDEO: https://www.tiktok.com/@tamsudaokeothammy/video/7600721532851211538
2026-02-08 12:20:48,630 [ERROR]    🔥 Lỗi: [Errno 22] Invalid argument
2026-02-08 12:20:53,631 [INFO] ▶️ BẮT ĐẦU VIDEO: https://www.tiktok.com/@tamsudaokeothammy/video/7600983573709065480
2026-02-08 12:20:53,631 [ERROR]    🔥 Lỗi: [Errno 22] Invalid argument
2026-02-08 12:20:58,632 [INFO] ▶️ BẮT ĐẦU VIDEO: https://www.tiktok.com/@tamsudaokeothammy/video/7601095348735544583
2026-02-08 12:20:58,632 [ERROR]    🔥 Lỗi: [Errno 22] Invalid argument
2026-02-08 12:21:03,633 [INFO] 🏁 WORKER FINISHED. Tổng video thành công: 1
2026-02-08 12:29:25,267 [INFO] 🚀 WORKER STARTED: Tracking trực tiếp vào Config
2026-02-08 12:29:25,269 [INFO] 🔍 Quét kênh: https://www.tiktok.com/@tamsudaokeo28
2026-02-08 12:29:25,269 [INFO]    📌 Điểm mốc: https://www.tiktok.com/@tamsudaokeo28/video/7603312249045798152
2026-02-08 12:29:28,944 [INFO]    🛑 Gặp mốc cũ -> Dừng.
2026-02-08 12:29:28,945 [INFO]    ✨ Tìm thấy 12 video mới. Làm 3 video.
2026-02-08 12:29:28,945 [INFO] ▶️ BẮT ĐẦU VIDEO: https://www.tiktok.com/@tamsudaokeo28/video/7603326229298662676
2026-02-08 12:29:31,163 [INFO]    📤 Uploading...
2026-02-08 12:29:35,654 [ERROR]    ❌ Upload thất bại.
2026-02-08 12:29:40,657 [INFO] ▶️ BẮT ĐẦU VIDEO: https://www.tiktok.com/@tamsudaokeo28/video/7603328551525354773
2026-02-08 12:29:49,613 [INFO]    📤 Uploading...
2026-02-08 12:31:51,571 [INFO]    ⏳ Chờ 10s...
2026-02-08 12:32:07,143 [INFO]    🗣️ Tạo Voice...
2026-02-08 12:32:22,726 [INFO]    🎬 Remixing...
2026-02-08 12:32:57,632 [INFO]    ☁️ Uploading Drive...
2026-02-08 12:33:11,331 [INFO]    ✅ HOÀN TẤT!
2026-02-08 12:33:11,333 [INFO]    💾 Đã cập nhật Config: last_video_url = https://www.tiktok.com/@tamsudaokeo28/video/7603328551525354773
2026-02-08 12:33:11,335 [INFO]    🧹 Đã dọn dẹp file tạm.
2026-02-08 12:33:16,338 [INFO] ▶️ BẮT ĐẦU VIDEO: https://www.tiktok.com/@tamsudaokeo28/video/7603592347397491976
2026-02-08 12:33:19,818 [INFO]    📤 Uploading...
2026-02-08 12:34:04,594 [ERROR]    ❌ Upload thất bại.
2026-02-08 12:34:09,597 [INFO] 🔍 Quét kênh: https://www.tiktok.com/@tamsudaokeothammy
2026-02-08 12:34:09,597 [INFO]    🆕 Kênh mới. Sẽ lấy video mới nhất.
2026-02-08 12:34:10,973 [INFO]    ✨ Tìm thấy 15 video mới. Làm 3 video.
2026-02-08 12:34:10,973 [INFO] ▶️ BẮT ĐẦU VIDEO: https://www.tiktok.com/@tamsudaokeothammy/video/7600721532851211538
2026-02-08 12:34:13,413 [INFO]    📤 Uploading...
2026-02-08 12:36:11,546 [INFO]    ⏳ Chờ 10s...
2026-02-08 12:36:27,082 [INFO]    🗣️ Tạo Voice...
2026-02-08 12:36:41,028 [INFO]    🎬 Remixing...
2026-02-08 12:37:15,887 [INFO]    ☁️ Uploading Drive...
2026-02-08 12:37:30,942 [INFO]    ✅ HOÀN TẤT!
2026-02-08 12:37:30,945 [INFO]    💾 Đã cập nhật Config: last_video_url = https://www.tiktok.com/@tamsudaokeothammy/video/7600721532851211538
2026-02-08 12:37:30,947 [INFO]    🧹 Đã dọn dẹp file tạm.
2026-02-08 12:37:35,948 [INFO] ▶️ BẮT ĐẦU VIDEO: https://www.tiktok.com/@tamsudaokeothammy/video/7600983573709065480
2026-02-08 12:37:42,417 [INFO]    📤 Uploading...
2026-02-08 15:16:55,683 [INFO] 🚀 WORKER STARTED: phongmokechuyen01
2026-02-08 15:16:55,684 [INFO] 📂 Temp Dir: D:\workspace\Python\App\only-clone - fix 1\data\phongmokechuyen01\temp
2026-02-08 15:16:55,685 [INFO] 🔍 Quét kênh: https://www.tiktok.com/@tamsudaokeo28
2026-02-08 15:16:55,685 [INFO]    📌 Điểm mốc: https://www.tiktok.com/@tamsudaokeo28/video/7603328551525354773
2026-02-08 15:16:57,743 [INFO]    🛑 Gặp mốc cũ -> Dừng.
2026-02-08 15:16:57,743 [INFO]    ✨ Tìm thấy 11 video mới. Làm 3 video.
2026-02-08 15:16:57,744 [INFO] ▶️ BẮT ĐẦU VIDEO: https://www.tiktok.com/@tamsudaokeo28/video/7603592347397491976
2026-02-08 15:17:03,124 [INFO]    📤 Uploading...
2026-02-08 15:19:24,919 [INFO]    ⏳ Chờ 10s...
2026-02-08 15:19:43,156 [INFO]    🗣️ Tạo Voice...
2026-02-08 15:20:04,529 [INFO]    🎬 Remixing...
2026-02-08 15:21:23,904 [INFO]    ☁️ Uploading Drive...
2026-02-08 15:21:36,331 [INFO]    ✅ HOÀN TẤT!
2026-02-08 15:21:36,333 [INFO]    💾 Đã cập nhật Config: last_video_url = https://www.tiktok.com/@tamsudaokeo28/video/7603592347397491976
2026-02-08 15:21:36,334 [INFO]    🧹 Đã dọn dẹp file thành phẩm.
2026-02-08 15:21:41,335 [INFO] ▶️ BẮT ĐẦU VIDEO: https://www.tiktok.com/@tamsudaokeo28/video/7603613086456483080
2026-02-08 15:21:46,989 [INFO]    📤 Uploading...
2026-02-08 16:03:59,570 [INFO] 🚀 WORKER STARTED: phongmokechuyen01
2026-02-08 16:03:59,571 [INFO] 📂 Temp Dir: D:\workspace\Python\App\only-clone - fix 1\data\phongmokechuyen01\temp
2026-02-08 16:03:59,572 [INFO] 🔍 Quét kênh: https://www.tiktok.com/@tamsudaokeo28
2026-02-08 16:03:59,572 [INFO]    📌 Điểm mốc: https://www.tiktok.com/@tamsudaokeo28/video/7603592347397491976
2026-02-08 16:04:01,268 [INFO]    🛑 Gặp mốc cũ -> Dừng.
2026-02-08 16:04:01,268 [INFO]    ✨ Tìm thấy 10 video mới. Làm 3 video.
2026-02-08 16:04:01,268 [INFO] ▶️ BẮT ĐẦU VIDEO: https://www.tiktok.com/@tamsudaokeo28/video/7603613086456483080
2026-02-08 16:04:07,737 [INFO]    📤 Uploading...
2026-02-08 16:37:19,211 [INFO] 🚀 WORKER STARTED: phongmokechuyen01
2026-02-08 16:37:19,212 [INFO] 📂 Temp Dir: D:\workspace\Python\App\only-clone - fix 1\data\phongmokechuyen01\temp
2026-02-08 16:37:19,212 [INFO] 🔍 Quét kênh: https://www.tiktok.com/@tamsudaokeo28
2026-02-08 16:37:19,212 [INFO]    📌 Điểm mốc: https://www.tiktok.com/@tamsudaokeo28/video/7603592347397491976
2026-02-08 16:37:21,111 [INFO]    🛑 Gặp mốc cũ -> Dừng.
2026-02-08 16:37:21,112 [INFO]    ✨ Tìm thấy 10 video mới. Làm 3 video.
2026-02-08 16:37:21,112 [INFO] ▶️ BẮT ĐẦU VIDEO: https://www.tiktok.com/@tamsudaokeo28/video/7603613086456483080
2026-02-08 16:37:25,691 [INFO]    📤 Uploading...
2026-02-08 16:39:21,618 [INFO]    ⏳ Chờ 10s...
2026-02-08 16:39:40,021 [INFO]    🗣️ Tạo Voice...
2026-02-08 16:40:34,818 [INFO]    🎬 Remixing...
2026-02-08 16:41:12,565 [INFO]    ☁️ Uploading Drive...
2026-02-08 16:41:38,597 [ERROR]    ❌ Lỗi Upload/Update Sheet.
2026-02-08 16:41:43,603 [INFO] ▶️ BẮT ĐẦU VIDEO: https://www.tiktok.com/@tamsudaokeo28/video/7603672187375029525
2026-02-08 16:41:51,034 [INFO]    📤 Uploading...
2026-02-08 16:43:51,327 [INFO]    ⏳ Chờ 10s...
2026-02-08 16:44:46,607 [INFO] ▶️ BẮT ĐẦU VIDEO: https://www.tiktok.com/@tamsudaokeo28/video/7603697793865141524
2026-02-08 16:44:58,894 [INFO]    📤 Uploading...
2026-02-08 16:47:04,266 [INFO]    ⏳ Chờ 10s...
2026-02-08 16:47:21,105 [INFO]    🗣️ Tạo Voice...
2026-02-08 16:47:38,893 [INFO]    🎬 Remixing...
2026-02-08 16:48:03,250 [INFO]    ☁️ Uploading Drive...
2026-02-08 16:48:14,152 [INFO]    ✅ HOÀN TẤT!
2026-02-08 16:48:14,153 [INFO]    💾 Đã cập nhật Config: last_video_url = https://www.tiktok.com/@tamsudaokeo28/video/7603697793865141524
2026-02-08 16:48:14,156 [INFO]    🧹 Đã dọn dẹp file thành phẩm.
2026-02-08 16:48:19,161 [INFO] 🔍 Quét kênh: https://www.tiktok.com/@tamsudaokeothammy
2026-02-08 16:48:19,161 [INFO]    📌 Điểm mốc: https://www.tiktok.com/@tamsudaokeothammy/video/7600721532851211538
2026-02-08 16:48:20,326 [INFO]    🛑 Gặp mốc cũ -> Dừng.
2026-02-08 16:48:20,326 [INFO]    ✨ Tìm thấy 14 video mới. Làm 3 video.
2026-02-08 16:48:20,326 [INFO] ▶️ BẮT ĐẦU VIDEO: https://www.tiktok.com/@tamsudaokeothammy/video/7600983573709065480
2026-02-08 16:48:25,594 [INFO]    📤 Uploading...
2026-02-08 16:50:30,690 [INFO]    ⏳ Chờ 10s...
2026-02-08 16:50:46,509 [INFO]    🗣️ Tạo Voice...
2026-02-08 16:51:04,531 [INFO]    🎬 Remixing...
2026-02-08 16:51:32,079 [INFO]    ☁️ Uploading Drive...
2026-02-08 16:51:44,120 [INFO]    ✅ HOÀN TẤT!
2026-02-08 16:51:44,121 [INFO]    💾 Đã cập nhật Config: last_video_url = https://www.tiktok.com/@tamsudaokeothammy/video/7600983573709065480
2026-02-08 16:51:44,131 [INFO]    🧹 Đã dọn dẹp file thành phẩm.
2026-02-08 16:51:49,133 [INFO] ▶️ BẮT ĐẦU VIDEO: https://www.tiktok.com/@tamsudaokeothammy/video/7601095348735544583
2026-02-08 16:51:55,415 [INFO]    📤 Uploading...
2026-02-08 16:55:52,374 [ERROR]    ❌ Upload thất bại.
2026-02-08 16:55:57,377 [INFO] ▶️ BẮT ĐẦU VIDEO: https://www.tiktok.com/@tamsudaokeothammy/video/7601373367538552082
2026-02-08 16:56:02,984 [INFO]    📤 Uploading...
2026-02-08 16:57:59,417 [INFO]    ⏳ Chờ 10s...
2026-02-08 16:58:16,166 [INFO]    🗣️ Tạo Voice...
2026-02-08 16:58:36,035 [INFO]    🎬 Remixing...
2026-02-08 16:58:59,317 [INFO]    ☁️ Uploading Drive...
2026-02-08 16:59:10,909 [INFO]    ✅ HOÀN TẤT!
2026-02-08 16:59:10,911 [INFO]    💾 Đã cập nhật Config: last_video_url = https://www.tiktok.com/@tamsudaokeothammy/video/7601373367538552082
2026-02-08 16:59:10,916 [INFO]    🧹 Đã dọn dẹp file thành phẩm.
2026-02-08 16:59:15,920 [INFO] 🏁 WORKER FINISHED. Tổng video thành công: 3
2026-02-08 17:24:58,332 [INFO] 🚀 WORKER STARTED: phongmokechuyen01
2026-02-08 17:24:58,332 [INFO] 📂 Temp Dir: D:\workspace\Python\App\only-clone - fix 1\data\phongmokechuyen01\temp
2026-02-08 17:24:58,333 [INFO] 🔍 Quét kênh: https://www.tiktok.com/@tamsudaokeo28
2026-02-08 17:24:58,333 [INFO]    📌 Điểm mốc: https://www.tiktok.com/@tamsudaokeo28/video/7603697793865141524
2026-02-08 17:25:00,691 [INFO]    🛑 Gặp mốc cũ -> Dừng.
2026-02-08 17:25:00,691 [INFO]    ✨ Tìm thấy 6 video mới. Làm 3 video.
2026-02-08 17:25:00,691 [INFO] ▶️ BẮT ĐẦU VIDEO: https://www.tiktok.com/@tamsudaokeo28/video/7603699618399931655
2026-02-08 17:30:24,314 [ERROR]    🔥 Lỗi: [Errno 22] Invalid argument
2026-02-08 17:30:29,316 [INFO] ▶️ BẮT ĐẦU VIDEO: https://www.tiktok.com/@tamsudaokeo28/video/7603974477147360532
2026-02-08 17:30:29,317 [ERROR]    🔥 Lỗi: [Errno 22] Invalid argument
2026-02-08 17:30:34,317 [INFO] ▶️ BẮT ĐẦU VIDEO: https://www.tiktok.com/@tamsudaokeo28/video/7603993929943387412
2026-02-08 17:30:34,318 [ERROR]    🔥 Lỗi: [Errno 22] Invalid argument
2026-02-08 17:30:39,319 [INFO] 🔍 Quét kênh: https://www.tiktok.com/@tamsudaokeothammy
2026-02-08 17:30:39,319 [INFO]    📌 Điểm mốc: https://www.tiktok.com/@tamsudaokeothammy/video/7601373367538552082
2026-02-08 17:30:39,319 [ERROR]    ⚠️ Lỗi quét video: [Errno 22] Invalid argument
2026-02-08 17:30:39,319 [INFO] 🏁 WORKER FINISHED. Tổng video thành công: 0
2026-02-08 17:36:16,397 [INFO] 🚀 WORKER STARTED: phongmokechuyen01
2026-02-08 17:36:16,397 [INFO] 📂 Temp Dir: D:\workspace\Python\App\only-clone - fix 1\data\phongmokechuyen01\temp
2026-02-08 17:36:16,398 [INFO] 🔍 Quét kênh: https://www.tiktok.com/@tamsudaokeo28
2026-02-08 17:36:16,398 [INFO]    📌 Điểm mốc: https://www.tiktok.com/@tamsudaokeo28/video/7603697793865141524
2026-02-08 17:36:19,693 [INFO]    🛑 Gặp mốc cũ -> Dừng.
2026-02-08 17:36:19,693 [INFO]    ✨ Tìm thấy 7 video mới. Làm 3 video.
2026-02-08 17:36:19,693 [INFO] ▶️ BẮT ĐẦU VIDEO: https://www.tiktok.com/@tamsudaokeo28/video/7603699618399931655
2026-02-08 17:36:29,553 [ERROR]    🔥 Lỗi: [Errno 22] Invalid argument
2026-02-08 17:36:34,557 [INFO] ▶️ BẮT ĐẦU VIDEO: https://www.tiktok.com/@tamsudaokeo28/video/7603974477147360532
2026-02-08 17:36:34,557 [ERROR]    🔥 Lỗi: [Errno 22] Invalid argument
2026-02-08 17:36:39,558 [INFO] ▶️ BẮT ĐẦU VIDEO: https://www.tiktok.com/@tamsudaokeo28/video/7603993929943387412
2026-02-08 17:36:39,558 [ERROR]    🔥 Lỗi: [Errno 22] Invalid argument
2026-02-08 18:05:14,513 [INFO] 🚀 WORKER STARTED: phongmokechuyen01
2026-02-08 18:05:14,514 [INFO] 📂 Temp Dir: C:\Users\Admin\Downloads\only-clone - fix 1 - Copy\only-clone - fix 1 - Copy\data\phongmokechuyen01\temp
2026-02-08 18:05:14,536 [INFO] 🔍 Quét kênh: https://www.tiktok.com/@tamsudaokeo28
2026-02-08 18:05:14,536 [INFO]    📌 Điểm mốc: https://www.tiktok.com/@tamsudaokeo28/video/7603697793865141524
2026-02-08 18:05:16,185 [INFO]    🛑 Gặp mốc cũ -> Dừng.
2026-02-08 18:05:16,185 [INFO]    ✨ Tìm thấy 7 video mới. Làm 3 video.
2026-02-08 18:05:16,185 [INFO] ▶️ BẮT ĐẦU VIDEO: https://www.tiktok.com/@tamsudaokeo28/video/7603699618399931655
2026-02-08 18:05:21,310 [INFO]    📤 Uploading...
2026-02-08 18:06:37,381 [INFO]    ⏳ Chờ 10s...
2026-02-08 18:06:52,629 [INFO]    🗣️ Tạo Voice...
2026-02-08 18:07:10,775 [INFO]    🎬 Remixing...
2026-02-08 18:07:28,808 [INFO]    ☁️ Uploading Drive...
2026-02-08 18:07:39,651 [INFO]    ✅ HOÀN TẤT!
2026-02-08 18:07:39,653 [INFO]    💾 Đã cập nhật Config: last_video_url = https://www.tiktok.com/@tamsudaokeo28/video/7603699618399931655
2026-02-08 18:07:39,655 [INFO]    🧹 Đã dọn dẹp file thành phẩm.
2026-02-08 18:07:44,656 [INFO] ▶️ BẮT ĐẦU VIDEO: https://www.tiktok.com/@tamsudaokeo28/video/7603974477147360532
2026-02-08 18:07:53,113 [INFO]    📤 Uploading...
2026-02-08 18:08:24,893 [ERROR]    ❌ Upload thất bại.
2026-02-08 18:08:29,895 [INFO] ▶️ BẮT ĐẦU VIDEO: https://www.tiktok.com/@tamsudaokeo28/video/7603993929943387412
2026-02-08 18:08:33,804 [INFO]    📤 Uploading...
2026-02-08 18:10:21,317 [INFO]    ⏳ Chờ 10s...
2026-02-08 18:10:38,934 [INFO]    🗣️ Tạo Voice...
2026-02-08 18:11:03,075 [INFO]    🎬 Remixing...
2026-02-08 18:11:31,156 [INFO]    ☁️ Uploading Drive...
2026-02-08 18:11:40,506 [INFO]    ✅ HOÀN TẤT!
2026-02-08 18:11:40,507 [INFO]    💾 Đã cập nhật Config: last_video_url = https://www.tiktok.com/@tamsudaokeo28/video/7603993929943387412
2026-02-08 18:11:40,508 [INFO]    🧹 Đã dọn dẹp file thành phẩm.
2026-02-08 18:11:45,510 [INFO] 🔍 Quét kênh: https://www.tiktok.com/@tamsudaokeothammy
2026-02-08 18:11:45,510 [INFO]    📌 Điểm mốc: https://www.tiktok.com/@tamsudaokeothammy/video/7601373367538552082
2026-02-08 18:11:46,430 [INFO]    🛑 Gặp mốc cũ -> Dừng.
2026-02-08 18:11:46,430 [INFO]    ✨ Tìm thấy 11 video mới. Làm 3 video.
2026-02-08 18:11:46,430 [INFO] ▶️ BẮT ĐẦU VIDEO: https://www.tiktok.com/@tamsudaokeothammy/video/7601426761435335944
2026-02-08 18:11:50,893 [INFO]    📤 Uploading...
2026-02-09 12:29:04,187 [INFO] 🚀 WORKER STARTED: phongmokechuyen01
2026-02-09 12:29:04,188 [INFO] 📂 Temp Dir: C:\Users\Admin\Downloads\only-clone - fix 1 - Copy\only-clone - fix 1 - Copy\data\phongmokechuyen01\temp
2026-02-09 12:29:04,199 [INFO] 🔍 Quét kênh: https://www.tiktok.com/@tamsudaokeo28
2026-02-09 12:29:04,199 [INFO]    📌 Điểm mốc: https://www.tiktok.com/@tamsudaokeo28/video/7603993929943387412
2026-02-09 12:29:07,200 [INFO]    🛑 Gặp mốc cũ -> Dừng.
2026-02-09 12:29:07,200 [INFO]    ✨ Tìm thấy 5 video mới. Làm 3 video.
2026-02-09 12:29:07,200 [INFO] ▶️ BẮT ĐẦU VIDEO: https://www.tiktok.com/@tamsudaokeo28/video/7604037092900900116
2026-02-09 12:30:04,974 [INFO]    📤 Uploading...
2026-02-09 12:32:11,853 [INFO]    ⏳ Chờ 10s...
2026-02-09 12:32:30,254 [INFO]    🗣️ Tạo Voice...
2026-02-09 12:32:45,681 [INFO]    🎬 Remixing...
2026-02-09 12:33:30,351 [INFO]    ☁️ Uploading Drive...
2026-02-09 12:33:44,807 [INFO]    ✅ HOÀN TẤT!
2026-02-09 12:33:44,808 [INFO]    💾 Đã cập nhật Config: last_video_url = https://www.tiktok.com/@tamsudaokeo28/video/7604037092900900116
2026-02-09 12:33:44,809 [INFO]    🧹 Đã dọn dẹp file thành phẩm.
2026-02-09 12:33:49,811 [INFO] ▶️ BẮT ĐẦU VIDEO: https://www.tiktok.com/@tamsudaokeo28/video/7604079286957673748
2026-02-09 12:33:53,073 [INFO]    📤 Uploading...
2026-02-09 12:35:55,873 [INFO]    ⏳ Chờ 10s...
2026-02-09 12:36:14,605 [INFO]    🗣️ Tạo Voice...
2026-02-09 12:36:30,509 [INFO]    🎬 Remixing...
2026-02-09 12:36:49,939 [INFO]    ☁️ Uploading Drive...
2026-02-09 12:37:00,657 [INFO]    ✅ HOÀN TẤT!
2026-02-09 12:37:00,659 [INFO]    💾 Đã cập nhật Config: last_video_url = https://www.tiktok.com/@tamsudaokeo28/video/7604079286957673748
2026-02-09 12:37:00,660 [INFO]    🧹 Đã dọn dẹp file thành phẩm.
2026-02-09 12:37:05,663 [INFO] ▶️ BẮT ĐẦU VIDEO: https://www.tiktok.com/@tamsudaokeo28/video/7604079607062498581
2026-02-09 12:37:09,573 [INFO]    📤 Uploading...
2026-02-09 12:41:07,547 [ERROR]    ❌ Upload thất bại.
2026-02-09 12:41:12,547 [INFO] 🔍 Quét kênh: https://www.tiktok.com/@tamsudaokeothammy
2026-02-09 12:41:12,548 [INFO]    📌 Điểm mốc: https://www.tiktok.com/@tamsudaokeothammy/video/7601373367538552082
2026-02-09 12:41:13,609 [INFO]    🛑 Gặp mốc cũ -> Dừng.
2026-02-09 12:41:13,609 [INFO]    ✨ Tìm thấy 11 video mới. Làm 3 video.
2026-02-09 12:41:13,609 [INFO] ▶️ BẮT ĐẦU VIDEO: https://www.tiktok.com/@tamsudaokeothammy/video/7601426761435335944
2026-02-09 12:41:16,825 [INFO]    📤 Uploading...
2026-02-09 12:45:15,396 [ERROR]    ❌ Upload thất bại.
2026-02-09 12:45:20,397 [INFO] ▶️ BẮT ĐẦU VIDEO: https://www.tiktok.com/@tamsudaokeothammy/video/7602094247172656392
2026-02-09 12:45:26,257 [INFO]    📤 Uploading...
2026-02-09 12:49:23,146 [ERROR]    ❌ Upload thất bại.
2026-02-09 12:49:28,148 [INFO] ▶️ BẮT ĐẦU VIDEO: https://www.tiktok.com/@tamsudaokeothammy/video/7602174769609411858
2026-02-09 12:49:33,200 [INFO]    📤 Uploading...
2026-02-09 12:53:27,947 [ERROR]    ❌ Upload thất bại.
2026-02-09 12:53:32,948 [INFO] 🏁 WORKER FINISHED. Tổng video thành công: 2
2026-02-09 15:00:02,577 [INFO] 🚀 WORKER STARTED: phongmokechuyen01
2026-02-09 15:00:02,577 [INFO] 📂 Temp Dir: C:\Users\Admin\Downloads\only-clone - fix 1 - Copy\only-clone - fix 1 - Copy\data\phongmokechuyen01\temp
2026-02-09 15:00:02,588 [INFO] 🔍 Quét kênh: https://www.tiktok.com/@tamsudaokeo28
2026-02-09 15:00:02,588 [INFO]    📌 Điểm mốc: https://www.tiktok.com/@tamsudaokeo28/video/7604079286957673748
2026-02-09 15:00:04,064 [INFO]    🛑 Gặp mốc cũ -> Dừng.
2026-02-09 15:00:04,064 [INFO]    ✨ Tìm thấy 6 video mới. Làm 3 video.
2026-02-09 15:00:04,064 [INFO] ▶️ BẮT ĐẦU VIDEO: https://www.tiktok.com/@tamsudaokeo28/video/7604079607062498581
2026-02-09 15:00:07,534 [INFO]    📤 Uploading...
2026-02-09 15:00:48,413 [ERROR]    ❌ Upload thất bại.
2026-02-09 15:00:53,414 [INFO] ▶️ BẮT ĐẦU VIDEO: https://www.tiktok.com/@tamsudaokeo28/video/7604079952614542613
2026-02-09 15:01:05,987 [INFO]    📤 Uploading...
2026-02-09 15:03:06,059 [INFO]    ⏳ Chờ 10s...
2026-02-09 15:03:24,118 [INFO]    🗣️ Tạo Voice...
2026-02-09 15:03:40,188 [INFO]    🎬 Remixing...
2026-02-09 15:04:37,214 [INFO]    ☁️ Uploading Drive...
2026-02-09 15:04:56,113 [INFO]    ✅ HOÀN TẤT!
2026-02-09 15:04:56,114 [INFO]    💾 Đã cập nhật Config: last_video_url = https://www.tiktok.com/@tamsudaokeo28/video/7604079952614542613
2026-02-09 15:04:56,115 [INFO]    🧹 Đã dọn dẹp file thành phẩm.
2026-02-09 15:05:01,116 [INFO] ▶️ BẮT ĐẦU VIDEO: https://www.tiktok.com/@tamsudaokeo28/video/7604080455964511508
2026-02-09 15:05:04,527 [INFO]    📤 Uploading...
2026-02-09 15:07:05,817 [INFO]    ⏳ Chờ 10s...
2026-02-09 15:08:00,787 [INFO] 🔍 Quét kênh: https://www.tiktok.com/@tamsudaokeothammy
2026-02-09 15:08:00,787 [INFO]    📌 Điểm mốc: https://www.tiktok.com/@tamsudaokeothammy/video/7601373367538552082
2026-02-09 15:08:01,848 [INFO]    🛑 Gặp mốc cũ -> Dừng.
2026-02-09 15:08:01,849 [INFO]    ✨ Tìm thấy 12 video mới. Làm 3 video.
2026-02-09 15:08:01,849 [INFO] ▶️ BẮT ĐẦU VIDEO: https://www.tiktok.com/@tamsudaokeothammy/video/7601426761435335944
2026-02-09 15:08:05,231 [INFO]    📤 Uploading...
2026-02-09 15:09:57,873 [INFO]    ⏳ Chờ 10s...
2026-02-09 15:10:52,856 [INFO] ▶️ BẮT ĐẦU VIDEO: https://www.tiktok.com/@tamsudaokeothammy/video/7602094247172656392
2026-02-09 15:10:55,995 [INFO]    📤 Uploading...
2026-02-09 15:12:57,759 [INFO]    ⏳ Chờ 10s...
2026-02-09 15:13:14,257 [INFO]    🗣️ Tạo Voice...
2026-02-09 15:13:31,603 [INFO]    🎬 Remixing...
2026-02-09 15:13:50,707 [INFO]    ☁️ Uploading Drive...
2026-02-09 15:14:08,850 [INFO]    ✅ HOÀN TẤT!
2026-02-09 15:14:08,851 [INFO]    💾 Đã cập nhật Config: last_video_url = https://www.tiktok.com/@tamsudaokeothammy/video/7602094247172656392
2026-02-09 15:14:08,852 [INFO]    🧹 Đã dọn dẹp file thành phẩm.
2026-02-09 15:14:13,854 [INFO] ▶️ BẮT ĐẦU VIDEO: https://www.tiktok.com/@tamsudaokeothammy/video/7602174769609411858
2026-02-09 15:14:17,680 [INFO]    📤 Uploading...
2026-02-09 15:16:11,321 [INFO]    ⏳ Chờ 10s...
2026-02-09 15:16:27,337 [INFO]    🗣️ Tạo Voice...
2026-02-09 15:16:46,001 [INFO]    🎬 Remixing...
2026-02-09 15:17:04,422 [INFO]    ☁️ Uploading Drive...
2026-02-09 15:17:13,566 [INFO]    ✅ HOÀN TẤT!
2026-02-09 15:17:13,567 [INFO]    💾 Đã cập nhật Config: last_video_url = https://www.tiktok.com/@tamsudaokeothammy/video/7602174769609411858
2026-02-09 15:17:13,567 [INFO]    🧹 Đã dọn dẹp file thành phẩm.
2026-02-09 15:17:18,569 [INFO] 🏁 WORKER FINISHED. Tổng video thành công: 3
2026-02-09 18:00:06,198 [INFO] 🚀 WORKER STARTED: phongmokechuyen01
2026-02-09 18:00:06,198 [INFO] 📂 Temp Dir: C:\Users\Admin\Downloads\only-clone - fix 1 - Copy\only-clone - fix 1 - Copy\data\phongmokechuyen01\temp
2026-02-09 18:00:06,221 [INFO] 🔍 Quét kênh: https://www.tiktok.com/@tamsudaokeo28
2026-02-09 18:00:06,221 [INFO]    📌 Điểm mốc: https://www.tiktok.com/@tamsudaokeo28/video/7604079952614542613
2026-02-09 18:00:08,228 [INFO]    ✨ Tìm thấy 9 video mới. Làm 3 video.
2026-02-09 18:00:08,228 [INFO] ▶️ BẮT ĐẦU VIDEO: https://www.tiktok.com/@tamsudaokeo28/video/7603613086456483080
2026-02-09 18:00:15,330 [INFO]    📤 Uploading...
2026-02-09 18:00:56,472 [ERROR]    ❌ Upload thất bại.
2026-02-09 18:01:01,473 [INFO] ▶️ BẮT ĐẦU VIDEO: https://www.tiktok.com/@tamsudaokeo28/video/7603672187375029525
2026-02-09 18:01:50,380 [INFO]    📤 Uploading...
2026-02-09 18:03:50,761 [INFO]    ⏳ Chờ 10s...
2026-02-09 18:04:06,702 [INFO]    🗣️ Tạo Voice...
2026-02-09 18:04:25,107 [INFO]    🎬 Remixing...
2026-02-09 18:04:42,317 [INFO]    ☁️ Uploading Drive...
2026-02-09 18:04:55,611 [INFO]    ✅ HOÀN TẤT!
2026-02-09 18:04:55,612 [INFO]    💾 Đã cập nhật Config: last_video_url = https://www.tiktok.com/@tamsudaokeo28/video/7603672187375029525
2026-02-09 18:04:55,614 [INFO]    🧹 Đã dọn dẹp file thành phẩm.
2026-02-09 18:05:00,617 [INFO] ▶️ BẮT ĐẦU VIDEO: https://www.tiktok.com/@tamsudaokeo28/video/7603974477147360532
2026-02-09 18:05:04,642 [INFO]    📤 Uploading...
2026-02-09 18:07:00,282 [INFO]    ⏳ Chờ 10s...
2026-02-09 18:07:17,935 [INFO]    🗣️ Tạo Voice...
2026-02-09 18:07:36,635 [INFO]    🎬 Remixing...
2026-02-09 18:07:51,105 [INFO]    ☁️ Uploading Drive...
2026-02-09 18:08:01,590 [INFO]    ✅ HOÀN TẤT!
2026-02-09 18:08:01,590 [INFO]    💾 Đã cập nhật Config: last_video_url = https://www.tiktok.com/@tamsudaokeo28/video/7603974477147360532
2026-02-09 18:08:01,591 [INFO]    🧹 Đã dọn dẹp file thành phẩm.
2026-02-09 18:08:06,593 [INFO] 🔍 Quét kênh: https://www.tiktok.com/@tamsudaokeothammy
2026-02-09 18:08:06,593 [INFO]    📌 Điểm mốc: https://www.tiktok.com/@tamsudaokeothammy/video/7602174769609411858
2026-02-09 18:08:07,831 [INFO]    🛑 Gặp mốc cũ -> Dừng.
2026-02-09 18:08:07,831 [INFO]    ✨ Tìm thấy 9 video mới. Làm 3 video.
2026-02-09 18:08:07,831 [INFO] ▶️ BẮT ĐẦU VIDEO: https://www.tiktok.com/@tamsudaokeothammy/video/7602211331923643666
2026-02-09 18:08:12,442 [INFO]    📤 Uploading...
2026-02-09 18:10:06,993 [INFO]    ⏳ Chờ 10s...
2026-02-09 18:10:21,633 [INFO]    🗣️ Tạo Voice...
2026-02-09 18:10:54,864 [INFO]    🎬 Remixing...
2026-02-09 18:11:20,433 [INFO]    ☁️ Uploading Drive...
2026-02-09 18:11:29,296 [INFO]    ✅ HOÀN TẤT!
2026-02-09 18:11:29,297 [INFO]    💾 Đã cập nhật Config: last_video_url = https://www.tiktok.com/@tamsudaokeothammy/video/7602211331923643666
2026-02-09 18:11:29,298 [INFO]    🧹 Đã dọn dẹp file thành phẩm.
2026-02-09 18:11:34,299 [INFO] ▶️ BẮT ĐẦU VIDEO: https://www.tiktok.com/@tamsudaokeothammy/video/7602546417088892168
2026-02-09 18:11:39,153 [INFO]    📤 Uploading...
2026-02-09 18:13:28,694 [INFO]    ⏳ Chờ 10s...
2026-02-09 18:13:43,703 [INFO]    🗣️ Tạo Voice...
2026-02-09 18:14:01,101 [INFO]    🎬 Remixing...
2026-02-09 18:14:17,164 [INFO]    ☁️ Uploading Drive...
2026-02-09 18:14:29,854 [INFO]    ✅ HOÀN TẤT!
2026-02-09 18:14:29,855 [INFO]    💾 Đã cập nhật Config: last_video_url = https://www.tiktok.com/@tamsudaokeothammy/video/7602546417088892168
2026-02-09 18:14:29,856 [INFO]    🧹 Đã dọn dẹp file thành phẩm.
2026-02-09 18:14:34,858 [INFO] ▶️ BẮT ĐẦU VIDEO: https://www.tiktok.com/@tamsudaokeothammy/video/7602587846851022088
2026-02-09 18:14:38,869 [INFO]    📤 Uploading...
2026-02-09 18:16:39,381 [INFO]    ⏳ Chờ 10s...
2026-02-09 18:16:54,762 [INFO]    🗣️ Tạo Voice...
2026-02-09 18:17:08,245 [INFO]    🎬 Remixing...
2026-02-09 18:17:23,710 [INFO]    ☁️ Uploading Drive...
2026-02-09 18:17:33,020 [INFO]    ✅ HOÀN TẤT!
2026-02-09 18:17:33,021 [INFO]    💾 Đã cập nhật Config: last_video_url = https://www.tiktok.com/@tamsudaokeothammy/video/7602587846851022088
2026-02-09 18:17:33,021 [INFO]    🧹 Đã dọn dẹp file thành phẩm.
2026-02-09 18:17:38,023 [INFO] 🏁 WORKER FINISHED. Tổng video thành công: 5
2026-02-10 12:29:05,390 [INFO] 🚀 WORKER STARTED: phongmokechuyen01
2026-02-10 12:29:05,390 [INFO] 📂 Temp Dir: C:\Users\Admin\Downloads\only-clone - fix 1 - Copy\only-clone - fix 1 - Copy\data\phongmokechuyen01\temp
2026-02-10 12:29:05,409 [INFO] 🔍 Quét kênh: https://www.tiktok.com/@tamsudaokeo28
2026-02-10 12:29:05,409 [INFO]    📌 Điểm mốc: https://www.tiktok.com/@tamsudaokeo28/video/7603974477147360532
2026-02-10 12:29:06,951 [INFO]    🛑 Gặp mốc cũ -> Dừng.
2026-02-10 12:29:06,952 [INFO]    ✨ Tìm thấy 10 video mới. Làm 3 video.
2026-02-10 12:29:06,952 [INFO] ▶️ BẮT ĐẦU VIDEO: https://www.tiktok.com/@tamsudaokeo28/video/7604079607062498581
2026-02-10 12:29:12,702 [INFO]    📤 Uploading...
2026-02-10 12:29:18,610 [ERROR]    ❌ Upload thất bại.
2026-02-10 12:29:23,611 [INFO] ▶️ BẮT ĐẦU VIDEO: https://www.tiktok.com/@tamsudaokeo28/video/7604080455964511508
2026-02-10 12:29:28,488 [INFO]    📤 Uploading...
2026-02-10 12:31:23,297 [INFO]    ⏳ Chờ 10s...
2026-02-10 12:31:39,533 [INFO]    🗣️ Tạo Voice...
2026-02-10 12:31:59,075 [INFO]    🎬 Remixing...
2026-02-10 12:32:25,563 [INFO]    ☁️ Uploading Drive...
2026-02-10 12:32:41,438 [INFO]    ✅ HOÀN TẤT!
2026-02-10 12:32:41,439 [INFO]    💾 Đã cập nhật Config: last_video_url = https://www.tiktok.com/@tamsudaokeo28/video/7604080455964511508
2026-02-10 12:32:41,440 [INFO]    🧹 Đã dọn dẹp file thành phẩm.
2026-02-10 12:32:46,442 [INFO] ▶️ BẮT ĐẦU VIDEO: https://www.tiktok.com/@tamsudaokeo28/video/7604698968714382612
2026-02-10 12:32:50,568 [INFO]    📤 Uploading...
2026-02-10 12:36:48,339 [ERROR]    ❌ Upload thất bại.
2026-02-10 12:36:53,341 [INFO] 🔍 Quét kênh: https://www.tiktok.com/@tamsudaokeothammy
2026-02-10 12:36:53,341 [INFO]    📌 Điểm mốc: https://www.tiktok.com/@tamsudaokeothammy/video/7602587846851022088
2026-02-10 12:36:54,279 [INFO]    🛑 Gặp mốc cũ -> Dừng.
2026-02-10 12:36:54,279 [INFO]    ✨ Tìm thấy 7 video mới. Làm 3 video.
2026-02-10 12:36:54,279 [INFO] ▶️ BẮT ĐẦU VIDEO: https://www.tiktok.com/@tamsudaokeothammy/video/7602918711611116807
2026-02-10 12:36:59,311 [INFO]    📤 Uploading...
2026-02-10 12:40:55,721 [ERROR]    ❌ Upload thất bại.
2026-02-10 12:41:00,723 [INFO] ▶️ BẮT ĐẦU VIDEO: https://www.tiktok.com/@tamsudaokeothammy/video/7602947373689621778
2026-02-10 12:41:04,751 [INFO]    📤 Uploading...
2026-02-10 12:43:08,172 [INFO]    ⏳ Chờ 10s...
2026-02-10 12:43:23,507 [INFO]    🗣️ Tạo Voice...
2026-02-10 12:43:42,564 [INFO]    🎬 Remixing...
2026-02-10 12:43:59,156 [INFO]    ☁️ Uploading Drive...
2026-02-10 12:44:15,355 [INFO]    ✅ HOÀN TẤT!
2026-02-10 12:44:15,356 [INFO]    💾 Đã cập nhật Config: last_video_url = https://www.tiktok.com/@tamsudaokeothammy/video/7602947373689621778
2026-02-10 12:44:15,357 [INFO]    🧹 Đã dọn dẹp file thành phẩm.
2026-02-10 12:44:20,358 [INFO] ▶️ BẮT ĐẦU VIDEO: https://www.tiktok.com/@tamsudaokeothammy/video/7603202025618246919
2026-02-10 12:44:24,298 [INFO]    📤 Uploading...
2026-02-10 12:48:17,673 [ERROR]    ❌ Upload thất bại.
2026-02-10 12:48:22,674 [INFO] 🏁 WORKER FINISHED. Tổng video thành công: 2
2026-02-10 15:00:02,316 [INFO] 🚀 WORKER STARTED: phongmokechuyen01
2026-02-10 15:00:02,316 [INFO] 📂 Temp Dir: C:\Users\Admin\Downloads\only-clone - fix 1 - Copy\only-clone - fix 1 - Copy\data\phongmokechuyen01\temp
2026-02-10 15:00:02,328 [INFO] 🔍 Quét kênh: https://www.tiktok.com/@tamsudaokeo28
2026-02-10 15:00:02,328 [INFO]    📌 Điểm mốc: https://www.tiktok.com/@tamsudaokeo28/video/7604080455964511508
2026-02-10 15:00:03,893 [INFO]    🛑 Gặp mốc cũ -> Dừng.
2026-02-10 15:00:03,893 [INFO]    ✨ Tìm thấy 9 video mới. Làm 3 video.
2026-02-10 15:00:03,893 [INFO] ▶️ BẮT ĐẦU VIDEO: https://www.tiktok.com/@tamsudaokeo28/video/7604698968714382612
2026-02-10 15:00:09,319 [INFO]    📤 Uploading...
2026-02-10 15:02:13,156 [INFO]    ⏳ Chờ 10s...
2026-02-10 15:02:34,035 [INFO]    🗣️ Tạo Voice...
2026-02-10 15:02:53,104 [INFO]    🎬 Remixing...
2026-02-10 15:03:25,532 [INFO]    ☁️ Uploading Drive...
2026-02-10 15:03:36,438 [INFO]    ✅ HOÀN TẤT!
2026-02-10 15:03:36,439 [INFO]    💾 Đã cập nhật Config: last_video_url = https://www.tiktok.com/@tamsudaokeo28/video/7604698968714382612
2026-02-10 15:03:36,440 [INFO]    🧹 Đã dọn dẹp file thành phẩm.
2026-02-10 15:03:41,441 [INFO] ▶️ BẮT ĐẦU VIDEO: https://www.tiktok.com/@tamsudaokeo28/video/7604757721342053639
2026-02-10 15:03:46,440 [INFO]    📤 Uploading...
2026-02-10 15:05:17,228 [INFO]    ⏳ Chờ 10s...
2026-02-10 15:05:51,457 [INFO]    🗣️ Tạo Voice...
2026-02-10 15:06:13,444 [INFO]    🎬 Remixing...
2026-02-10 15:06:33,421 [INFO]    ☁️ Uploading Drive...
2026-02-10 15:06:45,821 [INFO]    ✅ HOÀN TẤT!
2026-02-10 15:06:45,822 [INFO]    💾 Đã cập nhật Config: last_video_url = https://www.tiktok.com/@tamsudaokeo28/video/7604757721342053639
2026-02-10 15:06:45,823 [INFO]    🧹 Đã dọn dẹp file thành phẩm.
2026-02-10 15:06:50,824 [INFO] ▶️ BẮT ĐẦU VIDEO: https://www.tiktok.com/@tamsudaokeo28/video/7604758018797948167
2026-02-10 15:06:56,546 [INFO]    📤 Uploading...
2026-02-10 15:08:51,494 [INFO]    ⏳ Chờ 10s...
2026-02-10 15:09:14,460 [INFO]    🗣️ Tạo Voice...
2026-02-10 15:09:36,209 [INFO]    🎬 Remixing...
2026-02-10 15:09:58,171 [INFO]    ☁️ Uploading Drive...
2026-02-10 15:10:08,987 [INFO]    ✅ HOÀN TẤT!
2026-02-10 15:10:08,987 [INFO]    💾 Đã cập nhật Config: last_video_url = https://www.tiktok.com/@tamsudaokeo28/video/7604758018797948167
2026-02-10 15:10:08,988 [INFO]    🧹 Đã dọn dẹp file thành phẩm.
2026-02-10 15:10:13,989 [INFO] 🔍 Quét kênh: https://www.tiktok.com/@tamsudaokeothammy
2026-02-10 15:10:13,989 [INFO]    📌 Điểm mốc: https://www.tiktok.com/@tamsudaokeothammy/video/7602947373689621778
2026-02-10 15:10:15,087 [INFO]    🛑 Gặp mốc cũ -> Dừng.
2026-02-10 15:10:15,088 [INFO]    ✨ Tìm thấy 6 video mới. Làm 3 video.
2026-02-10 15:10:15,088 [INFO] ▶️ BẮT ĐẦU VIDEO: https://www.tiktok.com/@tamsudaokeothammy/video/7603202025618246919
2026-02-10 15:10:18,151 [INFO]    📤 Uploading...
2026-02-10 15:12:19,858 [INFO]    ⏳ Chờ 10s...
2026-02-10 15:12:42,950 [INFO]    🗣️ Tạo Voice...
2026-02-10 15:13:02,558 [INFO]    🎬 Remixing...
2026-02-10 15:13:22,852 [INFO]    ☁️ Uploading Drive...
2026-02-10 15:13:37,461 [INFO]    ✅ HOÀN TẤT!
2026-02-10 15:13:37,462 [INFO]    💾 Đã cập nhật Config: last_video_url = https://www.tiktok.com/@tamsudaokeothammy/video/7603202025618246919
2026-02-10 15:13:37,464 [INFO]    🧹 Đã dọn dẹp file thành phẩm.
2026-02-10 15:13:42,467 [INFO] ▶️ BẮT ĐẦU VIDEO: https://www.tiktok.com/@tamsudaokeothammy/video/7603575376895331592
2026-02-10 15:13:46,351 [INFO]    📤 Uploading...
2026-02-10 15:15:50,435 [INFO]    ⏳ Chờ 10s...
2026-02-10 15:16:05,683 [INFO]    🗣️ Tạo Voice...
2026-02-10 15:16:22,884 [INFO]    🎬 Remixing...
2026-02-10 15:16:44,330 [INFO]    ☁️ Uploading Drive...
2026-02-10 15:16:57,060 [INFO]    ✅ HOÀN TẤT!
2026-02-10 15:16:57,060 [INFO]    💾 Đã cập nhật Config: last_video_url = https://www.tiktok.com/@tamsudaokeothammy/video/7603575376895331592
2026-02-10 15:16:57,061 [INFO]    🧹 Đã dọn dẹp file thành phẩm.
2026-02-10 15:17:02,062 [INFO] ▶️ BẮT ĐẦU VIDEO: https://www.tiktok.com/@tamsudaokeothammy/video/7603685212882521362
2026-02-10 15:17:06,025 [INFO]    📤 Uploading...
2026-02-10 15:19:12,458 [INFO]    ⏳ Chờ 10s...
2026-02-10 15:19:28,290 [INFO]    🗣️ Tạo Voice...
2026-02-10 15:19:46,083 [INFO]    🎬 Remixing...
2026-02-10 15:20:06,017 [INFO]    ☁️ Uploading Drive...
2026-02-10 15:20:18,060 [INFO]    ✅ HOÀN TẤT!
2026-02-10 15:20:18,062 [INFO]    💾 Đã cập nhật Config: last_video_url = https://www.tiktok.com/@tamsudaokeothammy/video/7603685212882521362
2026-02-10 15:20:18,063 [INFO]    🧹 Đã dọn dẹp file thành phẩm.
2026-02-10 15:20:23,066 [INFO] 🏁 WORKER FINISHED. Tổng video thành công: 6
2026-02-10 18:00:06,680 [INFO] 🚀 WORKER STARTED: phongmokechuyen01
2026-02-10 18:00:06,680 [INFO] 📂 Temp Dir: C:\Users\Admin\Downloads\only-clone - fix 1 - Copy\only-clone - fix 1 - Copy\data\phongmokechuyen01\temp
2026-02-10 18:00:06,705 [INFO] 🔍 Quét kênh: https://www.tiktok.com/@tamsudaokeo28
2026-02-10 18:00:06,705 [INFO]    📌 Điểm mốc: https://www.tiktok.com/@tamsudaokeo28/video/7604758018797948167
2026-02-10 18:00:08,308 [INFO]    🛑 Gặp mốc cũ -> Dừng.
2026-02-10 18:00:08,308 [INFO]    ✨ Tìm thấy 8 video mới. Làm 3 video.
2026-02-10 18:00:08,309 [INFO] ▶️ BẮT ĐẦU VIDEO: https://www.tiktok.com/@tamsudaokeo28/video/7604804211183734034
2026-02-10 18:07:43,359 [INFO]    📤 Uploading...
2026-02-10 18:09:51,818 [INFO]    ⏳ Chờ 10s...
2026-02-10 18:10:10,756 [INFO]    🗣️ Tạo Voice...
2026-02-10 18:10:29,356 [INFO]    🎬 Remixing...
2026-02-10 18:10:56,359 [INFO]    ☁️ Uploading Drive...
2026-02-10 18:11:06,267 [INFO]    ✅ HOÀN TẤT!
2026-02-10 18:11:06,268 [INFO]    💾 Đã cập nhật Config: last_video_url = https://www.tiktok.com/@tamsudaokeo28/video/7604804211183734034
2026-02-10 18:11:06,269 [INFO]    🧹 Đã dọn dẹp file thành phẩm.
2026-02-10 18:11:11,273 [INFO] ▶️ BẮT ĐẦU VIDEO: https://www.tiktok.com/@tamsudaokeo28/video/7604811331048410375
2026-02-10 18:11:20,994 [INFO]    📤 Uploading...
2026-02-10 18:13:19,816 [INFO]    ⏳ Chờ 10s...
2026-02-10 18:13:38,021 [INFO]    🗣️ Tạo Voice...
2026-02-10 18:13:58,221 [INFO]    🎬 Remixing...
2026-02-10 18:14:14,830 [INFO]    ☁️ Uploading Drive...
2026-02-10 18:14:24,632 [INFO]    ✅ HOÀN TẤT!
2026-02-10 18:14:24,634 [INFO]    💾 Đã cập nhật Config: last_video_url = https://www.tiktok.com/@tamsudaokeo28/video/7604811331048410375
2026-02-10 18:14:24,635 [INFO]    🧹 Đã dọn dẹp file thành phẩm.
2026-02-10 18:14:29,638 [INFO] ▶️ BẮT ĐẦU VIDEO: https://www.tiktok.com/@tamsudaokeo28/video/7604811944192757012
2026-02-10 18:14:34,618 [INFO]    📤 Uploading...
2026-02-10 18:16:34,043 [INFO]    ⏳ Chờ 10s...
2026-02-10 18:16:57,827 [INFO]    🗣️ Tạo Voice...
2026-02-10 18:17:14,501 [INFO]    🎬 Remixing...
2026-02-10 18:17:32,938 [INFO]    ☁️ Uploading Drive...
2026-02-10 18:17:46,544 [INFO]    ✅ HOÀN TẤT!
2026-02-10 18:17:46,545 [INFO]    💾 Đã cập nhật Config: last_video_url = https://www.tiktok.com/@tamsudaokeo28/video/7604811944192757012
2026-02-10 18:17:46,546 [INFO]    🧹 Đã dọn dẹp file thành phẩm.
2026-02-10 18:17:51,547 [INFO] 🔍 Quét kênh: https://www.tiktok.com/@tamsudaokeothammy
2026-02-10 18:17:51,547 [INFO]    📌 Điểm mốc: https://www.tiktok.com/@tamsudaokeothammy/video/7603685212882521362
2026-02-10 18:17:52,597 [INFO]    🛑 Gặp mốc cũ -> Dừng.
2026-02-10 18:17:52,597 [INFO]    ✨ Tìm thấy 4 video mới. Làm 3 video.
2026-02-10 18:17:52,597 [INFO] ▶️ BẮT ĐẦU VIDEO: https://www.tiktok.com/@tamsudaokeothammy/video/7604742694090394898
2026-02-10 18:17:57,638 [INFO]    📤 Uploading...
2026-02-10 18:19:59,717 [INFO]    ⏳ Chờ 10s...
2026-02-10 18:20:15,576 [INFO]    🗣️ Tạo Voice...
2026-02-10 18:20:33,496 [INFO]    🎬 Remixing...
2026-02-10 18:20:51,187 [INFO]    ☁️ Uploading Drive...
2026-02-10 18:20:59,275 [INFO]    ✅ HOÀN TẤT!
2026-02-10 18:20:59,276 [INFO]    💾 Đã cập nhật Config: last_video_url = https://www.tiktok.com/@tamsudaokeothammy/video/7604742694090394898
2026-02-10 18:20:59,277 [INFO]    🧹 Đã dọn dẹp file thành phẩm.
2026-02-10 18:21:04,278 [INFO] ▶️ BẮT ĐẦU VIDEO: https://www.tiktok.com/@tamsudaokeothammy/video/7605073984274681095
2026-02-10 18:21:10,321 [INFO]    📤 Uploading...
2026-02-10 18:25:05,667 [ERROR]    ❌ Upload thất bại.
2026-02-10 18:25:10,668 [INFO] ▶️ BẮT ĐẦU VIDEO: https://www.tiktok.com/@tamsudaokeothammy/video/7605130789541514503
2026-02-10 18:25:15,140 [INFO]    📤 Uploading...
2026-02-10 18:27:14,113 [INFO]    ⏳ Chờ 10s...
2026-02-10 18:27:29,657 [INFO]    🗣️ Tạo Voice...
2026-02-10 18:27:50,779 [INFO]    🎬 Remixing...
2026-02-10 18:28:06,688 [INFO]    ☁️ Uploading Drive...
2026-02-10 18:28:16,790 [INFO]    ✅ HOÀN TẤT!
2026-02-10 18:28:16,791 [INFO]    💾 Đã cập nhật Config: last_video_url = https://www.tiktok.com/@tamsudaokeothammy/video/7605130789541514503
2026-02-10 18:28:16,792 [INFO]    🧹 Đã dọn dẹp file thành phẩm.
2026-02-10 18:28:21,793 [INFO] 🏁 WORKER FINISHED. Tổng video thành công: 5
2026-02-11 12:29:02,894 [INFO] 🚀 WORKER STARTED: phongmokechuyen01
2026-02-11 12:29:02,894 [INFO] 📂 Temp Dir: C:\Users\Admin\Downloads\only-clone - fix 1 - Copy\only-clone - fix 1 - Copy\data\phongmokechuyen01\temp
2026-02-11 12:29:02,907 [INFO] 🔍 Quét kênh: https://www.tiktok.com/@tamsudaokeo28
2026-02-11 12:29:02,907 [INFO]    📌 Điểm mốc: https://www.tiktok.com/@tamsudaokeo28/video/7604811944192757012
2026-02-11 12:29:04,393 [INFO]    🛑 Gặp mốc cũ -> Dừng.
2026-02-11 12:29:04,393 [INFO]    ✨ Tìm thấy 8 video mới. Làm 3 video.
2026-02-11 12:29:04,393 [INFO] ▶️ BẮT ĐẦU VIDEO: https://www.tiktok.com/@tamsudaokeo28/video/7605078999525494023
2026-02-11 12:29:10,390 [INFO]    📤 Uploading...
2026-02-11 12:31:13,336 [INFO]    ⏳ Chờ 10s...
2026-02-11 12:31:35,206 [INFO]    🗣️ Tạo Voice...
2026-02-11 12:31:54,250 [INFO]    🎬 Remixing...
2026-02-11 12:32:10,240 [INFO]    ☁️ Uploading Drive...
2026-02-11 12:32:20,583 [INFO]    ✅ HOÀN TẤT!
2026-02-11 12:32:20,584 [INFO]    💾 Đã cập nhật Config: last_video_url = https://www.tiktok.com/@tamsudaokeo28/video/7605078999525494023
2026-02-11 12:32:20,585 [INFO]    🧹 Đã dọn dẹp file thành phẩm.
2026-02-11 12:32:25,586 [INFO] ▶️ BẮT ĐẦU VIDEO: https://www.tiktok.com/@tamsudaokeo28/video/7605091627304078613
2026-02-11 12:32:30,024 [INFO]    📤 Uploading...
2026-02-11 12:34:28,447 [INFO]    ⏳ Chờ 10s...
2026-02-11 12:34:43,715 [INFO]    🗣️ Tạo Voice...
2026-02-11 12:35:03,166 [INFO]    🎬 Remixing...
2026-02-11 12:35:28,942 [INFO]    ☁️ Uploading Drive...
2026-02-11 12:35:39,750 [INFO]    ✅ HOÀN TẤT!
2026-02-11 12:35:39,750 [INFO]    💾 Đã cập nhật Config: last_video_url = https://www.tiktok.com/@tamsudaokeo28/video/7605091627304078613
2026-02-11 12:35:39,752 [INFO]    🧹 Đã dọn dẹp file thành phẩm.
2026-02-11 12:35:44,753 [INFO] ▶️ BẮT ĐẦU VIDEO: https://www.tiktok.com/@tamsudaokeo28/video/7605128373563559188
2026-02-11 12:35:52,313 [INFO]    📤 Uploading...
2026-02-11 12:37:47,905 [INFO]    ⏳ Chờ 10s...
2026-02-11 12:38:03,625 [INFO]    🗣️ Tạo Voice...
2026-02-11 12:38:32,998 [INFO]    🎬 Remixing...
2026-02-11 12:38:57,006 [INFO]    ☁️ Uploading Drive...
2026-02-11 12:39:08,214 [INFO]    ✅ HOÀN TẤT!
2026-02-11 12:39:08,215 [INFO]    💾 Đã cập nhật Config: last_video_url = https://www.tiktok.com/@tamsudaokeo28/video/7605128373563559188
2026-02-11 12:39:08,217 [INFO]    🧹 Đã dọn dẹp file thành phẩm.
2026-02-11 12:39:13,219 [INFO] 🔍 Quét kênh: https://www.tiktok.com/@tamsudaokeothammy
2026-02-11 12:39:13,219 [INFO]    📌 Điểm mốc: https://www.tiktok.com/@tamsudaokeothammy/video/7605130789541514503
2026-02-11 12:39:14,518 [INFO]    🛑 Gặp mốc cũ -> Dừng.
2026-02-11 12:39:14,518 [INFO]    ✨ Tìm thấy 1 video mới. Làm 1 video.
2026-02-11 12:39:14,518 [INFO] ▶️ BẮT ĐẦU VIDEO: https://www.tiktok.com/@tamsudaokeothammy/video/7605159134454926599
2026-02-11 12:39:20,242 [INFO]    📤 Uploading...
2026-02-11 12:43:19,070 [ERROR]    ❌ Upload thất bại.
2026-02-11 12:43:24,072 [INFO] 🏁 WORKER FINISHED. Tổng video thành công: 3
2026-02-11 15:00:02,300 [INFO] 🚀 WORKER STARTED: phongmokechuyen01
2026-02-11 15:00:02,300 [INFO] 📂 Temp Dir: C:\Users\Admin\Downloads\only-clone - fix 1 - Copy\only-clone - fix 1 - Copy\data\phongmokechuyen01\temp
2026-02-11 15:00:02,313 [INFO] 🔍 Quét kênh: https://www.tiktok.com/@tamsudaokeo28
2026-02-11 15:00:02,313 [INFO]    📌 Điểm mốc: https://www.tiktok.com/@tamsudaokeo28/video/7605128373563559188
2026-02-11 15:00:03,826 [INFO]    🛑 Gặp mốc cũ -> Dừng.
2026-02-11 15:00:03,826 [INFO]    ✨ Tìm thấy 6 video mới. Làm 3 video.
2026-02-11 15:00:03,826 [INFO] ▶️ BẮT ĐẦU VIDEO: https://www.tiktok.com/@tamsudaokeo28/video/7605179804794539285
2026-02-11 15:00:14,264 [INFO]    📤 Uploading...
2026-02-11 15:02:33,253 [INFO]    ⏳ Chờ 10s...
2026-02-11 15:02:49,706 [INFO]    🗣️ Tạo Voice...
2026-02-11 15:03:13,205 [INFO]    🎬 Remixing...
2026-02-11 15:04:10,905 [INFO]    ☁️ Uploading Drive...
2026-02-11 15:04:29,451 [INFO]    ✅ HOÀN TẤT!
2026-02-11 15:04:29,451 [INFO]    💾 Đã cập nhật Config: last_video_url = https://www.tiktok.com/@tamsudaokeo28/video/7605179804794539285
2026-02-11 15:04:29,454 [INFO]    🧹 Đã dọn dẹp file thành phẩm.
2026-02-11 15:04:34,456 [INFO] ▶️ BẮT ĐẦU VIDEO: https://www.tiktok.com/@tamsudaokeo28/video/7605183698706746644
2026-02-11 15:04:38,788 [INFO]    📤 Uploading...
2026-02-12 18:43:46,035 [INFO] 🚀 WORKER STARTED: phongmokechuyen01
2026-02-12 18:43:46,035 [INFO] 📂 Temp Dir: C:\Users\Admin\Downloads\only-clone - fix 1 - Copy\only-clone - fix 1 - Copy\data\phongmokechuyen01\temp
2026-02-12 18:43:46,062 [INFO] 🔍 Quét kênh: https://www.tiktok.com/@tamsudaokeo28
2026-02-12 18:43:46,063 [INFO]    📌 Điểm mốc: https://www.tiktok.com/@tamsudaokeo28/video/7605179804794539285
2026-02-12 18:43:47,751 [INFO]    🛑 Gặp mốc cũ -> Dừng.
2026-02-12 18:43:47,751 [INFO]    ✨ Tìm thấy 10 video mới. Làm 3 video.
2026-02-12 18:43:47,751 [INFO] ▶️ BẮT ĐẦU VIDEO: https://www.tiktok.com/@tamsudaokeo28/video/7605183698706746644
2026-02-12 18:43:57,725 [INFO]    📤 Uploading...
2026-02-12 18:46:02,144 [INFO]    ⏳ Chờ 10s...
2026-02-12 18:46:25,554 [INFO]    🗣️ Tạo Voice...
2026-02-12 18:46:55,296 [INFO]    🎬 Remixing...
2026-02-12 18:47:52,828 [INFO]    ☁️ Uploading Drive...
2026-02-12 18:48:07,494 [INFO]    ✅ HOÀN TẤT!
2026-02-12 18:48:07,495 [INFO]    💾 Đã cập nhật Config: last_video_url = https://www.tiktok.com/@tamsudaokeo28/video/7605183698706746644
2026-02-12 18:48:07,497 [INFO]    🧹 Đã dọn dẹp file thành phẩm.
2026-02-12 18:48:12,499 [INFO] ▶️ BẮT ĐẦU VIDEO: https://www.tiktok.com/@tamsudaokeo28/video/7605179977851620628
2026-02-12 18:48:20,222 [INFO]    📤 Uploading...
2026-02-12 18:50:24,182 [INFO]    ⏳ Chờ 10s...
2026-02-12 18:50:49,300 [INFO]    🗣️ Tạo Voice...
2026-02-12 18:51:11,174 [INFO]    🎬 Remixing...
2026-02-12 18:51:43,982 [INFO]    ☁️ Uploading Drive...
2026-02-12 18:51:55,077 [INFO]    ✅ HOÀN TẤT!
2026-02-12 18:51:55,078 [INFO]    💾 Đã cập nhật Config: last_video_url = https://www.tiktok.com/@tamsudaokeo28/video/7605179977851620628
2026-02-12 18:51:55,079 [INFO]    🧹 Đã dọn dẹp file thành phẩm.
2026-02-12 18:52:00,081 [INFO] ▶️ BẮT ĐẦU VIDEO: https://www.tiktok.com/@tamsudaokeo28/video/7605445872733752597
2026-02-12 18:52:11,340 [INFO]    📤 Uploading...
2026-02-12 18:54:12,194 [INFO]    ⏳ Chờ 10s...
2026-02-12 18:54:39,803 [INFO]    🗣️ Tạo Voice...
2026-02-12 18:56:25,901 [INFO]    🎬 Remixing...
2026-02-12 18:56:50,851 [INFO]    ☁️ Uploading Drive...
2026-02-12 18:57:09,973 [INFO]    ✅ HOÀN TẤT!
2026-02-12 18:57:09,974 [INFO]    💾 Đã cập nhật Config: last_video_url = https://www.tiktok.com/@tamsudaokeo28/video/7605445872733752597
2026-02-12 18:57:09,975 [INFO]    🧹 Đã dọn dẹp file thành phẩm.
2026-02-12 18:57:14,980 [INFO] 🔍 Quét kênh: https://www.tiktok.com/@tamsudaokeothammy
2026-02-12 18:57:14,981 [INFO]    📌 Điểm mốc: https://www.tiktok.com/@tamsudaokeothammy/video/7605130789541514503
2026-02-12 18:57:16,053 [INFO]    🛑 Gặp mốc cũ -> Dừng.
2026-02-12 18:57:16,053 [INFO]    ✨ Tìm thấy 5 video mới. Làm 3 video.
2026-02-12 18:57:16,053 [INFO] ▶️ BẮT ĐẦU VIDEO: https://www.tiktok.com/@tamsudaokeothammy/video/7605159134454926599
2026-02-12 18:57:20,774 [INFO]    📤 Uploading...
2026-02-12 19:00:36,482 [INFO] 🚀 WORKER STARTED: phongmokechuyen01
2026-02-12 19:00:36,482 [INFO] 📂 Temp Dir: C:\Users\Admin\Downloads\only-clone - fix 1 - Copy\only-clone - fix 1 - Copy\data\phongmokechuyen01\temp
2026-02-12 19:00:36,505 [INFO] 🔍 Quét kênh: https://www.tiktok.com/@tamsudaokeo28
2026-02-12 19:00:36,505 [INFO]    📌 Điểm mốc: https://www.tiktok.com/@tamsudaokeo28/video/7605445872733752597
2026-02-12 19:00:38,355 [INFO]    🛑 Gặp mốc cũ -> Dừng.
2026-02-12 19:00:38,355 [INFO]    ✨ Tìm thấy 7 video mới. Làm 3 video.
2026-02-12 19:00:38,355 [INFO] ▶️ BẮT ĐẦU VIDEO: https://www.tiktok.com/@tamsudaokeo28/video/7605463425212271879
2026-02-12 19:00:49,919 [INFO]    📤 Uploading...
2026-02-12 19:03:35,258 [INFO] 🚀 WORKER STARTED: phongmokechuyen01
2026-02-12 19:03:35,258 [INFO] 📂 Temp Dir: C:\Users\Admin\Downloads\only-clone - fix 1 - Copy\only-clone - fix 1 - Copy\data\phongmokechuyen01\temp
2026-02-12 19:03:35,258 [INFO] 🔍 Quét kênh: https://www.tiktok.com/@tamsudaokeo28
2026-02-12 19:03:35,258 [INFO]    📌 Điểm mốc: https://www.tiktok.com/@tamsudaokeo28/video/7605445872733752597
2026-02-12 19:03:36,985 [INFO]    🛑 Gặp mốc cũ -> Dừng.
2026-02-12 19:03:36,985 [INFO]    ✨ Tìm thấy 7 video mới. Làm 3 video.
2026-02-12 19:03:36,985 [INFO] ▶️ BẮT ĐẦU VIDEO: https://www.tiktok.com/@tamsudaokeo28/video/7605463425212271879
2026-02-12 19:03:50,402 [INFO]    📤 Uploading...
2026-02-12 19:05:47,883 [INFO]    ⏳ Chờ 10s...
2026-02-12 19:06:13,747 [INFO]    🗣️ Tạo Voice...
2026-02-12 19:06:36,871 [INFO]    🎬 Remixing...
2026-02-12 19:07:27,249 [INFO]    ☁️ Uploading Drive...
2026-02-12 19:08:07,626 [INFO]    ✅ HOÀN TẤT!
2026-02-12 19:08:07,627 [INFO]    💾 Đã cập nhật Config: last_video_url = https://www.tiktok.com/@tamsudaokeo28/video/7605463425212271879
2026-02-12 19:08:07,628 [INFO]    🧹 Đã dọn dẹp file thành phẩm.
2026-02-12 19:08:12,631 [INFO] ▶️ BẮT ĐẦU VIDEO: https://www.tiktok.com/@tamsudaokeo28/video/7605508004062137620
2026-02-12 19:08:35,340 [INFO]    📤 Uploading...
2026-02-12 19:10:40,934 [INFO]    ⏳ Chờ 10s...
2026-02-12 19:11:01,965 [INFO]    🗣️ Tạo Voice...
2026-02-12 19:11:33,901 [INFO]    🎬 Remixing...
2026-02-12 19:12:00,021 [INFO]    ☁️ Uploading Drive...
2026-02-12 19:12:45,569 [INFO]    ✅ HOÀN TẤT!
2026-02-12 19:12:45,570 [INFO]    💾 Đã cập nhật Config: last_video_url = https://www.tiktok.com/@tamsudaokeo28/video/7605508004062137620
2026-02-12 19:12:45,572 [INFO]    🧹 Đã dọn dẹp file thành phẩm.
2026-02-12 19:12:50,578 [INFO] ▶️ BẮT ĐẦU VIDEO: https://www.tiktok.com/@tamsudaokeo28/video/7605531389097774357
2026-02-12 19:12:52,489 [INFO]    📤 Uploading...
2026-02-12 19:16:51,473 [ERROR]    ❌ Upload thất bại.
2026-02-12 19:16:56,478 [INFO] 🔍 Quét kênh: https://www.tiktok.com/@tamsudaokeothammy
2026-02-12 19:16:56,479 [INFO]    📌 Điểm mốc: https://www.tiktok.com/@tamsudaokeothammy/video/7605130789541514503
2026-02-12 19:16:58,087 [INFO]    🛑 Gặp mốc cũ -> Dừng.
2026-02-12 19:16:58,087 [INFO]    ✨ Tìm thấy 5 video mới. Làm 3 video.
2026-02-12 19:16:58,087 [INFO] ▶️ BẮT ĐẦU VIDEO: https://www.tiktok.com/@tamsudaokeothammy/video/7605159134454926599
2026-02-12 19:17:02,654 [INFO]    📤 Uploading...
2026-02-12 19:18:59,795 [INFO]    ⏳ Chờ 10s...
2026-02-12 19:19:19,747 [INFO]    🗣️ Tạo Voice...
2026-02-12 19:19:43,207 [INFO]    🎬 Remixing...
2026-02-12 19:20:28,415 [INFO]    ☁️ Uploading Drive...
2026-02-12 19:20:38,463 [INFO]    ✅ HOÀN TẤT!
2026-02-12 19:20:38,464 [INFO]    💾 Đã cập nhật Config: last_video_url = https://www.tiktok.com/@tamsudaokeothammy/video/7605159134454926599
2026-02-12 19:20:38,465 [INFO]    🧹 Đã dọn dẹp file thành phẩm.
2026-02-12 19:20:43,466 [INFO] ▶️ BẮT ĐẦU VIDEO: https://www.tiktok.com/@tamsudaokeothammy/video/7605488921493146887
2026-02-12 19:20:48,107 [INFO]    📤 Uploading...
2026-02-12 19:22:45,035 [INFO]    ⏳ Chờ 10s...
2026-02-12 19:23:06,346 [INFO]    🗣️ Tạo Voice...
2026-02-12 19:23:25,883 [INFO]    🎬 Remixing...
2026-02-12 19:23:56,375 [INFO]    ☁️ Uploading Drive...
2026-02-12 19:24:05,524 [INFO]    ✅ HOÀN TẤT!
2026-02-12 19:24:05,525 [INFO]    💾 Đã cập nhật Config: last_video_url = https://www.tiktok.com/@tamsudaokeothammy/video/7605488921493146887
2026-02-12 19:24:05,526 [INFO]    🧹 Đã dọn dẹp file thành phẩm.
2026-02-12 19:24:10,527 [INFO] ▶️ BẮT ĐẦU VIDEO: https://www.tiktok.com/@tamsudaokeothammy/video/7605518922900704519
2026-02-12 19:24:20,815 [INFO]    📤 Uploading...
2026-02-12 19:26:25,126 [INFO]    ⏳ Chờ 10s...
2026-02-12 19:26:42,652 [INFO]    🗣️ Tạo Voice...
2026-02-12 19:27:05,916 [INFO]    🎬 Remixing...
2026-02-12 19:27:25,710 [INFO]    ☁️ Uploading Drive...
2026-02-12 19:27:35,315 [INFO]    ✅ HOÀN TẤT!
2026-02-12 19:27:35,316 [INFO]    💾 Đã cập nhật Config: last_video_url = https://www.tiktok.com/@tamsudaokeothammy/video/7605518922900704519
2026-02-12 19:27:35,316 [INFO]    🧹 Đã dọn dẹp file thành phẩm.
2026-02-12 19:27:40,318 [INFO] 🏁 WORKER FINISHED. Tổng video thành công: 5
2026-02-13 10:00:05,409 [INFO] 🚀 WORKER STARTED: phongmokechuyen01
2026-02-13 10:00:05,409 [INFO] 📂 Temp Dir: C:\Users\Admin\Downloads\only-clone - fix 1 - Copy\only-clone - fix 1 - Copy\data\phongmokechuyen01\temp
2026-02-13 10:00:05,439 [INFO] 🔍 Quét kênh: https://www.tiktok.com/@tamsudaokeo28
2026-02-13 10:00:05,439 [INFO]    📌 Điểm mốc: https://www.tiktok.com/@tamsudaokeo28/video/7605508004062137620
2026-02-13 10:00:07,071 [INFO]    🛑 Gặp mốc cũ -> Dừng.
2026-02-13 10:00:07,071 [INFO]    ✨ Tìm thấy 5 video mới. Làm 3 video.
2026-02-13 10:00:07,071 [INFO] ▶️ BẮT ĐẦU VIDEO: https://www.tiktok.com/@tamsudaokeo28/video/7605531389097774357
2026-02-13 10:00:10,198 [INFO]    📤 Uploading...
2026-02-13 10:00:17,151 [ERROR]    ❌ Upload thất bại.
2026-02-13 10:00:22,152 [INFO] ▶️ BẮT ĐẦU VIDEO: https://www.tiktok.com/@tamsudaokeo28/video/7605548932545924372
2026-02-13 10:00:25,390 [INFO]    📤 Uploading...
2026-02-13 10:02:23,103 [INFO]    ⏳ Chờ 10s...
2026-02-13 10:02:48,331 [INFO]    🗣️ Tạo Voice...
2026-02-13 10:03:08,243 [INFO]    🎬 Remixing...
2026-02-13 10:03:58,614 [INFO]    ☁️ Uploading Drive...
2026-02-13 10:04:11,535 [INFO]    ✅ HOÀN TẤT!
2026-02-13 10:04:11,537 [INFO]    💾 Đã cập nhật Config: last_video_url = https://www.tiktok.com/@tamsudaokeo28/video/7605548932545924372
2026-02-13 10:04:11,539 [INFO]    🧹 Đã dọn dẹp file thành phẩm.
2026-02-13 10:04:16,541 [INFO] ▶️ BẮT ĐẦU VIDEO: https://www.tiktok.com/@tamsudaokeo28/video/7605549370926288149
2026-02-13 10:04:24,699 [INFO]    📤 Uploading...
2026-02-13 10:08:29,114 [ERROR]    ❌ Upload thất bại.
2026-02-13 10:08:34,116 [INFO] 🔍 Quét kênh: https://www.tiktok.com/@tamsudaokeothammy
2026-02-13 10:08:34,116 [INFO]    📌 Điểm mốc: https://www.tiktok.com/@tamsudaokeothammy/video/7605518922900704519
2026-02-13 10:08:35,121 [INFO]    🛑 Gặp mốc cũ -> Dừng.
2026-02-13 10:08:35,122 [INFO]    ✨ Tìm thấy 2 video mới. Làm 2 video.
2026-02-13 10:08:35,122 [INFO] ▶️ BẮT ĐẦU VIDEO: https://www.tiktok.com/@tamsudaokeothammy/video/7605541405338930450
2026-02-13 10:08:41,419 [INFO]    📤 Uploading...
2026-02-13 10:12:40,635 [ERROR]    ❌ Upload thất bại.
2026-02-13 10:12:45,637 [INFO] ▶️ BẮT ĐẦU VIDEO: https://www.tiktok.com/@tamsudaokeothammy/video/7605553346782481672
2026-02-13 10:12:51,623 [INFO]    📤 Uploading...
2026-02-13 10:16:49,312 [ERROR]    ❌ Upload thất bại.
2026-02-13 10:16:54,313 [INFO] 🏁 WORKER FINISHED. Tổng video thành công: 1
2026-02-17 23:02:08,891 [INFO] 🚀 WORKER STARTED: phongmokechuyen01
2026-02-17 23:02:08,891 [INFO] 📂 Temp Dir: C:\Users\Admin\Downloads\only-clone - fix 1 - Copy\only-clone - fix 1 - Copy\data\phongmokechuyen01\temp
2026-02-17 23:02:08,910 [INFO] 🔍 Quét kênh: https://www.tiktok.com/@tamsudaokeo28
2026-02-17 23:02:08,910 [INFO]    📌 Điểm mốc: https://www.tiktok.com/@tamsudaokeo28/video/7605548932545924372
2026-02-17 23:02:10,527 [INFO]    🛑 Gặp mốc cũ -> Dừng.
2026-02-17 23:02:10,527 [INFO]    ✨ Tìm thấy 8 video mới. Làm 3 video.
2026-02-17 23:02:10,527 [INFO] ▶️ BẮT ĐẦU VIDEO: https://www.tiktok.com/@tamsudaokeo28/video/7605549370926288149
2026-02-17 23:02:18,314 [INFO]    📤 Uploading...
2026-02-17 23:04:22,947 [INFO]    ⏳ Chờ 10s...
2026-02-17 23:04:53,922 [INFO]    🗣️ Tạo Voice...
2026-02-17 23:05:20,103 [INFO]    🎬 Remixing...
2026-02-17 23:06:40,830 [INFO]    ☁️ Uploading Drive...
2026-02-17 23:06:55,035 [INFO]    ✅ HOÀN TẤT!
2026-02-17 23:06:55,036 [INFO]    💾 Đã cập nhật Config: last_video_url = https://www.tiktok.com/@tamsudaokeo28/video/7605549370926288149
2026-02-17 23:06:55,037 [INFO]    🧹 Đã dọn dẹp file thành phẩm.
2026-02-17 23:07:00,038 [INFO] ▶️ BẮT ĐẦU VIDEO: https://www.tiktok.com/@tamsudaokeo28/video/7605594101605485841
2026-02-17 23:07:09,451 [INFO]    📤 Uploading...
2026-02-17 23:09:15,381 [INFO]    ⏳ Chờ 10s...
2026-02-17 23:09:34,469 [INFO]    🗣️ Tạo Voice...
2026-02-17 23:10:03,363 [INFO]    🎬 Remixing...
2026-02-17 23:11:00,195 [INFO]    ☁️ Uploading Drive...
2026-02-17 23:11:17,853 [INFO]    ✅ HOÀN TẤT!
2026-02-17 23:11:17,855 [INFO]    💾 Đã cập nhật Config: last_video_url = https://www.tiktok.com/@tamsudaokeo28/video/7605594101605485841
2026-02-17 23:11:17,856 [INFO]    🧹 Đã dọn dẹp file thành phẩm.
2026-02-17 23:11:22,860 [INFO] ▶️ BẮT ĐẦU VIDEO: https://www.tiktok.com/@tamsudaokeo28/video/7605908229377330439
2026-02-17 23:11:30,552 [INFO]    📤 Uploading...
2026-02-17 23:13:29,696 [INFO]    ⏳ Chờ 10s...
2026-02-17 23:13:47,780 [INFO]    🗣️ Tạo Voice...
2026-02-17 23:23:02,606 [INFO] 🚀 WORKER STARTED: phongmokechuyen01
2026-02-17 23:23:02,606 [INFO] 📂 Temp Dir: C:\Users\Admin\Downloads\only-clone - fix 1 - Copy\only-clone - fix 1 - Copy\data\phongmokechuyen01\temp
2026-02-17 23:23:02,626 [INFO] 🔍 Quét kênh: https://www.tiktok.com/@tamsudaokeo28
2026-02-17 23:23:02,626 [INFO]    📌 Điểm mốc: https://www.tiktok.com/@tamsudaokeo28/video/7605594101605485841
2026-02-17 23:23:04,497 [INFO]    🛑 Gặp mốc cũ -> Dừng.
2026-02-17 23:23:04,497 [INFO]    ✨ Tìm thấy 6 video mới. Làm 3 video.
2026-02-17 23:23:04,497 [INFO] ▶️ BẮT ĐẦU VIDEO: https://www.tiktok.com/@tamsudaokeo28/video/7605908229377330439
2026-02-17 23:23:20,470 [INFO]    📤 Uploading...
2026-02-17 23:25:21,385 [INFO]    ⏳ Chờ 10s...
2026-02-17 23:25:40,703 [INFO]    🗣️ Tạo Voice...
2026-02-17 23:26:07,314 [INFO]    🎬 Remixing...
2026-02-17 23:26:34,937 [INFO]    ☁️ Uploading Drive...
2026-02-17 23:26:48,592 [INFO]    ✅ HOÀN TẤT!
2026-02-17 23:26:48,593 [INFO]    💾 Đã cập nhật Config: last_video_url = https://www.tiktok.com/@tamsudaokeo28/video/7605908229377330439
2026-02-17 23:26:48,594 [INFO]    🧹 Đã dọn dẹp file thành phẩm.
2026-02-17 23:26:53,596 [INFO] ▶️ BẮT ĐẦU VIDEO: https://www.tiktok.com/@tamsudaokeo28/video/7606182508799085844
2026-02-17 23:27:02,063 [INFO]    📤 Uploading...
2026-02-17 23:28:57,312 [INFO]    ⏳ Chờ 10s...
2026-02-17 23:29:22,465 [INFO]    🗣️ Tạo Voice...
2026-02-17 23:29:46,829 [INFO]    🎬 Remixing...
2026-02-17 23:30:13,101 [INFO]    ☁️ Uploading Drive...
2026-02-17 23:30:31,044 [INFO]    ✅ HOÀN TẤT!
2026-02-17 23:30:31,045 [INFO]    💾 Đã cập nhật Config: last_video_url = https://www.tiktok.com/@tamsudaokeo28/video/7606182508799085844
2026-02-17 23:30:31,046 [INFO]    🧹 Đã dọn dẹp file thành phẩm.
2026-02-17 23:30:36,048 [INFO] ▶️ BẮT ĐẦU VIDEO: https://www.tiktok.com/@tamsudaokeo28/video/7606182667628875029
2026-02-17 23:30:42,801 [INFO]    📤 Uploading...
2026-02-17 23:32:22,384 [INFO]    ⏳ Chờ 10s...
2026-02-17 23:32:41,927 [INFO]    🗣️ Tạo Voice...
2026-02-17 23:33:09,826 [INFO]    🎬 Remixing...
2026-02-17 23:33:30,868 [INFO]    ☁️ Uploading Drive...
2026-02-17 23:33:43,981 [INFO]    ✅ HOÀN TẤT!
2026-02-17 23:33:43,982 [INFO]    💾 Đã cập nhật Config: last_video_url = https://www.tiktok.com/@tamsudaokeo28/video/7606182667628875029
2026-02-17 23:33:43,982 [INFO]    🧹 Đã dọn dẹp file thành phẩm.
2026-02-17 23:33:48,984 [INFO] 🔍 Quét kênh: https://www.tiktok.com/@tamsudaokeothammy
2026-02-17 23:33:48,984 [INFO]    📌 Điểm mốc: https://www.tiktok.com/@tamsudaokeothammy/video/7605518922900704519
2026-02-17 23:33:49,973 [INFO]    🛑 Gặp mốc cũ -> Dừng.
2026-02-17 23:33:49,973 [INFO]    ✨ Tìm thấy 2 video mới. Làm 2 video.
2026-02-17 23:33:49,973 [INFO] ▶️ BẮT ĐẦU VIDEO: https://www.tiktok.com/@tamsudaokeothammy/video/7605541405338930450
2026-02-17 23:33:53,430 [INFO]    📤 Uploading...
2026-02-17 23:35:52,672 [INFO]    ⏳ Chờ 10s...
2026-02-17 23:36:12,124 [INFO]    🗣️ Tạo Voice...
2026-02-17 23:36:35,150 [INFO]    🎬 Remixing...
2026-02-17 23:36:57,617 [INFO]    ☁️ Uploading Drive...
2026-02-17 23:37:08,368 [INFO]    ✅ HOÀN TẤT!
2026-02-17 23:37:08,369 [INFO]    💾 Đã cập nhật Config: last_video_url = https://www.tiktok.com/@tamsudaokeothammy/video/7605541405338930450
2026-02-17 23:37:08,371 [INFO]    🧹 Đã dọn dẹp file thành phẩm.
2026-02-17 23:37:13,375 [INFO] ▶️ BẮT ĐẦU VIDEO: https://www.tiktok.com/@tamsudaokeothammy/video/7605553346782481672
2026-02-17 23:37:17,247 [INFO]    📤 Uploading...
2026-02-17 23:39:22,849 [INFO]    ⏳ Chờ 10s...
2026-02-18 10:00:02,612 [INFO] 🚀 WORKER STARTED: phongmokechuyen01
2026-02-18 10:00:02,612 [INFO] 📂 Temp Dir: C:\Users\Admin\Downloads\only-clone - fix 1 - Copy\only-clone - fix 1 - Copy\data\phongmokechuyen01\temp
2026-02-18 10:00:02,629 [INFO] 🔍 Quét kênh: https://www.tiktok.com/@tamsudaokeo28
2026-02-18 10:00:02,629 [INFO]    📌 Điểm mốc: https://www.tiktok.com/@tamsudaokeo28/video/7606182667628875029
2026-02-18 10:00:04,276 [INFO]    🛑 Gặp mốc cũ -> Dừng.
2026-02-18 10:00:04,276 [INFO]    ✨ Tìm thấy 4 video mới. Làm 3 video.
2026-02-18 10:00:04,276 [INFO] ▶️ BẮT ĐẦU VIDEO: https://www.tiktok.com/@tamsudaokeo28/video/7606182776248732949
2026-02-18 10:00:26,612 [INFO]    📤 Uploading...
2026-02-18 10:00:29,286 [ERROR]    ❌ Upload thất bại.
2026-02-18 10:00:34,288 [INFO] ▶️ BẮT ĐẦU VIDEO: https://www.tiktok.com/@tamsudaokeo28/video/7606188100301147412
2026-02-18 10:00:40,771 [INFO]    📤 Uploading...
2026-02-18 10:01:13,551 [ERROR]    ❌ Upload thất bại.
2026-02-18 10:01:18,553 [INFO] ▶️ BẮT ĐẦU VIDEO: https://www.tiktok.com/@tamsudaokeo28/video/7606198028642323730
2026-02-18 10:01:45,018 [INFO]    📤 Uploading...
2026-02-18 10:03:44,575 [INFO]    ⏳ Chờ 10s...
2026-02-18 10:04:02,405 [INFO]    🗣️ Tạo Voice...
2026-02-18 10:04:25,510 [INFO]    🎬 Remixing...
2026-02-18 10:05:05,828 [INFO]    ☁️ Uploading Drive...
2026-02-18 10:05:26,162 [INFO]    ✅ HOÀN TẤT!
2026-02-18 10:05:26,163 [INFO]    💾 Đã cập nhật Config: last_video_url = https://www.tiktok.com/@tamsudaokeo28/video/7606198028642323730
2026-02-18 10:05:26,165 [INFO]    🧹 Đã dọn dẹp file thành phẩm.
2026-02-18 10:05:31,167 [INFO] 🔍 Quét kênh: https://www.tiktok.com/@tamsudaokeothammy
2026-02-18 10:05:31,168 [INFO]    📌 Điểm mốc: https://www.tiktok.com/@tamsudaokeothammy/video/7605541405338930450
2026-02-18 10:05:32,228 [INFO]    🛑 Gặp mốc cũ -> Dừng.
2026-02-18 10:05:32,228 [INFO]    ✨ Tìm thấy 1 video mới. Làm 1 video.
2026-02-18 10:05:32,228 [INFO] ▶️ BẮT ĐẦU VIDEO: https://www.tiktok.com/@tamsudaokeothammy/video/7605553346782481672
2026-02-18 10:05:37,543 [INFO]    📤 Uploading...
2026-02-18 10:07:38,556 [INFO]    ⏳ Chờ 10s...
2026-02-18 10:07:57,120 [INFO]    🗣️ Tạo Voice...
2026-02-18 10:08:22,319 [INFO]    🎬 Remixing...
2026-02-18 10:08:44,465 [INFO] 🏁 WORKER FINISHED. Tổng video thành công: 1
2026-02-18 15:00:02,591 [INFO] 🚀 WORKER STARTED: phongmokechuyen01
2026-02-18 15:00:02,591 [INFO] 📂 Temp Dir: C:\Users\Admin\Downloads\only-clone - fix 1 - Copy\only-clone - fix 1 - Copy\data\phongmokechuyen01\temp
2026-02-18 15:00:02,607 [INFO] 🔍 Quét kênh: https://www.tiktok.com/@tamsudaokeo28
2026-02-18 15:00:02,607 [INFO]    📌 Điểm mốc: https://www.tiktok.com/@tamsudaokeo28/video/7606198028642323730
2026-02-18 15:00:04,172 [INFO]    🛑 Gặp mốc cũ -> Dừng.
2026-02-18 15:00:04,172 [INFO]    ✨ Tìm thấy 1 video mới. Làm 1 video.
2026-02-18 15:00:04,172 [INFO] ▶️ BẮT ĐẦU VIDEO: https://www.tiktok.com/@tamsudaokeo28/video/7606208437814447378
2026-02-18 15:00:35,110 [INFO]    📤 Uploading...
2026-02-18 15:01:09,848 [ERROR]    ❌ Upload thất bại.
2026-02-18 15:01:14,850 [INFO] 🔍 Quét kênh: https://www.tiktok.com/@tamsudaokeothammy
2026-02-18 15:01:14,850 [INFO]    📌 Điểm mốc: https://www.tiktok.com/@tamsudaokeothammy/video/7605541405338930450
2026-02-18 15:01:16,065 [INFO]    🛑 Gặp mốc cũ -> Dừng.
2026-02-18 15:01:16,066 [INFO]    ✨ Tìm thấy 1 video mới. Làm 1 video.
2026-02-18 15:01:16,066 [INFO] ▶️ BẮT ĐẦU VIDEO: https://www.tiktok.com/@tamsudaokeothammy/video/7605553346782481672
2026-02-18 15:01:22,640 [INFO]    📤 Uploading...
2026-02-18 15:03:17,020 [INFO]    ⏳ Chờ 10s...
2026-02-18 15:03:38,762 [INFO]    🗣️ Tạo Voice...
2026-02-18 15:04:04,547 [INFO]    🎬 Remixing...
2026-02-18 15:04:59,538 [INFO]    ☁️ Uploading Drive...
2026-02-18 15:05:09,982 [INFO]    ✅ HOÀN TẤT!
2026-02-18 15:05:09,984 [INFO]    💾 Đã cập nhật Config: last_video_url = https://www.tiktok.com/@tamsudaokeothammy/video/7605553346782481672
2026-02-18 15:05:09,985 [INFO]    🧹 Đã dọn dẹp file thành phẩm.
2026-02-18 15:05:14,986 [INFO] 🏁 WORKER FINISHED. Tổng video thành công: 1
2026-02-18 18:00:06,464 [INFO] 🚀 WORKER STARTED: phongmokechuyen01
2026-02-18 18:00:06,464 [INFO] 📂 Temp Dir: C:\Users\Admin\Downloads\only-clone - fix 1 - Copy\only-clone - fix 1 - Copy\data\phongmokechuyen01\temp
2026-02-18 18:00:06,492 [INFO] 🔍 Quét kênh: https://www.tiktok.com/@tamsudaokeo28
2026-02-18 18:00:06,492 [INFO]    📌 Điểm mốc: https://www.tiktok.com/@tamsudaokeo28/video/7606198028642323730
2026-02-18 18:00:08,142 [INFO]    🛑 Gặp mốc cũ -> Dừng.
2026-02-18 18:00:08,143 [INFO]    ✨ Tìm thấy 1 video mới. Làm 1 video.
2026-02-18 18:00:08,143 [INFO] ▶️ BẮT ĐẦU VIDEO: https://www.tiktok.com/@tamsudaokeo28/video/7606208437814447378
2026-02-18 18:00:13,398 [INFO]    📤 Uploading...
2026-02-18 18:00:53,011 [ERROR]    ❌ Upload thất bại.
2026-02-18 18:00:58,013 [INFO] 🔍 Quét kênh: https://www.tiktok.com/@tamsudaokeothammy
2026-02-18 18:00:58,013 [INFO]    📌 Điểm mốc: https://www.tiktok.com/@tamsudaokeothammy/video/7605553346782481672
2026-02-18 18:00:59,391 [INFO]    🛑 Gặp mốc cũ -> Dừng.
2026-02-18 18:00:59,391 [INFO]    ✅ Không có video mới.
2026-02-18 18:00:59,392 [INFO] 🏁 WORKER FINISHED. Tổng video thành công: 0
2026-02-19 10:00:05,247 [INFO] 🚀 WORKER STARTED: phongmokechuyen01
2026-02-19 10:00:05,247 [INFO] 📂 Temp Dir: C:\Users\Admin\Downloads\only-clone - fix 1 - Copy\only-clone - fix 1 - Copy\data\phongmokechuyen01\temp
2026-02-19 10:00:05,257 [INFO] 🔍 Quét kênh: https://www.tiktok.com/@tamsudaokeo28
2026-02-19 10:00:05,257 [INFO]    📌 Điểm mốc: https://www.tiktok.com/@tamsudaokeo28/video/7606198028642323730
2026-02-19 10:00:06,830 [INFO]    🛑 Gặp mốc cũ -> Dừng.
2026-02-19 10:00:06,830 [INFO]    ✨ Tìm thấy 2 video mới. Làm 2 video.
2026-02-19 10:00:06,830 [INFO] ▶️ BẮT ĐẦU VIDEO: https://www.tiktok.com/@tamsudaokeo28/video/7606208437814447378
2026-02-19 10:00:19,115 [INFO]    📤 Uploading...
2026-02-19 10:02:18,211 [INFO]    ⏳ Chờ 10s...
2026-02-19 10:02:40,007 [INFO]    🗣️ Tạo Voice...
2026-02-19 10:02:58,079 [INFO]    🎬 Remixing...
2026-02-19 10:03:48,599 [INFO]    ☁️ Uploading Drive...
2026-02-19 10:04:02,856 [INFO]    ✅ HOÀN TẤT!
2026-02-19 10:04:02,857 [INFO]    💾 Đã cập nhật Config: last_video_url = https://www.tiktok.com/@tamsudaokeo28/video/7606208437814447378
2026-02-19 10:04:02,860 [INFO]    🧹 Đã dọn dẹp file thành phẩm.
2026-02-19 10:04:07,863 [INFO] ▶️ BẮT ĐẦU VIDEO: https://www.tiktok.com/@tamsudaokeo28/video/7606211551615454472
2026-02-19 10:04:19,311 [INFO]    📤 Uploading...
2026-02-19 10:06:19,497 [INFO]    ⏳ Chờ 10s...
2026-02-19 10:06:45,765 [INFO]    🗣️ Tạo Voice...
2026-02-19 10:07:09,667 [INFO]    🎬 Remixing...
2026-02-19 10:07:47,043 [INFO]    ☁️ Uploading Drive...
2026-02-19 10:08:10,889 [INFO]    ✅ HOÀN TẤT!
2026-02-19 10:08:10,890 [INFO]    💾 Đã cập nhật Config: last_video_url = https://www.tiktok.com/@tamsudaokeo28/video/7606211551615454472
2026-02-19 10:08:10,893 [INFO]    🧹 Đã dọn dẹp file thành phẩm.
2026-02-19 10:08:15,895 [INFO] 🔍 Quét kênh: https://www.tiktok.com/@tamsudaokeothammy
2026-02-19 10:08:15,896 [INFO]    📌 Điểm mốc: https://www.tiktok.com/@tamsudaokeothammy/video/7605553346782481672
2026-02-19 10:08:17,114 [INFO]    🛑 Gặp mốc cũ -> Dừng.
2026-02-19 10:08:17,114 [INFO]    ✅ Không có video mới.
2026-02-19 10:08:17,114 [INFO] 🏁 WORKER FINISHED. Tổng video thành công: 2
2026-02-19 15:00:02,363 [INFO] 🚀 WORKER STARTED: phongmokechuyen01
2026-02-19 15:00:02,363 [INFO] 📂 Temp Dir: C:\Users\Admin\Downloads\only-clone - fix 1 - Copy\only-clone - fix 1 - Copy\data\phongmokechuyen01\temp
2026-02-19 15:00:02,379 [INFO] 🔍 Quét kênh: https://www.tiktok.com/@tamsudaokeo28
2026-02-19 15:00:02,379 [INFO]    📌 Điểm mốc: https://www.tiktok.com/@tamsudaokeo28/video/7606211551615454472
2026-02-19 15:00:03,997 [INFO]    🛑 Gặp mốc cũ -> Dừng.
2026-02-19 15:00:03,997 [INFO]    ✅ Không có video mới.
2026-02-19 15:00:03,997 [INFO] 🔍 Quét kênh: https://www.tiktok.com/@tamsudaokeothammy
2026-02-19 15:00:03,997 [INFO]    📌 Điểm mốc: https://www.tiktok.com/@tamsudaokeothammy/video/7605553346782481672
2026-02-19 15:00:04,948 [INFO]    🛑 Gặp mốc cũ -> Dừng.
2026-02-19 15:00:04,948 [INFO]    ✅ Không có video mới.
2026-02-19 15:00:04,948 [INFO] 🏁 WORKER FINISHED. Tổng video thành công: 0
2026-02-19 18:00:06,789 [INFO] 🚀 WORKER STARTED: phongmokechuyen01
2026-02-19 18:00:06,789 [INFO] 📂 Temp Dir: C:\Users\Admin\Downloads\only-clone - fix 1 - Copy\only-clone - fix 1 - Copy\data\phongmokechuyen01\temp
2026-02-19 18:00:06,818 [INFO] 🔍 Quét kênh: https://www.tiktok.com/@tamsudaokeo28
2026-02-19 18:00:06,818 [INFO]    📌 Điểm mốc: https://www.tiktok.com/@tamsudaokeo28/video/7606211551615454472
2026-02-19 18:00:08,473 [INFO]    🛑 Gặp mốc cũ -> Dừng.
2026-02-19 18:00:08,473 [INFO]    ✅ Không có video mới.
2026-02-19 18:00:08,473 [INFO] 🔍 Quét kênh: https://www.tiktok.com/@tamsudaokeothammy
2026-02-19 18:00:08,473 [INFO]    📌 Điểm mốc: https://www.tiktok.com/@tamsudaokeothammy/video/7605553346782481672
2026-02-19 18:00:09,543 [INFO]    🛑 Gặp mốc cũ -> Dừng.
2026-02-19 18:00:09,543 [INFO]    ✅ Không có video mới.
2026-02-19 18:00:09,543 [INFO] 🏁 WORKER FINISHED. Tổng video thành công: 0
2026-02-20 10:00:06,417 [INFO] 🚀 WORKER STARTED: phongmokechuyen01
2026-02-20 10:00:06,417 [INFO] 📂 Temp Dir: C:\Users\Admin\Downloads\only-clone - fix 1 - Copy\only-clone - fix 1 - Copy\data\phongmokechuyen01\temp
2026-02-20 10:00:06,437 [INFO] 🔍 Quét kênh: https://www.tiktok.com/@tamsudaokeo28
2026-02-20 10:00:06,437 [INFO]    📌 Điểm mốc: https://www.tiktok.com/@tamsudaokeo28/video/7606211551615454472
2026-02-20 10:00:08,027 [INFO]    🛑 Gặp mốc cũ -> Dừng.
2026-02-20 10:00:08,027 [INFO]    ✨ Tìm thấy 1 video mới. Làm 1 video.
2026-02-20 10:00:08,027 [INFO] ▶️ BẮT ĐẦU VIDEO: https://www.tiktok.com/@tamsudaokeo28/video/7606254860480056594
2026-02-20 10:00:13,805 [INFO]    📤 Uploading...
2026-02-20 10:04:02,916 [INFO]    ⏳ Chờ 10s...
2026-02-20 10:04:22,564 [INFO]    🗣️ Tạo Voice...
2026-02-20 10:04:45,404 [INFO]    🎬 Remixing...
2026-02-20 10:05:46,966 [INFO]    ☁️ Uploading Drive...
2026-02-20 10:06:07,082 [INFO]    ✅ HOÀN TẤT!
2026-02-20 10:06:07,083 [INFO]    💾 Đã cập nhật Config: last_video_url = https://www.tiktok.com/@tamsudaokeo28/video/7606254860480056594
2026-02-20 10:06:07,084 [INFO]    🧹 Đã dọn dẹp file thành phẩm.
2026-02-20 10:06:12,087 [INFO] 🔍 Quét kênh: https://www.tiktok.com/@tamsudaokeothammy
2026-02-20 10:06:12,087 [INFO]    📌 Điểm mốc: https://www.tiktok.com/@tamsudaokeothammy/video/7605553346782481672
2026-02-20 10:06:13,039 [INFO]    🛑 Gặp mốc cũ -> Dừng.
2026-02-20 10:06:13,039 [INFO]    ✅ Không có video mới.
2026-02-20 10:06:13,039 [INFO] 🏁 WORKER FINISHED. Tổng video thành công: 1
2026-02-20 15:00:02,340 [INFO] 🚀 WORKER STARTED: phongmokechuyen01
2026-02-20 15:00:02,340 [INFO] 📂 Temp Dir: C:\Users\Admin\Downloads\only-clone - fix 1 - Copy\only-clone - fix 1 - Copy\data\phongmokechuyen01\temp
2026-02-20 15:00:02,364 [INFO] 🔍 Quét kênh: https://www.tiktok.com/@tamsudaokeo28
2026-02-20 15:00:02,364 [INFO]    📌 Điểm mốc: https://www.tiktok.com/@tamsudaokeo28/video/7606254860480056594
2026-02-20 15:00:03,870 [INFO]    🛑 Gặp mốc cũ -> Dừng.
2026-02-20 15:00:03,870 [INFO]    ✅ Không có video mới.
2026-02-20 15:00:03,870 [INFO] 🔍 Quét kênh: https://www.tiktok.com/@tamsudaokeothammy
2026-02-20 15:00:03,870 [INFO]    📌 Điểm mốc: https://www.tiktok.com/@tamsudaokeothammy/video/7605553346782481672
2026-02-20 15:00:04,862 [INFO]    🛑 Gặp mốc cũ -> Dừng.
2026-02-20 15:00:04,862 [INFO]    ✅ Không có video mới.
2026-02-20 15:00:04,862 [INFO] 🏁 WORKER FINISHED. Tổng video thành công: 0
2026-02-20 18:00:06,768 [INFO] 🚀 WORKER STARTED: phongmokechuyen01
2026-02-20 18:00:06,768 [INFO] 📂 Temp Dir: C:\Users\Admin\Downloads\only-clone - fix 1 - Copy\only-clone - fix 1 - Copy\data\phongmokechuyen01\temp
2026-02-20 18:00:06,802 [INFO] 🔍 Quét kênh: https://www.tiktok.com/@tamsudaokeo28
2026-02-20 18:00:06,802 [INFO]    📌 Điểm mốc: https://www.tiktok.com/@tamsudaokeo28/video/7606254860480056594
2026-02-20 18:00:08,297 [INFO]    🛑 Gặp mốc cũ -> Dừng.
2026-02-20 18:00:08,297 [INFO]    ✅ Không có video mới.
2026-02-20 18:00:08,298 [INFO] 🔍 Quét kênh: https://www.tiktok.com/@tamsudaokeothammy
2026-02-20 18:00:08,298 [INFO]    📌 Điểm mốc: https://www.tiktok.com/@tamsudaokeothammy/video/7605553346782481672
2026-02-20 18:00:09,320 [INFO]    🛑 Gặp mốc cũ -> Dừng.
2026-02-20 18:00:09,320 [INFO]    ✨ Tìm thấy 1 video mới. Làm 1 video.
2026-02-20 18:00:09,320 [INFO] ▶️ BẮT ĐẦU VIDEO: https://www.tiktok.com/@tamsudaokeothammy/video/7608870636135533831
2026-02-20 18:00:14,302 [INFO]    📤 Uploading...
2026-02-20 18:03:59,521 [INFO]    ⏳ Chờ 10s...
2026-02-20 18:04:34,978 [INFO]    🗣️ Tạo Voice...
2026-02-20 18:05:01,691 [INFO]    🎬 Remixing...
2026-02-20 18:05:54,365 [INFO]    ☁️ Uploading Drive...
2026-02-20 18:06:13,629 [INFO]    ✅ HOÀN TẤT!
2026-02-20 18:06:13,630 [INFO]    💾 Đã cập nhật Config: last_video_url = https://www.tiktok.com/@tamsudaokeothammy/video/7608870636135533831
2026-02-20 18:06:13,631 [INFO]    🧹 Đã dọn dẹp file thành phẩm.
2026-02-20 18:06:18,633 [INFO] 🏁 WORKER FINISHED. Tổng video thành công: 1
2026-02-21 03:34:27,612 [INFO] 🚀 WORKER STARTED: phongmokechuyen01
2026-02-21 03:34:27,612 [INFO] 📂 Temp Dir: C:\Users\Admin\Downloads\only-clone - fix 1 - Copy\only-clone - fix 1 - Copy\data\phongmokechuyen01\temp
2026-02-21 03:34:27,633 [INFO] 🔍 Quét kênh: https://www.tiktok.com/@tamsudaokeo28
2026-02-21 03:34:27,633 [INFO]    📌 Điểm mốc: https://www.tiktok.com/@tamsudaokeo28/video/7606254860480056594
2026-02-21 03:34:29,310 [INFO]    🛑 Gặp mốc cũ -> Dừng.
2026-02-21 03:34:29,310 [INFO]    ✅ Không có video mới.
2026-02-21 03:34:29,311 [INFO] 🔍 Quét kênh: https://www.tiktok.com/@tamsudaokeothammy
2026-02-21 03:34:29,311 [INFO]    📌 Điểm mốc: https://www.tiktok.com/@tamsudaokeothammy/video/7605541405338930450
2026-02-21 03:34:30,348 [INFO]    🛑 Gặp mốc cũ -> Dừng.
2026-02-21 03:34:30,348 [INFO]    ✅ Không có video mới.
2026-02-21 03:34:30,348 [INFO] 🏁 WORKER FINISHED. Tổng video thành công: 0
2026-02-21 03:39:28,021 [INFO] 🚀 WORKER STARTED: phongmokechuyen01
2026-02-21 03:39:28,021 [INFO] 📂 Temp Dir: C:\Users\Admin\Downloads\only-clone - fix 1 - Copy\only-clone - fix 1 - Copy\data\phongmokechuyen01\temp
2026-02-21 03:39:28,021 [INFO] 🔍 Quét kênh: https://www.tiktok.com/@tamsudaokeo28
2026-02-21 03:39:28,021 [INFO]    📌 Điểm mốc: https://www.tiktok.com/@tamsudaokeo28/video/7606254860480056594
2026-02-21 03:39:29,800 [INFO]    🛑 Gặp mốc cũ -> Dừng.
2026-02-21 03:39:29,800 [INFO]    ✅ Không có video mới.
2026-02-21 03:39:29,800 [INFO] 🔍 Quét kênh: https://www.tiktok.com/@tamsudaokeothammy
2026-02-21 03:39:29,800 [INFO]    📌 Điểm mốc: https://www.tiktok.com/@tamsudaokeothammy/video/7605541405338930450
2026-02-21 03:39:30,788 [INFO]    🛑 Gặp mốc cũ -> Dừng.
2026-02-21 03:39:30,788 [INFO]    ✅ Không có video mới.
2026-02-21 03:39:30,788 [INFO] 🏁 WORKER FINISHED. Tổng video thành công: 0
2026-02-21 03:47:15,091 [INFO] 🚀 WORKER STARTED: phongmokechuyen01
2026-02-21 03:47:15,092 [INFO] 📂 Temp Dir: C:\Users\Admin\Downloads\only-clone - fix 1 - Copy\only-clone - fix 1 - Copy\data\phongmokechuyen01\temp
2026-02-21 03:47:15,092 [INFO] 🔍 Quét kênh: https://www.tiktok.com/@tamsudaokeo28
2026-02-21 03:47:15,092 [INFO]    📌 Điểm mốc: https://www.tiktok.com/@tamsudaokeo28/video/7606254860480056594
2026-02-21 03:47:16,939 [INFO]    🛑 Gặp mốc cũ -> Dừng.
2026-02-21 03:47:16,939 [INFO]    ✅ Không có video mới.
2026-02-21 03:47:16,939 [INFO] 🔍 Quét kênh: https://www.tiktok.com/@tamsudaokeothammy
2026-02-21 03:47:16,940 [INFO]    📌 Điểm mốc: https://www.tiktok.com/@tamsudaokeothammy/video/7605541405338930450
2026-02-21 03:47:17,962 [INFO]    🛑 Gặp mốc cũ -> Dừng.
2026-02-21 03:47:17,962 [INFO]    ✨ Tìm thấy 2 video mới. Làm 2 video.
2026-02-21 03:47:17,962 [INFO] ▶️ BẮT ĐẦU VIDEO: https://www.tiktok.com/@tamsudaokeothammy/video/7605553346782481672
2026-02-21 03:47:21,590 [INFO]    📤 Uploading...
2026-02-21 03:47:53,153 [ERROR]    ❌ Upload thất bại.
2026-02-21 03:47:58,154 [INFO] ▶️ BẮT ĐẦU VIDEO: https://www.tiktok.com/@tamsudaokeothammy/video/7608870636135533831
2026-02-21 03:48:02,001 [INFO]    📤 Uploading...
2026-02-21 03:48:30,256 [ERROR]    ❌ Upload thất bại.
2026-02-21 03:48:35,257 [INFO] 🏁 WORKER FINISHED. Tổng video thành công: 0
2026-02-21 04:40:05,675 [INFO] 🚀 WORKER STARTED: phongmokechuyen01
2026-02-21 04:40:05,675 [INFO] 📂 Temp Dir: C:\Users\Admin\Downloads\only-clone - fix 1 - Copy\only-clone - fix 1 - Copy\data\phongmokechuyen01\temp
2026-02-21 04:40:05,675 [INFO] 🔍 Quét kênh: https://www.tiktok.com/@tamsudaokeo28
2026-02-21 04:40:05,675 [INFO]    📌 Điểm mốc: https://www.tiktok.com/@tamsudaokeo28/video/7606254860480056594
2026-02-21 04:40:07,633 [INFO]    🛑 Gặp mốc cũ -> Dừng.
2026-02-21 04:40:07,633 [INFO]    ✅ Không có video mới.
2026-02-21 04:40:07,633 [INFO] 🔍 Quét kênh: https://www.tiktok.com/@tamsudaokeothammy
2026-02-21 04:40:07,633 [INFO]    📌 Điểm mốc: https://www.tiktok.com/@tamsudaokeothammy/video/7605541405338930450
2026-02-21 04:40:08,783 [INFO]    🛑 Gặp mốc cũ -> Dừng.
2026-02-21 04:40:08,784 [INFO]    ✨ Tìm thấy 2 video mới. Làm 2 video.
2026-02-21 04:40:08,784 [INFO] ▶️ BẮT ĐẦU VIDEO: https://www.tiktok.com/@tamsudaokeothammy/video/7605553346782481672
2026-02-21 04:40:13,105 [INFO]    📤 Uploading...
2026-02-21 04:44:28,723 [INFO] 🚀 WORKER STARTED: phongmokechuyen01
2026-02-21 04:44:28,723 [INFO] 📂 Temp Dir: C:\Users\Admin\Downloads\only-clone - fix 1 - Copy\only-clone - fix 1 - Copy\data\phongmokechuyen01\temp
2026-02-21 04:44:28,723 [INFO] 🔍 Quét kênh: https://www.tiktok.com/@tamsudaokeo28
2026-02-21 04:44:28,723 [INFO]    📌 Điểm mốc: https://www.tiktok.com/@tamsudaokeo28/video/7606254860480056594
2026-02-21 04:44:31,408 [INFO]    🛑 Gặp mốc cũ -> Dừng.
2026-02-21 04:44:31,408 [INFO]    ✅ Không có video mới.
2026-02-21 04:44:31,408 [INFO] 🔍 Quét kênh: https://www.tiktok.com/@tamsudaokeothammy
2026-02-21 04:44:31,408 [INFO]    📌 Điểm mốc: https://www.tiktok.com/@tamsudaokeothammy/video/7605541405338930450
2026-02-21 04:44:33,667 [INFO]    🛑 Gặp mốc cũ -> Dừng.
2026-02-21 04:44:33,667 [INFO]    ✨ Tìm thấy 2 video mới. Làm 2 video.
2026-02-21 04:44:33,667 [INFO] ▶️ BẮT ĐẦU VIDEO: https://www.tiktok.com/@tamsudaokeothammy/video/7605553346782481672
2026-02-21 04:44:37,065 [INFO]    📤 Uploading...
2026-02-21 04:45:02,485 [ERROR]    🔥 Lỗi: [Errno 22] Invalid argument
2026-02-21 04:45:07,486 [INFO] ▶️ BẮT ĐẦU VIDEO: https://www.tiktok.com/@tamsudaokeothammy/video/7608870636135533831
2026-02-21 04:45:07,487 [ERROR]    🔥 Lỗi: [Errno 22] Invalid argument
2026-02-21 04:45:12,487 [INFO] 🏁 WORKER FINISHED. Tổng video thành công: 0
2026-02-21 04:54:03,498 [INFO] 🚀 WORKER STARTED: phongmokechuyen01
2026-02-21 04:54:03,498 [INFO] 📂 Temp Dir: C:\Users\Admin\Downloads\only-clone - fix 1 - Copy\only-clone - fix 1 - Copy\data\phongmokechuyen01\temp
2026-02-21 04:54:03,498 [INFO] 🔍 Quét kênh: https://www.tiktok.com/@tamsudaokeo28
2026-02-21 04:54:03,499 [INFO]    📌 Điểm mốc: https://www.tiktok.com/@tamsudaokeo28/video/7606254860480056594
2026-02-21 04:54:05,439 [INFO]    🛑 Gặp mốc cũ -> Dừng.
2026-02-21 04:54:05,439 [INFO]    ✅ Không có video mới.
2026-02-21 04:54:05,439 [INFO] 🔍 Quét kênh: https://www.tiktok.com/@tamsudaokeothammy
2026-02-21 04:54:05,439 [INFO]    📌 Điểm mốc: https://www.tiktok.com/@tamsudaokeothammy/video/7605541405338930450
2026-02-21 04:54:06,748 [INFO]    🛑 Gặp mốc cũ -> Dừng.
2026-02-21 04:54:06,748 [INFO]    ✨ Tìm thấy 2 video mới. Làm 2 video.
2026-02-21 04:54:06,748 [INFO] ▶️ BẮT ĐẦU VIDEO: https://www.tiktok.com/@tamsudaokeothammy/video/7605553346782481672
2026-02-21 04:54:10,982 [INFO]    📤 Uploading...
2026-02-21 10:00:04,760 [INFO] 🚀 WORKER STARTED: phongmokechuyen01
2026-02-21 10:00:04,760 [INFO] 📂 Temp Dir: C:\Users\Admin\Downloads\only-clone - fix 1 - Copy\only-clone - fix 1 - Copy\data\phongmokechuyen01\temp
2026-02-21 10:00:04,760 [INFO] 🔍 Quét kênh: https://www.tiktok.com/@tamsudaokeo28
2026-02-21 10:00:04,761 [INFO]    📌 Điểm mốc: https://www.tiktok.com/@tamsudaokeo28/video/7606254860480056594
2026-02-21 10:00:06,734 [INFO]    🛑 Gặp mốc cũ -> Dừng.
2026-02-21 10:00:06,734 [INFO]    ✨ Tìm thấy 1 video mới. Làm 1 video.
2026-02-21 10:00:06,734 [INFO] ▶️ BẮT ĐẦU VIDEO: https://www.tiktok.com/@tamsudaokeo28/video/7606255281823026439
2026-02-21 10:00:12,220 [INFO]    📤 Uploading...
2026-02-21 10:00:57,608 [ERROR]    ❌ Upload thất bại.
2026-02-21 10:01:02,610 [INFO] 🔍 Quét kênh: https://www.tiktok.com/@tamsudaokeothammy
2026-02-21 10:01:02,611 [INFO]    📌 Điểm mốc: https://www.tiktok.com/@tamsudaokeothammy/video/7605541405338930450
2026-02-21 10:01:04,179 [INFO]    🛑 Gặp mốc cũ -> Dừng.
2026-02-21 10:01:04,180 [INFO]    ✨ Tìm thấy 2 video mới. Làm 2 video.
2026-02-21 10:01:04,180 [INFO] ▶️ BẮT ĐẦU VIDEO: https://www.tiktok.com/@tamsudaokeothammy/video/7605553346782481672
2026-02-21 10:01:09,053 [INFO]    📤 Uploading...
2026-02-21 10:04:50,933 [INFO]    ⏳ Chờ 10s...
2026-02-21 10:05:09,576 [INFO]    🗣️ Tạo Voice...
2026-02-21 10:05:36,746 [INFO]    🎬 Remixing...
2026-02-21 10:06:41,776 [INFO]    ☁️ Uploading Drive...
2026-02-21 10:07:00,788 [INFO]    ✅ HOÀN TẤT!
2026-02-21 10:07:00,789 [INFO]    💾 Đã cập nhật Config: last_video_url = https://www.tiktok.com/@tamsudaokeothammy/video/7605553346782481672
2026-02-21 10:07:00,791 [INFO]    🧹 Đã dọn dẹp file thành phẩm.
2026-02-21 10:07:05,792 [INFO] ▶️ BẮT ĐẦU VIDEO: https://www.tiktok.com/@tamsudaokeothammy/video/7608870636135533831
2026-02-21 10:07:09,510 [INFO]    📤 Uploading...
2026-02-21 10:11:39,576 [ERROR]    ❌ Upload thất bại.
2026-02-21 10:11:44,577 [INFO] 🏁 WORKER FINISHED. Tổng video thành công: 1
2026-02-21 15:00:04,481 [INFO] 🚀 WORKER STARTED: phongmokechuyen01
2026-02-21 15:00:04,481 [INFO] 📂 Temp Dir: C:\Users\Admin\Downloads\only-clone - fix 1 - Copy\only-clone - fix 1 - Copy\data\phongmokechuyen01\temp
2026-02-21 15:00:04,495 [INFO] 🔍 Quét kênh: https://www.tiktok.com/@tamsudaokeo28
2026-02-21 15:00:04,496 [INFO]    📌 Điểm mốc: https://www.tiktok.com/@tamsudaokeo28/video/7606254860480056594
2026-02-21 15:00:06,662 [INFO]    🛑 Gặp mốc cũ -> Dừng.
2026-02-21 15:00:06,662 [INFO]    ✨ Tìm thấy 1 video mới. Làm 1 video.
2026-02-21 15:00:06,662 [INFO] ▶️ BẮT ĐẦU VIDEO: https://www.tiktok.com/@tamsudaokeo28/video/7606255281823026439
2026-02-21 15:00:12,808 [INFO]    📤 Uploading...
2026-02-21 15:03:56,453 [INFO]    ⏳ Chờ 10s...
2026-02-21 15:04:28,159 [INFO]    🗣️ Tạo Voice...
2026-02-21 15:04:47,049 [INFO]    🎬 Remixing...
2026-02-21 15:06:13,976 [INFO]    ☁️ Uploading Drive...
2026-02-21 15:06:31,753 [INFO]    ✅ HOÀN TẤT!
2026-02-21 15:06:31,754 [INFO]    💾 Đã cập nhật Config: last_video_url = https://www.tiktok.com/@tamsudaokeo28/video/7606255281823026439
2026-02-21 15:06:31,756 [INFO]    🧹 Đã dọn dẹp file thành phẩm.
2026-02-21 15:06:36,764 [INFO] 🔍 Quét kênh: https://www.tiktok.com/@tamsudaokeothammy
2026-02-21 15:06:36,764 [INFO]    📌 Điểm mốc: https://www.tiktok.com/@tamsudaokeothammy/video/7605553346782481672
2026-02-21 15:06:39,920 [INFO]    🛑 Gặp mốc cũ -> Dừng.
2026-02-21 15:06:39,921 [INFO]    ✨ Tìm thấy 1 video mới. Làm 1 video.
2026-02-21 15:06:39,921 [INFO] ▶️ BẮT ĐẦU VIDEO: https://www.tiktok.com/@tamsudaokeothammy/video/7608870636135533831
2026-02-21 15:06:44,735 [INFO]    📤 Uploading...
2026-02-21 15:10:38,290 [INFO]    ⏳ Chờ 10s...
2026-02-21 15:11:04,563 [INFO]    🗣️ Tạo Voice...
2026-02-21 15:11:24,684 [INFO]    🎬 Remixing...
2026-02-21 15:12:48,779 [INFO]    ☁️ Uploading Drive...
2026-02-21 15:13:08,675 [INFO]    ✅ HOÀN TẤT!
2026-02-21 15:13:08,676 [INFO]    💾 Đã cập nhật Config: last_video_url = https://www.tiktok.com/@tamsudaokeothammy/video/7608870636135533831
2026-02-21 15:13:08,678 [INFO]    🧹 Đã dọn dẹp file thành phẩm.
2026-02-21 15:13:13,680 [INFO] 🏁 WORKER FINISHED. Tổng video thành công: 2
2026-02-21 18:00:09,267 [INFO] 🚀 WORKER STARTED: phongmokechuyen01
2026-02-21 18:00:09,267 [INFO] 📂 Temp Dir: C:\Users\Admin\Downloads\only-clone - fix 1 - Copy\only-clone - fix 1 - Copy\data\phongmokechuyen01\temp
2026-02-21 18:00:09,279 [INFO] 🔍 Quét kênh: https://www.tiktok.com/@tamsudaokeo28
2026-02-21 18:00:09,279 [INFO]    📌 Điểm mốc: https://www.tiktok.com/@tamsudaokeo28/video/7606255281823026439
2026-02-21 18:00:11,546 [INFO]    🛑 Gặp mốc cũ -> Dừng.
2026-02-21 18:00:11,546 [INFO]    ✅ Không có video mới.
2026-02-21 18:00:11,546 [INFO] 🔍 Quét kênh: https://www.tiktok.com/@tamsudaokeothammy
2026-02-21 18:00:11,546 [INFO]    📌 Điểm mốc: https://www.tiktok.com/@tamsudaokeothammy/video/7608870636135533831
2026-02-21 18:00:12,864 [INFO]    🛑 Gặp mốc cũ -> Dừng.
2026-02-21 18:00:12,864 [INFO]    ✅ Không có video mới.
2026-02-21 18:00:12,864 [INFO] 🏁 WORKER FINISHED. Tổng video thành công: 0
2026-02-22 10:44:53,976 [INFO] 🚀 WORKER STARTED: phongmokechuyen01
2026-02-22 10:44:53,976 [INFO] 📂 Temp Dir: C:\Users\Admin\Downloads\only-clone - fix 1 - Copy\only-clone - fix 1 - Copy\data\phongmokechuyen01\temp
2026-02-22 10:44:53,997 [INFO] 🔍 Quét kênh: https://www.tiktok.com/@tamsudaokeo28
2026-02-22 10:44:53,998 [INFO]    📌 Điểm mốc: https://www.tiktok.com/@tamsudaokeo28/video/7606255281823026439
2026-02-22 10:44:56,650 [INFO]    🛑 Gặp mốc cũ -> Dừng.
2026-02-22 10:44:56,650 [INFO]    ✨ Tìm thấy 1 video mới. Làm 1 video.
2026-02-22 10:44:56,650 [INFO] ▶️ BẮT ĐẦU VIDEO: https://www.tiktok.com/@tamsudaokeo28/video/7606255125090356487
2026-02-22 10:45:01,725 [INFO]    📤 Uploading...
2026-02-22 10:47:53,830 [INFO]    ⏳ Chờ 10s...
2026-02-22 10:48:12,484 [INFO]    🗣️ Tạo Voice...
2026-02-22 10:48:28,347 [INFO]    🎬 Remixing...
2026-02-22 10:49:08,451 [INFO]    ☁️ Uploading Drive...
2026-02-22 10:49:21,586 [INFO]    ✅ HOÀN TẤT!
2026-02-22 10:49:21,588 [INFO]    💾 Đã cập nhật Config: last_video_url = https://www.tiktok.com/@tamsudaokeo28/video/7606255125090356487
2026-02-22 10:49:21,591 [INFO]    🧹 Đã dọn dẹp file thành phẩm.
2026-02-22 10:49:26,596 [INFO] 🔍 Quét kênh: https://www.tiktok.com/@tamsudaokeothammy
2026-02-22 10:49:26,596 [INFO]    📌 Điểm mốc: https://www.tiktok.com/@tamsudaokeothammy/video/7608870636135533831
2026-02-22 10:49:29,138 [INFO]    🛑 Gặp mốc cũ -> Dừng.
2026-02-22 10:49:29,138 [INFO]    ✅ Không có video mới.
2026-02-22 10:49:29,138 [INFO] 🏁 WORKER FINISHED. Tổng video thành công: 1
2026-02-22 15:00:06,359 [INFO] 🚀 WORKER STARTED: phongmokechuyen01
2026-02-22 15:00:06,359 [INFO] 📂 Temp Dir: C:\Users\Admin\Downloads\only-clone - fix 1 - Copy\only-clone - fix 1 - Copy\data\phongmokechuyen01\temp
2026-02-22 15:00:06,375 [INFO] 🔍 Quét kênh: https://www.tiktok.com/@tamsudaokeo28
2026-02-22 15:00:06,375 [INFO]    📌 Điểm mốc: https://www.tiktok.com/@tamsudaokeo28/video/7606255125090356487
2026-02-22 15:00:08,029 [INFO]    🛑 Gặp mốc cũ -> Dừng.
2026-02-22 15:00:08,029 [INFO]    ✅ Không có video mới.
2026-02-22 15:00:08,029 [INFO] 🔍 Quét kênh: https://www.tiktok.com/@tamsudaokeothammy
2026-02-22 15:00:08,029 [INFO]    📌 Điểm mốc: https://www.tiktok.com/@tamsudaokeothammy/video/7608870636135533831
2026-02-22 15:00:09,021 [INFO]    🛑 Gặp mốc cũ -> Dừng.
2026-02-22 15:00:09,021 [INFO]    ✅ Không có video mới.
2026-02-22 15:00:09,021 [INFO] 🏁 WORKER FINISHED. Tổng video thành công: 0
