2026-02-24 16:33:35,422 [INFO] 🚀 WORKER STARTED: showbiz124h
2026-02-24 16:33:35,574 [INFO] 🔍 Quét kênh: https://www.tiktok.com/@theanh28entertainment
2026-02-24 16:33:37,118 [INFO] ▶️ BẮT ĐẦU VIDEO: https://www.tiktok.com/@theanh28entertainment/video/7610203716339158293
2026-02-26 09:51:48,588 [INFO] 🚀 WORKER STARTED: showbiz124h
2026-02-26 09:51:48,748 [INFO] 🔍 Quét kênh: https://www.tiktok.com/@theanh28entertainment
2026-02-26 09:51:50,437 [INFO] ▶️ BẮT ĐẦU VIDEO: https://www.tiktok.com/@theanh28entertainment/video/7610714396100267272
2026-02-26 10:00:04,080 [INFO] 🚀 WORKER STARTED: showbiz124h
2026-02-26 10:00:04,236 [INFO] 🔍 Quét kênh: https://www.tiktok.com/@theanh28entertainment
2026-02-26 10:00:05,941 [INFO] ▶️ BẮT ĐẦU VIDEO: https://www.tiktok.com/@theanh28entertainment/video/7610714663004736775
2026-02-26 10:00:17,776 [INFO] ▶️ BẮT ĐẦU VIDEO: https://www.tiktok.com/@theanh28entertainment/video/7610728586034646279
2026-02-26 10:05:02,118 [INFO]    🎬 Chuẩn bị Remixing...
2026-02-26 10:05:02,119 [INFO]    🖼️ Đang đồng bộ Title Frame từ Supabase: SHOWBIZ.png
2026-02-26 10:05:04,250 [INFO]    🖼️ Đang đồng bộ Content Frame từ Supabase: SHOWBIZ 1.png
2026-02-26 10:05:04,859 [INFO]    🔤 Đang đồng bộ Font từ Supabase: Inter_18pt-Bold.ttf
2026-02-26 10:06:23,099 [ERROR]    🔥 Lỗi: Expecting value: line 1 column 1 (char 0)
2026-02-26 10:06:28,102 [INFO] ▶️ BẮT ĐẦU VIDEO: https://www.tiktok.com/@theanh28entertainment/video/7610775725880167700
2026-02-26 12:45:23,913 [INFO] 🚀 WORKER STARTED: showbiz124h
2026-02-26 12:45:24,074 [INFO] 🔍 Quét kênh: https://www.tiktok.com/@theanh28entertainment
2026-02-26 12:45:25,566 [INFO] ▶️ BẮT ĐẦU VIDEO: https://www.tiktok.com/@theanh28entertainment/video/7610941754879020309
2026-02-26 12:45:43,929 [INFO] ▶️ BẮT ĐẦU VIDEO: https://www.tiktok.com/@theanh28entertainment/video/7610942586647366932
2026-02-26 12:47:57,957 [INFO] 🚀 WORKER STARTED: showbiz124h
2026-02-26 12:47:58,128 [INFO] 🔍 Quét kênh: https://www.tiktok.com/@theanh28entertainment
2026-02-26 12:48:00,209 [INFO] ▶️ BẮT ĐẦU VIDEO: https://www.tiktok.com/@theanh28entertainment/video/7610941754879020309
2026-02-26 12:49:39,733 [INFO] 🚀 WORKER STARTED: showbiz124h
2026-02-26 12:49:39,885 [INFO] 🔍 Quét kênh: https://www.tiktok.com/@theanh28entertainment
2026-02-26 12:49:41,440 [INFO] ▶️ BẮT ĐẦU VIDEO: https://www.tiktok.com/@theanh28entertainment/video/7610941754879020309
2026-02-26 12:50:41,601 [ERROR]    🔥 Lỗi: [Errno 22] Invalid argument
2026-02-26 12:50:46,605 [INFO] ▶️ BẮT ĐẦU VIDEO: https://www.tiktok.com/@theanh28entertainment/video/7610942586647366932
2026-02-26 12:50:46,605 [ERROR]    🔥 Lỗi: [Errno 22] Invalid argument
2026-02-26 12:50:51,605 [INFO] ▶️ BẮT ĐẦU VIDEO: https://www.tiktok.com/@theanh28entertainment/video/7610949426219191573
2026-02-26 12:50:51,605 [ERROR]    🔥 Lỗi: [Errno 22] Invalid argument
2026-02-26 12:50:56,606 [INFO] 🔍 Quét kênh: https://www.tiktok.com/@theanh28.showbiz
2026-02-26 12:50:56,606 [ERROR]    ⚠️ Lỗi quét video: [Errno 22] Invalid argument
2026-02-26 12:50:56,606 [INFO] 🏁 WORKER FINISHED. Tổng video thành công: 0
2026-02-26 12:53:21,956 [INFO] 🚀 WORKER STARTED: showbiz124h
2026-02-26 12:53:22,152 [INFO] 🔍 Quét kênh: https://www.tiktok.com/@theanh28entertainment
2026-02-26 12:53:23,883 [INFO] ▶️ BẮT ĐẦU VIDEO: https://www.tiktok.com/@theanh28entertainment/video/7610941754879020309
2026-02-26 12:56:53,400 [INFO]    🎬 Chuẩn bị Remixing...
2026-02-26 12:56:53,400 [INFO]    🖼️ Đang đồng bộ Title Frame từ Supabase: SHOWBIZ.png
2026-02-26 12:56:54,859 [INFO]    🖼️ Đang đồng bộ Content Frame từ Supabase: SHOWBIZ 1.png
2026-02-26 12:56:55,486 [INFO]    🔤 Đang đồng bộ Font từ Supabase: Inter_18pt-Bold.ttf
2026-02-26 12:57:37,197 [ERROR]    🔥 Lỗi: Expecting value: line 1 column 1 (char 0)
2026-02-26 12:57:42,199 [INFO] ▶️ BẮT ĐẦU VIDEO: https://www.tiktok.com/@theanh28entertainment/video/7610942586647366932
2026-02-26 13:02:33,997 [INFO]    🎬 Chuẩn bị Remixing...
2026-02-26 13:02:33,997 [INFO]    🖼️ Đang đồng bộ Title Frame từ Supabase: SHOWBIZ.png
2026-02-26 13:02:35,944 [INFO]    🖼️ Đang đồng bộ Content Frame từ Supabase: SHOWBIZ 1.png
2026-02-26 13:02:36,567 [INFO]    🔤 Đang đồng bộ Font từ Supabase: Inter_18pt-Bold.ttf
2026-02-26 13:03:12,781 [ERROR]    🔥 Lỗi: Expecting value: line 1 column 1 (char 0)
2026-02-26 13:03:17,784 [INFO] ▶️ BẮT ĐẦU VIDEO: https://www.tiktok.com/@theanh28entertainment/video/7610949426219191573
2026-02-26 13:06:24,654 [ERROR]    🔥 Lỗi: [Errno 22] Invalid argument
2026-02-26 13:06:29,656 [INFO] 🔍 Quét kênh: https://www.tiktok.com/@theanh28.showbiz
2026-02-26 13:06:29,656 [ERROR]    ⚠️ Lỗi quét video: [Errno 22] Invalid argument
2026-02-26 13:06:29,656 [INFO] 🏁 WORKER FINISHED. Tổng video thành công: 0
2026-02-26 14:41:54,736 [INFO] 🚀 WORKER STARTED: showbiz124h
2026-02-26 14:41:54,896 [INFO] 🔍 Quét kênh: https://www.tiktok.com/@theanh28entertainment
2026-02-26 14:41:56,351 [INFO] ▶️ BẮT ĐẦU VIDEO: https://www.tiktok.com/@theanh28entertainment/video/7610942586647366932
2026-02-26 14:46:29,760 [INFO]    🎬 Chuẩn bị Remixing...
2026-02-26 14:46:29,761 [INFO]    🖼️ Đang đồng bộ Title Frame từ Supabase: SHOWBIZ.png
2026-02-26 14:46:31,012 [INFO]    🖼️ Đang đồng bộ Content Frame từ Supabase: SHOWBIZ 1.png
2026-02-26 14:46:31,643 [INFO]    🔤 Đang đồng bộ Font từ Supabase: Inter_18pt-Bold.ttf
2026-02-26 14:48:05,170 [INFO]    ✅ HOÀN TẤT!
2026-02-26 14:48:05,557 [INFO]    ☁️ Đã cập nhật Supabase: last_video_url = https://www.tiktok.com/@theanh28entertainment/video/7610942586647366932
2026-02-26 14:48:10,561 [INFO] ▶️ BẮT ĐẦU VIDEO: https://www.tiktok.com/@theanh28entertainment/video/7610949426219191573
2026-02-26 14:52:39,056 [INFO]    🎬 Chuẩn bị Remixing...
2026-02-26 14:52:39,056 [INFO]    🖼️ Đang đồng bộ Title Frame từ Supabase: SHOWBIZ.png
2026-02-26 14:52:39,925 [INFO]    🖼️ Đang đồng bộ Content Frame từ Supabase: SHOWBIZ 1.png
2026-02-26 14:52:40,824 [INFO]    🔤 Đang đồng bộ Font từ Supabase: Inter_18pt-Bold.ttf
2026-02-26 14:54:21,326 [INFO]    ✅ HOÀN TẤT!
2026-02-26 14:54:21,789 [INFO]    ☁️ Đã cập nhật Supabase: last_video_url = https://www.tiktok.com/@theanh28entertainment/video/7610949426219191573
2026-02-26 14:54:26,794 [INFO] ▶️ BẮT ĐẦU VIDEO: https://www.tiktok.com/@theanh28entertainment/video/7610991163939638535
2026-02-26 14:58:41,635 [INFO] 🔍 Quét kênh: https://www.tiktok.com/@theanh28.showbiz
2026-02-26 14:58:42,819 [INFO] ▶️ BẮT ĐẦU VIDEO: https://www.tiktok.com/@theanh28.showbiz/video/7611041644070194440
2026-02-26 15:03:11,164 [INFO]    🎬 Chuẩn bị Remixing...
2026-02-26 15:03:11,165 [INFO]    🖼️ Đang đồng bộ Title Frame từ Supabase: SHOWBIZ.png
2026-02-26 15:03:12,094 [INFO]    🖼️ Đang đồng bộ Content Frame từ Supabase: SHOWBIZ 1.png
2026-02-26 15:03:12,757 [INFO]    🔤 Đang đồng bộ Font từ Supabase: Inter_18pt-Bold.ttf
2026-02-26 15:03:50,371 [INFO]    ✅ HOÀN TẤT!
2026-02-26 15:03:50,816 [INFO]    ☁️ Đã cập nhật Supabase: last_video_url = https://www.tiktok.com/@theanh28.showbiz/video/7611041644070194440
2026-02-26 15:03:55,821 [INFO] ▶️ BẮT ĐẦU VIDEO: https://www.tiktok.com/@theanh28.showbiz/video/7611042772740541712
2026-02-26 15:08:15,634 [INFO]    🎬 Chuẩn bị Remixing...
2026-02-26 15:08:15,635 [INFO]    🖼️ Đang đồng bộ Title Frame từ Supabase: SHOWBIZ.png
2026-02-26 15:08:16,450 [INFO]    🖼️ Đang đồng bộ Content Frame từ Supabase: SHOWBIZ 1.png
2026-02-26 15:08:17,688 [INFO]    🔤 Đang đồng bộ Font từ Supabase: Inter_18pt-Bold.ttf
2026-02-26 15:08:57,919 [INFO]    ✅ HOÀN TẤT!
2026-02-26 15:08:58,466 [INFO]    ☁️ Đã cập nhật Supabase: last_video_url = https://www.tiktok.com/@theanh28.showbiz/video/7611042772740541712
2026-02-26 15:09:03,468 [INFO] 🏁 WORKER FINISHED. Tổng video thành công: 4
2026-02-26 18:00:09,035 [INFO] 🚀 WORKER STARTED: showbiz124h
2026-02-26 18:00:09,202 [INFO] 🔍 Quét kênh: https://www.tiktok.com/@theanh28entertainment
2026-02-26 18:00:10,528 [INFO] ▶️ BẮT ĐẦU VIDEO: https://www.tiktok.com/@theanh28entertainment/video/7611000396084956436
2026-02-26 18:04:29,191 [INFO] ▶️ BẮT ĐẦU VIDEO: https://www.tiktok.com/@theanh28entertainment/video/7611002292539591943
2026-02-26 18:09:29,567 [INFO]    🎬 Chuẩn bị Remixing...
2026-02-26 18:09:29,567 [INFO]    🖼️ Đang đồng bộ Title Frame từ Supabase: SHOWBIZ.png
2026-02-26 18:09:30,750 [INFO]    🖼️ Đang đồng bộ Content Frame từ Supabase: SHOWBIZ 1.png
2026-02-26 18:09:31,367 [INFO]    🔤 Đang đồng bộ Font từ Supabase: Inter_18pt-Bold.ttf
2026-02-26 18:10:41,829 [INFO]    ✅ HOÀN TẤT!
2026-02-26 18:10:42,300 [INFO]    ☁️ Đã cập nhật Supabase: last_video_url = https://www.tiktok.com/@theanh28entertainment/video/7611002292539591943
2026-02-26 18:10:47,308 [INFO] ▶️ BẮT ĐẦU VIDEO: https://www.tiktok.com/@theanh28entertainment/video/7611006732357143829
2026-02-26 18:15:11,513 [INFO]    🎬 Chuẩn bị Remixing...
2026-02-26 18:15:11,513 [INFO]    🖼️ Đang đồng bộ Title Frame từ Supabase: SHOWBIZ.png
2026-02-26 18:15:13,022 [INFO]    🖼️ Đang đồng bộ Content Frame từ Supabase: SHOWBIZ 1.png
2026-02-26 18:15:13,632 [INFO]    🔤 Đang đồng bộ Font từ Supabase: Inter_18pt-Bold.ttf
2026-02-26 18:16:15,946 [INFO]    ✅ HOÀN TẤT!
2026-02-26 18:16:16,347 [INFO]    ☁️ Đã cập nhật Supabase: last_video_url = https://www.tiktok.com/@theanh28entertainment/video/7611006732357143829
2026-02-26 18:16:21,353 [INFO] 🔍 Quét kênh: https://www.tiktok.com/@theanh28.showbiz
2026-02-26 18:16:22,817 [INFO] ▶️ BẮT ĐẦU VIDEO: https://www.tiktok.com/@theanh28.showbiz/video/7611111338454027540
2026-02-26 18:20:59,386 [INFO]    🎬 Chuẩn bị Remixing...
2026-02-26 18:20:59,386 [INFO]    🖼️ Đang đồng bộ Title Frame từ Supabase: SHOWBIZ.png
2026-02-26 18:21:00,344 [INFO]    🖼️ Đang đồng bộ Content Frame từ Supabase: SHOWBIZ 1.png
2026-02-26 18:21:01,590 [INFO]    🔤 Đang đồng bộ Font từ Supabase: Inter_18pt-Bold.ttf
2026-02-26 18:21:50,699 [INFO]    ✅ HOÀN TẤT!
2026-02-26 18:21:51,207 [INFO]    ☁️ Đã cập nhật Supabase: last_video_url = https://www.tiktok.com/@theanh28.showbiz/video/7611111338454027540
2026-02-26 18:21:56,214 [INFO] 🏁 WORKER FINISHED. Tổng video thành công: 3
2026-02-27 10:17:51,299 [INFO] 🚀 WORKER STARTED: showbiz124h
2026-02-27 10:17:51,565 [INFO] 🔍 Quét kênh: https://www.tiktok.com/@theanh28entertainment
2026-02-27 10:17:52,924 [INFO] ▶️ BẮT ĐẦU VIDEO: https://www.tiktok.com/@theanh28entertainment/video/7611161310193061141
2026-02-27 10:22:22,867 [INFO]    🎬 Chuẩn bị Remixing...
2026-02-27 10:22:22,867 [INFO]    🖼️ Đang đồng bộ Title Frame từ Supabase: SHOWBIZ.png
2026-02-27 10:22:24,283 [INFO]    🖼️ Đang đồng bộ Content Frame từ Supabase: SHOWBIZ 1.png
2026-02-27 10:22:25,191 [INFO]    🔤 Đang đồng bộ Font từ Supabase: Inter_18pt-Bold.ttf
2026-02-27 10:23:45,597 [INFO]    ✅ HOÀN TẤT!
2026-02-27 10:23:46,168 [INFO]    ☁️ Đã cập nhật Supabase: last_video_url = https://www.tiktok.com/@theanh28entertainment/video/7611161310193061141
2026-02-27 10:23:51,172 [INFO] ▶️ BẮT ĐẦU VIDEO: https://www.tiktok.com/@theanh28entertainment/video/7611171327180868885
2026-02-27 10:28:18,094 [INFO] ▶️ BẮT ĐẦU VIDEO: https://www.tiktok.com/@theanh28entertainment/video/7611179780561685780
2026-02-27 10:31:19,441 [ERROR]    🔥 Lỗi: [Errno 22] Invalid argument
2026-02-27 10:31:24,442 [INFO] 🔍 Quét kênh: https://www.tiktok.com/@theanh28.showbiz
2026-02-27 10:31:24,442 [ERROR]    ⚠️ Lỗi quét video: [Errno 22] Invalid argument
2026-02-27 10:31:24,442 [INFO] 🔍 Quét kênh: https://www.tiktok.com/@123heronews
2026-02-27 10:31:24,442 [ERROR]    ⚠️ Lỗi quét video: [Errno 22] Invalid argument
2026-02-27 10:31:24,442 [INFO] 🏁 WORKER FINISHED. Tổng video thành công: 1
2026-02-27 11:18:34,334 [INFO] 🚀 WORKER STARTED: showbiz124h
2026-02-27 11:18:34,610 [INFO] 🔍 Quét kênh: https://www.tiktok.com/@theanh28entertainment
2026-02-27 11:18:36,029 [INFO] ▶️ BẮT ĐẦU VIDEO: https://www.tiktok.com/@theanh28entertainment/video/7611211865565187348
2026-02-27 11:23:02,013 [INFO]    🎬 Chuẩn bị Remixing...
2026-02-27 11:23:02,013 [INFO]    🖼️ Đang đồng bộ Title Frame từ Supabase: SHOWBIZ.png
2026-02-27 11:23:03,509 [INFO]    🖼️ Đang đồng bộ Content Frame từ Supabase: SHOWBIZ 1.png
2026-02-27 11:23:04,433 [INFO]    🔤 Đang đồng bộ Font từ Supabase: Inter_18pt-Bold.ttf
2026-02-27 11:24:50,107 [INFO]    ✅ HOÀN TẤT!
2026-02-27 11:24:50,675 [INFO]    ☁️ Đã cập nhật Supabase: last_video_url = https://www.tiktok.com/@theanh28entertainment/video/7611211865565187348
2026-02-27 11:24:55,681 [INFO] ▶️ BẮT ĐẦU VIDEO: https://www.tiktok.com/@theanh28entertainment/video/7611321716718963988
2026-02-27 11:29:33,476 [INFO]    🎬 Chuẩn bị Remixing...
2026-02-27 11:29:33,476 [INFO]    🖼️ Đang đồng bộ Title Frame từ Supabase: SHOWBIZ.png
2026-02-27 11:29:34,630 [INFO]    🖼️ Đang đồng bộ Content Frame từ Supabase: SHOWBIZ 1.png
2026-02-27 11:29:35,511 [INFO]    🔤 Đang đồng bộ Font từ Supabase: Inter_18pt-Bold.ttf
2026-02-27 11:30:55,164 [INFO]    ✅ HOÀN TẤT!
2026-02-27 11:30:55,803 [INFO]    ☁️ Đã cập nhật Supabase: last_video_url = https://www.tiktok.com/@theanh28entertainment/video/7611321716718963988
2026-02-27 11:31:00,807 [INFO] ▶️ BẮT ĐẦU VIDEO: https://www.tiktok.com/@theanh28entertainment/video/7611328873015381265
2026-02-27 11:36:13,373 [INFO]    🎬 Chuẩn bị Remixing...
2026-02-27 11:36:13,373 [INFO]    🖼️ Đang đồng bộ Title Frame từ Supabase: SHOWBIZ.png
2026-02-27 11:36:14,663 [INFO]    🖼️ Đang đồng bộ Content Frame từ Supabase: SHOWBIZ 1.png
2026-02-27 11:36:15,624 [INFO]    🔤 Đang đồng bộ Font từ Supabase: Inter_18pt-Bold.ttf
2026-02-27 11:37:04,309 [INFO]    ✅ HOÀN TẤT!
2026-02-27 11:37:05,039 [INFO]    ☁️ Đã cập nhật Supabase: last_video_url = https://www.tiktok.com/@theanh28entertainment/video/7611328873015381265
2026-02-27 11:37:10,045 [INFO] 🔍 Quét kênh: https://www.tiktok.com/@theanh28.showbiz
2026-02-27 11:37:11,287 [INFO] ▶️ BẮT ĐẦU VIDEO: https://www.tiktok.com/@theanh28.showbiz/video/7611154012041153813
2026-02-27 11:41:43,017 [INFO]    🎬 Chuẩn bị Remixing...
2026-02-27 11:41:43,017 [INFO]    🖼️ Đang đồng bộ Title Frame từ Supabase: SHOWBIZ.png
2026-02-27 11:41:43,873 [INFO]    🖼️ Đang đồng bộ Content Frame từ Supabase: SHOWBIZ 1.png
2026-02-27 11:41:44,789 [INFO]    🔤 Đang đồng bộ Font từ Supabase: Inter_18pt-Bold.ttf
2026-02-27 11:42:22,402 [INFO]    ✅ HOÀN TẤT!
2026-02-27 11:42:23,072 [INFO]    ☁️ Đã cập nhật Supabase: last_video_url = https://www.tiktok.com/@theanh28.showbiz/video/7611154012041153813
2026-02-27 11:42:28,082 [INFO] ▶️ BẮT ĐẦU VIDEO: https://www.tiktok.com/@theanh28.showbiz/video/7611174204612168981
2026-02-27 11:46:50,576 [INFO]    🎬 Chuẩn bị Remixing...
2026-02-27 11:46:50,576 [INFO]    🖼️ Đang đồng bộ Title Frame từ Supabase: SHOWBIZ.png
2026-02-27 11:46:51,772 [INFO]    🖼️ Đang đồng bộ Content Frame từ Supabase: SHOWBIZ 1.png
2026-02-27 11:46:52,694 [INFO]    🔤 Đang đồng bộ Font từ Supabase: Inter_18pt-Bold.ttf
2026-02-27 11:47:27,784 [INFO]    ✅ HOÀN TẤT!
2026-02-27 11:47:28,422 [INFO]    ☁️ Đã cập nhật Supabase: last_video_url = https://www.tiktok.com/@theanh28.showbiz/video/7611174204612168981
2026-02-27 11:47:33,425 [INFO] ▶️ BẮT ĐẦU VIDEO: https://www.tiktok.com/@theanh28.showbiz/video/7611190237695429909
2026-02-27 11:51:49,970 [INFO] 🔍 Quét kênh: https://www.tiktok.com/@123heronews
2026-02-27 11:51:51,004 [INFO] ▶️ BẮT ĐẦU VIDEO: https://www.tiktok.com/@123heronews/video/7600944914683170068
2026-02-27 11:56:07,860 [INFO] ▶️ BẮT ĐẦU VIDEO: https://www.tiktok.com/@123heronews/video/7602082348192058645
2026-02-27 12:00:24,585 [INFO] ▶️ BẮT ĐẦU VIDEO: https://www.tiktok.com/@123heronews/video/7602423919286537493
2026-02-27 12:04:38,858 [INFO] 🏁 WORKER FINISHED. Tổng video thành công: 5
2026-02-27 15:00:05,233 [INFO] 🚀 WORKER STARTED: showbiz124h
2026-02-27 15:00:05,404 [INFO] 🔍 Quét kênh: https://www.tiktok.com/@theanh28entertainment
2026-02-27 15:00:07,562 [INFO] ▶️ BẮT ĐẦU VIDEO: https://www.tiktok.com/@theanh28entertainment/video/7611373774868368660
2026-02-27 15:06:20,475 [INFO] ▶️ BẮT ĐẦU VIDEO: https://www.tiktok.com/@theanh28entertainment/video/7611376635371130130
2026-02-27 15:09:42,567 [INFO]    🎬 Chuẩn bị Remixing...
2026-02-27 15:09:42,567 [INFO]    🖼️ Đang đồng bộ Title Frame từ Supabase: SHOWBIZ.png
2026-02-27 15:09:43,474 [INFO]    🖼️ Đang đồng bộ Content Frame từ Supabase: SHOWBIZ 1.png
2026-02-27 15:09:44,743 [INFO]    🔤 Đang đồng bộ Font từ Supabase: Inter_18pt-Bold.ttf
2026-02-27 15:10:47,723 [INFO]    ✅ HOÀN TẤT!
2026-02-27 15:10:48,167 [INFO]    ☁️ Đã cập nhật Supabase: last_video_url = https://www.tiktok.com/@theanh28entertainment/video/7611376635371130130
2026-02-27 15:10:53,175 [INFO] ▶️ BẮT ĐẦU VIDEO: https://www.tiktok.com/@theanh28entertainment/video/7611386866356522247
2026-02-27 15:13:57,648 [INFO]    🎬 Chuẩn bị Remixing...
2026-02-27 15:13:57,648 [INFO]    🖼️ Đang đồng bộ Title Frame từ Supabase: SHOWBIZ.png
2026-02-27 15:13:58,612 [INFO]    🖼️ Đang đồng bộ Content Frame từ Supabase: SHOWBIZ 1.png
2026-02-27 15:13:59,245 [INFO]    🔤 Đang đồng bộ Font từ Supabase: Inter_18pt-Bold.ttf
2026-02-27 15:14:39,893 [INFO]    ✅ HOÀN TẤT!
2026-02-27 15:14:40,357 [INFO]    ☁️ Đã cập nhật Supabase: last_video_url = https://www.tiktok.com/@theanh28entertainment/video/7611386866356522247
2026-02-27 15:14:45,364 [INFO] 🔍 Quét kênh: https://www.tiktok.com/@theanh28.showbiz
2026-02-27 15:14:49,018 [INFO] ▶️ BẮT ĐẦU VIDEO: https://www.tiktok.com/@theanh28.showbiz/video/7611190237695429909
2026-02-27 15:17:14,625 [ERROR]    🔥 Lỗi: [Errno 22] Invalid argument
2026-02-27 15:17:19,626 [INFO] ▶️ BẮT ĐẦU VIDEO: https://www.tiktok.com/@theanh28.showbiz/video/7611362504840580359
2026-02-27 15:17:19,626 [ERROR]    🔥 Lỗi: [Errno 22] Invalid argument
2026-02-27 15:17:24,627 [INFO] ▶️ BẮT ĐẦU VIDEO: https://www.tiktok.com/@theanh28.showbiz/video/7611373300328959250
2026-02-27 15:17:24,627 [ERROR]    🔥 Lỗi: [Errno 22] Invalid argument
2026-02-27 15:17:29,627 [INFO] 🔍 Quét kênh: https://www.tiktok.com/@123heronews
2026-02-27 15:17:29,627 [ERROR]    ⚠️ Lỗi quét video: [Errno 22] Invalid argument
2026-02-27 15:17:29,627 [INFO] 🏁 WORKER FINISHED. Tổng video thành công: 2
2026-02-27 18:16:59,113 [INFO] 🚀 WORKER STARTED: showbiz124h
2026-02-27 18:16:59,274 [INFO] 🔍 Quét kênh: https://www.tiktok.com/@theanh28entertainment (Lấy tối đa 3 video)
2026-02-27 18:17:00,738 [INFO] ▶️ BẮT ĐẦU VIDEO: https://www.tiktok.com/@theanh28entertainment/video/7611389034237005077
2026-02-27 18:21:32,724 [INFO]    🎬 Chuẩn bị Remixing...
2026-02-27 18:21:32,724 [INFO]    ✅ Đã có file 'SHOWBIZ.png' trong máy.
2026-02-27 18:21:32,724 [INFO]    ✅ Đã có file 'SHOWBIZ 1.png' trong máy.
2026-02-27 18:21:32,724 [INFO]    ✅ Đã có file 'Inter_18pt-Bold.ttf' trong máy.
2026-02-27 18:23:03,848 [INFO]    ✅ HOÀN TẤT!
2026-02-27 18:23:04,368 [INFO]    ☁️ Đã cập nhật Supabase: last_video_url = https://www.tiktok.com/@theanh28entertainment/video/7611389034237005077
2026-02-27 18:23:09,374 [INFO] ▶️ BẮT ĐẦU VIDEO: https://www.tiktok.com/@theanh28entertainment/video/7611393799578782994
2026-02-27 18:28:26,228 [INFO]    🎬 Chuẩn bị Remixing...
2026-02-27 18:28:26,228 [INFO]    ✅ Đã có file 'SHOWBIZ.png' trong máy.
2026-02-27 18:28:26,228 [INFO]    ✅ Đã có file 'SHOWBIZ 1.png' trong máy.
2026-02-27 18:28:26,229 [INFO]    ✅ Đã có file 'Inter_18pt-Bold.ttf' trong máy.
2026-02-27 18:29:59,862 [INFO]    ✅ HOÀN TẤT!
2026-02-27 18:30:00,265 [INFO]    ☁️ Đã cập nhật Supabase: last_video_url = https://www.tiktok.com/@theanh28entertainment/video/7611393799578782994
2026-02-27 18:30:05,272 [INFO] ▶️ BẮT ĐẦU VIDEO: https://www.tiktok.com/@theanh28entertainment/video/7611389615055949076
2026-02-27 18:34:33,777 [INFO]    🎬 Chuẩn bị Remixing...
2026-02-27 18:34:33,778 [INFO]    ✅ Đã có file 'SHOWBIZ.png' trong máy.
2026-02-27 18:34:33,778 [INFO]    ✅ Đã có file 'SHOWBIZ 1.png' trong máy.
2026-02-27 18:34:33,778 [INFO]    ✅ Đã có file 'Inter_18pt-Bold.ttf' trong máy.
2026-02-27 18:35:17,614 [INFO]    ✅ HOÀN TẤT!
2026-02-27 18:35:18,140 [INFO]    ☁️ Đã cập nhật Supabase: last_video_url = https://www.tiktok.com/@theanh28entertainment/video/7611389615055949076
2026-02-27 18:35:23,143 [INFO] 🛑 Đã đạt giới hạn tài khoản (3 video). Dừng quét kênh tiếp theo.
2026-02-27 18:35:23,143 [INFO] 🏁 WORKER FINISHED. Tổng video thành công: 3/3
2026-02-28 10:00:09,153 [INFO] 🚀 WORKER STARTED: showbiz124h
2026-02-28 10:00:09,330 [INFO] 🔍 Quét kênh: https://www.tiktok.com/@theanh28entertainment (Lấy tối đa 3 video)
2026-02-28 10:00:10,773 [INFO] ▶️ BẮT ĐẦU VIDEO: https://www.tiktok.com/@theanh28entertainment/video/7611472635758660884
2026-02-28 10:04:30,613 [INFO]    🎬 Chuẩn bị Remixing...
2026-02-28 10:04:30,614 [INFO]    ✅ Đã có file 'SHOWBIZ.png' trong máy.
2026-02-28 10:04:30,614 [INFO]    ✅ Đã có file 'SHOWBIZ 1.png' trong máy.
2026-02-28 10:04:30,614 [INFO]    ✅ Đã có file 'Inter_18pt-Bold.ttf' trong máy.
2026-02-28 10:05:37,074 [INFO]    ✅ HOÀN TẤT!
2026-02-28 10:05:38,560 [INFO]    ☁️ Đã cập nhật Supabase: last_video_url = https://www.tiktok.com/@theanh28entertainment/video/7611472635758660884
2026-02-28 10:05:43,566 [INFO] ▶️ BẮT ĐẦU VIDEO: https://www.tiktok.com/@theanh28entertainment/video/7611474084081175829
2026-02-28 10:10:11,542 [INFO]    🎬 Chuẩn bị Remixing...
2026-02-28 10:10:11,542 [INFO]    ✅ Đã có file 'SHOWBIZ.png' trong máy.
2026-02-28 10:10:11,542 [INFO]    ✅ Đã có file 'SHOWBIZ 1.png' trong máy.
2026-02-28 10:10:11,542 [INFO]    ✅ Đã có file 'Inter_18pt-Bold.ttf' trong máy.
2026-02-28 10:10:42,406 [INFO]    ✅ HOÀN TẤT!
2026-02-28 10:10:43,260 [INFO]    ☁️ Đã cập nhật Supabase: last_video_url = https://www.tiktok.com/@theanh28entertainment/video/7611474084081175829
2026-02-28 10:10:48,263 [INFO] ▶️ BẮT ĐẦU VIDEO: https://www.tiktok.com/@theanh28entertainment/video/7611483142725127444
2026-02-28 10:15:28,900 [INFO]    🎬 Chuẩn bị Remixing...
2026-02-28 10:15:28,900 [INFO]    ✅ Đã có file 'SHOWBIZ.png' trong máy.
2026-02-28 10:15:28,900 [INFO]    ✅ Đã có file 'SHOWBIZ 1.png' trong máy.
2026-02-28 10:15:28,900 [INFO]    ✅ Đã có file 'Inter_18pt-Bold.ttf' trong máy.
2026-02-28 10:16:08,062 [INFO]    ✅ HOÀN TẤT!
2026-02-28 10:16:08,909 [INFO]    ☁️ Đã cập nhật Supabase: last_video_url = https://www.tiktok.com/@theanh28entertainment/video/7611483142725127444
2026-02-28 10:16:13,912 [INFO] 🛑 Đã đạt giới hạn tài khoản (3 video). Dừng quét kênh tiếp theo.
2026-02-28 10:16:13,912 [INFO] 🏁 WORKER FINISHED. Tổng video thành công: 3/3
2026-02-28 12:00:04,775 [INFO] 🚀 WORKER STARTED: showbiz124h
2026-02-28 12:00:04,944 [INFO] 🔍 Quét kênh: https://www.tiktok.com/@theanh28entertainment (Lấy tối đa 3 video)
2026-02-28 12:00:06,431 [INFO] ▶️ BẮT ĐẦU VIDEO: https://www.tiktok.com/@theanh28entertainment/video/7611682976555896085
2026-02-28 12:04:28,566 [INFO]    🎬 Chuẩn bị Remixing...
2026-02-28 12:04:28,566 [INFO]    ✅ Đã có file 'SHOWBIZ.png' trong máy.
2026-02-28 12:04:28,566 [INFO]    ✅ Đã có file 'SHOWBIZ 1.png' trong máy.
2026-02-28 12:04:28,566 [INFO]    ✅ Đã có file 'Inter_18pt-Bold.ttf' trong máy.
2026-02-28 12:05:15,930 [INFO]    ✅ HOÀN TẤT!
2026-02-28 12:05:17,128 [INFO]    ☁️ Đã cập nhật Supabase: last_video_url = https://www.tiktok.com/@theanh28entertainment/video/7611682976555896085
2026-02-28 12:05:22,134 [INFO] ▶️ BẮT ĐẦU VIDEO: https://www.tiktok.com/@theanh28entertainment/video/7611692651720494356
2026-02-28 12:09:53,476 [INFO]    🎬 Chuẩn bị Remixing...
2026-02-28 12:09:53,476 [INFO]    ✅ Đã có file 'SHOWBIZ.png' trong máy.
2026-02-28 12:09:53,476 [INFO]    ✅ Đã có file 'SHOWBIZ 1.png' trong máy.
2026-02-28 12:09:53,476 [INFO]    ✅ Đã có file 'Inter_18pt-Bold.ttf' trong máy.
2026-02-28 12:10:22,560 [INFO]    ✅ HOÀN TẤT!
2026-02-28 12:10:23,484 [INFO]    ☁️ Đã cập nhật Supabase: last_video_url = https://www.tiktok.com/@theanh28entertainment/video/7611692651720494356
2026-02-28 12:10:28,489 [INFO] ▶️ BẮT ĐẦU VIDEO: https://www.tiktok.com/@theanh28entertainment/video/7611698595032485138
2026-02-28 12:14:54,818 [INFO]    🎬 Chuẩn bị Remixing...
2026-02-28 12:14:54,818 [INFO]    ✅ Đã có file 'SHOWBIZ.png' trong máy.
2026-02-28 12:14:54,818 [INFO]    ✅ Đã có file 'SHOWBIZ 1.png' trong máy.
2026-02-28 12:14:54,818 [INFO]    ✅ Đã có file 'Inter_18pt-Bold.ttf' trong máy.
2026-02-28 12:15:32,261 [INFO]    ✅ HOÀN TẤT!
2026-02-28 12:15:32,782 [INFO]    ☁️ Đã cập nhật Supabase: last_video_url = https://www.tiktok.com/@theanh28entertainment/video/7611698595032485138
2026-02-28 12:15:37,786 [INFO] 🛑 Đã đạt giới hạn tài khoản (3 video). Dừng quét kênh tiếp theo.
2026-02-28 12:15:37,786 [INFO] 🏁 WORKER FINISHED. Tổng video thành công: 3/3
2026-02-28 15:00:04,985 [INFO] 🚀 WORKER STARTED: showbiz124h
2026-02-28 15:00:05,192 [INFO] 🔍 Quét kênh: https://www.tiktok.com/@theanh28entertainment (Lấy tối đa 3 video)
2026-02-28 15:00:06,745 [INFO] ▶️ BẮT ĐẦU VIDEO: https://www.tiktok.com/@theanh28entertainment/video/7611712541294660872
2026-02-28 15:04:40,065 [INFO]    🎬 Chuẩn bị Remixing...
2026-02-28 15:04:40,066 [INFO]    ✅ Đã có file 'SHOWBIZ.png' trong máy.
2026-02-28 15:04:40,066 [INFO]    ✅ Đã có file 'SHOWBIZ 1.png' trong máy.
2026-02-28 15:04:40,066 [INFO]    ✅ Đã có file 'Inter_18pt-Bold.ttf' trong máy.
2026-02-28 15:06:29,917 [INFO]    ✅ HOÀN TẤT!
2026-02-28 15:06:30,363 [INFO]    ☁️ Đã cập nhật Supabase: last_video_url = https://www.tiktok.com/@theanh28entertainment/video/7611712541294660872
2026-02-28 15:06:35,370 [INFO] ▶️ BẮT ĐẦU VIDEO: https://www.tiktok.com/@theanh28entertainment/video/7611737670321966343
2026-02-28 15:10:54,773 [INFO]    🎬 Chuẩn bị Remixing...
2026-02-28 15:10:54,773 [INFO]    ✅ Đã có file 'SHOWBIZ.png' trong máy.
2026-02-28 15:10:54,773 [INFO]    ✅ Đã có file 'SHOWBIZ 1.png' trong máy.
2026-02-28 15:10:54,773 [INFO]    ✅ Đã có file 'Inter_18pt-Bold.ttf' trong máy.
2026-02-28 15:11:42,373 [INFO]    ✅ HOÀN TẤT!
2026-02-28 15:11:42,817 [INFO]    ☁️ Đã cập nhật Supabase: last_video_url = https://www.tiktok.com/@theanh28entertainment/video/7611737670321966343
2026-02-28 15:11:47,825 [INFO] ▶️ BẮT ĐẦU VIDEO: https://www.tiktok.com/@theanh28entertainment/video/7611740613318429973
2026-02-28 15:16:20,880 [INFO]    🎬 Chuẩn bị Remixing...
2026-02-28 15:16:20,880 [INFO]    ✅ Đã có file 'SHOWBIZ.png' trong máy.
2026-02-28 15:16:20,880 [INFO]    ✅ Đã có file 'SHOWBIZ 1.png' trong máy.
2026-02-28 15:16:20,880 [INFO]    ✅ Đã có file 'Inter_18pt-Bold.ttf' trong máy.
2026-02-28 15:16:48,962 [INFO]    ✅ HOÀN TẤT!
2026-02-28 15:16:49,528 [INFO]    ☁️ Đã cập nhật Supabase: last_video_url = https://www.tiktok.com/@theanh28entertainment/video/7611740613318429973
2026-02-28 15:16:54,532 [INFO] 🛑 Đã đạt giới hạn tài khoản (3 video). Dừng quét kênh tiếp theo.
2026-02-28 15:16:54,532 [INFO] 🏁 WORKER FINISHED. Tổng video thành công: 3/3
2026-02-28 18:00:07,282 [INFO] 🚀 WORKER STARTED: showbiz124h
2026-02-28 18:00:07,455 [INFO] 🔍 Quét kênh: https://www.tiktok.com/@theanh28entertainment (Lấy tối đa 3 video)
2026-02-28 18:00:08,904 [INFO] ▶️ BẮT ĐẦU VIDEO: https://www.tiktok.com/@theanh28entertainment/video/7611742509403868423
2026-02-28 18:04:31,637 [INFO]    🎬 Chuẩn bị Remixing...
2026-02-28 18:04:31,637 [INFO]    ✅ Đã có file 'SHOWBIZ.png' trong máy.
2026-02-28 18:04:31,637 [INFO]    ✅ Đã có file 'SHOWBIZ 1.png' trong máy.
2026-02-28 18:04:31,637 [INFO]    ✅ Đã có file 'Inter_18pt-Bold.ttf' trong máy.
2026-02-28 18:06:12,113 [INFO]    ✅ HOÀN TẤT!
2026-02-28 18:06:12,547 [INFO]    ☁️ Đã cập nhật Supabase: last_video_url = https://www.tiktok.com/@theanh28entertainment/video/7611742509403868423
2026-02-28 18:06:17,551 [INFO] ▶️ BẮT ĐẦU VIDEO: https://www.tiktok.com/@theanh28entertainment/video/7611742917257891093
2026-02-28 18:10:48,731 [INFO]    🎬 Chuẩn bị Remixing...
2026-02-28 18:10:48,731 [INFO]    ✅ Đã có file 'SHOWBIZ.png' trong máy.
2026-02-28 18:10:48,731 [INFO]    ✅ Đã có file 'SHOWBIZ 1.png' trong máy.
2026-02-28 18:10:48,731 [INFO]    ✅ Đã có file 'Inter_18pt-Bold.ttf' trong máy.
2026-02-28 18:12:03,545 [INFO]    ✅ HOÀN TẤT!
2026-02-28 18:12:03,947 [INFO]    ☁️ Đã cập nhật Supabase: last_video_url = https://www.tiktok.com/@theanh28entertainment/video/7611742917257891093
2026-02-28 18:12:08,949 [INFO] ▶️ BẮT ĐẦU VIDEO: https://www.tiktok.com/@theanh28entertainment/video/7611750753497140500
2026-02-28 18:16:28,012 [INFO]    🎬 Chuẩn bị Remixing...
2026-02-28 18:16:28,012 [INFO]    ✅ Đã có file 'SHOWBIZ.png' trong máy.
2026-02-28 18:16:28,012 [INFO]    ✅ Đã có file 'SHOWBIZ 1.png' trong máy.
2026-02-28 18:16:28,012 [INFO]    ✅ Đã có file 'Inter_18pt-Bold.ttf' trong máy.
2026-02-28 18:17:23,725 [INFO]    ✅ HOÀN TẤT!
2026-02-28 18:17:24,250 [INFO]    ☁️ Đã cập nhật Supabase: last_video_url = https://www.tiktok.com/@theanh28entertainment/video/7611750753497140500
2026-02-28 18:17:29,253 [INFO] 🛑 Đã đạt giới hạn tài khoản (3 video). Dừng quét kênh tiếp theo.
2026-02-28 18:17:29,253 [INFO] 🏁 WORKER FINISHED. Tổng video thành công: 3/3
2026-03-01 10:00:05,386 [INFO] 🚀 WORKER STARTED: showbiz124h
2026-03-01 10:00:05,556 [INFO] 🔍 Quét kênh: https://www.tiktok.com/@theanh28entertainment (Lấy tối đa 3 video)
2026-03-01 10:00:06,971 [INFO] ▶️ BẮT ĐẦU VIDEO: https://www.tiktok.com/@theanh28entertainment/video/7611776812586175765
2026-03-01 10:04:35,491 [INFO]    🎬 Chuẩn bị Remixing...
2026-03-01 10:04:35,491 [INFO]    ✅ Đã có file 'SHOWBIZ.png' trong máy.
2026-03-01 10:04:35,491 [INFO]    ✅ Đã có file 'SHOWBIZ 1.png' trong máy.
2026-03-01 10:04:35,491 [INFO]    ✅ Đã có file 'Inter_18pt-Bold.ttf' trong máy.
2026-03-01 10:06:25,154 [INFO]    ✅ HOÀN TẤT!
2026-03-01 10:06:25,632 [INFO]    ☁️ Đã cập nhật Supabase: last_video_url = https://www.tiktok.com/@theanh28entertainment/video/7611776812586175765
2026-03-01 10:06:30,636 [INFO] ▶️ BẮT ĐẦU VIDEO: https://www.tiktok.com/@theanh28entertainment/video/7611810641531260178
2026-03-01 10:10:54,079 [INFO]    🎬 Chuẩn bị Remixing...
2026-03-01 10:10:54,080 [INFO]    ✅ Đã có file 'SHOWBIZ.png' trong máy.
2026-03-01 10:10:54,080 [INFO]    ✅ Đã có file 'SHOWBIZ 1.png' trong máy.
2026-03-01 10:10:54,080 [INFO]    ✅ Đã có file 'Inter_18pt-Bold.ttf' trong máy.
2026-03-01 10:12:06,179 [INFO]    ✅ HOÀN TẤT!
2026-03-01 10:12:06,593 [INFO]    ☁️ Đã cập nhật Supabase: last_video_url = https://www.tiktok.com/@theanh28entertainment/video/7611810641531260178
2026-03-01 10:12:11,597 [INFO] ▶️ BẮT ĐẦU VIDEO: https://www.tiktok.com/@theanh28entertainment/video/7611819061672021256
2026-03-01 10:17:07,312 [INFO]    🎬 Chuẩn bị Remixing...
2026-03-01 10:17:07,312 [INFO]    ✅ Đã có file 'SHOWBIZ.png' trong máy.
2026-03-01 10:17:07,312 [INFO]    ✅ Đã có file 'SHOWBIZ 1.png' trong máy.
2026-03-01 10:17:07,312 [INFO]    ✅ Đã có file 'Inter_18pt-Bold.ttf' trong máy.
2026-03-01 10:17:55,624 [INFO]    ✅ HOÀN TẤT!
2026-03-01 10:17:56,239 [INFO]    ☁️ Đã cập nhật Supabase: last_video_url = https://www.tiktok.com/@theanh28entertainment/video/7611819061672021256
2026-03-01 10:18:01,242 [INFO] 🛑 Đã đạt giới hạn tài khoản (3 video). Dừng quét kênh tiếp theo.
2026-03-01 10:18:01,242 [INFO] 🏁 WORKER FINISHED. Tổng video thành công: 3/3
2026-03-01 12:00:03,977 [INFO] 🚀 WORKER STARTED: showbiz124h
2026-03-01 12:00:04,131 [INFO] 🔍 Quét kênh: https://www.tiktok.com/@theanh28entertainment (Lấy tối đa 3 video)
2026-03-01 12:00:05,583 [INFO] ▶️ BẮT ĐẦU VIDEO: https://www.tiktok.com/@theanh28entertainment/video/7611829926710316306
2026-03-01 12:04:36,369 [INFO]    🎬 Chuẩn bị Remixing...
2026-03-01 12:04:36,369 [INFO]    ✅ Đã có file 'SHOWBIZ.png' trong máy.
2026-03-01 12:04:36,369 [INFO]    ✅ Đã có file 'SHOWBIZ 1.png' trong máy.
2026-03-01 12:04:36,369 [INFO]    ✅ Đã có file 'Inter_18pt-Bold.ttf' trong máy.
2026-03-01 12:06:00,538 [INFO]    ✅ HOÀN TẤT!
2026-03-01 12:06:01,203 [INFO]    ☁️ Đã cập nhật Supabase: last_video_url = https://www.tiktok.com/@theanh28entertainment/video/7611829926710316306
2026-03-01 12:06:06,207 [INFO] ▶️ BẮT ĐẦU VIDEO: https://www.tiktok.com/@theanh28entertainment/video/7611831150784351495
2026-03-01 12:10:35,150 [INFO]    🎬 Chuẩn bị Remixing...
2026-03-01 12:10:35,150 [INFO]    ✅ Đã có file 'SHOWBIZ.png' trong máy.
2026-03-01 12:10:35,150 [INFO]    ✅ Đã có file 'SHOWBIZ 1.png' trong máy.
2026-03-01 12:10:35,150 [INFO]    ✅ Đã có file 'Inter_18pt-Bold.ttf' trong máy.
2026-03-01 12:11:36,843 [INFO]    ✅ HOÀN TẤT!
2026-03-01 12:11:37,506 [INFO]    ☁️ Đã cập nhật Supabase: last_video_url = https://www.tiktok.com/@theanh28entertainment/video/7611831150784351495
2026-03-01 12:11:42,510 [INFO] ▶️ BẮT ĐẦU VIDEO: https://www.tiktok.com/@theanh28entertainment/video/7611831676175453458
2026-03-01 12:16:01,876 [INFO]    🎬 Chuẩn bị Remixing...
2026-03-01 12:16:01,876 [INFO]    ✅ Đã có file 'SHOWBIZ.png' trong máy.
2026-03-01 12:16:01,876 [INFO]    ✅ Đã có file 'SHOWBIZ 1.png' trong máy.
2026-03-01 12:16:01,876 [INFO]    ✅ Đã có file 'Inter_18pt-Bold.ttf' trong máy.
2026-03-01 12:16:37,683 [INFO]    ✅ HOÀN TẤT!
2026-03-01 12:16:38,225 [INFO]    ☁️ Đã cập nhật Supabase: last_video_url = https://www.tiktok.com/@theanh28entertainment/video/7611831676175453458
2026-03-01 12:16:43,233 [INFO] 🛑 Đã đạt giới hạn tài khoản (3 video). Dừng quét kênh tiếp theo.
2026-03-01 12:16:43,233 [INFO] 🏁 WORKER FINISHED. Tổng video thành công: 3/3
2026-03-01 15:00:04,003 [INFO] 🚀 WORKER STARTED: showbiz124h
2026-03-01 15:00:04,163 [INFO] 🔍 Quét kênh: https://www.tiktok.com/@theanh28entertainment (Lấy tối đa 3 video)
2026-03-01 15:00:05,651 [INFO] ▶️ BẮT ĐẦU VIDEO: https://www.tiktok.com/@theanh28entertainment/video/7611800989821095188
2026-03-01 15:04:51,496 [INFO]    🎬 Chuẩn bị Remixing...
2026-03-01 15:04:51,496 [INFO]    ✅ Đã có file 'SHOWBIZ.png' trong máy.
2026-03-01 15:04:51,496 [INFO]    ✅ Đã có file 'SHOWBIZ 1.png' trong máy.
2026-03-01 15:04:51,496 [INFO]    ✅ Đã có file 'Inter_18pt-Bold.ttf' trong máy.
2026-03-01 15:06:26,640 [INFO]    ✅ HOÀN TẤT!
2026-03-01 15:06:27,011 [INFO]    ☁️ Đã cập nhật Supabase: last_video_url = https://www.tiktok.com/@theanh28entertainment/video/7611800989821095188
2026-03-01 15:06:32,016 [INFO] ▶️ BẮT ĐẦU VIDEO: https://www.tiktok.com/@theanh28entertainment/video/7611887428986555665
2026-03-01 15:11:33,697 [INFO]    🎬 Chuẩn bị Remixing...
2026-03-01 15:11:33,697 [INFO]    ✅ Đã có file 'SHOWBIZ.png' trong máy.
2026-03-01 15:11:33,697 [INFO]    ✅ Đã có file 'SHOWBIZ 1.png' trong máy.
2026-03-01 15:11:33,697 [INFO]    ✅ Đã có file 'Inter_18pt-Bold.ttf' trong máy.
2026-03-01 15:12:30,287 [INFO]    ✅ HOÀN TẤT!
2026-03-01 15:12:30,726 [INFO]    ☁️ Đã cập nhật Supabase: last_video_url = https://www.tiktok.com/@theanh28entertainment/video/7611887428986555665
2026-03-01 15:12:35,731 [INFO] ▶️ BẮT ĐẦU VIDEO: https://www.tiktok.com/@theanh28entertainment/video/7611891252895993108
2026-03-01 15:17:17,582 [INFO]    🎬 Chuẩn bị Remixing...
2026-03-01 15:17:17,582 [INFO]    ✅ Đã có file 'SHOWBIZ.png' trong máy.
2026-03-01 15:17:17,582 [INFO]    ✅ Đã có file 'SHOWBIZ 1.png' trong máy.
2026-03-01 15:17:17,582 [INFO]    ✅ Đã có file 'Inter_18pt-Bold.ttf' trong máy.
2026-03-01 15:18:06,240 [INFO]    ✅ HOÀN TẤT!
2026-03-01 15:18:07,373 [INFO]    ☁️ Đã cập nhật Supabase: last_video_url = https://www.tiktok.com/@theanh28entertainment/video/7611891252895993108
2026-03-01 15:18:12,378 [INFO] 🛑 Đã đạt giới hạn tài khoản (3 video). Dừng quét kênh tiếp theo.
2026-03-01 15:18:12,378 [INFO] 🏁 WORKER FINISHED. Tổng video thành công: 3/3
2026-03-01 18:00:03,947 [INFO] 🚀 WORKER STARTED: showbiz124h
2026-03-01 18:00:04,108 [INFO] 🔍 Quét kênh: https://www.tiktok.com/@theanh28entertainment (Lấy tối đa 3 video)
2026-03-01 18:00:05,365 [INFO] ▶️ BẮT ĐẦU VIDEO: https://www.tiktok.com/@theanh28entertainment/video/7611834260042927367
2026-03-01 18:04:35,452 [INFO]    🎬 Chuẩn bị Remixing...
2026-03-01 18:04:35,453 [INFO]    ✅ Đã có file 'SHOWBIZ.png' trong máy.
2026-03-01 18:04:35,453 [INFO]    ✅ Đã có file 'SHOWBIZ 1.png' trong máy.
2026-03-01 18:04:35,453 [INFO]    ✅ Đã có file 'Inter_18pt-Bold.ttf' trong máy.
2026-03-01 18:05:48,867 [INFO]    ✅ HOÀN TẤT!
2026-03-01 18:05:49,314 [INFO]    ☁️ Đã cập nhật Supabase: last_video_url = https://www.tiktok.com/@theanh28entertainment/video/7611834260042927367
2026-03-01 18:05:54,318 [INFO] ▶️ BẮT ĐẦU VIDEO: https://www.tiktok.com/@theanh28entertainment/video/7611904088975953160
2026-03-01 18:10:25,258 [INFO]    🎬 Chuẩn bị Remixing...
2026-03-01 18:10:25,259 [INFO]    ✅ Đã có file 'SHOWBIZ.png' trong máy.
2026-03-01 18:10:25,259 [INFO]    ✅ Đã có file 'SHOWBIZ 1.png' trong máy.
2026-03-01 18:10:25,259 [INFO]    ✅ Đã có file 'Inter_18pt-Bold.ttf' trong máy.
2026-03-01 18:11:20,568 [INFO]    ✅ HOÀN TẤT!
2026-03-01 18:11:21,040 [INFO]    ☁️ Đã cập nhật Supabase: last_video_url = https://www.tiktok.com/@theanh28entertainment/video/7611904088975953160
2026-03-01 18:11:26,044 [INFO] ▶️ BẮT ĐẦU VIDEO: https://www.tiktok.com/@theanh28entertainment/video/7611912481316818184
2026-03-01 18:16:12,710 [INFO]    🎬 Chuẩn bị Remixing...
2026-03-01 18:16:12,710 [INFO]    ✅ Đã có file 'SHOWBIZ.png' trong máy.
2026-03-01 18:16:12,710 [INFO]    ✅ Đã có file 'SHOWBIZ 1.png' trong máy.
2026-03-01 18:16:12,710 [INFO]    ✅ Đã có file 'Inter_18pt-Bold.ttf' trong máy.
2026-03-01 18:17:19,216 [INFO]    ✅ HOÀN TẤT!
2026-03-01 18:17:20,114 [INFO]    ☁️ Đã cập nhật Supabase: last_video_url = https://www.tiktok.com/@theanh28entertainment/video/7611912481316818184
2026-03-01 18:17:25,116 [INFO] 🛑 Đã đạt giới hạn tài khoản (3 video). Dừng quét kênh tiếp theo.
2026-03-01 18:17:25,116 [INFO] 🏁 WORKER FINISHED. Tổng video thành công: 3/3
2026-03-02 10:00:06,280 [INFO] 🚀 WORKER STARTED: showbiz124h
2026-03-02 10:00:06,425 [INFO] 🔍 Quét kênh: https://www.tiktok.com/@theanh28entertainment (Lấy tối đa 3 video)
2026-03-02 10:00:07,781 [INFO] ▶️ BẮT ĐẦU VIDEO: https://www.tiktok.com/@theanh28entertainment/video/7612184877974179080
2026-03-02 10:04:36,155 [INFO]    🎬 Chuẩn bị Remixing...
2026-03-02 10:04:36,156 [INFO]    ✅ Đã có file 'SHOWBIZ.png' trong máy.
2026-03-02 10:04:36,156 [INFO]    ✅ Đã có file 'SHOWBIZ 1.png' trong máy.
2026-03-02 10:04:36,156 [INFO]    ✅ Đã có file 'Inter_18pt-Bold.ttf' trong máy.
2026-03-02 10:05:35,890 [INFO]    ✅ HOÀN TẤT!
2026-03-02 10:05:36,279 [INFO]    ☁️ Đã cập nhật Supabase: last_video_url = https://www.tiktok.com/@theanh28entertainment/video/7612184877974179080
2026-03-02 10:05:41,282 [INFO] ▶️ BẮT ĐẦU VIDEO: https://www.tiktok.com/@theanh28entertainment/video/7612195069734538503
2026-03-02 10:10:06,599 [INFO]    🎬 Chuẩn bị Remixing...
2026-03-02 10:10:06,600 [INFO]    ✅ Đã có file 'SHOWBIZ.png' trong máy.
2026-03-02 10:10:06,600 [INFO]    ✅ Đã có file 'SHOWBIZ 1.png' trong máy.
2026-03-02 10:10:06,600 [INFO]    ✅ Đã có file 'Inter_18pt-Bold.ttf' trong máy.
2026-03-02 10:11:01,162 [INFO]    ✅ HOÀN TẤT!
2026-03-02 10:11:01,661 [INFO]    ☁️ Đã cập nhật Supabase: last_video_url = https://www.tiktok.com/@theanh28entertainment/video/7612195069734538503
2026-03-02 10:11:06,668 [INFO] ▶️ BẮT ĐẦU VIDEO: https://www.tiktok.com/@theanh28entertainment/video/7612184100702653703
2026-03-02 10:15:33,867 [INFO]    🎬 Chuẩn bị Remixing...
2026-03-02 10:15:33,867 [INFO]    ✅ Đã có file 'SHOWBIZ.png' trong máy.
2026-03-02 10:15:33,867 [INFO]    ✅ Đã có file 'SHOWBIZ 1.png' trong máy.
2026-03-02 10:15:33,867 [INFO]    ✅ Đã có file 'Inter_18pt-Bold.ttf' trong máy.
2026-03-02 10:16:05,292 [INFO]    ✅ HOÀN TẤT!
2026-03-02 10:16:05,731 [INFO]    ☁️ Đã cập nhật Supabase: last_video_url = https://www.tiktok.com/@theanh28entertainment/video/7612184100702653703
2026-03-02 10:16:10,734 [INFO] 🛑 Đã đạt giới hạn tài khoản (3 video). Dừng quét kênh tiếp theo.
2026-03-02 10:16:10,734 [INFO] 🏁 WORKER FINISHED. Tổng video thành công: 3/3
2026-03-02 12:38:48,381 [INFO] 🚀 WORKER STARTED: showbiz124h
2026-03-02 12:38:48,574 [INFO] 🔍 Quét kênh: https://www.tiktok.com/@theanh28entertainment (Lấy tối đa 3 video)
2026-03-02 12:38:50,079 [INFO] ▶️ BẮT ĐẦU VIDEO: https://www.tiktok.com/@theanh28entertainment/video/7612364743403244808
2026-03-02 12:43:23,698 [INFO]    🎬 Chuẩn bị Remixing...
2026-03-02 12:43:23,699 [INFO]    ✅ Đã có file 'SHOWBIZ.png' trong máy.
2026-03-02 12:43:23,699 [INFO]    ✅ Đã có file 'SHOWBIZ 1.png' trong máy.
2026-03-02 12:43:23,699 [INFO]    ✅ Đã có file 'Inter_18pt-Bold.ttf' trong máy.
2026-03-02 12:45:26,402 [INFO]    ✅ HOÀN TẤT!
2026-03-02 12:45:26,925 [INFO]    ☁️ Đã cập nhật Supabase: last_video_url = https://www.tiktok.com/@theanh28entertainment/video/7612364743403244808
2026-03-02 12:45:31,929 [INFO] ▶️ BẮT ĐẦU VIDEO: https://www.tiktok.com/@theanh28entertainment/video/7612450650877627666
2026-03-02 12:49:57,089 [INFO]    🎬 Chuẩn bị Remixing...
2026-03-02 12:49:57,089 [INFO]    ✅ Đã có file 'SHOWBIZ.png' trong máy.
2026-03-02 12:49:57,089 [INFO]    ✅ Đã có file 'SHOWBIZ 1.png' trong máy.
2026-03-02 12:49:57,089 [INFO]    ✅ Đã có file 'Inter_18pt-Bold.ttf' trong máy.
2026-03-02 12:50:38,662 [INFO]    ✅ HOÀN TẤT!
2026-03-02 12:50:39,212 [INFO]    ☁️ Đã cập nhật Supabase: last_video_url = https://www.tiktok.com/@theanh28entertainment/video/7612450650877627666
2026-03-02 12:50:44,216 [INFO] ▶️ BẮT ĐẦU VIDEO: https://www.tiktok.com/@theanh28entertainment/video/7612477632612977928
2026-03-02 13:02:24,809 [INFO] 🔍 Quét kênh: https://www.tiktok.com/@theanh28.showbiz (Lấy tối đa 3 video)
2026-03-02 13:02:26,734 [INFO] ▶️ BẮT ĐẦU VIDEO: https://www.tiktok.com/@theanh28.showbiz/video/7611396061646638357
2026-03-02 13:06:45,235 [INFO] ▶️ BẮT ĐẦU VIDEO: https://www.tiktok.com/@theanh28.showbiz/video/7611380213162708242
2026-03-02 13:11:01,262 [INFO] ▶️ BẮT ĐẦU VIDEO: https://www.tiktok.com/@theanh28.showbiz/video/7611404911296711956
2026-03-02 13:15:20,383 [INFO] 🔍 Quét kênh: https://www.tiktok.com/@123heronews (Lấy tối đa 3 video)
2026-03-02 13:15:21,520 [INFO] ▶️ BẮT ĐẦU VIDEO: https://www.tiktok.com/@123heronews/video/7602423919286537493
2026-03-02 13:19:37,123 [INFO] ▶️ BẮT ĐẦU VIDEO: https://www.tiktok.com/@123heronews/video/7602793999501479189
2026-03-02 13:23:53,097 [INFO] ▶️ BẮT ĐẦU VIDEO: https://www.tiktok.com/@123heronews/video/7603167130305023253
2026-03-02 13:26:46,472 [INFO]    🎬 Chuẩn bị Remixing...
2026-03-02 13:26:46,472 [INFO]    ✅ Đã có file 'SHOWBIZ.png' trong máy.
2026-03-02 13:26:46,472 [INFO]    ✅ Đã có file 'SHOWBIZ.png' trong máy.
2026-03-02 13:26:46,472 [INFO]    ✅ Đã có file 'Inter_18pt-Bold.ttf' trong máy.
2026-03-02 13:27:34,304 [INFO]    ✅ HOÀN TẤT!
2026-03-02 13:27:35,148 [INFO]    ☁️ Đã cập nhật Supabase: last_video_url = https://www.tiktok.com/@123heronews/video/7603167130305023253
2026-03-02 13:27:40,152 [INFO] 🏁 WORKER FINISHED. Tổng video thành công: 3/3
2026-03-02 15:00:04,461 [INFO] 🚀 WORKER STARTED: showbiz124h
2026-03-02 15:00:04,631 [INFO] 🔍 Quét kênh: https://www.tiktok.com/@theanh28entertainment (Lấy tối đa 3 video)
2026-03-02 15:00:05,951 [INFO] ▶️ BẮT ĐẦU VIDEO: https://www.tiktok.com/@theanh28entertainment/video/7612479876720774408
2026-03-02 15:04:28,906 [INFO] ▶️ BẮT ĐẦU VIDEO: https://www.tiktok.com/@theanh28entertainment/video/7612482906841271570
2026-03-02 15:08:54,836 [INFO] ▶️ BẮT ĐẦU VIDEO: https://www.tiktok.com/@theanh28entertainment/video/7612484678586535175
2026-03-02 15:13:12,174 [INFO] 🔍 Quét kênh: https://www.tiktok.com/@theanh28.showbiz (Lấy tối đa 3 video)
2026-03-02 15:13:13,247 [INFO] ▶️ BẮT ĐẦU VIDEO: https://www.tiktok.com/@theanh28.showbiz/video/7611404911296711956
2026-03-02 15:17:30,977 [INFO] ▶️ BẮT ĐẦU VIDEO: https://www.tiktok.com/@theanh28.showbiz/video/7611434829795675399
2026-03-02 15:21:50,953 [INFO] ▶️ BẮT ĐẦU VIDEO: https://www.tiktok.com/@theanh28.showbiz/video/7611443870173269256
2026-03-02 15:26:03,887 [INFO] 🔍 Quét kênh: https://www.tiktok.com/@123heronews (Lấy tối đa 3 video)
2026-03-02 15:26:04,874 [INFO] ▶️ BẮT ĐẦU VIDEO: https://www.tiktok.com/@123heronews/video/7604644588074192149
2026-03-02 15:30:16,735 [INFO] ▶️ BẮT ĐẦU VIDEO: https://www.tiktok.com/@123heronews/video/7604666154195651860
2026-03-02 15:34:39,653 [INFO] ▶️ BẮT ĐẦU VIDEO: https://www.tiktok.com/@123heronews/video/7604894613307985173
2026-03-02 15:39:01,395 [INFO] 🏁 WORKER FINISHED. Tổng video thành công: 0/3
2026-03-02 18:00:04,337 [INFO] 🚀 WORKER STARTED: showbiz124h
2026-03-02 18:00:04,502 [INFO] 🔍 Quét kênh: https://www.tiktok.com/@theanh28entertainment (Lấy tối đa 3 video)
2026-03-02 18:00:05,946 [INFO] ▶️ BẮT ĐẦU VIDEO: https://www.tiktok.com/@theanh28entertainment/video/7612487925942455573
2026-03-02 18:04:22,631 [INFO] ▶️ BẮT ĐẦU VIDEO: https://www.tiktok.com/@theanh28entertainment/video/7612484207029292309
2026-03-02 18:08:44,413 [INFO] ▶️ BẮT ĐẦU VIDEO: https://www.tiktok.com/@theanh28entertainment/video/7612491388160199957
2026-03-02 18:13:11,650 [INFO] 🔍 Quét kênh: https://www.tiktok.com/@theanh28.showbiz (Lấy tối đa 3 video)
2026-03-02 18:13:12,891 [INFO] ▶️ BẮT ĐẦU VIDEO: https://www.tiktok.com/@theanh28.showbiz/video/7611462260464078101
2026-03-02 18:17:37,383 [INFO] ▶️ BẮT ĐẦU VIDEO: https://www.tiktok.com/@theanh28.showbiz/video/7611493450139143442
2026-03-02 18:21:58,178 [INFO] ▶️ BẮT ĐẦU VIDEO: https://www.tiktok.com/@theanh28.showbiz/video/7611526540173577493
2026-03-02 18:26:13,948 [INFO] 🔍 Quét kênh: https://www.tiktok.com/@123heronews (Lấy tối đa 3 video)
2026-03-02 18:26:14,931 [INFO] ▶️ BẮT ĐẦU VIDEO: https://www.tiktok.com/@123heronews/video/7604644588074192149
2026-03-02 18:30:25,779 [INFO] ▶️ BẮT ĐẦU VIDEO: https://www.tiktok.com/@123heronews/video/7604666154195651860
2026-03-02 18:34:38,467 [INFO] ▶️ BẮT ĐẦU VIDEO: https://www.tiktok.com/@123heronews/video/7604894613307985173
2026-03-02 18:38:54,502 [INFO] 🏁 WORKER FINISHED. Tổng video thành công: 0/3
2026-03-03 10:00:06,929 [INFO] 🚀 WORKER STARTED: showbiz124h
2026-03-03 10:00:07,082 [INFO] 🔍 Quét kênh: https://www.tiktok.com/@theanh28entertainment (Lấy tối đa 3 video)
2026-03-03 10:00:08,536 [INFO] ▶️ BẮT ĐẦU VIDEO: https://www.tiktok.com/@theanh28entertainment/video/7612583288573578504
2026-03-03 10:04:48,082 [INFO]    🎬 Chuẩn bị Remixing...
2026-03-03 10:04:48,082 [INFO]    ✅ Đã có file 'SHOWBIZ.png' trong máy.
2026-03-03 10:04:48,083 [INFO]    ✅ Đã có file 'SHOWBIZ 1.png' trong máy.
2026-03-03 10:04:48,083 [INFO]    ✅ Đã có file 'Inter_18pt-Bold.ttf' trong máy.
2026-03-03 10:06:34,674 [INFO]    ✅ HOÀN TẤT!
2026-03-03 10:06:35,108 [INFO]    ☁️ Đã cập nhật Supabase: last_video_url = https://www.tiktok.com/@theanh28entertainment/video/7612583288573578504
2026-03-03 10:06:40,112 [INFO] ▶️ BẮT ĐẦU VIDEO: https://www.tiktok.com/@theanh28entertainment/video/7612594839326199061
2026-03-03 10:10:59,300 [INFO] ▶️ BẮT ĐẦU VIDEO: https://www.tiktok.com/@theanh28entertainment/video/7612640138669182228
2026-03-03 10:15:19,067 [INFO] 🔍 Quét kênh: https://www.tiktok.com/@theanh28.showbiz (Lấy tối đa 3 video)
2026-03-03 10:15:20,481 [INFO] ▶️ BẮT ĐẦU VIDEO: https://www.tiktok.com/@theanh28.showbiz/video/7611462260464078101
2026-03-03 10:19:58,328 [INFO]    🎬 Chuẩn bị Remixing...
2026-03-03 10:19:58,328 [INFO]    ✅ Đã có file 'SHOWBIZ.png' trong máy.
2026-03-03 10:19:58,328 [INFO]    ✅ Đã có file 'SHOWBIZ 1.png' trong máy.
2026-03-03 10:19:58,328 [INFO]    ✅ Đã có file 'Inter_18pt-Bold.ttf' trong máy.
2026-03-03 10:20:45,942 [INFO]    ✅ HOÀN TẤT!
2026-03-03 10:20:46,407 [INFO]    ☁️ Đã cập nhật Supabase: last_video_url = https://www.tiktok.com/@theanh28.showbiz/video/7611462260464078101
2026-03-03 10:20:51,411 [INFO] ▶️ BẮT ĐẦU VIDEO: https://www.tiktok.com/@theanh28.showbiz/video/7611493450139143442
2026-03-03 10:25:05,039 [INFO] ▶️ BẮT ĐẦU VIDEO: https://www.tiktok.com/@theanh28.showbiz/video/7611526540173577493
2026-03-03 10:29:23,559 [INFO] 🔍 Quét kênh: https://www.tiktok.com/@123heronews (Lấy tối đa 3 video)
2026-03-03 10:29:24,654 [INFO] ▶️ BẮT ĐẦU VIDEO: https://www.tiktok.com/@123heronews/video/7604644588074192149
2026-03-03 10:33:38,606 [INFO] ▶️ BẮT ĐẦU VIDEO: https://www.tiktok.com/@123heronews/video/7604666154195651860
2026-03-03 10:37:52,325 [INFO] ▶️ BẮT ĐẦU VIDEO: https://www.tiktok.com/@123heronews/video/7604894613307985173
2026-03-03 10:41:08,859 [INFO]    🎬 Chuẩn bị Remixing...
2026-03-03 10:41:08,860 [INFO]    ✅ Đã có file 'SHOWBIZ.png' trong máy.
2026-03-03 10:41:08,860 [INFO]    ✅ Đã có file 'SHOWBIZ.png' trong máy.
2026-03-03 10:41:08,860 [INFO]    ✅ Đã có file 'Inter_18pt-Bold.ttf' trong máy.
2026-03-03 10:42:02,730 [INFO]    ✅ HOÀN TẤT!
2026-03-03 10:42:03,396 [INFO]    ☁️ Đã cập nhật Supabase: last_video_url = https://www.tiktok.com/@123heronews/video/7604894613307985173
2026-03-03 10:42:08,399 [INFO] 🏁 WORKER FINISHED. Tổng video thành công: 3/3
2026-03-03 12:00:03,860 [INFO] 🚀 WORKER STARTED: showbiz124h
2026-03-03 12:00:04,037 [INFO] 🔍 Quét kênh: https://www.tiktok.com/@theanh28entertainment (Lấy tối đa 3 video)
2026-03-03 12:00:05,390 [INFO] ▶️ BẮT ĐẦU VIDEO: https://www.tiktok.com/@theanh28entertainment/video/7612615554775682312
2026-03-03 12:04:19,936 [INFO] ▶️ BẮT ĐẦU VIDEO: https://www.tiktok.com/@theanh28entertainment/video/7612661798436736276
2026-03-03 12:08:38,883 [INFO] ▶️ BẮT ĐẦU VIDEO: https://www.tiktok.com/@theanh28entertainment/video/7612671061259259157
2026-03-03 12:12:55,083 [INFO] 🔍 Quét kênh: https://www.tiktok.com/@theanh28.showbiz (Lấy tối đa 3 video)
2026-03-03 12:12:56,176 [INFO] ▶️ BẮT ĐẦU VIDEO: https://www.tiktok.com/@theanh28.showbiz/video/7611493450139143442
2026-03-03 12:17:40,822 [INFO]    🎬 Chuẩn bị Remixing...
2026-03-03 12:17:40,822 [INFO]    ✅ Đã có file 'SHOWBIZ.png' trong máy.
2026-03-03 12:17:40,822 [INFO]    ✅ Đã có file 'SHOWBIZ 1.png' trong máy.
2026-03-03 12:17:40,822 [INFO]    ✅ Đã có file 'Inter_18pt-Bold.ttf' trong máy.
2026-03-03 12:18:15,689 [INFO]    ✅ HOÀN TẤT!
2026-03-03 12:18:16,601 [INFO]    ☁️ Đã cập nhật Supabase: last_video_url = https://www.tiktok.com/@theanh28.showbiz/video/7611493450139143442
2026-03-03 12:18:21,605 [INFO] ▶️ BẮT ĐẦU VIDEO: https://www.tiktok.com/@theanh28.showbiz/video/7611526540173577493
2026-03-03 12:22:37,290 [INFO] ▶️ BẮT ĐẦU VIDEO: https://www.tiktok.com/@theanh28.showbiz/video/7611750574337346834
2026-03-03 12:27:10,460 [INFO]    🎬 Chuẩn bị Remixing...
2026-03-03 12:27:10,460 [INFO]    ✅ Đã có file 'SHOWBIZ.png' trong máy.
2026-03-03 12:27:10,460 [INFO]    ✅ Đã có file 'SHOWBIZ 1.png' trong máy.
2026-03-03 12:27:10,460 [INFO]    ✅ Đã có file 'Inter_18pt-Bold.ttf' trong máy.
2026-03-03 12:28:13,887 [INFO]    ✅ HOÀN TẤT!
2026-03-03 12:28:14,836 [INFO]    ☁️ Đã cập nhật Supabase: last_video_url = https://www.tiktok.com/@theanh28.showbiz/video/7611750574337346834
2026-03-03 12:28:19,840 [INFO] 🔍 Quét kênh: https://www.tiktok.com/@123heronews (Lấy tối đa 3 video)
2026-03-03 12:28:20,865 [INFO] ▶️ BẮT ĐẦU VIDEO: https://www.tiktok.com/@123heronews/video/7605394488369909013
2026-03-03 12:32:40,695 [INFO]    🎬 Chuẩn bị Remixing...
2026-03-03 12:32:40,695 [INFO]    ✅ Đã có file 'SHOWBIZ.png' trong máy.
2026-03-03 12:32:40,695 [INFO]    ✅ Đã có file 'SHOWBIZ.png' trong máy.
2026-03-03 12:32:40,695 [INFO]    ✅ Đã có file 'Inter_18pt-Bold.ttf' trong máy.
2026-03-03 12:33:17,037 [INFO]    ✅ HOÀN TẤT!
2026-03-03 12:33:18,551 [INFO]    ☁️ Đã cập nhật Supabase: last_video_url = https://www.tiktok.com/@123heronews/video/7605394488369909013
2026-03-03 12:33:23,554 [INFO] 🛑 Đã đạt giới hạn tài khoản (3 video). Ngừng xử lý các video còn lại trong kênh.
2026-03-03 12:33:23,554 [INFO] 🏁 WORKER FINISHED. Tổng video thành công: 3/3
2026-03-03 15:00:04,061 [INFO] 🚀 WORKER STARTED: showbiz124h
2026-03-03 15:00:04,218 [INFO] 🔍 Quét kênh: https://www.tiktok.com/@theanh28entertainment (Lấy tối đa 3 video)
2026-03-03 15:00:06,524 [INFO] ▶️ BẮT ĐẦU VIDEO: https://www.tiktok.com/@theanh28entertainment/video/7612824362009382164
2026-03-03 15:04:23,558 [INFO]    🎬 Chuẩn bị Remixing...
2026-03-03 15:04:23,559 [INFO]    ✅ Đã có file 'SHOWBIZ.png' trong máy.
2026-03-03 15:04:23,559 [INFO]    ✅ Đã có file 'SHOWBIZ 1.png' trong máy.
2026-03-03 15:04:23,559 [INFO]    ✅ Đã có file 'Inter_18pt-Bold.ttf' trong máy.
2026-03-03 15:05:01,632 [INFO]    ✅ HOÀN TẤT!
2026-03-03 15:05:02,490 [INFO]    ☁️ Đã cập nhật Supabase: last_video_url = https://www.tiktok.com/@theanh28entertainment/video/7612824362009382164
2026-03-03 15:05:07,497 [INFO] ▶️ BẮT ĐẦU VIDEO: https://www.tiktok.com/@theanh28entertainment/video/7612830628316204309
2026-03-03 15:09:36,473 [INFO]    🎬 Chuẩn bị Remixing...
2026-03-03 15:09:36,473 [INFO]    ✅ Đã có file 'SHOWBIZ.png' trong máy.
2026-03-03 15:09:36,473 [INFO]    ✅ Đã có file 'SHOWBIZ 1.png' trong máy.
2026-03-03 15:09:36,473 [INFO]    ✅ Đã có file 'Inter_18pt-Bold.ttf' trong máy.
2026-03-03 15:10:05,618 [INFO]    ✅ HOÀN TẤT!
2026-03-03 15:10:06,486 [INFO]    ☁️ Đã cập nhật Supabase: last_video_url = https://www.tiktok.com/@theanh28entertainment/video/7612830628316204309
2026-03-03 15:10:11,488 [INFO] ▶️ BẮT ĐẦU VIDEO: https://www.tiktok.com/@theanh28entertainment/video/7612844240439119122
2026-03-03 15:14:33,573 [INFO]    🎬 Chuẩn bị Remixing...
2026-03-03 15:14:33,573 [INFO]    ✅ Đã có file 'SHOWBIZ.png' trong máy.
2026-03-03 15:14:33,573 [INFO]    ✅ Đã có file 'SHOWBIZ 1.png' trong máy.
2026-03-03 15:14:33,573 [INFO]    ✅ Đã có file 'Inter_18pt-Bold.ttf' trong máy.
2026-03-03 15:15:26,251 [INFO]    ✅ HOÀN TẤT!
2026-03-03 15:15:27,428 [INFO]    ☁️ Đã cập nhật Supabase: last_video_url = https://www.tiktok.com/@theanh28entertainment/video/7612844240439119122
2026-03-03 15:15:32,434 [INFO] 🛑 Đã đạt giới hạn tài khoản (3 video). Dừng quét kênh tiếp theo.
2026-03-03 15:15:32,434 [INFO] 🏁 WORKER FINISHED. Tổng video thành công: 3/3
2026-03-03 18:00:04,041 [INFO] 🚀 WORKER STARTED: showbiz124h
2026-03-03 18:00:04,200 [INFO] 🔍 Quét kênh: https://www.tiktok.com/@theanh28entertainment (Lấy tối đa 3 video)
2026-03-03 18:00:05,499 [INFO] ▶️ BẮT ĐẦU VIDEO: https://www.tiktok.com/@theanh28entertainment/video/7612849658540428562
2026-03-03 18:04:53,262 [INFO]    🎬 Chuẩn bị Remixing...
2026-03-03 18:04:53,262 [INFO]    ✅ Đã có file 'SHOWBIZ.png' trong máy.
2026-03-03 18:04:53,262 [INFO]    ✅ Đã có file 'SHOWBIZ 1.png' trong máy.
2026-03-03 18:04:53,262 [INFO]    ✅ Đã có file 'Inter_18pt-Bold.ttf' trong máy.
2026-03-03 18:06:48,479 [INFO]    ✅ HOÀN TẤT!
2026-03-03 18:06:49,025 [INFO]    ☁️ Đã cập nhật Supabase: last_video_url = https://www.tiktok.com/@theanh28entertainment/video/7612849658540428562
2026-03-03 18:06:54,029 [INFO] ▶️ BẮT ĐẦU VIDEO: https://www.tiktok.com/@theanh28entertainment/video/7612854917434281224
2026-03-03 18:11:24,114 [INFO]    🎬 Chuẩn bị Remixing...
2026-03-03 18:11:24,115 [INFO]    ✅ Đã có file 'SHOWBIZ.png' trong máy.
2026-03-03 18:11:24,115 [INFO]    ✅ Đã có file 'SHOWBIZ 1.png' trong máy.
2026-03-03 18:11:24,115 [INFO]    ✅ Đã có file 'Inter_18pt-Bold.ttf' trong máy.
2026-03-03 18:12:11,497 [INFO]    ✅ HOÀN TẤT!
2026-03-03 18:12:12,004 [INFO]    ☁️ Đã cập nhật Supabase: last_video_url = https://www.tiktok.com/@theanh28entertainment/video/7612854917434281224
2026-03-03 18:12:17,009 [INFO] ▶️ BẮT ĐẦU VIDEO: https://www.tiktok.com/@theanh28entertainment/video/7612859610134859029
2026-03-03 18:16:46,721 [INFO]    🎬 Chuẩn bị Remixing...
2026-03-03 18:16:46,721 [INFO]    ✅ Đã có file 'SHOWBIZ.png' trong máy.
2026-03-03 18:16:46,721 [INFO]    ✅ Đã có file 'SHOWBIZ 1.png' trong máy.
2026-03-03 18:16:46,721 [INFO]    ✅ Đã có file 'Inter_18pt-Bold.ttf' trong máy.
2026-03-03 18:17:25,884 [INFO]    ✅ HOÀN TẤT!
2026-03-03 18:17:26,314 [INFO]    ☁️ Đã cập nhật Supabase: last_video_url = https://www.tiktok.com/@theanh28entertainment/video/7612859610134859029
2026-03-03 18:17:31,317 [INFO] 🛑 Đã đạt giới hạn tài khoản (3 video). Dừng quét kênh tiếp theo.
2026-03-03 18:17:31,317 [INFO] 🏁 WORKER FINISHED. Tổng video thành công: 3/3
