2026-02-24 16:12:23,265 [INFO] 🚀 WORKER STARTED: taichinh24444h
2026-02-24 16:12:23,438 [INFO] 🔍 Quét kênh: https://www.tiktok.com/@kienthuckinhte28
2026-02-24 16:12:25,225 [INFO] ▶️ BẮT ĐẦU VIDEO: https://www.tiktok.com/@kienthuckinhte28/video/7610077510553898261
2026-02-24 16:16:25,803 [INFO]    🎬 Chuẩn bị Remixing...
2026-02-24 16:16:25,804 [INFO]    🖼️ Đang đồng bộ Title Frame từ Supabase: FR tai chinh .png
2026-02-24 16:16:29,518 [INFO]    🖼️ Đang đồng bộ Content Frame từ Supabase: FR tai chinh 1.png
2026-02-24 16:16:30,150 [INFO]    🔤 Đang đồng bộ Font từ Supabase: Inter_18pt-Bold.ttf
2026-02-24 16:17:36,684 [INFO]    ✅ HOÀN TẤT!
2026-02-24 16:17:37,192 [INFO]    ☁️ Đã cập nhật Supabase: last_video_url = https://www.tiktok.com/@kienthuckinhte28/video/7610077510553898261
2026-02-24 16:17:42,220 [INFO] ▶️ BẮT ĐẦU VIDEO: https://www.tiktok.com/@kienthuckinhte28/video/7610078132007341332
2026-02-24 16:33:35,437 [INFO] 🚀 WORKER STARTED: taichinh24444h
2026-02-24 16:33:35,606 [INFO] 🔍 Quét kênh: https://www.tiktok.com/@kienthuckinhte28
2026-02-24 16:33:37,360 [INFO] ▶️ BẮT ĐẦU VIDEO: https://www.tiktok.com/@kienthuckinhte28/video/7610078132007341332
2026-02-26 09:51:48,616 [INFO] 🚀 WORKER STARTED: taichinh24444h
2026-02-26 09:51:48,777 [INFO] 🔍 Quét kênh: https://www.tiktok.com/@kienthuckinhte28
2026-02-26 09:51:50,602 [INFO] ▶️ BẮT ĐẦU VIDEO: https://www.tiktok.com/@kienthuckinhte28/video/7610663304356302100
2026-02-26 10:00:04,025 [INFO] 🚀 WORKER STARTED: taichinh24444h
2026-02-26 10:00:04,174 [INFO] 🔍 Quét kênh: https://www.tiktok.com/@kienthuckinhte28
2026-02-26 10:00:05,835 [INFO] ▶️ BẮT ĐẦU VIDEO: https://www.tiktok.com/@kienthuckinhte28/video/7610663304356302100
2026-02-26 10:05:05,851 [INFO]    🎬 Chuẩn bị Remixing...
2026-02-26 10:05:05,852 [INFO]    🖼️ Đang đồng bộ Title Frame từ Supabase: FR tai chinh .png
2026-02-26 10:05:08,721 [INFO]    🖼️ Đang đồng bộ Content Frame từ Supabase: FR tai chinh 1.png
2026-02-26 10:05:09,355 [INFO]    🔤 Đang đồng bộ Font từ Supabase: Inter_18pt-Bold.ttf
2026-02-26 10:06:32,116 [ERROR]    🔥 Lỗi: Expecting value: line 1 column 1 (char 0)
2026-02-26 10:06:37,119 [INFO] ▶️ BẮT ĐẦU VIDEO: https://www.tiktok.com/@kienthuckinhte28/video/7610730453322026260
2026-02-26 12:45:23,688 [INFO] 🚀 WORKER STARTED: taichinh24444h
2026-02-26 12:45:23,852 [INFO] 🔍 Quét kênh: https://www.tiktok.com/@kienthuckinhte28
2026-02-26 12:45:25,383 [INFO] ▶️ BẮT ĐẦU VIDEO: https://www.tiktok.com/@kienthuckinhte28/video/7610746276396748053
2026-02-26 12:45:37,523 [INFO] ▶️ BẮT ĐẦU VIDEO: https://www.tiktok.com/@kienthuckinhte28/video/7610746761170275605
2026-02-26 12:47:57,718 [INFO] 🚀 WORKER STARTED: taichinh24444h
2026-02-26 12:47:57,871 [INFO] 🔍 Quét kênh: https://www.tiktok.com/@kienthuckinhte28
2026-02-26 12:48:00,333 [INFO] ▶️ BẮT ĐẦU VIDEO: https://www.tiktok.com/@kienthuckinhte28/video/7610746276396748053
2026-02-26 12:48:53,344 [INFO] ▶️ BẮT ĐẦU VIDEO: https://www.tiktok.com/@kienthuckinhte28/video/7610746761170275605
2026-02-26 12:49:39,553 [INFO] 🚀 WORKER STARTED: taichinh24444h
2026-02-26 12:49:39,710 [INFO] 🔍 Quét kênh: https://www.tiktok.com/@kienthuckinhte28
2026-02-26 12:49:41,373 [INFO] ▶️ BẮT ĐẦU VIDEO: https://www.tiktok.com/@kienthuckinhte28/video/7610746276396748053
2026-02-26 12:49:52,903 [INFO] ▶️ BẮT ĐẦU VIDEO: https://www.tiktok.com/@kienthuckinhte28/video/7610746761170275605
2026-02-26 12:50:37,113 [ERROR]    🔥 Lỗi: [Errno 22] Invalid argument
2026-02-26 12:50:42,114 [INFO] ▶️ BẮT ĐẦU VIDEO: https://www.tiktok.com/@kienthuckinhte28/video/7610713085904473351
2026-02-26 12:50:42,114 [ERROR]    🔥 Lỗi: [Errno 22] Invalid argument
2026-02-26 12:50:47,115 [INFO] 🔍 Quét kênh: https://www.tiktok.com/@financex2
2026-02-26 12:50:47,115 [ERROR]    ⚠️ Lỗi quét video: [Errno 22] Invalid argument
2026-02-26 12:50:47,115 [INFO] 🏁 WORKER FINISHED. Tổng video thành công: 0
2026-02-26 12:53:21,970 [INFO] 🚀 WORKER STARTED: taichinh24444h
2026-02-26 12:53:22,183 [INFO] 🔍 Quét kênh: https://www.tiktok.com/@kienthuckinhte28
2026-02-26 12:53:24,183 [INFO] ▶️ BẮT ĐẦU VIDEO: https://www.tiktok.com/@kienthuckinhte28/video/7610746276396748053
2026-02-26 12:58:33,937 [INFO]    🎬 Chuẩn bị Remixing...
2026-02-26 12:58:33,937 [INFO]    🖼️ Đang đồng bộ Title Frame từ Supabase: FR tai chinh .png
2026-02-26 12:58:36,026 [INFO]    🖼️ Đang đồng bộ Content Frame từ Supabase: FR tai chinh 1.png
2026-02-26 12:58:36,659 [INFO]    🔤 Đang đồng bộ Font từ Supabase: Inter_18pt-Bold.ttf
2026-02-26 13:00:04,277 [ERROR]    🔥 Lỗi: Expecting value: line 1 column 1 (char 0)
2026-02-26 13:00:09,280 [INFO] ▶️ BẮT ĐẦU VIDEO: https://www.tiktok.com/@kienthuckinhte28/video/7610746761170275605
2026-02-26 13:04:55,019 [INFO]    🎬 Chuẩn bị Remixing...
2026-02-26 13:04:55,019 [INFO]    🖼️ Đang đồng bộ Title Frame từ Supabase: FR tai chinh .png
2026-02-26 13:04:56,577 [INFO]    🖼️ Đang đồng bộ Content Frame từ Supabase: FR tai chinh 1.png
2026-02-26 13:04:57,226 [INFO]    🔤 Đang đồng bộ Font từ Supabase: Inter_18pt-Bold.ttf
2026-02-26 13:06:00,686 [ERROR]    🔥 Lỗi: [Errno 22] Invalid argument
2026-02-26 13:06:05,688 [INFO] ▶️ BẮT ĐẦU VIDEO: https://www.tiktok.com/@kienthuckinhte28/video/7610713085904473351
2026-02-26 13:06:05,688 [ERROR]    🔥 Lỗi: [Errno 22] Invalid argument
2026-02-26 13:06:10,689 [INFO] 🔍 Quét kênh: https://www.tiktok.com/@financex2
2026-02-26 13:06:10,689 [ERROR]    ⚠️ Lỗi quét video: [Errno 22] Invalid argument
2026-02-26 13:06:10,689 [INFO] 🏁 WORKER FINISHED. Tổng video thành công: 0
2026-02-26 14:41:54,736 [INFO] 🚀 WORKER STARTED: taichinh24444h
2026-02-26 14:41:54,897 [INFO] 🔍 Quét kênh: https://www.tiktok.com/@kienthuckinhte28
2026-02-26 14:41:56,393 [INFO] ▶️ BẮT ĐẦU VIDEO: https://www.tiktok.com/@kienthuckinhte28/video/7610716925408136469
2026-02-26 14:46:29,770 [INFO]    🎬 Chuẩn bị Remixing...
2026-02-26 14:46:29,771 [INFO]    🖼️ Đang đồng bộ Title Frame từ Supabase: FR tai chinh .png
2026-02-26 14:46:31,636 [INFO]    🖼️ Đang đồng bộ Content Frame từ Supabase: FR tai chinh 1.png
2026-02-26 14:46:32,267 [INFO]    🔤 Đang đồng bộ Font từ Supabase: Inter_18pt-Bold.ttf
2026-02-26 14:48:12,508 [INFO]    ✅ HOÀN TẤT!
2026-02-26 14:48:13,098 [INFO]    ☁️ Đã cập nhật Supabase: last_video_url = https://www.tiktok.com/@kienthuckinhte28/video/7610716925408136469
2026-02-26 14:48:18,101 [INFO] ▶️ BẮT ĐẦU VIDEO: https://www.tiktok.com/@kienthuckinhte28/video/7610733729379618068
2026-02-26 14:52:40,040 [INFO]    🎬 Chuẩn bị Remixing...
2026-02-26 14:52:40,040 [INFO]    🖼️ Đang đồng bộ Title Frame từ Supabase: FR tai chinh .png
2026-02-26 14:52:40,944 [INFO]    🖼️ Đang đồng bộ Content Frame từ Supabase: FR tai chinh 1.png
2026-02-26 14:52:41,653 [INFO]    🔤 Đang đồng bộ Font từ Supabase: Inter_18pt-Bold.ttf
2026-02-26 14:54:01,074 [INFO]    ✅ HOÀN TẤT!
2026-02-26 14:54:01,836 [INFO]    ☁️ Đã cập nhật Supabase: last_video_url = https://www.tiktok.com/@kienthuckinhte28/video/7610733729379618068
2026-02-26 14:54:06,842 [INFO] ▶️ BẮT ĐẦU VIDEO: https://www.tiktok.com/@kienthuckinhte28/video/7610735527079185684
2026-02-26 14:58:33,326 [INFO]    🎬 Chuẩn bị Remixing...
2026-02-26 14:58:33,326 [INFO]    🖼️ Đang đồng bộ Title Frame từ Supabase: FR tai chinh .png
2026-02-26 14:58:34,385 [INFO]    🖼️ Đang đồng bộ Content Frame từ Supabase: FR tai chinh 1.png
2026-02-26 14:58:35,051 [INFO]    🔤 Đang đồng bộ Font từ Supabase: Inter_18pt-Bold.ttf
2026-02-26 14:59:10,794 [INFO]    ✅ HOÀN TẤT!
2026-02-26 14:59:11,323 [INFO]    ☁️ Đã cập nhật Supabase: last_video_url = https://www.tiktok.com/@kienthuckinhte28/video/7610735527079185684
2026-02-26 14:59:16,327 [INFO] 🔍 Quét kênh: https://www.tiktok.com/@financex2
2026-02-26 14:59:17,419 [INFO] ▶️ BẮT ĐẦU VIDEO: https://www.tiktok.com/@financex2/video/7610438048215616775
2026-02-26 15:03:39,462 [INFO]    🎬 Chuẩn bị Remixing...
2026-02-26 15:03:39,462 [INFO]    🖼️ Đang đồng bộ Title Frame từ Supabase: FR tai chinh .png
2026-02-26 15:03:40,268 [INFO]    🖼️ Đang đồng bộ Content Frame từ Supabase: FR tai chinh 1.png
2026-02-26 15:03:40,907 [INFO]    🔤 Đang đồng bộ Font từ Supabase: Inter_18pt-Bold.ttf
2026-02-26 15:04:18,786 [INFO]    ✅ HOÀN TẤT!
2026-02-26 15:04:19,516 [INFO]    ☁️ Đã cập nhật Supabase: last_video_url = https://www.tiktok.com/@financex2/video/7610438048215616775
2026-02-26 15:04:24,518 [INFO] ▶️ BẮT ĐẦU VIDEO: https://www.tiktok.com/@financex2/video/7610618128749382919
2026-02-26 15:08:55,386 [INFO]    🎬 Chuẩn bị Remixing...
2026-02-26 15:08:55,386 [INFO]    🖼️ Đang đồng bộ Title Frame từ Supabase: FR tai chinh .png
2026-02-26 15:08:56,373 [INFO]    🖼️ Đang đồng bộ Content Frame từ Supabase: FR tai chinh 1.png
2026-02-26 15:08:56,839 [INFO]    🔤 Đang đồng bộ Font từ Supabase: Inter_18pt-Bold.ttf
2026-02-26 15:09:43,021 [INFO]    ✅ HOÀN TẤT!
2026-02-26 15:09:43,497 [INFO]    ☁️ Đã cập nhật Supabase: last_video_url = https://www.tiktok.com/@financex2/video/7610618128749382919
2026-02-26 15:09:48,501 [INFO] ▶️ BẮT ĐẦU VIDEO: https://www.tiktok.com/@financex2/video/7610634599013600530
2026-02-26 15:14:11,599 [INFO]    🎬 Chuẩn bị Remixing...
2026-02-26 15:14:11,599 [INFO]    🖼️ Đang đồng bộ Title Frame từ Supabase: FR tai chinh .png
2026-02-26 15:14:12,498 [INFO]    🖼️ Đang đồng bộ Content Frame từ Supabase: FR tai chinh 1.png
2026-02-26 15:14:13,123 [INFO]    🔤 Đang đồng bộ Font từ Supabase: Inter_18pt-Bold.ttf
2026-02-26 15:14:42,852 [INFO]    ✅ HOÀN TẤT!
2026-02-26 15:14:43,736 [INFO]    ☁️ Đã cập nhật Supabase: last_video_url = https://www.tiktok.com/@financex2/video/7610634599013600530
2026-02-26 15:14:48,740 [INFO] 🏁 WORKER FINISHED. Tổng video thành công: 6
2026-02-26 18:00:09,178 [INFO] 🚀 WORKER STARTED: taichinh24444h
2026-02-26 18:00:09,346 [INFO] 🔍 Quét kênh: https://www.tiktok.com/@kienthuckinhte28
2026-02-26 18:00:10,967 [INFO] ▶️ BẮT ĐẦU VIDEO: https://www.tiktok.com/@kienthuckinhte28/video/7611024678626331925
2026-02-26 18:05:39,761 [INFO]    🎬 Chuẩn bị Remixing...
2026-02-26 18:05:39,761 [INFO]    🖼️ Đang đồng bộ Title Frame từ Supabase: FR tai chinh .png
2026-02-26 18:05:40,830 [INFO]    🖼️ Đang đồng bộ Content Frame từ Supabase: FR tai chinh 1.png
2026-02-26 18:05:42,084 [INFO]    🔤 Đang đồng bộ Font từ Supabase: Inter_18pt-Bold.ttf
2026-02-26 18:06:28,827 [INFO]    ✅ HOÀN TẤT!
2026-02-26 18:06:29,507 [INFO]    ☁️ Đã cập nhật Supabase: last_video_url = https://www.tiktok.com/@kienthuckinhte28/video/7611024678626331925
2026-02-26 18:06:34,516 [INFO] ▶️ BẮT ĐẦU VIDEO: https://www.tiktok.com/@kienthuckinhte28/video/7611025890327170311
2026-02-26 18:11:05,281 [INFO]    🎬 Chuẩn bị Remixing...
2026-02-26 18:11:05,281 [INFO]    🖼️ Đang đồng bộ Title Frame từ Supabase: FR tai chinh .png
2026-02-26 18:11:06,131 [INFO]    🖼️ Đang đồng bộ Content Frame từ Supabase: FR tai chinh 1.png
2026-02-26 18:11:06,769 [INFO]    🔤 Đang đồng bộ Font từ Supabase: Inter_18pt-Bold.ttf
2026-02-26 18:11:48,046 [INFO]    ✅ HOÀN TẤT!
2026-02-26 18:11:48,480 [INFO]    ☁️ Đã cập nhật Supabase: last_video_url = https://www.tiktok.com/@kienthuckinhte28/video/7611025890327170311
2026-02-26 18:11:53,485 [INFO] ▶️ BẮT ĐẦU VIDEO: https://www.tiktok.com/@kienthuckinhte28/video/7611033952417107221
2026-02-26 18:16:31,246 [INFO]    🎬 Chuẩn bị Remixing...
2026-02-26 18:16:31,246 [INFO]    🖼️ Đang đồng bộ Title Frame từ Supabase: FR tai chinh .png
2026-02-26 18:16:32,163 [INFO]    🖼️ Đang đồng bộ Content Frame từ Supabase: FR tai chinh 1.png
2026-02-26 18:16:32,638 [INFO]    🔤 Đang đồng bộ Font từ Supabase: Inter_18pt-Bold.ttf
2026-02-26 18:17:10,953 [INFO]    ✅ HOÀN TẤT!
2026-02-26 18:17:11,347 [INFO]    ☁️ Đã cập nhật Supabase: last_video_url = https://www.tiktok.com/@kienthuckinhte28/video/7611033952417107221
2026-02-26 18:17:16,351 [INFO] 🔍 Quét kênh: https://www.tiktok.com/@financex2
2026-02-26 18:17:17,384 [INFO] ▶️ BẮT ĐẦU VIDEO: https://www.tiktok.com/@financex2/video/7610650265842191634
2026-02-26 18:21:43,136 [INFO]    🎬 Chuẩn bị Remixing...
2026-02-26 18:21:43,136 [INFO]    🖼️ Đang đồng bộ Title Frame từ Supabase: FR tai chinh .png
2026-02-26 18:21:44,699 [INFO]    🖼️ Đang đồng bộ Content Frame từ Supabase: FR tai chinh 1.png
2026-02-26 18:21:45,367 [INFO]    🔤 Đang đồng bộ Font từ Supabase: Inter_18pt-Bold.ttf
2026-02-26 18:22:33,035 [INFO]    ✅ HOÀN TẤT!
2026-02-26 18:22:33,552 [INFO]    ☁️ Đã cập nhật Supabase: last_video_url = https://www.tiktok.com/@financex2/video/7610650265842191634
2026-02-26 18:22:38,556 [INFO] ▶️ BẮT ĐẦU VIDEO: https://www.tiktok.com/@financex2/video/7610681298797038856
2026-02-26 18:27:01,714 [INFO]    🎬 Chuẩn bị Remixing...
2026-02-26 18:27:01,714 [INFO]    🖼️ Đang đồng bộ Title Frame từ Supabase: FR tai chinh .png
2026-02-26 18:27:02,527 [INFO]    🖼️ Đang đồng bộ Content Frame từ Supabase: FR tai chinh 1.png
2026-02-26 18:27:03,164 [INFO]    🔤 Đang đồng bộ Font từ Supabase: Inter_18pt-Bold.ttf
2026-02-26 18:27:43,041 [INFO]    ✅ HOÀN TẤT!
2026-02-26 18:27:43,541 [INFO]    ☁️ Đã cập nhật Supabase: last_video_url = https://www.tiktok.com/@financex2/video/7610681298797038856
2026-02-26 18:27:48,543 [INFO] ▶️ BẮT ĐẦU VIDEO: https://www.tiktok.com/@financex2/video/7610701904317910280
2026-02-26 18:32:37,816 [INFO]    🎬 Chuẩn bị Remixing...
2026-02-26 18:32:37,816 [INFO]    🖼️ Đang đồng bộ Title Frame từ Supabase: FR tai chinh .png
2026-02-26 18:32:39,134 [INFO]    🖼️ Đang đồng bộ Content Frame từ Supabase: FR tai chinh 1.png
2026-02-26 18:32:39,593 [INFO]    🔤 Đang đồng bộ Font từ Supabase: Inter_18pt-Bold.ttf
2026-02-26 18:33:09,379 [INFO]    ✅ HOÀN TẤT!
2026-02-26 18:33:09,849 [INFO]    ☁️ Đã cập nhật Supabase: last_video_url = https://www.tiktok.com/@financex2/video/7610701904317910280
2026-02-26 18:33:14,852 [INFO] 🏁 WORKER FINISHED. Tổng video thành công: 6
2026-02-27 10:17:51,320 [INFO] 🚀 WORKER STARTED: taichinh24444h
2026-02-27 10:17:51,594 [INFO] 🔍 Quét kênh: https://www.tiktok.com/@kienthuckinhte28
2026-02-27 10:17:52,942 [INFO] ▶️ BẮT ĐẦU VIDEO: https://www.tiktok.com/@kienthuckinhte28/video/7611075204688727316
2026-02-27 10:19:59,291 [INFO]    🎬 Chuẩn bị Remixing...
2026-02-27 10:19:59,292 [INFO]    🖼️ Đang đồng bộ Title Frame từ Supabase: FR tai chinh .png
2026-02-27 10:20:00,995 [INFO]    🖼️ Đang đồng bộ Content Frame từ Supabase: FR tai chinh 1.png
2026-02-27 10:20:01,944 [INFO]    🔤 Đang đồng bộ Font từ Supabase: Inter_18pt-Bold.ttf
2026-02-27 10:20:35,660 [INFO]    ✅ HOÀN TẤT!
2026-02-27 10:20:36,587 [INFO]    ☁️ Đã cập nhật Supabase: last_video_url = https://www.tiktok.com/@kienthuckinhte28/video/7611075204688727316
2026-02-27 10:20:41,590 [INFO] ▶️ BẮT ĐẦU VIDEO: https://www.tiktok.com/@kienthuckinhte28/video/7611110814640049428
2026-02-27 10:25:08,357 [INFO]    🎬 Chuẩn bị Remixing...
2026-02-27 10:25:08,357 [INFO]    🖼️ Đang đồng bộ Title Frame từ Supabase: FR tai chinh .png
2026-02-27 10:25:10,249 [INFO]    🖼️ Đang đồng bộ Content Frame từ Supabase: FR tai chinh 1.png
2026-02-27 10:25:11,161 [INFO]    🔤 Đang đồng bộ Font từ Supabase: Inter_18pt-Bold.ttf
2026-02-27 10:26:04,437 [INFO]    ✅ HOÀN TẤT!
2026-02-27 10:26:05,203 [INFO]    ☁️ Đã cập nhật Supabase: last_video_url = https://www.tiktok.com/@kienthuckinhte28/video/7611110814640049428
2026-02-27 10:26:10,207 [INFO] ▶️ BẮT ĐẦU VIDEO: https://www.tiktok.com/@kienthuckinhte28/video/7611114969232411924
2026-02-27 10:30:31,976 [INFO] 🔍 Quét kênh: https://www.tiktok.com/@financex2
2026-02-27 10:30:33,112 [INFO] ▶️ BẮT ĐẦU VIDEO: https://www.tiktok.com/@financex2/video/7610735521899351304
2026-02-27 10:31:19,989 [ERROR]    🔥 Lỗi: [Errno 22] Invalid argument
2026-02-27 10:31:24,991 [INFO] ▶️ BẮT ĐẦU VIDEO: https://www.tiktok.com/@financex2/video/7610748640264473874
2026-02-27 10:31:24,991 [ERROR]    🔥 Lỗi: [Errno 22] Invalid argument
2026-02-27 10:31:29,991 [INFO] ▶️ BẮT ĐẦU VIDEO: https://www.tiktok.com/@financex2/video/7610750834413980935
2026-02-27 10:31:29,991 [ERROR]    🔥 Lỗi: [Errno 22] Invalid argument
2026-02-27 10:31:34,992 [INFO] 🏁 WORKER FINISHED. Tổng video thành công: 2
2026-02-27 11:18:33,924 [INFO] 🚀 WORKER STARTED: taichinh24444h
2026-02-27 11:18:34,191 [INFO] 🔍 Quét kênh: https://www.tiktok.com/@kienthuckinhte28
2026-02-27 11:18:35,605 [INFO] ▶️ BẮT ĐẦU VIDEO: https://www.tiktok.com/@kienthuckinhte28/video/7611119063573531925
2026-02-27 11:22:55,779 [INFO]    🎬 Chuẩn bị Remixing...
2026-02-27 11:22:55,779 [INFO]    🖼️ Đang đồng bộ Title Frame từ Supabase: FR tai chinh .png
2026-02-27 11:22:57,066 [INFO]    🖼️ Đang đồng bộ Content Frame từ Supabase: FR tai chinh 1.png
2026-02-27 11:22:57,990 [INFO]    🔤 Đang đồng bộ Font từ Supabase: Inter_18pt-Bold.ttf
2026-02-27 11:24:25,309 [INFO]    ✅ HOÀN TẤT!
2026-02-27 11:24:26,244 [INFO]    ☁️ Đã cập nhật Supabase: last_video_url = https://www.tiktok.com/@kienthuckinhte28/video/7611119063573531925
2026-02-27 11:24:31,249 [INFO] ▶️ BẮT ĐẦU VIDEO: https://www.tiktok.com/@kienthuckinhte28/video/7611121506264829204
2026-02-27 11:28:58,075 [INFO]    🎬 Chuẩn bị Remixing...
2026-02-27 11:28:58,076 [INFO]    🖼️ Đang đồng bộ Title Frame từ Supabase: FR tai chinh .png
2026-02-27 11:28:59,582 [INFO]    🖼️ Đang đồng bộ Content Frame từ Supabase: FR tai chinh 1.png
2026-02-27 11:29:00,491 [INFO]    🔤 Đang đồng bộ Font từ Supabase: Inter_18pt-Bold.ttf
2026-02-27 11:29:40,111 [INFO]    ✅ HOÀN TẤT!
2026-02-27 11:29:40,724 [INFO]    ☁️ Đã cập nhật Supabase: last_video_url = https://www.tiktok.com/@kienthuckinhte28/video/7611121506264829204
2026-02-27 11:29:45,731 [INFO] ▶️ BẮT ĐẦU VIDEO: https://www.tiktok.com/@kienthuckinhte28/video/7611124731731037461
2026-02-27 11:34:27,418 [INFO]    🎬 Chuẩn bị Remixing...
2026-02-27 11:34:27,418 [INFO]    🖼️ Đang đồng bộ Title Frame từ Supabase: FR tai chinh .png
2026-02-27 11:34:28,531 [INFO]    🖼️ Đang đồng bộ Content Frame từ Supabase: FR tai chinh 1.png
2026-02-27 11:34:29,441 [INFO]    🔤 Đang đồng bộ Font từ Supabase: Inter_18pt-Bold.ttf
2026-02-27 11:35:23,655 [INFO]    ✅ HOÀN TẤT!
2026-02-27 11:35:24,357 [INFO]    ☁️ Đã cập nhật Supabase: last_video_url = https://www.tiktok.com/@kienthuckinhte28/video/7611124731731037461
2026-02-27 11:35:29,361 [INFO] 🔍 Quét kênh: https://www.tiktok.com/@financex2
2026-02-27 11:35:30,843 [INFO] ▶️ BẮT ĐẦU VIDEO: https://www.tiktok.com/@financex2/video/7610735521899351304
2026-02-27 11:40:20,620 [INFO]    🎬 Chuẩn bị Remixing...
2026-02-27 11:40:20,620 [INFO]    🖼️ Đang đồng bộ Title Frame từ Supabase: FR tai chinh .png
2026-02-27 11:40:21,762 [INFO]    🖼️ Đang đồng bộ Content Frame từ Supabase: FR tai chinh 1.png
2026-02-27 11:40:22,664 [INFO]    🔤 Đang đồng bộ Font từ Supabase: Inter_18pt-Bold.ttf
2026-02-27 11:40:51,496 [INFO]    ✅ HOÀN TẤT!
2026-02-27 11:40:52,150 [INFO]    ☁️ Đã cập nhật Supabase: last_video_url = https://www.tiktok.com/@financex2/video/7610735521899351304
2026-02-27 11:40:57,154 [INFO] ▶️ BẮT ĐẦU VIDEO: https://www.tiktok.com/@financex2/video/7610748640264473874
2026-02-27 11:45:31,981 [INFO]    🎬 Chuẩn bị Remixing...
2026-02-27 11:45:31,981 [INFO]    🖼️ Đang đồng bộ Title Frame từ Supabase: FR tai chinh .png
2026-02-27 11:45:33,307 [INFO]    🖼️ Đang đồng bộ Content Frame từ Supabase: FR tai chinh 1.png
2026-02-27 11:45:34,220 [INFO]    🔤 Đang đồng bộ Font từ Supabase: Inter_18pt-Bold.ttf
2026-02-27 11:46:04,738 [INFO]    ✅ HOÀN TẤT!
2026-02-27 11:46:05,422 [INFO]    ☁️ Đã cập nhật Supabase: last_video_url = https://www.tiktok.com/@financex2/video/7610748640264473874
2026-02-27 11:46:10,424 [INFO] ▶️ BẮT ĐẦU VIDEO: https://www.tiktok.com/@financex2/video/7610750834413980935
2026-02-27 11:50:45,321 [INFO]    🎬 Chuẩn bị Remixing...
2026-02-27 11:50:45,321 [INFO]    🖼️ Đang đồng bộ Title Frame từ Supabase: FR tai chinh .png
2026-02-27 11:50:46,150 [INFO]    🖼️ Đang đồng bộ Content Frame từ Supabase: FR tai chinh 1.png
2026-02-27 11:50:47,072 [INFO]    🔤 Đang đồng bộ Font từ Supabase: Inter_18pt-Bold.ttf
2026-02-27 11:51:29,314 [INFO]    ✅ HOÀN TẤT!
2026-02-27 11:51:29,961 [INFO]    ☁️ Đã cập nhật Supabase: last_video_url = https://www.tiktok.com/@financex2/video/7610750834413980935
2026-02-27 11:51:34,964 [INFO] 🏁 WORKER FINISHED. Tổng video thành công: 6
2026-02-27 15:00:05,131 [INFO] 🚀 WORKER STARTED: taichinh24444h
2026-02-27 15:00:05,289 [INFO] 🔍 Quét kênh: https://www.tiktok.com/@kienthuckinhte28
2026-02-27 15:00:07,499 [INFO] ▶️ BẮT ĐẦU VIDEO: https://www.tiktok.com/@kienthuckinhte28/video/7611378076513013013
2026-02-27 15:05:14,334 [INFO]    🎬 Chuẩn bị Remixing...
2026-02-27 15:05:14,335 [INFO]    🖼️ Đang đồng bộ Title Frame từ Supabase: FR tai chinh .png
2026-02-27 15:05:15,749 [INFO]    🖼️ Đang đồng bộ Content Frame từ Supabase: FR tai chinh 1.png
2026-02-27 15:05:16,377 [INFO]    🔤 Đang đồng bộ Font từ Supabase: Inter_18pt-Bold.ttf
2026-02-27 15:06:32,926 [INFO]    ✅ HOÀN TẤT!
2026-02-27 15:06:33,400 [INFO]    ☁️ Đã cập nhật Supabase: last_video_url = https://www.tiktok.com/@kienthuckinhte28/video/7611378076513013013
2026-02-27 15:06:38,404 [INFO] ▶️ BẮT ĐẦU VIDEO: https://www.tiktok.com/@kienthuckinhte28/video/7611364539556203783
2026-02-27 15:08:46,721 [INFO]    🎬 Chuẩn bị Remixing...
2026-02-27 15:08:46,721 [INFO]    🖼️ Đang đồng bộ Title Frame từ Supabase: FR tai chinh .png
2026-02-27 15:08:47,935 [INFO]    🖼️ Đang đồng bộ Content Frame từ Supabase: FR tai chinh 1.png
2026-02-27 15:08:48,613 [INFO]    🔤 Đang đồng bộ Font từ Supabase: Inter_18pt-Bold.ttf
2026-02-27 15:09:25,216 [INFO]    ✅ HOÀN TẤT!
2026-02-27 15:09:25,714 [INFO]    ☁️ Đã cập nhật Supabase: last_video_url = https://www.tiktok.com/@kienthuckinhte28/video/7611364539556203783
2026-02-27 15:09:30,718 [INFO] ▶️ BẮT ĐẦU VIDEO: https://www.tiktok.com/@kienthuckinhte28/video/7611367760576138503
2026-02-27 15:14:09,662 [INFO]    🎬 Chuẩn bị Remixing...
2026-02-27 15:14:09,662 [INFO]    🖼️ Đang đồng bộ Title Frame từ Supabase: FR tai chinh .png
2026-02-27 15:14:11,446 [INFO]    🖼️ Đang đồng bộ Content Frame từ Supabase: FR tai chinh 1.png
2026-02-27 15:14:12,684 [INFO]    🔤 Đang đồng bộ Font từ Supabase: Inter_18pt-Bold.ttf
2026-02-27 15:15:20,378 [INFO]    ✅ HOÀN TẤT!
2026-02-27 15:15:20,836 [INFO]    ☁️ Đã cập nhật Supabase: last_video_url = https://www.tiktok.com/@kienthuckinhte28/video/7611367760576138503
2026-02-27 15:15:25,840 [INFO] 🔍 Quét kênh: https://www.tiktok.com/@financex2
2026-02-27 15:15:28,999 [INFO] ▶️ BẮT ĐẦU VIDEO: https://www.tiktok.com/@financex2/video/7610758214371560722
2026-02-27 15:17:17,527 [ERROR]    🔥 Lỗi: [Errno 22] Invalid argument
2026-02-27 15:17:22,528 [INFO] ▶️ BẮT ĐẦU VIDEO: https://www.tiktok.com/@financex2/video/7610997626237881608
2026-02-27 15:17:22,528 [ERROR]    🔥 Lỗi: [Errno 22] Invalid argument
2026-02-27 15:17:27,529 [INFO] ▶️ BẮT ĐẦU VIDEO: https://www.tiktok.com/@financex2/video/7611019693738052882
2026-02-27 15:17:27,529 [ERROR]    🔥 Lỗi: [Errno 22] Invalid argument
2026-02-27 15:17:32,530 [INFO] 🏁 WORKER FINISHED. Tổng video thành công: 3
2026-02-27 18:16:58,834 [INFO] 🚀 WORKER STARTED: taichinh24444h
2026-02-27 18:16:59,107 [INFO] 🔍 Quét kênh: https://www.tiktok.com/@kienthuckinhte28 (Lấy tối đa 3 video)
2026-02-27 18:17:00,632 [INFO] ▶️ BẮT ĐẦU VIDEO: https://www.tiktok.com/@kienthuckinhte28/video/7611369193946074388
2026-02-27 18:21:37,726 [INFO]    🎬 Chuẩn bị Remixing...
2026-02-27 18:21:37,727 [INFO]    ✅ Đã có file 'FR tai chinh .png' trong máy.
2026-02-27 18:21:37,727 [INFO]    ✅ Đã có file 'FR tai chinh 1.png' trong máy.
2026-02-27 18:21:37,727 [INFO]    ✅ Đã có file 'Inter_18pt-Bold.ttf' trong máy.
2026-02-27 18:23:31,319 [INFO]    ✅ HOÀN TẤT!
2026-02-27 18:23:31,742 [INFO]    ☁️ Đã cập nhật Supabase: last_video_url = https://www.tiktok.com/@kienthuckinhte28/video/7611369193946074388
2026-02-27 18:23:36,747 [INFO] ▶️ BẮT ĐẦU VIDEO: https://www.tiktok.com/@kienthuckinhte28/video/7611403820249189639
2026-02-27 18:28:30,319 [INFO]    🎬 Chuẩn bị Remixing...
2026-02-27 18:28:30,319 [INFO]    ✅ Đã có file 'FR tai chinh .png' trong máy.
2026-02-27 18:28:30,319 [INFO]    ✅ Đã có file 'FR tai chinh 1.png' trong máy.
2026-02-27 18:28:30,319 [INFO]    ✅ Đã có file 'Inter_18pt-Bold.ttf' trong máy.
2026-02-27 18:30:06,655 [INFO]    ✅ HOÀN TẤT!
2026-02-27 18:30:07,054 [INFO]    ☁️ Đã cập nhật Supabase: last_video_url = https://www.tiktok.com/@kienthuckinhte28/video/7611403820249189639
2026-02-27 18:30:12,058 [INFO] ▶️ BẮT ĐẦU VIDEO: https://www.tiktok.com/@kienthuckinhte28/video/7611393507063762197
2026-02-27 18:34:42,553 [INFO]    🎬 Chuẩn bị Remixing...
2026-02-27 18:34:42,553 [INFO]    ✅ Đã có file 'FR tai chinh .png' trong máy.
2026-02-27 18:34:42,554 [INFO]    ✅ Đã có file 'FR tai chinh 1.png' trong máy.
2026-02-27 18:34:42,554 [INFO]    ✅ Đã có file 'Inter_18pt-Bold.ttf' trong máy.
2026-02-27 18:35:19,956 [INFO]    ✅ HOÀN TẤT!
2026-02-27 18:35:20,455 [INFO]    ☁️ Đã cập nhật Supabase: last_video_url = https://www.tiktok.com/@kienthuckinhte28/video/7611393507063762197
2026-02-27 18:35:25,459 [INFO] 🛑 Đã đạt giới hạn tài khoản (3 video). Dừng quét kênh tiếp theo.
2026-02-27 18:35:25,459 [INFO] 🏁 WORKER FINISHED. Tổng video thành công: 3/3
2026-02-28 10:00:09,157 [INFO] 🚀 WORKER STARTED: taichinh24444h
2026-02-28 10:00:09,326 [INFO] 🔍 Quét kênh: https://www.tiktok.com/@kienthuckinhte28 (Lấy tối đa 3 video)
2026-02-28 10:00:10,913 [INFO] ▶️ BẮT ĐẦU VIDEO: https://www.tiktok.com/@kienthuckinhte28/video/7611437258444639508
2026-02-28 10:05:03,719 [INFO]    🎬 Chuẩn bị Remixing...
2026-02-28 10:05:03,720 [INFO]    ✅ Đã có file 'FR tai chinh .png' trong máy.
2026-02-28 10:05:03,720 [INFO]    ✅ Đã có file 'FR tai chinh 1.png' trong máy.
2026-02-28 10:05:03,720 [INFO]    ✅ Đã có file 'Inter_18pt-Bold.ttf' trong máy.
2026-02-28 10:06:54,855 [INFO]    ✅ HOÀN TẤT!
2026-02-28 10:06:55,221 [INFO]    ☁️ Đã cập nhật Supabase: last_video_url = https://www.tiktok.com/@kienthuckinhte28/video/7611437258444639508
2026-02-28 10:07:00,225 [INFO] ▶️ BẮT ĐẦU VIDEO: https://www.tiktok.com/@kienthuckinhte28/video/7611446819444395271
2026-02-28 10:11:32,036 [INFO]    🎬 Chuẩn bị Remixing...
2026-02-28 10:11:32,036 [INFO]    ✅ Đã có file 'FR tai chinh .png' trong máy.
2026-02-28 10:11:32,036 [INFO]    ✅ Đã có file 'FR tai chinh 1.png' trong máy.
2026-02-28 10:11:32,036 [INFO]    ✅ Đã có file 'Inter_18pt-Bold.ttf' trong máy.
2026-02-28 10:12:38,324 [INFO]    ✅ HOÀN TẤT!
2026-02-28 10:12:38,739 [INFO]    ☁️ Đã cập nhật Supabase: last_video_url = https://www.tiktok.com/@kienthuckinhte28/video/7611446819444395271
2026-02-28 10:12:43,743 [INFO] ▶️ BẮT ĐẦU VIDEO: https://www.tiktok.com/@kienthuckinhte28/video/7611443670537112852
2026-02-28 10:17:08,494 [INFO]    🎬 Chuẩn bị Remixing...
2026-02-28 10:17:08,494 [INFO]    ✅ Đã có file 'FR tai chinh .png' trong máy.
2026-02-28 10:17:08,494 [INFO]    ✅ Đã có file 'FR tai chinh 1.png' trong máy.
2026-02-28 10:17:08,494 [INFO]    ✅ Đã có file 'Inter_18pt-Bold.ttf' trong máy.
2026-02-28 10:17:39,804 [INFO]    ✅ HOÀN TẤT!
2026-02-28 10:17:40,224 [INFO]    ☁️ Đã cập nhật Supabase: last_video_url = https://www.tiktok.com/@kienthuckinhte28/video/7611443670537112852
2026-02-28 10:17:45,229 [INFO] 🛑 Đã đạt giới hạn tài khoản (3 video). Dừng quét kênh tiếp theo.
2026-02-28 10:17:45,229 [INFO] 🏁 WORKER FINISHED. Tổng video thành công: 3/3
2026-02-28 12:00:04,773 [INFO] 🚀 WORKER STARTED: taichinh24444h
2026-02-28 12:00:04,941 [INFO] 🔍 Quét kênh: https://www.tiktok.com/@kienthuckinhte28 (Lấy tối đa 3 video)
2026-02-28 12:00:06,481 [INFO] ▶️ BẮT ĐẦU VIDEO: https://www.tiktok.com/@kienthuckinhte28/video/7611461410169687317
2026-02-28 12:04:46,042 [INFO]    🎬 Chuẩn bị Remixing...
2026-02-28 12:04:46,042 [INFO]    ✅ Đã có file 'FR tai chinh .png' trong máy.
2026-02-28 12:04:46,042 [INFO]    ✅ Đã có file 'FR tai chinh 1.png' trong máy.
2026-02-28 12:04:46,043 [INFO]    ✅ Đã có file 'Inter_18pt-Bold.ttf' trong máy.
2026-02-28 12:06:26,785 [INFO]    ✅ HOÀN TẤT!
2026-02-28 12:06:27,201 [INFO]    ☁️ Đã cập nhật Supabase: last_video_url = https://www.tiktok.com/@kienthuckinhte28/video/7611461410169687317
2026-02-28 12:06:32,206 [INFO] ▶️ BẮT ĐẦU VIDEO: https://www.tiktok.com/@kienthuckinhte28/video/7611462591352802581
2026-02-28 12:11:13,540 [INFO]    🎬 Chuẩn bị Remixing...
2026-02-28 12:11:13,540 [INFO]    ✅ Đã có file 'FR tai chinh .png' trong máy.
2026-02-28 12:11:13,540 [INFO]    ✅ Đã có file 'FR tai chinh 1.png' trong máy.
2026-02-28 12:11:13,540 [INFO]    ✅ Đã có file 'Inter_18pt-Bold.ttf' trong máy.
2026-02-28 12:11:50,854 [INFO]    ✅ HOÀN TẤT!
2026-02-28 12:11:51,274 [INFO]    ☁️ Đã cập nhật Supabase: last_video_url = https://www.tiktok.com/@kienthuckinhte28/video/7611462591352802581
2026-02-28 12:11:56,278 [INFO] ▶️ BẮT ĐẦU VIDEO: https://www.tiktok.com/@kienthuckinhte28/video/7611468750264519943
2026-02-28 12:16:28,200 [INFO]    🎬 Chuẩn bị Remixing...
2026-02-28 12:16:28,200 [INFO]    ✅ Đã có file 'FR tai chinh .png' trong máy.
2026-02-28 12:16:28,200 [INFO]    ✅ Đã có file 'FR tai chinh 1.png' trong máy.
2026-02-28 12:16:28,200 [INFO]    ✅ Đã có file 'Inter_18pt-Bold.ttf' trong máy.
2026-02-28 12:17:28,254 [INFO]    ✅ HOÀN TẤT!
2026-02-28 12:17:28,939 [INFO]    ☁️ Đã cập nhật Supabase: last_video_url = https://www.tiktok.com/@kienthuckinhte28/video/7611468750264519943
2026-02-28 12:17:33,944 [INFO] 🛑 Đã đạt giới hạn tài khoản (3 video). Dừng quét kênh tiếp theo.
2026-02-28 12:17:33,944 [INFO] 🏁 WORKER FINISHED. Tổng video thành công: 3/3
2026-02-28 15:00:04,984 [INFO] 🚀 WORKER STARTED: taichinh24444h
2026-02-28 15:00:05,165 [INFO] 🔍 Quét kênh: https://www.tiktok.com/@kienthuckinhte28 (Lấy tối đa 3 video)
2026-02-28 15:00:06,768 [INFO] ▶️ BẮT ĐẦU VIDEO: https://www.tiktok.com/@kienthuckinhte28/video/7611474103878389010
2026-02-28 15:04:55,225 [INFO]    🎬 Chuẩn bị Remixing...
2026-02-28 15:04:55,226 [INFO]    ✅ Đã có file 'FR tai chinh .png' trong máy.
2026-02-28 15:04:55,226 [INFO]    ✅ Đã có file 'FR tai chinh 1.png' trong máy.
2026-02-28 15:04:55,226 [INFO]    ✅ Đã có file 'Inter_18pt-Bold.ttf' trong máy.
2026-02-28 15:06:31,723 [INFO]    ✅ HOÀN TẤT!
2026-02-28 15:06:32,206 [INFO]    ☁️ Đã cập nhật Supabase: last_video_url = https://www.tiktok.com/@kienthuckinhte28/video/7611474103878389010
2026-02-28 15:06:37,209 [INFO] ▶️ BẮT ĐẦU VIDEO: https://www.tiktok.com/@kienthuckinhte28/video/7611483714857471250
2026-02-28 15:11:02,880 [INFO]    🎬 Chuẩn bị Remixing...
2026-02-28 15:11:02,880 [INFO]    ✅ Đã có file 'FR tai chinh .png' trong máy.
2026-02-28 15:11:02,881 [INFO]    ✅ Đã có file 'FR tai chinh 1.png' trong máy.
2026-02-28 15:11:02,881 [INFO]    ✅ Đã có file 'Inter_18pt-Bold.ttf' trong máy.
2026-02-28 15:12:07,161 [INFO]    ✅ HOÀN TẤT!
2026-02-28 15:12:07,672 [INFO]    ☁️ Đã cập nhật Supabase: last_video_url = https://www.tiktok.com/@kienthuckinhte28/video/7611483714857471250
2026-02-28 15:12:12,676 [INFO] ▶️ BẮT ĐẦU VIDEO: https://www.tiktok.com/@kienthuckinhte28/video/7611559613820882197
2026-02-28 15:16:38,427 [INFO]    🎬 Chuẩn bị Remixing...
2026-02-28 15:16:38,427 [INFO]    ✅ Đã có file 'FR tai chinh .png' trong máy.
2026-02-28 15:16:38,427 [INFO]    ✅ Đã có file 'FR tai chinh 1.png' trong máy.
2026-02-28 15:16:38,427 [INFO]    ✅ Đã có file 'Inter_18pt-Bold.ttf' trong máy.
2026-02-28 15:17:14,873 [INFO]    ✅ HOÀN TẤT!
2026-02-28 15:17:15,452 [INFO]    ☁️ Đã cập nhật Supabase: last_video_url = https://www.tiktok.com/@kienthuckinhte28/video/7611559613820882197
2026-02-28 15:17:20,457 [INFO] 🛑 Đã đạt giới hạn tài khoản (3 video). Dừng quét kênh tiếp theo.
2026-02-28 15:17:20,457 [INFO] 🏁 WORKER FINISHED. Tổng video thành công: 3/3
2026-02-28 18:00:07,191 [INFO] 🚀 WORKER STARTED: taichinh24444h
2026-02-28 18:00:07,357 [INFO] 🔍 Quét kênh: https://www.tiktok.com/@kienthuckinhte28 (Lấy tối đa 3 video)
2026-02-28 18:00:09,174 [INFO] ▶️ BẮT ĐẦU VIDEO: https://www.tiktok.com/@kienthuckinhte28/video/7611736078730497298
2026-02-28 18:04:32,948 [INFO]    🎬 Chuẩn bị Remixing...
2026-02-28 18:04:32,949 [INFO]    ✅ Đã có file 'FR tai chinh .png' trong máy.
2026-02-28 18:04:32,949 [INFO]    ✅ Đã có file 'FR tai chinh 1.png' trong máy.
2026-02-28 18:04:32,949 [INFO]    ✅ Đã có file 'Inter_18pt-Bold.ttf' trong máy.
2026-02-28 18:06:10,209 [INFO]    ✅ HOÀN TẤT!
2026-02-28 18:06:10,605 [INFO]    ☁️ Đã cập nhật Supabase: last_video_url = https://www.tiktok.com/@kienthuckinhte28/video/7611736078730497298
2026-02-28 18:06:15,608 [INFO] ▶️ BẮT ĐẦU VIDEO: https://www.tiktok.com/@kienthuckinhte28/video/7611738850318159111
2026-02-28 18:10:43,780 [INFO]    🎬 Chuẩn bị Remixing...
2026-02-28 18:10:43,781 [INFO]    ✅ Đã có file 'FR tai chinh .png' trong máy.
2026-02-28 18:10:43,781 [INFO]    ✅ Đã có file 'FR tai chinh 1.png' trong máy.
2026-02-28 18:10:43,781 [INFO]    ✅ Đã có file 'Inter_18pt-Bold.ttf' trong máy.
2026-02-28 18:11:58,948 [INFO]    ✅ HOÀN TẤT!
2026-02-28 18:11:59,336 [INFO]    ☁️ Đã cập nhật Supabase: last_video_url = https://www.tiktok.com/@kienthuckinhte28/video/7611738850318159111
2026-02-28 18:12:04,340 [INFO] ▶️ BẮT ĐẦU VIDEO: https://www.tiktok.com/@kienthuckinhte28/video/7611762592054365460
2026-02-28 18:16:21,535 [INFO]    🎬 Chuẩn bị Remixing...
2026-02-28 18:16:21,535 [INFO]    ✅ Đã có file 'FR tai chinh .png' trong máy.
2026-02-28 18:16:21,535 [INFO]    ✅ Đã có file 'FR tai chinh 1.png' trong máy.
2026-02-28 18:16:21,535 [INFO]    ✅ Đã có file 'Inter_18pt-Bold.ttf' trong máy.
2026-02-28 18:17:07,450 [INFO]    ✅ HOÀN TẤT!
2026-02-28 18:17:07,979 [INFO]    ☁️ Đã cập nhật Supabase: last_video_url = https://www.tiktok.com/@kienthuckinhte28/video/7611762592054365460
2026-02-28 18:17:12,983 [INFO] 🛑 Đã đạt giới hạn tài khoản (3 video). Dừng quét kênh tiếp theo.
2026-02-28 18:17:12,983 [INFO] 🏁 WORKER FINISHED. Tổng video thành công: 3/3
