2026-02-07 19:49:59,785 [INFO] 🚀 WORKER STARTED: Tracking trực tiếp vào Config
2026-02-07 19:49:59,786 [INFO] 🏁 WORKER FINISHED. Tổng video thành công: 0
2026-02-07 19:50:19,860 [INFO] 🚀 WORKER STARTED: Tracking trực tiếp vào Config
2026-02-07 19:50:19,868 [INFO] 🏁 WORKER FINISHED. Tổng video thành công: 0
2026-02-07 19:58:11,877 [INFO] 🚀 WORKER STARTED: Tracking trực tiếp vào Config
2026-02-07 19:58:11,878 [INFO] 🏁 WORKER FINISHED. Tổng video thành công: 0
2026-02-07 20:38:27,473 [INFO] 🚀 WORKER STARTED: Tracking trực tiếp vào Config
2026-02-07 20:38:27,476 [INFO] 🏁 WORKER FINISHED. Tổng video thành công: 0
2026-02-21 03:34:27,610 [INFO] 🚀 WORKER STARTED: tintucthammy24h
2026-02-21 03:34:27,611 [INFO] 📂 Temp Dir: C:\Users\Admin\Downloads\only-clone - fix 1 - Copy\only-clone - fix 1 - Copy\data\tintucthammy24h\temp
2026-02-21 03:34:27,619 [INFO] 🔍 Quét kênh: https://www.tiktok.com/@tamsudaokeo28
2026-02-21 03:34:27,619 [INFO]    📌 Điểm mốc: https://www.tiktok.com/@tamsudaokeo28/video/7606254860480056594
2026-02-21 03:34:29,333 [INFO]    🛑 Gặp mốc cũ -> Dừng.
2026-02-21 03:34:29,334 [INFO]    ✅ Không có video mới.
2026-02-21 03:34:29,334 [INFO] 🔍 Quét kênh: https://www.tiktok.com/@tamsudaokeothammy
2026-02-21 03:34:29,334 [INFO]    📌 Điểm mốc: https://www.tiktok.com/@tamsudaokeothammy/video/7605541405338930450
2026-02-21 03:34:30,422 [INFO]    🛑 Gặp mốc cũ -> Dừng.
2026-02-21 03:34:30,422 [INFO]    ✨ Tìm thấy 2 video mới. Làm 2 video.
2026-02-21 03:34:30,422 [INFO] ▶️ BẮT ĐẦU VIDEO: https://www.tiktok.com/@tamsudaokeothammy/video/7605553346782481672
2026-02-21 03:34:34,304 [INFO]    📤 Uploading...
2026-02-21 03:34:38,948 [ERROR]    ❌ Upload thất bại.
2026-02-21 03:34:43,949 [INFO] ▶️ BẮT ĐẦU VIDEO: https://www.tiktok.com/@tamsudaokeothammy/video/7608870636135533831
2026-02-21 03:34:47,768 [INFO]    📤 Uploading...
2026-02-21 03:39:28,021 [INFO] 🚀 WORKER STARTED: tintucthammy24h
2026-02-21 03:39:28,021 [INFO] 📂 Temp Dir: C:\Users\Admin\Downloads\only-clone - fix 1 - Copy\only-clone - fix 1 - Copy\data\tintucthammy24h\temp
2026-02-21 03:39:28,021 [INFO] 🔍 Quét kênh: https://www.tiktok.com/@tamsudaokeo28
2026-02-21 03:39:28,021 [INFO]    📌 Điểm mốc: https://www.tiktok.com/@tamsudaokeo28/video/7606254860480056594
2026-02-21 03:39:29,778 [INFO]    🛑 Gặp mốc cũ -> Dừng.
2026-02-21 03:39:29,778 [INFO]    ✅ Không có video mới.
2026-02-21 03:39:29,778 [INFO] 🔍 Quét kênh: https://www.tiktok.com/@tamsudaokeothammy
2026-02-21 03:39:29,778 [INFO]    📌 Điểm mốc: https://www.tiktok.com/@tamsudaokeothammy/video/7605541405338930450
2026-02-21 03:39:30,804 [INFO]    🛑 Gặp mốc cũ -> Dừng.
2026-02-21 03:39:30,804 [INFO]    ✨ Tìm thấy 2 video mới. Làm 2 video.
2026-02-21 03:39:30,804 [INFO] ▶️ BẮT ĐẦU VIDEO: https://www.tiktok.com/@tamsudaokeothammy/video/7605553346782481672
2026-02-21 03:39:35,353 [INFO]    📤 Uploading...
2026-02-21 03:40:06,796 [ERROR]    ❌ Upload thất bại.
2026-02-21 03:40:11,800 [INFO] ▶️ BẮT ĐẦU VIDEO: https://www.tiktok.com/@tamsudaokeothammy/video/7608870636135533831
2026-02-21 03:40:16,087 [INFO]    📤 Uploading...
2026-02-21 03:44:08,944 [ERROR]    ❌ Upload thất bại.
2026-02-21 03:44:13,946 [INFO] 🏁 WORKER FINISHED. Tổng video thành công: 0
2026-02-21 03:47:15,096 [INFO] 🚀 WORKER STARTED: tintucthammy24h
2026-02-21 03:47:15,096 [INFO] 📂 Temp Dir: C:\Users\Admin\Downloads\only-clone - fix 1 - Copy\only-clone - fix 1 - Copy\data\tintucthammy24h\temp
2026-02-21 03:47:15,097 [INFO] 🔍 Quét kênh: https://www.tiktok.com/@tamsudaokeo28
2026-02-21 03:47:15,097 [INFO]    📌 Điểm mốc: https://www.tiktok.com/@tamsudaokeo28/video/7606254860480056594
2026-02-21 03:47:16,871 [INFO]    🛑 Gặp mốc cũ -> Dừng.
2026-02-21 03:47:16,871 [INFO]    ✅ Không có video mới.
2026-02-21 03:47:16,871 [INFO] 🔍 Quét kênh: https://www.tiktok.com/@tamsudaokeothammy
2026-02-21 03:47:16,871 [INFO]    📌 Điểm mốc: https://www.tiktok.com/@tamsudaokeothammy/video/7605541405338930450
2026-02-21 03:47:17,914 [INFO]    🛑 Gặp mốc cũ -> Dừng.
2026-02-21 03:47:17,914 [INFO]    ✨ Tìm thấy 2 video mới. Làm 2 video.
2026-02-21 03:47:17,915 [INFO] ▶️ BẮT ĐẦU VIDEO: https://www.tiktok.com/@tamsudaokeothammy/video/7605553346782481672
2026-02-21 03:47:21,892 [INFO]    📤 Uploading...
2026-02-21 04:37:40,918 [INFO] 🚀 WORKER STARTED: tintucthammy24h
2026-02-21 04:37:40,918 [INFO] 📂 Temp Dir: C:\Users\Admin\Downloads\only-clone - fix 1 - Copy\only-clone - fix 1 - Copy\data\tintucthammy24h\temp
2026-02-21 04:37:40,918 [INFO] 🔍 Quét kênh: https://www.tiktok.com/@tamsudaokeo28
2026-02-21 04:37:40,918 [INFO]    📌 Điểm mốc: https://www.tiktok.com/@tamsudaokeo28/video/7606254860480056594
2026-02-21 04:37:43,565 [INFO]    🛑 Gặp mốc cũ -> Dừng.
2026-02-21 04:37:43,566 [INFO]    ✅ Không có video mới.
2026-02-21 04:37:43,566 [INFO] 🔍 Quét kênh: https://www.tiktok.com/@tamsudaokeothammy
2026-02-21 04:37:43,566 [INFO]    📌 Điểm mốc: https://www.tiktok.com/@tamsudaokeothammy/video/7605541405338930450
2026-02-21 04:37:45,386 [INFO]    🛑 Gặp mốc cũ -> Dừng.
2026-02-21 04:37:45,387 [INFO]    ✨ Tìm thấy 2 video mới. Làm 2 video.
2026-02-21 04:37:45,387 [INFO] ▶️ BẮT ĐẦU VIDEO: https://www.tiktok.com/@tamsudaokeothammy/video/7605553346782481672
2026-02-21 04:37:49,172 [INFO]    📤 Uploading...
2026-02-21 04:40:05,765 [INFO] 🚀 WORKER STARTED: tintucthammy24h
2026-02-21 04:40:05,765 [INFO] 📂 Temp Dir: C:\Users\Admin\Downloads\only-clone - fix 1 - Copy\only-clone - fix 1 - Copy\data\tintucthammy24h\temp
2026-02-21 04:40:05,765 [INFO] 🔍 Quét kênh: https://www.tiktok.com/@tamsudaokeo28
2026-02-21 04:40:05,765 [INFO]    📌 Điểm mốc: https://www.tiktok.com/@tamsudaokeo28/video/7606254860480056594
2026-02-21 04:40:07,619 [INFO]    🛑 Gặp mốc cũ -> Dừng.
2026-02-21 04:40:07,620 [INFO]    ✅ Không có video mới.
2026-02-21 04:40:07,620 [INFO] 🔍 Quét kênh: https://www.tiktok.com/@tamsudaokeothammy
2026-02-21 04:40:07,620 [INFO]    📌 Điểm mốc: https://www.tiktok.com/@tamsudaokeothammy/video/7605541405338930450
2026-02-21 04:40:08,642 [INFO]    🛑 Gặp mốc cũ -> Dừng.
2026-02-21 04:40:08,642 [INFO]    ✨ Tìm thấy 2 video mới. Làm 2 video.
2026-02-21 04:40:08,642 [INFO] ▶️ BẮT ĐẦU VIDEO: https://www.tiktok.com/@tamsudaokeothammy/video/7605553346782481672
2026-02-21 04:40:13,613 [INFO]    📤 Uploading...
2026-02-21 04:44:28,716 [INFO] 🚀 WORKER STARTED: tintucthammy24h
2026-02-21 04:44:28,716 [INFO] 📂 Temp Dir: C:\Users\Admin\Downloads\only-clone - fix 1 - Copy\only-clone - fix 1 - Copy\data\tintucthammy24h\temp
2026-02-21 04:44:28,717 [INFO] 🔍 Quét kênh: https://www.tiktok.com/@tamsudaokeo28
2026-02-21 04:44:28,717 [INFO]    📌 Điểm mốc: https://www.tiktok.com/@tamsudaokeo28/video/7606254860480056594
2026-02-21 04:44:31,468 [INFO]    🛑 Gặp mốc cũ -> Dừng.
2026-02-21 04:44:31,468 [INFO]    ✅ Không có video mới.
2026-02-21 04:44:31,468 [INFO] 🔍 Quét kênh: https://www.tiktok.com/@tamsudaokeothammy
2026-02-21 04:44:31,468 [INFO]    📌 Điểm mốc: https://www.tiktok.com/@tamsudaokeothammy/video/7605541405338930450
2026-02-21 04:44:33,446 [INFO]    🛑 Gặp mốc cũ -> Dừng.
2026-02-21 04:44:33,446 [INFO]    ✨ Tìm thấy 2 video mới. Làm 2 video.
2026-02-21 04:44:33,446 [INFO] ▶️ BẮT ĐẦU VIDEO: https://www.tiktok.com/@tamsudaokeothammy/video/7605553346782481672
2026-02-21 04:44:37,328 [INFO]    📤 Uploading...
2026-02-21 04:54:04,428 [INFO] 🚀 WORKER STARTED: tintucthammy24h
2026-02-21 04:54:04,428 [INFO] 📂 Temp Dir: C:\Users\Admin\Downloads\only-clone - fix 1 - Copy\only-clone - fix 1 - Copy\data\tintucthammy24h\temp
2026-02-21 04:54:04,429 [INFO] 🔍 Quét kênh: https://www.tiktok.com/@tamsudaokeo28
2026-02-21 04:54:04,429 [INFO]    📌 Điểm mốc: https://www.tiktok.com/@tamsudaokeo28/video/7606254860480056594
2026-02-21 04:54:06,214 [INFO]    🛑 Gặp mốc cũ -> Dừng.
2026-02-21 04:54:06,214 [INFO]    ✅ Không có video mới.
2026-02-21 04:54:06,214 [INFO] 🔍 Quét kênh: https://www.tiktok.com/@tamsudaokeothammy
2026-02-21 04:54:06,214 [INFO]    📌 Điểm mốc: https://www.tiktok.com/@tamsudaokeothammy/video/7605541405338930450
2026-02-21 04:54:07,538 [INFO]    🛑 Gặp mốc cũ -> Dừng.
2026-02-21 04:54:07,538 [INFO]    ✨ Tìm thấy 2 video mới. Làm 2 video.
2026-02-21 04:54:07,538 [INFO] ▶️ BẮT ĐẦU VIDEO: https://www.tiktok.com/@tamsudaokeothammy/video/7605553346782481672
2026-02-21 04:54:11,433 [INFO]    📤 Uploading...
2026-02-21 10:00:04,960 [INFO] 🚀 WORKER STARTED: tintucthammy24h
2026-02-21 10:00:04,961 [INFO] 📂 Temp Dir: C:\Users\Admin\Downloads\only-clone - fix 1 - Copy\only-clone - fix 1 - Copy\data\tintucthammy24h\temp
2026-02-21 10:00:04,961 [INFO] 🔍 Quét kênh: https://www.tiktok.com/@tamsudaokeo28
2026-02-21 10:00:04,961 [INFO]    📌 Điểm mốc: https://www.tiktok.com/@tamsudaokeo28/video/7606254860480056594
2026-02-21 10:00:06,952 [INFO]    🛑 Gặp mốc cũ -> Dừng.
2026-02-21 10:00:06,952 [INFO]    ✨ Tìm thấy 1 video mới. Làm 1 video.
2026-02-21 10:00:06,952 [INFO] ▶️ BẮT ĐẦU VIDEO: https://www.tiktok.com/@tamsudaokeo28/video/7606255281823026439
2026-02-21 10:00:11,673 [INFO]    📤 Uploading...
2026-02-21 10:04:25,560 [ERROR]    ❌ Upload thất bại.
2026-02-21 10:04:30,562 [INFO] 🔍 Quét kênh: https://www.tiktok.com/@tamsudaokeothammy
2026-02-21 10:04:30,563 [INFO]    📌 Điểm mốc: https://www.tiktok.com/@tamsudaokeothammy/video/7605541405338930450
2026-02-21 10:04:31,996 [INFO]    🛑 Gặp mốc cũ -> Dừng.
2026-02-21 10:04:31,996 [INFO]    ✨ Tìm thấy 2 video mới. Làm 2 video.
2026-02-21 10:04:31,996 [INFO] ▶️ BẮT ĐẦU VIDEO: https://www.tiktok.com/@tamsudaokeothammy/video/7605553346782481672
2026-02-21 10:04:35,803 [INFO]    📤 Uploading...
2026-02-21 10:09:07,394 [INFO]    ⏳ Chờ 10s...
2026-02-21 10:09:27,556 [INFO]    🗣️ Tạo Voice...
2026-02-21 10:09:50,572 [INFO]    🎬 Remixing...
2026-02-21 10:10:49,956 [INFO]    ☁️ Uploading Drive...
2026-02-21 10:11:00,233 [INFO]    ✅ HOÀN TẤT!
2026-02-21 10:11:00,234 [INFO]    💾 Đã cập nhật Config: last_video_url = https://www.tiktok.com/@tamsudaokeothammy/video/7605553346782481672
2026-02-21 10:11:00,236 [INFO]    🧹 Đã dọn dẹp file thành phẩm.
2026-02-21 10:11:05,238 [INFO] ▶️ BẮT ĐẦU VIDEO: https://www.tiktok.com/@tamsudaokeothammy/video/7608870636135533831
2026-02-21 10:11:09,585 [INFO]    📤 Uploading...
2026-02-21 10:15:31,518 [INFO]    ⏳ Chờ 10s...
2026-02-21 10:15:48,247 [INFO]    🗣️ Tạo Voice...
2026-02-21 10:16:07,464 [INFO]    🎬 Remixing...
2026-02-21 10:16:44,989 [INFO]    ☁️ Uploading Drive...
2026-02-21 10:16:55,128 [INFO]    ✅ HOÀN TẤT!
2026-02-21 10:16:55,129 [INFO]    💾 Đã cập nhật Config: last_video_url = https://www.tiktok.com/@tamsudaokeothammy/video/7608870636135533831
2026-02-21 10:16:55,131 [INFO]    🧹 Đã dọn dẹp file thành phẩm.
2026-02-21 10:17:00,134 [INFO] 🏁 WORKER FINISHED. Tổng video thành công: 2
2026-02-21 15:00:04,544 [INFO] 🚀 WORKER STARTED: tintucthammy24h
2026-02-21 15:00:04,544 [INFO] 📂 Temp Dir: C:\Users\Admin\Downloads\only-clone - fix 1 - Copy\only-clone - fix 1 - Copy\data\tintucthammy24h\temp
2026-02-21 15:00:04,553 [INFO] 🔍 Quét kênh: https://www.tiktok.com/@tamsudaokeo28
2026-02-21 15:00:04,553 [INFO]    📌 Điểm mốc: https://www.tiktok.com/@tamsudaokeo28/video/7606254860480056594
2026-02-21 15:00:06,706 [INFO]    🛑 Gặp mốc cũ -> Dừng.
2026-02-21 15:00:06,707 [INFO]    ✨ Tìm thấy 1 video mới. Làm 1 video.
2026-02-21 15:00:06,707 [INFO] ▶️ BẮT ĐẦU VIDEO: https://www.tiktok.com/@tamsudaokeo28/video/7606255281823026439
2026-02-21 15:00:11,566 [INFO]    📤 Uploading...
2026-02-21 15:04:00,341 [INFO]    ⏳ Chờ 10s...
2026-02-21 15:04:25,117 [INFO]    🗣️ Tạo Voice...
2026-02-21 15:04:46,407 [INFO]    🎬 Remixing...
2026-02-21 15:06:28,364 [INFO]    ☁️ Uploading Drive...
2026-02-21 15:06:43,312 [INFO]    ✅ HOÀN TẤT!
2026-02-21 15:06:43,313 [INFO]    💾 Đã cập nhật Config: last_video_url = https://www.tiktok.com/@tamsudaokeo28/video/7606255281823026439
2026-02-21 15:06:43,316 [INFO]    🧹 Đã dọn dẹp file thành phẩm.
2026-02-21 15:06:48,318 [INFO] 🔍 Quét kênh: https://www.tiktok.com/@tamsudaokeothammy
2026-02-21 15:06:48,318 [INFO]    📌 Điểm mốc: https://www.tiktok.com/@tamsudaokeothammy/video/7608870636135533831
2026-02-21 15:06:50,636 [INFO]    🛑 Gặp mốc cũ -> Dừng.
2026-02-21 15:06:50,637 [INFO]    ✅ Không có video mới.
2026-02-21 15:06:50,637 [INFO] 🏁 WORKER FINISHED. Tổng video thành công: 1
2026-02-21 18:00:09,227 [INFO] 🚀 WORKER STARTED: tintucthammy24h
2026-02-21 18:00:09,227 [INFO] 📂 Temp Dir: C:\Users\Admin\Downloads\only-clone - fix 1 - Copy\only-clone - fix 1 - Copy\data\tintucthammy24h\temp
2026-02-21 18:00:09,279 [INFO] 🔍 Quét kênh: https://www.tiktok.com/@tamsudaokeo28
2026-02-21 18:00:09,279 [INFO]    📌 Điểm mốc: https://www.tiktok.com/@tamsudaokeo28/video/7606255281823026439
2026-02-21 18:00:11,480 [INFO]    🛑 Gặp mốc cũ -> Dừng.
2026-02-21 18:00:11,480 [INFO]    ✅ Không có video mới.
2026-02-21 18:00:11,480 [INFO] 🔍 Quét kênh: https://www.tiktok.com/@tamsudaokeothammy
2026-02-21 18:00:11,481 [INFO]    📌 Điểm mốc: https://www.tiktok.com/@tamsudaokeothammy/video/7608870636135533831
2026-02-21 18:00:12,780 [INFO]    🛑 Gặp mốc cũ -> Dừng.
2026-02-21 18:00:12,780 [INFO]    ✅ Không có video mới.
2026-02-21 18:00:12,780 [INFO] 🏁 WORKER FINISHED. Tổng video thành công: 0
2026-02-22 10:44:53,974 [INFO] 🚀 WORKER STARTED: tintucthammy24h
2026-02-22 10:44:53,974 [INFO] 📂 Temp Dir: C:\Users\Admin\Downloads\only-clone - fix 1 - Copy\only-clone - fix 1 - Copy\data\tintucthammy24h\temp
2026-02-22 10:44:53,997 [INFO] 🔍 Quét kênh: https://www.tiktok.com/@tamsudaokeo28
2026-02-22 10:44:53,998 [INFO]    📌 Điểm mốc: https://www.tiktok.com/@tamsudaokeo28/video/7606255281823026439
2026-02-22 10:44:56,691 [INFO]    🛑 Gặp mốc cũ -> Dừng.
2026-02-22 10:44:56,691 [INFO]    ✨ Tìm thấy 1 video mới. Làm 1 video.
2026-02-22 10:44:56,691 [INFO] ▶️ BẮT ĐẦU VIDEO: https://www.tiktok.com/@tamsudaokeo28/video/7606255125090356487
2026-02-22 10:45:02,383 [INFO]    📤 Uploading...
2026-02-22 10:49:09,177 [INFO]    ⏳ Chờ 10s...
2026-02-22 10:49:26,508 [INFO]    🗣️ Tạo Voice...
2026-02-22 10:49:44,350 [INFO]    🎬 Remixing...
2026-02-22 10:50:41,572 [INFO]    ☁️ Uploading Drive...
2026-02-22 10:50:55,507 [INFO]    ✅ HOÀN TẤT!
2026-02-22 10:50:55,507 [INFO]    💾 Đã cập nhật Config: last_video_url = https://www.tiktok.com/@tamsudaokeo28/video/7606255125090356487
2026-02-22 10:50:55,510 [INFO]    🧹 Đã dọn dẹp file thành phẩm.
2026-02-22 10:51:00,513 [INFO] 🔍 Quét kênh: https://www.tiktok.com/@tamsudaokeothammy
2026-02-22 10:51:00,513 [INFO]    📌 Điểm mốc: https://www.tiktok.com/@tamsudaokeothammy/video/7608870636135533831
2026-02-22 10:51:02,498 [INFO]    🛑 Gặp mốc cũ -> Dừng.
2026-02-22 10:51:02,498 [INFO]    ✅ Không có video mới.
2026-02-22 10:51:02,498 [INFO] 🏁 WORKER FINISHED. Tổng video thành công: 1
2026-02-22 15:00:06,359 [INFO] 🚀 WORKER STARTED: tintucthammy24h
2026-02-22 15:00:06,359 [INFO] 📂 Temp Dir: C:\Users\Admin\Downloads\only-clone - fix 1 - Copy\only-clone - fix 1 - Copy\data\tintucthammy24h\temp
2026-02-22 15:00:06,375 [INFO] 🔍 Quét kênh: https://www.tiktok.com/@tamsudaokeo28
2026-02-22 15:00:06,375 [INFO]    📌 Điểm mốc: https://www.tiktok.com/@tamsudaokeo28/video/7606255125090356487
2026-02-22 15:00:07,995 [INFO]    🛑 Gặp mốc cũ -> Dừng.
2026-02-22 15:00:07,995 [INFO]    ✅ Không có video mới.
2026-02-22 15:00:07,995 [INFO] 🔍 Quét kênh: https://www.tiktok.com/@tamsudaokeothammy
2026-02-22 15:00:07,995 [INFO]    📌 Điểm mốc: https://www.tiktok.com/@tamsudaokeothammy/video/7608870636135533831
2026-02-22 15:00:09,024 [INFO]    🛑 Gặp mốc cũ -> Dừng.
2026-02-22 15:00:09,024 [INFO]    ✅ Không có video mới.
2026-02-22 15:00:09,024 [INFO] 🏁 WORKER FINISHED. Tổng video thành công: 0
